[2021-08-02 23:31:35] - Resolving attributes for [com.bluebudy.SCQ.domain.Analise#660]
[2021-08-02 23:31:35] - Processing attribute `analista` : value = Beatriz
[2021-08-02 23:31:35] - Attribute (`analista`)  - enhanced for lazy-loading? - false
[2021-08-02 23:31:35] - Processing attribute `data` : value = 2021-04-19 15:39:23.342
[2021-08-02 23:31:35] - Attribute (`data`)  - enhanced for lazy-loading? - false
[2021-08-02 23:31:35] - Processing attribute `needCorrecao` : value = false
[2021-08-02 23:31:35] - Attribute (`needCorrecao`)  - enhanced for lazy-loading? - false
[2021-08-02 23:31:35] - Processing attribute `ordemDeCorrecao` : value = NOT NULL COLLECTION
[2021-08-02 23:31:35] - Attribute (`ordemDeCorrecao`)  - enhanced for lazy-loading? - false
[2021-08-02 23:31:35] - Processing attribute `parametro` : value = 19
[2021-08-02 23:31:35] - Attribute (`parametro`)  - enhanced for lazy-loading? - false
[2021-08-02 23:31:35] - Processing attribute `resultado` : value = 3.8417711838482718
[2021-08-02 23:31:35] - Attribute (`resultado`)  - enhanced for lazy-loading? - false
[2021-08-02 23:31:35] - Done materializing entity [com.bluebudy.SCQ.domain.Analise#660]
[2021-08-02 23:31:35] - Resolving attributes for [com.bluebudy.SCQ.domain.Analise#658]
[2021-08-02 23:31:35] - Processing attribute `analista` : value = Beatriz
[2021-08-02 23:31:35] - Attribute (`analista`)  - enhanced for lazy-loading? - false
[2021-08-02 23:31:35] - Processing attribute `data` : value = 2021-04-19 15:38:59.445
[2021-08-02 23:31:35] - Attribute (`data`)  - enhanced for lazy-loading? - false
[2021-08-02 23:31:35] - Processing attribute `needCorrecao` : value = false
[2021-08-02 23:31:35] - Attribute (`needCorrecao`)  - enhanced for lazy-loading? - false
[2021-08-02 23:31:35] - Processing attribute `ordemDeCorrecao` : value = NOT NULL COLLECTION
[2021-08-02 23:31:35] - Attribute (`ordemDeCorrecao`)  - enhanced for lazy-loading? - false
[2021-08-02 23:31:35] - Processing attribute `parametro` : value = 19
[2021-08-02 23:31:35] - Attribute (`parametro`)  - enhanced for lazy-loading? - false
[2021-08-02 23:31:35] - Processing attribute `resultado` : value = 3.8417711838482718
[2021-08-02 23:31:35] - Attribute (`resultado`)  - enhanced for lazy-loading? - false
[2021-08-02 23:31:35] - Done materializing entity [com.bluebudy.SCQ.domain.Analise#658]
[2021-08-02 23:31:35] - Resolving attributes for [com.bluebudy.SCQ.domain.Analise#656]
[2021-08-02 23:31:35] - Processing attribute `analista` : value = Beatriz
[2021-08-02 23:31:35] - Attribute (`analista`)  - enhanced for lazy-loading? - false
[2021-08-02 23:31:35] - Processing attribute `data` : value = 2021-04-19 15:38:44.253
[2021-08-02 23:31:35] - Attribute (`data`)  - enhanced for lazy-loading? - false
[2021-08-02 23:31:35] - Processing attribute `needCorrecao` : value = false
[2021-08-02 23:31:35] - Attribute (`needCorrecao`)  - enhanced for lazy-loading? - false
[2021-08-02 23:31:35] - Processing attribute `ordemDeCorrecao` : value = NOT NULL COLLECTION
[2021-08-02 23:31:35] - Attribute (`ordemDeCorrecao`)  - enhanced for lazy-loading? - false
[2021-08-02 23:31:35] - Processing attribute `parametro` : value = 19
[2021-08-02 23:31:35] - Attribute (`parametro`)  - enhanced for lazy-loading? - false
[2021-08-02 23:31:35] - Processing attribute `resultado` : value = 3.8417711838482718
[2021-08-02 23:31:35] - Attribute (`resultado`)  - enhanced for lazy-loading? - false
[2021-08-02 23:31:35] - Done materializing entity [com.bluebudy.SCQ.domain.Analise#656]
[2021-08-02 23:31:35] - Resolving attributes for [com.bluebudy.SCQ.domain.Analise#654]
[2021-08-02 23:31:35] - Processing attribute `analista` : value = Beatriz
[2021-08-02 23:31:35] - Attribute (`analista`)  - enhanced for lazy-loading? - false
[2021-08-02 23:31:35] - Processing attribute `data` : value = 2021-04-19 15:38:31.281
[2021-08-02 23:31:35] - Attribute (`data`)  - enhanced for lazy-loading? - false
[2021-08-02 23:31:35] - Processing attribute `needCorrecao` : value = false
[2021-08-02 23:31:35] - Attribute (`needCorrecao`)  - enhanced for lazy-loading? - false
[2021-08-02 23:31:35] - Processing attribute `ordemDeCorrecao` : value = NOT NULL COLLECTION
[2021-08-02 23:31:35] - Attribute (`ordemDeCorrecao`)  - enhanced for lazy-loading? - false
[2021-08-02 23:31:35] - Processing attribute `parametro` : value = 19
[2021-08-02 23:31:35] - Attribute (`parametro`)  - enhanced for lazy-loading? - false
[2021-08-02 23:31:35] - Processing attribute `resultado` : value = 3.8417711838482718
[2021-08-02 23:31:35] - Attribute (`resultado`)  - enhanced for lazy-loading? - false
[2021-08-02 23:31:35] - Done materializing entity [com.bluebudy.SCQ.domain.Analise#654]
[2021-08-02 23:31:35] - Resolving attributes for [com.bluebudy.SCQ.domain.Analise#652]
[2021-08-02 23:31:35] - Processing attribute `analista` : value = Beatriz
[2021-08-02 23:31:35] - Attribute (`analista`)  - enhanced for lazy-loading? - false
[2021-08-02 23:31:35] - Processing attribute `data` : value = 2021-04-19 15:38:17.899
[2021-08-02 23:31:35] - Attribute (`data`)  - enhanced for lazy-loading? - false
[2021-08-02 23:31:35] - Processing attribute `needCorrecao` : value = false
[2021-08-02 23:31:35] - Attribute (`needCorrecao`)  - enhanced for lazy-loading? - false
[2021-08-02 23:31:35] - Processing attribute `ordemDeCorrecao` : value = NOT NULL COLLECTION
[2021-08-02 23:31:35] - Attribute (`ordemDeCorrecao`)  - enhanced for lazy-loading? - false
[2021-08-02 23:31:35] - Processing attribute `parametro` : value = 19
[2021-08-02 23:31:35] - Attribute (`parametro`)  - enhanced for lazy-loading? - false
[2021-08-02 23:31:35] - Processing attribute `resultado` : value = 3.8417711838482718
[2021-08-02 23:31:35] - Attribute (`resultado`)  - enhanced for lazy-loading? - false
[2021-08-02 23:31:35] - Done materializing entity [com.bluebudy.SCQ.domain.Analise#652]
[2021-08-02 23:31:35] - Resolving attributes for [com.bluebudy.SCQ.domain.Analise#650]
[2021-08-02 23:31:35] - Processing attribute `analista` : value = Beatriz
[2021-08-02 23:31:35] - Attribute (`analista`)  - enhanced for lazy-loading? - false
[2021-08-02 23:31:35] - Processing attribute `data` : value = 2021-04-19 15:37:57.045
[2021-08-02 23:31:35] - Attribute (`data`)  - enhanced for lazy-loading? - false
[2021-08-02 23:31:35] - Processing attribute `needCorrecao` : value = false
[2021-08-02 23:31:35] - Attribute (`needCorrecao`)  - enhanced for lazy-loading? - false
[2021-08-02 23:31:35] - Processing attribute `ordemDeCorrecao` : value = NOT NULL COLLECTION
[2021-08-02 23:31:35] - Attribute (`ordemDeCorrecao`)  - enhanced for lazy-loading? - false
[2021-08-02 23:31:35] - Processing attribute `parametro` : value = 19
[2021-08-02 23:31:35] - Attribute (`parametro`)  - enhanced for lazy-loading? - false
[2021-08-02 23:31:35] - Processing attribute `resultado` : value = 3.8417711838482718
[2021-08-02 23:31:35] - Attribute (`resultado`)  - enhanced for lazy-loading? - false
[2021-08-02 23:31:35] - Done materializing entity [com.bluebudy.SCQ.domain.Analise#650]
[2021-08-02 23:31:35] - Resolving attributes for [com.bluebudy.SCQ.domain.Analise#648]
[2021-08-02 23:31:35] - Processing attribute `analista` : value = Beatriz
[2021-08-02 23:31:35] - Attribute (`analista`)  - enhanced for lazy-loading? - false
[2021-08-02 23:31:35] - Processing attribute `data` : value = 2021-04-19 15:37:41.125
[2021-08-02 23:31:35] - Attribute (`data`)  - enhanced for lazy-loading? - false
[2021-08-02 23:31:35] - Processing attribute `needCorrecao` : value = false
[2021-08-02 23:31:35] - Attribute (`needCorrecao`)  - enhanced for lazy-loading? - false
[2021-08-02 23:31:35] - Processing attribute `ordemDeCorrecao` : value = NOT NULL COLLECTION
[2021-08-02 23:31:35] - Attribute (`ordemDeCorrecao`)  - enhanced for lazy-loading? - false
[2021-08-02 23:31:35] - Processing attribute `parametro` : value = 19
[2021-08-02 23:31:35] - Attribute (`parametro`)  - enhanced for lazy-loading? - false
[2021-08-02 23:31:35] - Processing attribute `resultado` : value = 3.8417711838482718
[2021-08-02 23:31:35] - Attribute (`resultado`)  - enhanced for lazy-loading? - false
[2021-08-02 23:31:35] - Done materializing entity [com.bluebudy.SCQ.domain.Analise#648]
[2021-08-02 23:31:35] - Resolving attributes for [com.bluebudy.SCQ.domain.Analise#646]
[2021-08-02 23:31:35] - Processing attribute `analista` : value = Beatriz
[2021-08-02 23:31:35] - Attribute (`analista`)  - enhanced for lazy-loading? - false
[2021-08-02 23:31:35] - Processing attribute `data` : value = 2021-04-19 15:37:28.197
[2021-08-02 23:31:35] - Attribute (`data`)  - enhanced for lazy-loading? - false
[2021-08-02 23:31:35] - Processing attribute `needCorrecao` : value = false
[2021-08-02 23:31:35] - Attribute (`needCorrecao`)  - enhanced for lazy-loading? - false
[2021-08-02 23:31:35] - Processing attribute `ordemDeCorrecao` : value = NOT NULL COLLECTION
[2021-08-02 23:31:35] - Attribute (`ordemDeCorrecao`)  - enhanced for lazy-loading? - false
[2021-08-02 23:31:35] - Processing attribute `parametro` : value = 19
[2021-08-02 23:31:35] - Attribute (`parametro`)  - enhanced for lazy-loading? - false
[2021-08-02 23:31:35] - Processing attribute `resultado` : value = 3.8417711838482718
[2021-08-02 23:31:35] - Attribute (`resultado`)  - enhanced for lazy-loading? - false
[2021-08-02 23:31:35] - Done materializing entity [com.bluebudy.SCQ.domain.Analise#646]
[2021-08-02 23:31:35] - Resolving attributes for [com.bluebudy.SCQ.domain.Analise#644]
[2021-08-02 23:31:35] - Processing attribute `analista` : value = Beatriz
[2021-08-02 23:31:35] - Attribute (`analista`)  - enhanced for lazy-loading? - false
[2021-08-02 23:31:35] - Processing attribute `data` : value = 2021-04-19 15:37:14.782
[2021-08-02 23:31:35] - Attribute (`data`)  - enhanced for lazy-loading? - false
[2021-08-02 23:31:35] - Processing attribute `needCorrecao` : value = false
[2021-08-02 23:31:35] - Attribute (`needCorrecao`)  - enhanced for lazy-loading? - false
[2021-08-02 23:31:35] - Processing attribute `ordemDeCorrecao` : value = NOT NULL COLLECTION
[2021-08-02 23:31:35] - Attribute (`ordemDeCorrecao`)  - enhanced for lazy-loading? - false
[2021-08-02 23:31:35] - Processing attribute `parametro` : value = 19
[2021-08-02 23:31:35] - Attribute (`parametro`)  - enhanced for lazy-loading? - false
[2021-08-02 23:31:35] - Processing attribute `resultado` : value = 3.8417711838482718
[2021-08-02 23:31:35] - Attribute (`resultado`)  - enhanced for lazy-loading? - false
[2021-08-02 23:31:35] - Done materializing entity [com.bluebudy.SCQ.domain.Analise#644]
[2021-08-02 23:31:35] - Resolving attributes for [com.bluebudy.SCQ.domain.Analise#642]
[2021-08-02 23:31:35] - Processing attribute `analista` : value = Beatriz
[2021-08-02 23:31:35] - Attribute (`analista`)  - enhanced for lazy-loading? - false
[2021-08-02 23:31:35] - Processing attribute `data` : value = 2021-04-19 15:37:00.4
[2021-08-02 23:31:35] - Attribute (`data`)  - enhanced for lazy-loading? - false
[2021-08-02 23:31:35] - Processing attribute `needCorrecao` : value = false
[2021-08-02 23:31:35] - Attribute (`needCorrecao`)  - enhanced for lazy-loading? - false
[2021-08-02 23:31:35] - Processing attribute `ordemDeCorrecao` : value = NOT NULL COLLECTION
[2021-08-02 23:31:35] - Attribute (`ordemDeCorrecao`)  - enhanced for lazy-loading? - false
[2021-08-02 23:31:35] - Processing attribute `parametro` : value = 19
[2021-08-02 23:31:35] - Attribute (`parametro`)  - enhanced for lazy-loading? - false
[2021-08-02 23:31:35] - Processing attribute `resultado` : value = 3.8417711838482718
[2021-08-02 23:31:35] - Attribute (`resultado`)  - enhanced for lazy-loading? - false
[2021-08-02 23:31:35] - Done materializing entity [com.bluebudy.SCQ.domain.Analise#642]
[2021-08-02 23:31:35] - Resolving attributes for [com.bluebudy.SCQ.domain.Analise#90]
[2021-08-02 23:31:35] - Processing attribute `analista` : value = Beatriz
[2021-08-02 23:31:35] - Attribute (`analista`)  - enhanced for lazy-loading? - false
[2021-08-02 23:31:35] - Processing attribute `data` : value = 2021-03-16 14:04:49.817
[2021-08-02 23:31:35] - Attribute (`data`)  - enhanced for lazy-loading? - false
[2021-08-02 23:31:35] - Processing attribute `needCorrecao` : value = false
[2021-08-02 23:31:35] - Attribute (`needCorrecao`)  - enhanced for lazy-loading? - false
[2021-08-02 23:31:35] - Processing attribute `ordemDeCorrecao` : value = NOT NULL COLLECTION
[2021-08-02 23:31:35] - Attribute (`ordemDeCorrecao`)  - enhanced for lazy-loading? - false
[2021-08-02 23:31:35] - Processing attribute `parametro` : value = 19
[2021-08-02 23:31:35] - Attribute (`parametro`)  - enhanced for lazy-loading? - false
[2021-08-02 23:31:35] - Processing attribute `resultado` : value = 3.8417711838482718
[2021-08-02 23:31:35] - Attribute (`resultado`)  - enhanced for lazy-loading? - false
[2021-08-02 23:31:35] - Done materializing entity [com.bluebudy.SCQ.domain.Analise#90]
[2021-08-02 23:31:35] - Resolving attributes for [com.bluebudy.SCQ.domain.Analise#88]
[2021-08-02 23:31:35] - Processing attribute `analista` : value = Beatriz
[2021-08-02 23:31:35] - Attribute (`analista`)  - enhanced for lazy-loading? - false
[2021-08-02 23:31:35] - Processing attribute `data` : value = 2021-03-16 14:04:27.016
[2021-08-02 23:31:35] - Attribute (`data`)  - enhanced for lazy-loading? - false
[2021-08-02 23:31:35] - Processing attribute `needCorrecao` : value = false
[2021-08-02 23:31:35] - Attribute (`needCorrecao`)  - enhanced for lazy-loading? - false
[2021-08-02 23:31:35] - Processing attribute `ordemDeCorrecao` : value = NOT NULL COLLECTION
[2021-08-02 23:31:35] - Attribute (`ordemDeCorrecao`)  - enhanced for lazy-loading? - false
[2021-08-02 23:31:35] - Processing attribute `parametro` : value = 19
[2021-08-02 23:31:35] - Attribute (`parametro`)  - enhanced for lazy-loading? - false
[2021-08-02 23:31:35] - Processing attribute `resultado` : value = 3.7212450290608747
[2021-08-02 23:31:35] - Attribute (`resultado`)  - enhanced for lazy-loading? - false
[2021-08-02 23:31:35] - Done materializing entity [com.bluebudy.SCQ.domain.Analise#88]
