[2021-08-02 23:31:47] - Flushed: 1 insertions, 0 updates, 0 deletions to 64 objects
[2021-08-02 23:31:47] - Flushed: 0 (re)creations, 0 updates, 0 removals to 55 collections
[2021-08-02 23:31:47] - Listing entities:
[2021-08-02 23:31:47] - com.bluebudy.SCQ.domain.Controle{dataPlanejada=2021-06-13 07:17:31.254, periodo=1440, notified=true, dataRealizada=2021-06-12 07:17:31.254, id=46}
[2021-08-02 23:31:47] - com.bluebudy.SCQ.domain.Analise{data=2021-04-20 12:36:19.692, resultado=3.9504890329301463, analista=Beatriz, parametro=com.bluebudy.SCQ.domain.Parametro#19, id=1044, needCorrecao=false, ordemDeCorrecao=<uninitialized>}
[2021-08-02 23:31:47] - com.bluebudy.SCQ.domain.Analise{data=2021-04-19 15:39:23.342, resultado=3.8417711838482718, analista=Beatriz, parametro=com.bluebudy.SCQ.domain.Parametro#19, id=660, needCorrecao=false, ordemDeCorrecao=<uninitialized>}
[2021-08-02 23:31:47] - com.bluebudy.SCQ.domain.Analise{data=2021-04-19 15:38:59.445, resultado=3.8417711838482718, analista=Beatriz, parametro=com.bluebudy.SCQ.domain.Parametro#19, id=658, needCorrecao=false, ordemDeCorrecao=<uninitialized>}
[2021-08-02 23:31:47] - com.bluebudy.SCQ.domain.Analise{data=2021-04-19 15:38:44.253, resultado=3.8417711838482718, analista=Beatriz, parametro=com.bluebudy.SCQ.domain.Parametro#19, id=656, needCorrecao=false, ordemDeCorrecao=<uninitialized>}
[2021-08-02 23:31:47] - com.bluebudy.SCQ.domain.Analise{data=2021-04-19 15:38:31.281, resultado=3.8417711838482718, analista=Beatriz, parametro=com.bluebudy.SCQ.domain.Parametro#19, id=654, needCorrecao=false, ordemDeCorrecao=<uninitialized>}
[2021-08-02 23:31:47] - com.bluebudy.SCQ.domain.Controle{dataPlanejada=2021-06-12 19:18:07.825, periodo=720, notified=true, dataRealizada=2021-06-12 07:18:07.825, id=50}
[2021-08-02 23:31:47] - com.bluebudy.SCQ.domain.Analise{data=2021-04-19 15:39:56.474, resultado=3.8417711838482718, analista=Beatriz, parametro=com.bluebudy.SCQ.domain.Parametro#19, id=664, needCorrecao=false, ordemDeCorrecao=<uninitialized>}
[2021-08-02 23:31:47] - com.bluebudy.SCQ.domain.Analise{data=2021-04-20 12:36:44.685, resultado=3.8112324621960596, analista=Beatriz, parametro=com.bluebudy.SCQ.domain.Parametro#19, id=1046, needCorrecao=false, ordemDeCorrecao=<uninitialized>}
[2021-08-02 23:31:47] - com.bluebudy.SCQ.domain.Analise{data=2021-04-19 15:39:37.774, resultado=3.8417711838482718, analista=Beatriz, parametro=com.bluebudy.SCQ.domain.Parametro#19, id=662, needCorrecao=false, ordemDeCorrecao=<uninitialized>}
[2021-08-02 23:31:47] - com.bluebudy.SCQ.domain.Analise{data=2021-04-19 15:37:14.782, resultado=3.8417711838482718, analista=Beatriz, parametro=com.bluebudy.SCQ.domain.Parametro#19, id=644, needCorrecao=false, ordemDeCorrecao=<uninitialized>}
[2021-08-02 23:31:47] - com.bluebudy.SCQ.domain.Analise{data=2021-04-19 15:37:00.4, resultado=3.8417711838482718, analista=Beatriz, parametro=com.bluebudy.SCQ.domain.Parametro#19, id=642, needCorrecao=false, ordemDeCorrecao=<uninitialized>}
[2021-08-02 23:31:47] - com.bluebudy.SCQ.domain.Analise{data=2021-04-19 16:39:45.185, resultado=3.7565333076018157, analista=Beatriz, parametro=com.bluebudy.SCQ.domain.Parametro#19, id=766, needCorrecao=false, ordemDeCorrecao=<uninitialized>}
[2021-08-02 23:31:47] - com.bluebudy.SCQ.domain.Analise{data=2021-04-19 15:38:17.899, resultado=3.8417711838482718, analista=Beatriz, parametro=com.bluebudy.SCQ.domain.Parametro#19, id=652, needCorrecao=false, ordemDeCorrecao=<uninitialized>}
[2021-08-02 23:31:47] - com.bluebudy.SCQ.domain.Analise{data=2021-04-19 15:37:57.045, resultado=3.8417711838482718, analista=Beatriz, parametro=com.bluebudy.SCQ.domain.Parametro#19, id=650, needCorrecao=false, ordemDeCorrecao=<uninitialized>}
[2021-08-02 23:31:47] - com.bluebudy.SCQ.domain.Analise{data=2021-04-19 15:37:41.125, resultado=3.8417711838482718, analista=Beatriz, parametro=com.bluebudy.SCQ.domain.Parametro#19, id=648, needCorrecao=false, ordemDeCorrecao=<uninitialized>}
[2021-08-02 23:31:47] - com.bluebudy.SCQ.domain.Analise{data=2021-04-19 15:37:28.197, resultado=3.8417711838482718, analista=Beatriz, parametro=com.bluebudy.SCQ.domain.Parametro#19, id=646, needCorrecao=false, ordemDeCorrecao=<uninitialized>}
[2021-08-02 23:31:47] - com.bluebudy.SCQ.domain.Analise{data=2021-04-19 17:37:25.804, resultado=3.9748345872542874, analista=Beatriz, parametro=com.bluebudy.SCQ.domain.Parametro#19, id=820, needCorrecao=false, ordemDeCorrecao=<uninitialized>}
[2021-08-02 23:31:47] - com.bluebudy.SCQ.domain.Analise{data=2021-04-19 17:37:05.677, resultado=3.8458800300342055, analista=Beatriz, parametro=com.bluebudy.SCQ.domain.Parametro#19, id=818, needCorrecao=false, ordemDeCorrecao=<uninitialized>}
[2021-08-02 23:31:47] - com.bluebudy.SCQ.domain.Analise{data=2021-04-22 09:27:22.6, resultado=3.735512611953754, analista=Beatriz, parametro=com.bluebudy.SCQ.domain.Parametro#19, id=1073, needCorrecao=false, ordemDeCorrecao=<uninitialized>}
[2021-08-02 23:31:47] - com.bluebudy.SCQ.domain.Analise{data=2021-04-19 17:35:45.521, resultado=3.7927810947082894, analista=Beatriz, parametro=com.bluebudy.SCQ.domain.Parametro#19, id=816, needCorrecao=false, ordemDeCorrecao=<uninitialized>}
[2021-08-02 23:31:47] - More......
[2021-08-02 23:31:47] - insert into analise (analista, data, need_correcao, parametro_id, resultado, id) values (?, ?, ?, ?, ?, ?)
[2021-08-02 23:31:47] - Not closing pre-bound JPA EntityManager after transaction
[2021-08-02 23:31:47] - Adding transactional method 'saveAndFlush' with attribute: PROPAGATION_REQUIRED,ISOLATION_DEFAULT
[2021-08-02 23:31:47] - Found thread-bound EntityManager [SessionImpl(1682416792<open>)] for JPA transaction
[2021-08-02 23:31:47] - Creating new transaction with name [org.springframework.data.jpa.repository.support.SimpleJpaRepository.saveAndFlush]: PROPAGATION_REQUIRED,ISOLATION_DEFAULT
[2021-08-02 23:31:47] - begin
[2021-08-02 23:31:47] - Exposing JPA transaction as JDBC [org.springframework.orm.jpa.vendor.HibernateJpaDialect$HibernateConnectionHandle@a5523e]
[2021-08-02 23:31:47] - Not strongly caching class [com.bluebudy.SCQ.domain.Controle] because it is not cache-safe
[2021-08-02 23:31:47] - Processing flush-time cascades
[2021-08-02 23:31:47] - Dirty checking collections
[2021-08-02 23:31:47] - Collection found: [com.bluebudy.SCQ.domain.Etapa.montagem#8], was: [com.bluebudy.SCQ.domain.Etapa.montagem#8] (initialized)
[2021-08-02 23:31:47] - Collection found: [com.bluebudy.SCQ.domain.Etapa.parametros#8], was: [com.bluebudy.SCQ.domain.Etapa.parametros#8] (uninitialized)
[2021-08-02 23:31:47] - Collection found: [com.bluebudy.SCQ.domain.Etapa.trocas#8], was: [com.bluebudy.SCQ.domain.Etapa.trocas#8] (uninitialized)
[2021-08-02 23:31:47] - Collection found: [com.bluebudy.SCQ.domain.Processo.etapas#1], was: [com.bluebudy.SCQ.domain.Processo.etapas#1] (uninitialized)
[2021-08-02 23:31:47] - Collection found: [com.bluebudy.SCQ.domain.Processo.tarefas#1], was: [com.bluebudy.SCQ.domain.Processo.tarefas#1] (uninitialized)
[2021-08-02 23:31:47] - Collection found: [com.bluebudy.SCQ.domain.MateriaPrima.adicao#11], was: [com.bluebudy.SCQ.domain.MateriaPrima.adicao#11] (uninitialized)
[2021-08-02 23:31:47] - Collection found: [com.bluebudy.SCQ.domain.MateriaPrima.adicao#12], was: [com.bluebudy.SCQ.domain.MateriaPrima.adicao#12] (uninitialized)
[2021-08-02 23:31:47] - Collection found: [com.bluebudy.SCQ.domain.Parametro.analises#7], was: [com.bluebudy.SCQ.domain.Parametro.analises#7] (uninitialized)
[2021-08-02 23:31:47] - Collection found: [com.bluebudy.SCQ.domain.Parametro.analises#8], was: [com.bluebudy.SCQ.domain.Parametro.analises#8] (uninitialized)
[2021-08-02 23:31:47] - Collection found: [com.bluebudy.SCQ.domain.Parametro.analises#9], was: [com.bluebudy.SCQ.domain.Parametro.analises#9] (uninitialized)
[2021-08-02 23:31:47] - Collection found: [com.bluebudy.SCQ.domain.Parametro.analises#10], was: [com.bluebudy.SCQ.domain.Parametro.analises#10] (uninitialized)
[2021-08-02 23:31:47] - Collection found: [com.bluebudy.SCQ.domain.Parametro.analises#11], was: [com.bluebudy.SCQ.domain.Parametro.analises#11] (uninitialized)
[2021-08-02 23:31:47] - Collection found: [com.bluebudy.SCQ.domain.Parametro.analises#12], was: [com.bluebudy.SCQ.domain.Parametro.analises#12] (uninitialized)
[2021-08-02 23:31:47] - Collection found: [com.bluebudy.SCQ.domain.Parametro.analises#19], was: [com.bluebudy.SCQ.domain.Parametro.analises#19] (uninitialized)
[2021-08-02 23:31:47] - Collection found: [com.bluebudy.SCQ.domain.Parametro.analises#23], was: [com.bluebudy.SCQ.domain.Parametro.analises#23] (uninitialized)
[2021-08-02 23:31:47] - Collection found: [com.bluebudy.SCQ.domain.Analise.ordemDeCorrecao#1964], was: [com.bluebudy.SCQ.domain.Analise.ordemDeCorrecao#1964] (uninitialized)
[2021-08-02 23:31:47] - Collection found: [com.bluebudy.SCQ.domain.Analise.ordemDeCorrecao#1962], was: [com.bluebudy.SCQ.domain.Analise.ordemDeCorrecao#1962] (uninitialized)
[2021-08-02 23:31:47] - Collection found: [com.bluebudy.SCQ.domain.Analise.ordemDeCorrecao#1959], was: [com.bluebudy.SCQ.domain.Analise.ordemDeCorrecao#1959] (uninitialized)
[2021-08-02 23:31:47] - Collection found: [com.bluebudy.SCQ.domain.Analise.ordemDeCorrecao#1957], was: [com.bluebudy.SCQ.domain.Analise.ordemDeCorrecao#1957] (uninitialized)
[2021-08-02 23:31:47] - Collection found: [com.bluebudy.SCQ.domain.Analise.ordemDeCorrecao#1073], was: [com.bluebudy.SCQ.domain.Analise.ordemDeCorrecao#1073] (uninitialized)
[2021-08-02 23:31:47] - Collection found: [com.bluebudy.SCQ.domain.Analise.ordemDeCorrecao#1046], was: [com.bluebudy.SCQ.domain.Analise.ordemDeCorrecao#1046] (uninitialized)
[2021-08-02 23:31:47] - Collection found: [com.bluebudy.SCQ.domain.Analise.ordemDeCorrecao#1044], was: [com.bluebudy.SCQ.domain.Analise.ordemDeCorrecao#1044] (uninitialized)
[2021-08-02 23:31:47] - Collection found: [com.bluebudy.SCQ.domain.Analise.ordemDeCorrecao#830], was: [com.bluebudy.SCQ.domain.Analise.ordemDeCorrecao#830] (uninitialized)
[2021-08-02 23:31:47] - Collection found: [com.bluebudy.SCQ.domain.Analise.ordemDeCorrecao#828], was: [com.bluebudy.SCQ.domain.Analise.ordemDeCorrecao#828] (uninitialized)
[2021-08-02 23:31:47] - Collection found: [com.bluebudy.SCQ.domain.Analise.ordemDeCorrecao#826], was: [com.bluebudy.SCQ.domain.Analise.ordemDeCorrecao#826] (uninitialized)
[2021-08-02 23:31:47] - Collection found: [com.bluebudy.SCQ.domain.Analise.ordemDeCorrecao#824], was: [com.bluebudy.SCQ.domain.Analise.ordemDeCorrecao#824] (uninitialized)
[2021-08-02 23:31:47] - Collection found: [com.bluebudy.SCQ.domain.Analise.ordemDeCorrecao#822], was: [com.bluebudy.SCQ.domain.Analise.ordemDeCorrecao#822] (uninitialized)
[2021-08-02 23:31:47] - Collection found: [com.bluebudy.SCQ.domain.Analise.ordemDeCorrecao#820], was: [com.bluebudy.SCQ.domain.Analise.ordemDeCorrecao#820] (uninitialized)
[2021-08-02 23:31:47] - Collection found: [com.bluebudy.SCQ.domain.Analise.ordemDeCorrecao#818], was: [com.bluebudy.SCQ.domain.Analise.ordemDeCorrecao#818] (uninitialized)
[2021-08-02 23:31:47] - Collection found: [com.bluebudy.SCQ.domain.Analise.ordemDeCorrecao#816], was: [com.bluebudy.SCQ.domain.Analise.ordemDeCorrecao#816] (uninitialized)
[2021-08-02 23:31:47] - Collection found: [com.bluebudy.SCQ.domain.Analise.ordemDeCorrecao#814], was: [com.bluebudy.SCQ.domain.Analise.ordemDeCorrecao#814] (uninitialized)
[2021-08-02 23:31:47] - Collection found: [com.bluebudy.SCQ.domain.Analise.ordemDeCorrecao#766], was: [com.bluebudy.SCQ.domain.Analise.ordemDeCorrecao#766] (uninitialized)
[2021-08-02 23:31:47] - Collection found: [com.bluebudy.SCQ.domain.Analise.ordemDeCorrecao#764], was: [com.bluebudy.SCQ.domain.Analise.ordemDeCorrecao#764] (uninitialized)
[2021-08-02 23:31:47] - Collection found: [com.bluebudy.SCQ.domain.Analise.ordemDeCorrecao#762], was: [com.bluebudy.SCQ.domain.Analise.ordemDeCorrecao#762] (uninitialized)
[2021-08-02 23:31:47] - Collection found: [com.bluebudy.SCQ.domain.Analise.ordemDeCorrecao#760], was: [com.bluebudy.SCQ.domain.Analise.ordemDeCorrecao#760] (uninitialized)
[2021-08-02 23:31:47] - Collection found: [com.bluebudy.SCQ.domain.Analise.ordemDeCorrecao#758], was: [com.bluebudy.SCQ.domain.Analise.ordemDeCorrecao#758] (uninitialized)
[2021-08-02 23:31:47] - Collection found: [com.bluebudy.SCQ.domain.Analise.ordemDeCorrecao#756], was: [com.bluebudy.SCQ.domain.Analise.ordemDeCorrecao#756] (uninitialized)
[2021-08-02 23:31:47] - Collection found: [com.bluebudy.SCQ.domain.Analise.ordemDeCorrecao#754], was: [com.bluebudy.SCQ.domain.Analise.ordemDeCorrecao#754] (uninitialized)
[2021-08-02 23:31:47] - Collection found: [com.bluebudy.SCQ.domain.Analise.ordemDeCorrecao#746], was: [com.bluebudy.SCQ.domain.Analise.ordemDeCorrecao#746] (uninitialized)
[2021-08-02 23:31:47] - Collection found: [com.bluebudy.SCQ.domain.Analise.ordemDeCorrecao#744], was: [com.bluebudy.SCQ.domain.Analise.ordemDeCorrecao#744] (uninitialized)
[2021-08-02 23:31:47] - Collection found: [com.bluebudy.SCQ.domain.Analise.ordemDeCorrecao#664], was: [com.bluebudy.SCQ.domain.Analise.ordemDeCorrecao#664] (uninitialized)
[2021-08-02 23:31:47] - Collection found: [com.bluebudy.SCQ.domain.Analise.ordemDeCorrecao#662], was: [com.bluebudy.SCQ.domain.Analise.ordemDeCorrecao#662] (uninitialized)
[2021-08-02 23:31:47] - Collection found: [com.bluebudy.SCQ.domain.Analise.ordemDeCorrecao#660], was: [com.bluebudy.SCQ.domain.Analise.ordemDeCorrecao#660] (uninitialized)
[2021-08-02 23:31:47] - Collection found: [com.bluebudy.SCQ.domain.Analise.ordemDeCorrecao#658], was: [com.bluebudy.SCQ.domain.Analise.ordemDeCorrecao#658] (uninitialized)
[2021-08-02 23:31:47] - Collection found: [com.bluebudy.SCQ.domain.Analise.ordemDeCorrecao#656], was: [com.bluebudy.SCQ.domain.Analise.ordemDeCorrecao#656] (uninitialized)
[2021-08-02 23:31:47] - Collection found: [com.bluebudy.SCQ.domain.Analise.ordemDeCorrecao#654], was: [com.bluebudy.SCQ.domain.Analise.ordemDeCorrecao#654] (uninitialized)
[2021-08-02 23:31:47] - Collection found: [com.bluebudy.SCQ.domain.Analise.ordemDeCorrecao#652], was: [com.bluebudy.SCQ.domain.Analise.ordemDeCorrecao#652] (uninitialized)
[2021-08-02 23:31:47] - Collection found: [com.bluebudy.SCQ.domain.Analise.ordemDeCorrecao#650], was: [com.bluebudy.SCQ.domain.Analise.ordemDeCorrecao#650] (uninitialized)
[2021-08-02 23:31:47] - Collection found: [com.bluebudy.SCQ.domain.Analise.ordemDeCorrecao#648], was: [com.bluebudy.SCQ.domain.Analise.ordemDeCorrecao#648] (uninitialized)
[2021-08-02 23:31:47] - Collection found: [com.bluebudy.SCQ.domain.Analise.ordemDeCorrecao#646], was: [com.bluebudy.SCQ.domain.Analise.ordemDeCorrecao#646] (uninitialized)
[2021-08-02 23:31:47] - Collection found: [com.bluebudy.SCQ.domain.Analise.ordemDeCorrecao#644], was: [com.bluebudy.SCQ.domain.Analise.ordemDeCorrecao#644] (uninitialized)
[2021-08-02 23:31:47] - Collection found: [com.bluebudy.SCQ.domain.Analise.ordemDeCorrecao#642], was: [com.bluebudy.SCQ.domain.Analise.ordemDeCorrecao#642] (uninitialized)
[2021-08-02 23:31:47] - Collection found: [com.bluebudy.SCQ.domain.Analise.ordemDeCorrecao#90], was: [com.bluebudy.SCQ.domain.Analise.ordemDeCorrecao#90] (uninitialized)
[2021-08-02 23:31:47] - Collection found: [com.bluebudy.SCQ.domain.Analise.ordemDeCorrecao#88], was: [com.bluebudy.SCQ.domain.Analise.ordemDeCorrecao#88] (uninitialized)
[2021-08-02 23:31:47] - Collection found: [com.bluebudy.SCQ.domain.Analise.ordemDeCorrecao#1978], was: [com.bluebudy.SCQ.domain.Analise.ordemDeCorrecao#1978] (uninitialized)
[2021-08-02 23:31:47] - Flushed: 0 insertions, 1 updates, 0 deletions to 64 objects
[2021-08-02 23:31:47] - Flushed: 0 (re)creations, 0 updates, 0 removals to 55 collections
[2021-08-02 23:31:47] - Listing entities:
[2021-08-02 23:31:47] - com.bluebudy.SCQ.domain.Controle{dataPlanejada=Tue Aug 03 23:31:47 BRT 2021, periodo=1440, notified=false, dataRealizada=Mon Aug 02 23:31:47 BRT 2021, id=46}
[2021-08-02 23:31:47] - com.bluebudy.SCQ.domain.Analise{data=2021-04-20 12:36:19.692, resultado=3.9504890329301463, analista=Beatriz, parametro=com.bluebudy.SCQ.domain.Parametro#19, id=1044, needCorrecao=false, ordemDeCorrecao=<uninitialized>}
[2021-08-02 23:31:47] - com.bluebudy.SCQ.domain.Analise{data=2021-04-19 15:39:23.342, resultado=3.8417711838482718, analista=Beatriz, parametro=com.bluebudy.SCQ.domain.Parametro#19, id=660, needCorrecao=false, ordemDeCorrecao=<uninitialized>}
[2021-08-02 23:31:47] - com.bluebudy.SCQ.domain.Analise{data=2021-04-19 15:38:59.445, resultado=3.8417711838482718, analista=Beatriz, parametro=com.bluebudy.SCQ.domain.Parametro#19, id=658, needCorrecao=false, ordemDeCorrecao=<uninitialized>}
[2021-08-02 23:31:47] - com.bluebudy.SCQ.domain.Analise{data=2021-04-19 15:38:44.253, resultado=3.8417711838482718, analista=Beatriz, parametro=com.bluebudy.SCQ.domain.Parametro#19, id=656, needCorrecao=false, ordemDeCorrecao=<uninitialized>}
[2021-08-02 23:31:47] - com.bluebudy.SCQ.domain.Analise{data=2021-04-19 15:38:31.281, resultado=3.8417711838482718, analista=Beatriz, parametro=com.bluebudy.SCQ.domain.Parametro#19, id=654, needCorrecao=false, ordemDeCorrecao=<uninitialized>}
[2021-08-02 23:31:47] - com.bluebudy.SCQ.domain.Controle{dataPlanejada=2021-06-12 19:18:07.825, periodo=720, notified=true, dataRealizada=2021-06-12 07:18:07.825, id=50}
[2021-08-02 23:31:47] - com.bluebudy.SCQ.domain.Analise{data=2021-04-19 15:39:56.474, resultado=3.8417711838482718, analista=Beatriz, parametro=com.bluebudy.SCQ.domain.Parametro#19, id=664, needCorrecao=false, ordemDeCorrecao=<uninitialized>}
[2021-08-02 23:31:47] - com.bluebudy.SCQ.domain.Analise{data=2021-04-20 12:36:44.685, resultado=3.8112324621960596, analista=Beatriz, parametro=com.bluebudy.SCQ.domain.Parametro#19, id=1046, needCorrecao=false, ordemDeCorrecao=<uninitialized>}
[2021-08-02 23:31:47] - com.bluebudy.SCQ.domain.Analise{data=2021-04-19 15:39:37.774, resultado=3.8417711838482718, analista=Beatriz, parametro=com.bluebudy.SCQ.domain.Parametro#19, id=662, needCorrecao=false, ordemDeCorrecao=<uninitialized>}
[2021-08-02 23:31:47] - com.bluebudy.SCQ.domain.Analise{data=2021-04-19 15:37:14.782, resultado=3.8417711838482718, analista=Beatriz, parametro=com.bluebudy.SCQ.domain.Parametro#19, id=644, needCorrecao=false, ordemDeCorrecao=<uninitialized>}
[2021-08-02 23:31:47] - com.bluebudy.SCQ.domain.Analise{data=2021-04-19 15:37:00.4, resultado=3.8417711838482718, analista=Beatriz, parametro=com.bluebudy.SCQ.domain.Parametro#19, id=642, needCorrecao=false, ordemDeCorrecao=<uninitialized>}
[2021-08-02 23:31:47] - com.bluebudy.SCQ.domain.Analise{data=2021-04-19 16:39:45.185, resultado=3.7565333076018157, analista=Beatriz, parametro=com.bluebudy.SCQ.domain.Parametro#19, id=766, needCorrecao=false, ordemDeCorrecao=<uninitialized>}
[2021-08-02 23:31:47] - com.bluebudy.SCQ.domain.Analise{data=2021-04-19 15:38:17.899, resultado=3.8417711838482718, analista=Beatriz, parametro=com.bluebudy.SCQ.domain.Parametro#19, id=652, needCorrecao=false, ordemDeCorrecao=<uninitialized>}
[2021-08-02 23:31:47] - com.bluebudy.SCQ.domain.Analise{data=2021-04-19 15:37:57.045, resultado=3.8417711838482718, analista=Beatriz, parametro=com.bluebudy.SCQ.domain.Parametro#19, id=650, needCorrecao=false, ordemDeCorrecao=<uninitialized>}
[2021-08-02 23:31:47] - com.bluebudy.SCQ.domain.Analise{data=2021-04-19 15:37:41.125, resultado=3.8417711838482718, analista=Beatriz, parametro=com.bluebudy.SCQ.domain.Parametro#19, id=648, needCorrecao=false, ordemDeCorrecao=<uninitialized>}
[2021-08-02 23:31:47] - com.bluebudy.SCQ.domain.Analise{data=2021-04-19 15:37:28.197, resultado=3.8417711838482718, analista=Beatriz, parametro=com.bluebudy.SCQ.domain.Parametro#19, id=646, needCorrecao=false, ordemDeCorrecao=<uninitialized>}
[2021-08-02 23:31:47] - com.bluebudy.SCQ.domain.Analise{data=2021-04-19 17:37:25.804, resultado=3.9748345872542874, analista=Beatriz, parametro=com.bluebudy.SCQ.domain.Parametro#19, id=820, needCorrecao=false, ordemDeCorrecao=<uninitialized>}
[2021-08-02 23:31:47] - com.bluebudy.SCQ.domain.Analise{data=2021-04-19 17:37:05.677, resultado=3.8458800300342055, analista=Beatriz, parametro=com.bluebudy.SCQ.domain.Parametro#19, id=818, needCorrecao=false, ordemDeCorrecao=<uninitialized>}
[2021-08-02 23:31:47] - com.bluebudy.SCQ.domain.Analise{data=2021-04-22 09:27:22.6, resultado=3.735512611953754, analista=Beatriz, parametro=com.bluebudy.SCQ.domain.Parametro#19, id=1073, needCorrecao=false, ordemDeCorrecao=<uninitialized>}
[2021-08-02 23:31:47] - com.bluebudy.SCQ.domain.Analise{data=2021-04-19 17:35:45.521, resultado=3.7927810947082894, analista=Beatriz, parametro=com.bluebudy.SCQ.domain.Parametro#19, id=816, needCorrecao=false, ordemDeCorrecao=<uninitialized>}
[2021-08-02 23:31:47] - More......
[2021-08-02 23:31:47] - update controle set data_planejada=?, data_realizada=?, notified=?, periodo=? where id=?
[2021-08-02 23:31:47] - Initiating transaction commit
[2021-08-02 23:31:47] - Committing JPA transaction on EntityManager [SessionImpl(1682416792<open>)]
[2021-08-02 23:31:47] - committing
[2021-08-02 23:31:47] - Processing flush-time cascades
[2021-08-02 23:31:47] - Dirty checking collections
[2021-08-02 23:31:47] - Collection found: [com.bluebudy.SCQ.domain.Etapa.montagem#8], was: [com.bluebudy.SCQ.domain.Etapa.montagem#8] (initialized)
[2021-08-02 23:31:47] - Collection found: [com.bluebudy.SCQ.domain.Etapa.parametros#8], was: [com.bluebudy.SCQ.domain.Etapa.parametros#8] (uninitialized)
[2021-08-02 23:31:47] - Collection found: [com.bluebudy.SCQ.domain.Etapa.trocas#8], was: [com.bluebudy.SCQ.domain.Etapa.trocas#8] (uninitialized)
[2021-08-02 23:31:47] - Collection found: [com.bluebudy.SCQ.domain.Processo.etapas#1], was: [com.bluebudy.SCQ.domain.Processo.etapas#1] (uninitialized)
[2021-08-02 23:31:47] - Collection found: [com.bluebudy.SCQ.domain.Processo.tarefas#1], was: [com.bluebudy.SCQ.domain.Processo.tarefas#1] (uninitialized)
[2021-08-02 23:31:47] - Collection found: [com.bluebudy.SCQ.domain.MateriaPrima.adicao#11], was: [com.bluebudy.SCQ.domain.MateriaPrima.adicao#11] (uninitialized)
[2021-08-02 23:31:47] - Collection found: [com.bluebudy.SCQ.domain.MateriaPrima.adicao#12], was: [com.bluebudy.SCQ.domain.MateriaPrima.adicao#12] (uninitialized)
[2021-08-02 23:31:47] - Collection found: [com.bluebudy.SCQ.domain.Parametro.analises#7], was: [com.bluebudy.SCQ.domain.Parametro.analises#7] (uninitialized)
[2021-08-02 23:31:47] - Collection found: [com.bluebudy.SCQ.domain.Parametro.analises#8], was: [com.bluebudy.SCQ.domain.Parametro.analises#8] (uninitialized)
[2021-08-02 23:31:47] - Collection found: [com.bluebudy.SCQ.domain.Parametro.analises#9], was: [com.bluebudy.SCQ.domain.Parametro.analises#9] (uninitialized)
[2021-08-02 23:31:47] - Collection found: [com.bluebudy.SCQ.domain.Parametro.analises#10], was: [com.bluebudy.SCQ.domain.Parametro.analises#10] (uninitialized)
[2021-08-02 23:31:47] - Collection found: [com.bluebudy.SCQ.domain.Parametro.analises#11], was: [com.bluebudy.SCQ.domain.Parametro.analises#11] (uninitialized)
[2021-08-02 23:31:47] - Collection found: [com.bluebudy.SCQ.domain.Parametro.analises#12], was: [com.bluebudy.SCQ.domain.Parametro.analises#12] (uninitialized)
[2021-08-02 23:31:47] - Collection found: [com.bluebudy.SCQ.domain.Parametro.analises#19], was: [com.bluebudy.SCQ.domain.Parametro.analises#19] (uninitialized)
[2021-08-02 23:31:47] - Collection found: [com.bluebudy.SCQ.domain.Parametro.analises#23], was: [com.bluebudy.SCQ.domain.Parametro.analises#23] (uninitialized)
[2021-08-02 23:31:47] - Collection found: [com.bluebudy.SCQ.domain.Analise.ordemDeCorrecao#1964], was: [com.bluebudy.SCQ.domain.Analise.ordemDeCorrecao#1964] (uninitialized)
[2021-08-02 23:31:47] - Collection found: [com.bluebudy.SCQ.domain.Analise.ordemDeCorrecao#1962], was: [com.bluebudy.SCQ.domain.Analise.ordemDeCorrecao#1962] (uninitialized)
[2021-08-02 23:31:47] - Collection found: [com.bluebudy.SCQ.domain.Analise.ordemDeCorrecao#1959], was: [com.bluebudy.SCQ.domain.Analise.ordemDeCorrecao#1959] (uninitialized)
[2021-08-02 23:31:47] - Collection found: [com.bluebudy.SCQ.domain.Analise.ordemDeCorrecao#1957], was: [com.bluebudy.SCQ.domain.Analise.ordemDeCorrecao#1957] (uninitialized)
[2021-08-02 23:31:47] - Collection found: [com.bluebudy.SCQ.domain.Analise.ordemDeCorrecao#1073], was: [com.bluebudy.SCQ.domain.Analise.ordemDeCorrecao#1073] (uninitialized)
[2021-08-02 23:31:47] - Collection found: [com.bluebudy.SCQ.domain.Analise.ordemDeCorrecao#1046], was: [com.bluebudy.SCQ.domain.Analise.ordemDeCorrecao#1046] (uninitialized)
[2021-08-02 23:31:47] - Collection found: [com.bluebudy.SCQ.domain.Analise.ordemDeCorrecao#1044], was: [com.bluebudy.SCQ.domain.Analise.ordemDeCorrecao#1044] (uninitialized)
[2021-08-02 23:31:47] - Collection found: [com.bluebudy.SCQ.domain.Analise.ordemDeCorrecao#830], was: [com.bluebudy.SCQ.domain.Analise.ordemDeCorrecao#830] (uninitialized)
[2021-08-02 23:31:47] - Collection found: [com.bluebudy.SCQ.domain.Analise.ordemDeCorrecao#828], was: [com.bluebudy.SCQ.domain.Analise.ordemDeCorrecao#828] (uninitialized)
[2021-08-02 23:31:47] - Collection found: [com.bluebudy.SCQ.domain.Analise.ordemDeCorrecao#826], was: [com.bluebudy.SCQ.domain.Analise.ordemDeCorrecao#826] (uninitialized)
[2021-08-02 23:31:47] - Collection found: [com.bluebudy.SCQ.domain.Analise.ordemDeCorrecao#824], was: [com.bluebudy.SCQ.domain.Analise.ordemDeCorrecao#824] (uninitialized)
[2021-08-02 23:31:47] - Collection found: [com.bluebudy.SCQ.domain.Analise.ordemDeCorrecao#822], was: [com.bluebudy.SCQ.domain.Analise.ordemDeCorrecao#822] (uninitialized)
[2021-08-02 23:31:47] - Collection found: [com.bluebudy.SCQ.domain.Analise.ordemDeCorrecao#820], was: [com.bluebudy.SCQ.domain.Analise.ordemDeCorrecao#820] (uninitialized)
[2021-08-02 23:31:47] - Collection found: [com.bluebudy.SCQ.domain.Analise.ordemDeCorrecao#818], was: [com.bluebudy.SCQ.domain.Analise.ordemDeCorrecao#818] (uninitialized)
[2021-08-02 23:31:47] - Collection found: [com.bluebudy.SCQ.domain.Analise.ordemDeCorrecao#816], was: [com.bluebudy.SCQ.domain.Analise.ordemDeCorrecao#816] (uninitialized)
[2021-08-02 23:31:47] - Collection found: [com.bluebudy.SCQ.domain.Analise.ordemDeCorrecao#814], was: [com.bluebudy.SCQ.domain.Analise.ordemDeCorrecao#814] (uninitialized)
[2021-08-02 23:31:47] - Collection found: [com.bluebudy.SCQ.domain.Analise.ordemDeCorrecao#766], was: [com.bluebudy.SCQ.domain.Analise.ordemDeCorrecao#766] (uninitialized)
[2021-08-02 23:31:47] - Collection found: [com.bluebudy.SCQ.domain.Analise.ordemDeCorrecao#764], was: [com.bluebudy.SCQ.domain.Analise.ordemDeCorrecao#764] (uninitialized)
[2021-08-02 23:31:47] - Collection found: [com.bluebudy.SCQ.domain.Analise.ordemDeCorrecao#762], was: [com.bluebudy.SCQ.domain.Analise.ordemDeCorrecao#762] (uninitialized)
[2021-08-02 23:31:47] - Collection found: [com.bluebudy.SCQ.domain.Analise.ordemDeCorrecao#760], was: [com.bluebudy.SCQ.domain.Analise.ordemDeCorrecao#760] (uninitialized)
[2021-08-02 23:31:47] - Collection found: [com.bluebudy.SCQ.domain.Analise.ordemDeCorrecao#758], was: [com.bluebudy.SCQ.domain.Analise.ordemDeCorrecao#758] (uninitialized)
[2021-08-02 23:31:47] - Collection found: [com.bluebudy.SCQ.domain.Analise.ordemDeCorrecao#756], was: [com.bluebudy.SCQ.domain.Analise.ordemDeCorrecao#756] (uninitialized)
[2021-08-02 23:31:47] - Collection found: [com.bluebudy.SCQ.domain.Analise.ordemDeCorrecao#754], was: [com.bluebudy.SCQ.domain.Analise.ordemDeCorrecao#754] (uninitialized)
[2021-08-02 23:31:47] - Collection found: [com.bluebudy.SCQ.domain.Analise.ordemDeCorrecao#746], was: [com.bluebudy.SCQ.domain.Analise.ordemDeCorrecao#746] (uninitialized)
[2021-08-02 23:31:47] - Collection found: [com.bluebudy.SCQ.domain.Analise.ordemDeCorrecao#744], was: [com.bluebudy.SCQ.domain.Analise.ordemDeCorrecao#744] (uninitialized)
[2021-08-02 23:31:47] - Collection found: [com.bluebudy.SCQ.domain.Analise.ordemDeCorrecao#664], was: [com.bluebudy.SCQ.domain.Analise.ordemDeCorrecao#664] (uninitialized)
[2021-08-02 23:31:47] - Collection found: [com.bluebudy.SCQ.domain.Analise.ordemDeCorrecao#662], was: [com.bluebudy.SCQ.domain.Analise.ordemDeCorrecao#662] (uninitialized)
[2021-08-02 23:31:47] - Collection found: [com.bluebudy.SCQ.domain.Analise.ordemDeCorrecao#660], was: [com.bluebudy.SCQ.domain.Analise.ordemDeCorrecao#660] (uninitialized)
[2021-08-02 23:31:47] - Collection found: [com.bluebudy.SCQ.domain.Analise.ordemDeCorrecao#658], was: [com.bluebudy.SCQ.domain.Analise.ordemDeCorrecao#658] (uninitialized)
[2021-08-02 23:31:47] - Collection found: [com.bluebudy.SCQ.domain.Analise.ordemDeCorrecao#656], was: [com.bluebudy.SCQ.domain.Analise.ordemDeCorrecao#656] (uninitialized)
[2021-08-02 23:31:47] - Collection found: [com.bluebudy.SCQ.domain.Analise.ordemDeCorrecao#654], was: [com.bluebudy.SCQ.domain.Analise.ordemDeCorrecao#654] (uninitialized)
[2021-08-02 23:31:47] - Collection found: [com.bluebudy.SCQ.domain.Analise.ordemDeCorrecao#652], was: [com.bluebudy.SCQ.domain.Analise.ordemDeCorrecao#652] (uninitialized)
[2021-08-02 23:31:47] - Collection found: [com.bluebudy.SCQ.domain.Analise.ordemDeCorrecao#650], was: [com.bluebudy.SCQ.domain.Analise.ordemDeCorrecao#650] (uninitialized)
[2021-08-02 23:31:47] - Collection found: [com.bluebudy.SCQ.domain.Analise.ordemDeCorrecao#648], was: [com.bluebudy.SCQ.domain.Analise.ordemDeCorrecao#648] (uninitialized)
[2021-08-02 23:31:47] - Collection found: [com.bluebudy.SCQ.domain.Analise.ordemDeCorrecao#646], was: [com.bluebudy.SCQ.domain.Analise.ordemDeCorrecao#646] (uninitialized)
[2021-08-02 23:31:47] - Collection found: [com.bluebudy.SCQ.domain.Analise.ordemDeCorrecao#644], was: [com.bluebudy.SCQ.domain.Analise.ordemDeCorrecao#644] (uninitialized)
[2021-08-02 23:31:47] - Collection found: [com.bluebudy.SCQ.domain.Analise.ordemDeCorrecao#642], was: [com.bluebudy.SCQ.domain.Analise.ordemDeCorrecao#642] (uninitialized)
[2021-08-02 23:31:47] - Collection found: [com.bluebudy.SCQ.domain.Analise.ordemDeCorrecao#90], was: [com.bluebudy.SCQ.domain.Analise.ordemDeCorrecao#90] (uninitialized)
[2021-08-02 23:31:47] - Collection found: [com.bluebudy.SCQ.domain.Analise.ordemDeCorrecao#88], was: [com.bluebudy.SCQ.domain.Analise.ordemDeCorrecao#88] (uninitialized)
[2021-08-02 23:31:47] - Collection found: [com.bluebudy.SCQ.domain.Analise.ordemDeCorrecao#1978], was: [com.bluebudy.SCQ.domain.Analise.ordemDeCorrecao#1978] (uninitialized)
[2021-08-02 23:31:47] - Flushed: 0 insertions, 0 updates, 0 deletions to 64 objects
[2021-08-02 23:31:47] - Flushed: 0 (re)creations, 0 updates, 0 removals to 55 collections
[2021-08-02 23:31:47] - Listing entities:
[2021-08-02 23:31:47] - com.bluebudy.SCQ.domain.Controle{dataPlanejada=Tue Aug 03 23:31:47 BRT 2021, periodo=1440, notified=false, dataRealizada=Mon Aug 02 23:31:47 BRT 2021, id=46}
[2021-08-02 23:31:47] - com.bluebudy.SCQ.domain.Analise{data=2021-04-20 12:36:19.692, resultado=3.9504890329301463, analista=Beatriz, parametro=com.bluebudy.SCQ.domain.Parametro#19, id=1044, needCorrecao=false, ordemDeCorrecao=<uninitialized>}
[2021-08-02 23:31:47] - com.bluebudy.SCQ.domain.Analise{data=2021-04-19 15:39:23.342, resultado=3.8417711838482718, analista=Beatriz, parametro=com.bluebudy.SCQ.domain.Parametro#19, id=660, needCorrecao=false, ordemDeCorrecao=<uninitialized>}
[2021-08-02 23:31:47] - com.bluebudy.SCQ.domain.Analise{data=2021-04-19 15:38:59.445, resultado=3.8417711838482718, analista=Beatriz, parametro=com.bluebudy.SCQ.domain.Parametro#19, id=658, needCorrecao=false, ordemDeCorrecao=<uninitialized>}
[2021-08-02 23:31:47] - com.bluebudy.SCQ.domain.Analise{data=2021-04-19 15:38:44.253, resultado=3.8417711838482718, analista=Beatriz, parametro=com.bluebudy.SCQ.domain.Parametro#19, id=656, needCorrecao=false, ordemDeCorrecao=<uninitialized>}
[2021-08-02 23:31:47] - com.bluebudy.SCQ.domain.Analise{data=2021-04-19 15:38:31.281, resultado=3.8417711838482718, analista=Beatriz, parametro=com.bluebudy.SCQ.domain.Parametro#19, id=654, needCorrecao=false, ordemDeCorrecao=<uninitialized>}
[2021-08-02 23:31:47] - com.bluebudy.SCQ.domain.Controle{dataPlanejada=2021-06-12 19:18:07.825, periodo=720, notified=true, dataRealizada=2021-06-12 07:18:07.825, id=50}
[2021-08-02 23:31:47] - com.bluebudy.SCQ.domain.Analise{data=2021-04-19 15:39:56.474, resultado=3.8417711838482718, analista=Beatriz, parametro=com.bluebudy.SCQ.domain.Parametro#19, id=664, needCorrecao=false, ordemDeCorrecao=<uninitialized>}
[2021-08-02 23:31:47] - com.bluebudy.SCQ.domain.Analise{data=2021-04-20 12:36:44.685, resultado=3.8112324621960596, analista=Beatriz, parametro=com.bluebudy.SCQ.domain.Parametro#19, id=1046, needCorrecao=false, ordemDeCorrecao=<uninitialized>}
[2021-08-02 23:31:47] - com.bluebudy.SCQ.domain.Analise{data=2021-04-19 15:39:37.774, resultado=3.8417711838482718, analista=Beatriz, parametro=com.bluebudy.SCQ.domain.Parametro#19, id=662, needCorrecao=false, ordemDeCorrecao=<uninitialized>}
[2021-08-02 23:31:47] - com.bluebudy.SCQ.domain.Analise{data=2021-04-19 15:37:14.782, resultado=3.8417711838482718, analista=Beatriz, parametro=com.bluebudy.SCQ.domain.Parametro#19, id=644, needCorrecao=false, ordemDeCorrecao=<uninitialized>}
[2021-08-02 23:31:47] - com.bluebudy.SCQ.domain.Analise{data=2021-04-19 15:37:00.4, resultado=3.8417711838482718, analista=Beatriz, parametro=com.bluebudy.SCQ.domain.Parametro#19, id=642, needCorrecao=false, ordemDeCorrecao=<uninitialized>}
[2021-08-02 23:31:47] - com.bluebudy.SCQ.domain.Analise{data=2021-04-19 16:39:45.185, resultado=3.7565333076018157, analista=Beatriz, parametro=com.bluebudy.SCQ.domain.Parametro#19, id=766, needCorrecao=false, ordemDeCorrecao=<uninitialized>}
[2021-08-02 23:31:47] - com.bluebudy.SCQ.domain.Analise{data=2021-04-19 15:38:17.899, resultado=3.8417711838482718, analista=Beatriz, parametro=com.bluebudy.SCQ.domain.Parametro#19, id=652, needCorrecao=false, ordemDeCorrecao=<uninitialized>}
[2021-08-02 23:31:47] - com.bluebudy.SCQ.domain.Analise{data=2021-04-19 15:37:57.045, resultado=3.8417711838482718, analista=Beatriz, parametro=com.bluebudy.SCQ.domain.Parametro#19, id=650, needCorrecao=false, ordemDeCorrecao=<uninitialized>}
[2021-08-02 23:31:47] - com.bluebudy.SCQ.domain.Analise{data=2021-04-19 15:37:41.125, resultado=3.8417711838482718, analista=Beatriz, parametro=com.bluebudy.SCQ.domain.Parametro#19, id=648, needCorrecao=false, ordemDeCorrecao=<uninitialized>}
[2021-08-02 23:31:47] - com.bluebudy.SCQ.domain.Analise{data=2021-04-19 15:37:28.197, resultado=3.8417711838482718, analista=Beatriz, parametro=com.bluebudy.SCQ.domain.Parametro#19, id=646, needCorrecao=false, ordemDeCorrecao=<uninitialized>}
[2021-08-02 23:31:47] - com.bluebudy.SCQ.domain.Analise{data=2021-04-19 17:37:25.804, resultado=3.9748345872542874, analista=Beatriz, parametro=com.bluebudy.SCQ.domain.Parametro#19, id=820, needCorrecao=false, ordemDeCorrecao=<uninitialized>}
[2021-08-02 23:31:47] - com.bluebudy.SCQ.domain.Analise{data=2021-04-19 17:37:05.677, resultado=3.8458800300342055, analista=Beatriz, parametro=com.bluebudy.SCQ.domain.Parametro#19, id=818, needCorrecao=false, ordemDeCorrecao=<uninitialized>}
[2021-08-02 23:31:47] - com.bluebudy.SCQ.domain.Analise{data=2021-04-22 09:27:22.6, resultado=3.735512611953754, analista=Beatriz, parametro=com.bluebudy.SCQ.domain.Parametro#19, id=1073, needCorrecao=false, ordemDeCorrecao=<uninitialized>}
[2021-08-02 23:31:47] - com.bluebudy.SCQ.domain.Analise{data=2021-04-19 17:35:45.521, resultado=3.7927810947082894, analista=Beatriz, parametro=com.bluebudy.SCQ.domain.Parametro#19, id=816, needCorrecao=false, ordemDeCorrecao=<uninitialized>}
[2021-08-02 23:31:47] - More......
[2021-08-02 23:31:47] - Not closing pre-bound JPA EntityManager after transaction
[2021-08-02 23:31:47] - Rendered criteria query -> select generatedAlias0 from Notificacao as generatedAlias0 where ( generatedAlias0.refId=:param0 ) and ( generatedAlias0.status=:param1 )
[2021-08-02 23:31:47] - parse() - HQL: select generatedAlias0 from com.bluebudy.SCQ.domain.Notificacao as generatedAlias0 where ( generatedAlias0.refId=:param0 ) and ( generatedAlias0.status=:param1 )
[2021-08-02 23:31:47] - throwQueryException() : no errors
[2021-08-02 23:31:47] - --- HQL AST ---
 \-[QUERY] Node: 'query'
    +-[SELECT_FROM] Node: 'SELECT_FROM'
    |  +-[FROM] Node: 'from'
    |  |  \-[RANGE] Node: 'RANGE'
    |  |     +-[DOT] Node: '.'
    |  |     |  +-[DOT] Node: '.'
    |  |     |  |  +-[DOT] Node: '.'
    |  |     |  |  |  +-[DOT] Node: '.'
    |  |     |  |  |  |  +-[IDENT] Node: 'com'
    |  |     |  |  |  |  \-[IDENT] Node: 'bluebudy'
    |  |     |  |  |  \-[IDENT] Node: 'SCQ'
    |  |     |  |  \-[IDENT] Node: 'domain'
    |  |     |  \-[IDENT] Node: 'Notificacao'
    |  |     \-[ALIAS] Node: 'generatedAlias0'
    |  \-[SELECT] Node: 'select'
    |     \-[IDENT] Node: 'generatedAlias0'
    \-[WHERE] Node: 'where'
       \-[AND] Node: 'and'
          +-[EQ] Node: '='
          |  +-[DOT] Node: '.'
          |  |  +-[IDENT] Node: 'generatedAlias0'
          |  |  \-[IDENT] Node: 'refId'
          |  \-[COLON] Node: ':'
          |     \-[IDENT] Node: 'param0'
          \-[EQ] Node: '='
             +-[DOT] Node: '.'
             |  +-[IDENT] Node: 'generatedAlias0'
             |  \-[IDENT] Node: 'status'
             \-[COLON] Node: ':'
                \-[IDENT] Node: 'param1'

[2021-08-02 23:31:47] - select << begin [level=1, statement=select]
[2021-08-02 23:31:47] - FromClause{level=1} : com.bluebudy.SCQ.domain.Notificacao (generatedAlias0) -> notificaca0_
[2021-08-02 23:31:47] - Resolved : generatedAlias0 -> notificaca0_.id
[2021-08-02 23:31:47] - Resolved : generatedAlias0 -> notificaca0_.id
[2021-08-02 23:31:47] - getDataType() : refId -> org.hibernate.type.LongType@13f1e97b
[2021-08-02 23:31:47] - Resolved : generatedAlias0.refId -> notificaca0_.ref_id
[2021-08-02 23:31:47] - Resolved : generatedAlias0 -> notificaca0_.id
[2021-08-02 23:31:47] - getDataType() : status -> org.hibernate.type.CustomType@5574dbd5
[2021-08-02 23:31:47] - Resolved : generatedAlias0.status -> notificaca0_.status
[2021-08-02 23:31:47] - select : finishing up [level=1, statement=select]
[2021-08-02 23:31:47] - processQuery() :  ( SELECT ( {select clause} notificaca0_.id ) ( FromClause{level=1} notificacao notificaca0_ ) ( where ( and ( = ( notificaca0_.ref_id notificaca0_.id refId ) ? ) ( = ( notificaca0_.status notificaca0_.id status ) ? ) ) ) )
[2021-08-02 23:31:47] - Tables referenced from query nodes:
 \-QueryNode
    +-SelectClause
    | referencedTables(entity Notificacao): [notificacao]
    |  +-IdentNode
    |  | persister: SingleTableEntityPersister(com.bluebudy.SCQ.domain.Notificacao)
    |  | referencedTables: null
    |  | originalText: generatedAlias0
    |  \-SqlFragment
    +-FromClause
    |  \-FromElement
    \-SqlNode
       \-SqlNode
          +-BinaryLogicOperatorNode
          |  +-DotNode
          |  | persister: SingleTableEntityPersister(com.bluebudy.SCQ.domain.Notificacao)
          |  | referencedTables: [notificacao]
          |  | path: generatedAlias0.refId
          |  | originalPropertyName: refId
          |  |  +-IdentNode
          |  |  | persister: SingleTableEntityPersister(com.bluebudy.SCQ.domain.Notificacao)
          |  |  | referencedTables: null
          |  |  | originalText: generatedAlias0
          |  |  \-IdentNode
          |  |    persister: null
          |  |    referencedTables: null
          |  |    originalText: refId
          |  \-ParameterNode
          \-BinaryLogicOperatorNode
             +-DotNode
             | persister: SingleTableEntityPersister(com.bluebudy.SCQ.domain.Notificacao)
             | referencedTables: [notificacao]
             | path: generatedAlias0.status
             | originalPropertyName: status
             |  +-IdentNode
             |  | persister: SingleTableEntityPersister(com.bluebudy.SCQ.domain.Notificacao)
             |  | referencedTables: null
             |  | originalText: generatedAlias0
             |  \-IdentNode
             |    persister: null
             |    referencedTables: null
             |    originalText: status
             \-ParameterNode

[2021-08-02 23:31:47] - Using FROM fragment [notificacao notificaca0_]
[2021-08-02 23:31:47] - select >> end [level=1, statement=select]
[2021-08-02 23:31:47] - --- SQL AST ---
 \-[SELECT] QueryNode: 'SELECT'  querySpaces (notificacao)
    +-[SELECT_CLAUSE] SelectClause: '{select clause}'
    |  +-[ALIAS_REF] IdentNode: 'notificaca0_.id as id1_7_' {alias=generatedAlias0, className=com.bluebudy.SCQ.domain.Notificacao, tableAlias=notificaca0_}
    |  \-[SQL_TOKEN] SqlFragment: 'notificaca0_.messagem as messagem2_7_, notificaca0_.ref_id as ref_id3_7_, notificaca0_.status as status4_7_, notificaca0_.tipo_notificacao as tipo_not5_7_'
    +-[FROM] FromClause: 'from' FromClause{level=1, fromElementCounter=1, fromElements=1, fromElementByClassAlias=[generatedAlias0], fromElementByTableAlias=[notificaca0_], fromElementsByPath=[], collectionJoinFromElementsByPath=[], impliedElements=[]}
    |  \-[FROM_FRAGMENT] FromElement: 'notificacao notificaca0_' FromElement{explicit,not a collection join,not a fetch join,fetch non-lazy properties,classAlias=generatedAlias0,role=null,tableName=notificacao,tableAlias=notificaca0_,origin=null,columns={,className=com.bluebudy.SCQ.domain.Notificacao}}
    \-[WHERE] SqlNode: 'where'
       \-[AND] SqlNode: 'and'
          +-[EQ] BinaryLogicOperatorNode: '='
          |  +-[DOT] DotNode: 'notificaca0_.ref_id' {propertyName=refId,dereferenceType=PRIMITIVE,getPropertyPath=refId,path=generatedAlias0.refId,tableAlias=notificaca0_,className=com.bluebudy.SCQ.domain.Notificacao,classAlias=generatedAlias0}
          |  |  +-[ALIAS_REF] IdentNode: 'notificaca0_.id' {alias=generatedAlias0, className=com.bluebudy.SCQ.domain.Notificacao, tableAlias=notificaca0_}
          |  |  \-[IDENT] IdentNode: 'refId' {originalText=refId}
          |  \-[NAMED_PARAM] ParameterNode: '?' {name=param0, expectedType=org.hibernate.type.LongType@13f1e97b}
          \-[EQ] BinaryLogicOperatorNode: '='
             +-[DOT] DotNode: 'notificaca0_.status' {propertyName=status,dereferenceType=PRIMITIVE,getPropertyPath=status,path=generatedAlias0.status,tableAlias=notificaca0_,className=com.bluebudy.SCQ.domain.Notificacao,classAlias=generatedAlias0}
             |  +-[ALIAS_REF] IdentNode: 'notificaca0_.id' {alias=generatedAlias0, className=com.bluebudy.SCQ.domain.Notificacao, tableAlias=notificaca0_}
             |  \-[IDENT] IdentNode: 'status' {originalText=status}
             \-[NAMED_PARAM] ParameterNode: '?' {name=param1, expectedType=org.hibernate.type.CustomType@5574dbd5}

[2021-08-02 23:31:47] - throwQueryException() : no errors
[2021-08-02 23:31:47] - HQL: select generatedAlias0 from com.bluebudy.SCQ.domain.Notificacao as generatedAlias0 where ( generatedAlias0.refId=:param0 ) and ( generatedAlias0.status=:param1 )
[2021-08-02 23:31:47] - SQL: select notificaca0_.id as id1_7_, notificaca0_.messagem as messagem2_7_, notificaca0_.ref_id as ref_id3_7_, notificaca0_.status as status4_7_, notificaca0_.tipo_notificacao as tipo_not5_7_ from notificacao notificaca0_ where notificaca0_.ref_id=? and notificaca0_.status=?
[2021-08-02 23:31:47] - throwQueryException() : no errors
[2021-08-02 23:31:47] - select notificaca0_.id as id1_7_, notificaca0_.messagem as messagem2_7_, notificaca0_.ref_id as ref_id3_7_, notificaca0_.status as status4_7_, notificaca0_.tipo_notificacao as tipo_not5_7_ from notificacao notificaca0_ where notificaca0_.ref_id=? and notificaca0_.status=?
[2021-08-02 23:31:47] - Result set row: 0
[2021-08-02 23:31:47] - Result row: EntityKey[com.bluebudy.SCQ.domain.Notificacao#82]
[2021-08-02 23:31:47] - Resolving attributes for [com.bluebudy.SCQ.domain.Notificacao#82]
[2021-08-02 23:31:47] - Processing attribute `messagem` : value = Analise: Relação  etapa Zinco Ácido processo Zinco Ácido - L3 tanque 27 esta atrasado 
[2021-08-02 23:31:47] - Attribute (`messagem`)  - enhanced for lazy-loading? - false
[2021-08-02 23:31:47] - Processing attribute `refId` : value = 46
[2021-08-02 23:31:47] - Attribute (`refId`)  - enhanced for lazy-loading? - false
[2021-08-02 23:31:47] - Processing attribute `status` : value = AGUARDANDO
[2021-08-02 23:31:47] - Attribute (`status`)  - enhanced for lazy-loading? - false
[2021-08-02 23:31:47] - Processing attribute `tipoNotificacao` : value = Analise
[2021-08-02 23:31:47] - Attribute (`tipoNotificacao`)  - enhanced for lazy-loading? - false
[2021-08-02 23:31:47] - Done materializing entity [com.bluebudy.SCQ.domain.Notificacao#82]
[2021-08-02 23:31:47] - Adding transactional method 'save' with attribute: PROPAGATION_REQUIRED,ISOLATION_DEFAULT
[2021-08-02 23:31:47] - Found thread-bound EntityManager [SessionImpl(1682416792<open>)] for JPA transaction
[2021-08-02 23:31:47] - Creating new transaction with name [org.springframework.data.jpa.repository.support.SimpleJpaRepository.save]: PROPAGATION_REQUIRED,ISOLATION_DEFAULT
[2021-08-02 23:31:47] - begin
[2021-08-02 23:31:47] - Exposing JPA transaction as JDBC [org.springframework.orm.jpa.vendor.HibernateJpaDialect$HibernateConnectionHandle@3d905501]
[2021-08-02 23:31:47] - Not strongly caching class [com.bluebudy.SCQ.domain.Notificacao] because it is not cache-safe
[2021-08-02 23:31:47] - Initiating transaction commit
[2021-08-02 23:31:47] - Committing JPA transaction on EntityManager [SessionImpl(1682416792<open>)]
[2021-08-02 23:31:47] - committing
[2021-08-02 23:31:47] - Processing flush-time cascades
[2021-08-02 23:31:47] - Dirty checking collections
[2021-08-02 23:31:47] - Collection found: [com.bluebudy.SCQ.domain.Etapa.montagem#8], was: [com.bluebudy.SCQ.domain.Etapa.montagem#8] (initialized)
[2021-08-02 23:31:47] - Collection found: [com.bluebudy.SCQ.domain.Etapa.parametros#8], was: [com.bluebudy.SCQ.domain.Etapa.parametros#8] (uninitialized)
[2021-08-02 23:31:47] - Collection found: [com.bluebudy.SCQ.domain.Etapa.trocas#8], was: [com.bluebudy.SCQ.domain.Etapa.trocas#8] (uninitialized)
[2021-08-02 23:31:47] - Collection found: [com.bluebudy.SCQ.domain.Processo.etapas#1], was: [com.bluebudy.SCQ.domain.Processo.etapas#1] (uninitialized)
[2021-08-02 23:31:47] - Collection found: [com.bluebudy.SCQ.domain.Processo.tarefas#1], was: [com.bluebudy.SCQ.domain.Processo.tarefas#1] (uninitialized)
[2021-08-02 23:31:47] - Collection found: [com.bluebudy.SCQ.domain.MateriaPrima.adicao#11], was: [com.bluebudy.SCQ.domain.MateriaPrima.adicao#11] (uninitialized)
[2021-08-02 23:31:47] - Collection found: [com.bluebudy.SCQ.domain.MateriaPrima.adicao#12], was: [com.bluebudy.SCQ.domain.MateriaPrima.adicao#12] (uninitialized)
