[2021-08-02 23:28:07] - Creating shared instance of singleton bean 'beanNameViewResolver'
[2021-08-02 23:28:07] - Creating shared instance of singleton bean 'org.springframework.boot.autoconfigure.web.servlet.error.ErrorMvcAutoConfiguration$DefaultErrorViewResolverConfiguration'
[2021-08-02 23:28:07] - Autowiring by type from bean name 'org.springframework.boot.autoconfigure.web.servlet.error.ErrorMvcAutoConfiguration$DefaultErrorViewResolverConfiguration' via constructor to bean named 'org.springframework.boot.web.servlet.context.AnnotationConfigServletWebServerApplicationContext@7521c676'
[2021-08-02 23:28:07] - Autowiring by type from bean name 'org.springframework.boot.autoconfigure.web.servlet.error.ErrorMvcAutoConfiguration$DefaultErrorViewResolverConfiguration' via constructor to bean named 'spring.resources-org.springframework.boot.autoconfigure.web.ResourceProperties'
[2021-08-02 23:28:07] - Creating shared instance of singleton bean 'conventionErrorViewResolver'
[2021-08-02 23:28:07] - Creating shared instance of singleton bean 'errorAttributes'
[2021-08-02 23:28:07] - Creating shared instance of singleton bean 'basicErrorController'
[2021-08-02 23:28:07] - Autowiring by type from bean name 'basicErrorController' via factory method to bean named 'errorAttributes'
[2021-08-02 23:28:07] - Creating shared instance of singleton bean 'requestMappingHandlerAdapter'
[2021-08-02 23:28:07] - Creating shared instance of singleton bean 'mvcConversionService'
[2021-08-02 23:28:07] - Autowiring by type from bean name 'requestMappingHandlerAdapter' via factory method to bean named 'mvcContentNegotiationManager'
[2021-08-02 23:28:07] - Autowiring by type from bean name 'requestMappingHandlerAdapter' via factory method to bean named 'mvcConversionService'
[2021-08-02 23:28:07] - Autowiring by type from bean name 'requestMappingHandlerAdapter' via factory method to bean named 'mvcValidator'
[2021-08-02 23:28:07] - Autowiring by type from bean name 'requestMappingHandlerAdapter' via factory method to bean named 'mvcContentNegotiationManager'
[2021-08-02 23:28:07] - Autowiring by type from bean name 'requestMappingHandlerAdapter' via factory method to bean named 'mvcConversionService'
[2021-08-02 23:28:07] - Autowiring by type from bean name 'requestMappingHandlerAdapter' via factory method to bean named 'mvcValidator'
[2021-08-02 23:28:07] - Creating shared instance of singleton bean 'messageConverters'
[2021-08-02 23:28:07] - Creating shared instance of singleton bean 'org.springframework.boot.autoconfigure.http.HttpMessageConvertersAutoConfiguration'
[2021-08-02 23:28:07] - Creating shared instance of singleton bean 'stringHttpMessageConverter'
[2021-08-02 23:28:07] - Creating shared instance of singleton bean 'org.springframework.boot.autoconfigure.http.HttpMessageConvertersAutoConfiguration$StringHttpMessageConverterConfiguration'
[2021-08-02 23:28:07] - Autowiring by type from bean name 'stringHttpMessageConverter' via factory method to bean named 'spring.http-org.springframework.boot.autoconfigure.http.HttpProperties'
[2021-08-02 23:28:07] - Creating shared instance of singleton bean 'mappingJackson2HttpMessageConverter'
[2021-08-02 23:28:07] - Creating shared instance of singleton bean 'org.springframework.boot.autoconfigure.http.JacksonHttpMessageConvertersConfiguration$MappingJackson2HttpMessageConverterConfiguration'
[2021-08-02 23:28:07] - Autowiring by type from bean name 'mappingJackson2HttpMessageConverter' via factory method to bean named 'jacksonObjectMapper'
[2021-08-02 23:28:07] - Creating shared instance of singleton bean 'jacksonHttpMessageConverter'
[2021-08-02 23:28:07] - Creating shared instance of singleton bean 'halJacksonHttpMessageConverter'
[2021-08-02 23:28:07] - Creating shared instance of singleton bean 'uriListHttpMessageConverter'
[2021-08-02 23:28:07] - Creating shared instance of singleton bean 'alpsJsonHttpMessageConverter'
[2021-08-02 23:28:07] - Creating shared instance of singleton bean 'alpsConverter'
[2021-08-02 23:28:07] - Creating shared instance of singleton bean 'pagedResourcesAssemblerArgumentResolver'
[2021-08-02 23:28:07] - ControllerAdvice beans: 0 @ModelAttribute, 0 @InitBinder, 1 RequestBodyAdvice, 1 ResponseBodyAdvice
[2021-08-02 23:28:08] - Creating shared instance of singleton bean 'requestMappingHandlerMapping'
[2021-08-02 23:28:08] - Creating shared instance of singleton bean 'mvcResourceUrlProvider'
[2021-08-02 23:28:08] - Autowiring by type from bean name 'requestMappingHandlerMapping' via factory method to bean named 'mvcContentNegotiationManager'
[2021-08-02 23:28:08] - Autowiring by type from bean name 'requestMappingHandlerMapping' via factory method to bean named 'mvcConversionService'
[2021-08-02 23:28:08] - Autowiring by type from bean name 'requestMappingHandlerMapping' via factory method to bean named 'mvcResourceUrlProvider'
[2021-08-02 23:28:08] - Autowiring by type from bean name 'requestMappingHandlerMapping' via factory method to bean named 'mvcContentNegotiationManager'
[2021-08-02 23:28:08] - Autowiring by type from bean name 'requestMappingHandlerMapping' via factory method to bean named 'mvcConversionService'
[2021-08-02 23:28:08] - Autowiring by type from bean name 'requestMappingHandlerMapping' via factory method to bean named 'mvcResourceUrlProvider'
[2021-08-02 23:28:08] - 92 mappings in 'requestMappingHandlerMapping'
[2021-08-02 23:28:08] - Creating shared instance of singleton bean 'welcomePageHandlerMapping'
[2021-08-02 23:28:08] - Autowiring by type from bean name 'welcomePageHandlerMapping' via factory method to bean named 'org.springframework.boot.web.servlet.context.AnnotationConfigServletWebServerApplicationContext@7521c676'
[2021-08-02 23:28:08] - Autowiring by type from bean name 'welcomePageHandlerMapping' via factory method to bean named 'mvcConversionService'
[2021-08-02 23:28:08] - Autowiring by type from bean name 'welcomePageHandlerMapping' via factory method to bean named 'mvcResourceUrlProvider'
[2021-08-02 23:28:08] - Found key 'spring.template.provider.cache' in PropertySource 'configurationProperties' with value of type String
[2021-08-02 23:28:08] - Creating shared instance of singleton bean 'mvcPathMatcher'
[2021-08-02 23:28:08] - Creating shared instance of singleton bean 'mvcUrlPathHelper'
[2021-08-02 23:28:08] - Creating shared instance of singleton bean 'viewControllerHandlerMapping'
[2021-08-02 23:28:08] - Autowiring by type from bean name 'viewControllerHandlerMapping' via factory method to bean named 'mvcPathMatcher'
[2021-08-02 23:28:08] - Autowiring by type from bean name 'viewControllerHandlerMapping' via factory method to bean named 'mvcUrlPathHelper'
[2021-08-02 23:28:08] - Autowiring by type from bean name 'viewControllerHandlerMapping' via factory method to bean named 'mvcConversionService'
[2021-08-02 23:28:08] - Autowiring by type from bean name 'viewControllerHandlerMapping' via factory method to bean named 'mvcResourceUrlProvider'
[2021-08-02 23:28:08] - Creating shared instance of singleton bean 'beanNameHandlerMapping'
[2021-08-02 23:28:08] - Autowiring by type from bean name 'beanNameHandlerMapping' via factory method to bean named 'mvcConversionService'
[2021-08-02 23:28:08] - Autowiring by type from bean name 'beanNameHandlerMapping' via factory method to bean named 'mvcResourceUrlProvider'
[2021-08-02 23:28:08] - Creating shared instance of singleton bean 'routerFunctionMapping'
[2021-08-02 23:28:08] - Autowiring by type from bean name 'routerFunctionMapping' via factory method to bean named 'mvcConversionService'
[2021-08-02 23:28:08] - Autowiring by type from bean name 'routerFunctionMapping' via factory method to bean named 'mvcResourceUrlProvider'
[2021-08-02 23:28:08] - Creating shared instance of singleton bean 'resourceHandlerMapping'
[2021-08-02 23:28:08] - Autowiring by type from bean name 'resourceHandlerMapping' via factory method to bean named 'mvcUrlPathHelper'
[2021-08-02 23:28:08] - Autowiring by type from bean name 'resourceHandlerMapping' via factory method to bean named 'mvcPathMatcher'
[2021-08-02 23:28:08] - Autowiring by type from bean name 'resourceHandlerMapping' via factory method to bean named 'mvcContentNegotiationManager'
[2021-08-02 23:28:08] - Autowiring by type from bean name 'resourceHandlerMapping' via factory method to bean named 'mvcConversionService'
[2021-08-02 23:28:08] - Autowiring by type from bean name 'resourceHandlerMapping' via factory method to bean named 'mvcResourceUrlProvider'
[2021-08-02 23:28:10] - Patterns [/webjars/**, /**] in 'resourceHandlerMapping'
[2021-08-02 23:28:10] - Creating shared instance of singleton bean 'defaultServletHandlerMapping'
[2021-08-02 23:28:10] - Creating shared instance of singleton bean 'handlerFunctionAdapter'
[2021-08-02 23:28:10] - Creating shared instance of singleton bean 'mvcUriComponentsContributor'
[2021-08-02 23:28:10] - Autowiring by type from bean name 'mvcUriComponentsContributor' via factory method to bean named 'mvcConversionService'
[2021-08-02 23:28:10] - Autowiring by type from bean name 'mvcUriComponentsContributor' via factory method to bean named 'requestMappingHandlerAdapter'
[2021-08-02 23:28:10] - Creating shared instance of singleton bean 'httpRequestHandlerAdapter'
[2021-08-02 23:28:10] - Creating shared instance of singleton bean 'simpleControllerHandlerAdapter'
[2021-08-02 23:28:10] - Creating shared instance of singleton bean 'handlerExceptionResolver'
[2021-08-02 23:28:10] - Autowiring by type from bean name 'handlerExceptionResolver' via factory method to bean named 'mvcContentNegotiationManager'
[2021-08-02 23:28:10] - ControllerAdvice beans: 2 @ExceptionHandler, 1 ResponseBodyAdvice
[2021-08-02 23:28:10] - Creating shared instance of singleton bean 'baseUri'
[2021-08-02 23:28:10] - Creating shared instance of singleton bean 'serverHttpRequestMethodArgumentResolver'
[2021-08-02 23:28:10] - Creating shared instance of singleton bean 'repoRequestArgumentResolver'
[2021-08-02 23:28:10] - Creating shared instance of singleton bean 'resourceMetadataHandlerMethodArgumentResolver'
[2021-08-02 23:28:10] - Creating shared instance of singleton bean 'persistentEntityArgumentResolver'
[2021-08-02 23:28:10] - Creating shared instance of singleton bean 'defaultMessageConverters'
[2021-08-02 23:28:10] - Creating shared instance of singleton bean 'backendIdHandlerMethodArgumentResolver'
[2021-08-02 23:28:10] - Creating shared instance of singleton bean 'eTagArgumentResolver'
[2021-08-02 23:28:10] - Creating shared instance of singleton bean 'mvcViewResolver'
[2021-08-02 23:28:10] - Autowiring by type from bean name 'mvcViewResolver' via factory method to bean named 'mvcContentNegotiationManager'
[2021-08-02 23:28:10] - Creating shared instance of singleton bean 'defaultViewResolver'
[2021-08-02 23:28:10] - Creating shared instance of singleton bean 'viewResolver'
[2021-08-02 23:28:10] - Autowiring by type from bean name 'viewResolver' via factory method to bean named 'org.springframework.beans.factory.support.DefaultListableBeanFactory@7d44e63e'
[2021-08-02 23:28:10] - Creating shared instance of singleton bean 'org.springframework.boot.autoconfigure.transaction.jta.JtaAutoConfiguration'
[2021-08-02 23:28:10] - Creating shared instance of singleton bean 'org.springframework.boot.autoconfigure.jdbc.DataSourceJmxConfiguration$Hikari'
[2021-08-02 23:28:10] - Autowiring by type from bean name 'org.springframework.boot.autoconfigure.jdbc.DataSourceJmxConfiguration$Hikari' via constructor to bean named 'dataSource'
[2021-08-02 23:28:10] - Creating shared instance of singleton bean 'org.springframework.boot.autoconfigure.jdbc.DataSourceJmxConfiguration'
[2021-08-02 23:28:10] - Creating shared instance of singleton bean 'org.springframework.boot.autoconfigure.jdbc.DataSourceAutoConfiguration$PooledDataSourceConfiguration'
[2021-08-02 23:28:10] - Creating shared instance of singleton bean 'org.springframework.boot.autoconfigure.jdbc.metadata.DataSourcePoolMetadataProvidersConfiguration'
[2021-08-02 23:28:10] - Creating shared instance of singleton bean 'org.springframework.boot.autoconfigure.jdbc.DataSourceInitializationConfiguration'
[2021-08-02 23:28:10] - Creating shared instance of singleton bean 'org.springframework.boot.autoconfigure.jdbc.DataSourceAutoConfiguration'
[2021-08-02 23:28:10] - Creating shared instance of singleton bean 'transactionManager'
[2021-08-02 23:28:10] - Creating shared instance of singleton bean 'platformTransactionManagerCustomizers'
[2021-08-02 23:28:10] - Creating shared instance of singleton bean 'org.springframework.boot.autoconfigure.transaction.TransactionAutoConfiguration'
[2021-08-02 23:28:10] - Creating shared instance of singleton bean 'spring.transaction-org.springframework.boot.autoconfigure.transaction.TransactionProperties'
[2021-08-02 23:28:10] - Creating shared instance of singleton bean 'org.springframework.boot.autoconfigure.orm.jpa.HibernateJpaAutoConfiguration'
[2021-08-02 23:28:10] - Creating shared instance of singleton bean 'org.springframework.boot.actuate.autoconfigure.web.servlet.ServletManagementContextAutoConfiguration'
[2021-08-02 23:28:10] - Creating shared instance of singleton bean 'servletWebChildContextFactory'
[2021-08-02 23:28:10] - Creating shared instance of singleton bean 'managementServletContext'
[2021-08-02 23:28:10] - Autowiring by type from bean name 'managementServletContext' via factory method to bean named 'management.endpoints.web-org.springframework.boot.actuate.autoconfigure.endpoint.web.WebEndpointProperties'
[2021-08-02 23:28:10] - Creating shared instance of singleton bean 'org.springframework.boot.actuate.autoconfigure.health.LegacyHealthEndpointAdaptersConfiguration'
[2021-08-02 23:28:10] - Creating shared instance of singleton bean 'org.springframework.boot.actuate.autoconfigure.health.LegacyHealthEndpointCompatibilityConfiguration'
[2021-08-02 23:28:10] - Creating shared instance of singleton bean 'healthAggregator'
[2021-08-02 23:28:10] - Autowiring by type from bean name 'healthAggregator' via factory method to bean named 'management.health.status-org.springframework.boot.actuate.autoconfigure.health.HealthIndicatorProperties'
[2021-08-02 23:28:10] - Creating shared instance of singleton bean 'healthStatusHttpMapper'
[2021-08-02 23:28:10] - Autowiring by type from bean name 'healthStatusHttpMapper' via factory method to bean named 'management.health.status-org.springframework.boot.actuate.autoconfigure.health.HealthIndicatorProperties'
[2021-08-02 23:28:10] - Creating shared instance of singleton bean 'healthIndicatorRegistry'
[2021-08-02 23:28:10] - Autowiring by type from bean name 'healthIndicatorRegistry' via factory method to bean named 'healthContributorRegistry'
[2021-08-02 23:28:10] - Creating shared instance of singleton bean 'org.springframework.boot.autoconfigure.info.ProjectInfoAutoConfiguration'
[2021-08-02 23:28:10] - Creating shared instance of singleton bean 'spring.info-org.springframework.boot.autoconfigure.info.ProjectInfoProperties'
[2021-08-02 23:28:10] - Autowiring by type from bean name 'org.springframework.boot.autoconfigure.info.ProjectInfoAutoConfiguration' via constructor to bean named 'spring.info-org.springframework.boot.autoconfigure.info.ProjectInfoProperties'
[2021-08-02 23:28:10] - Creating shared instance of singleton bean 'management.info-org.springframework.boot.actuate.autoconfigure.info.InfoContributorProperties'
[2021-08-02 23:28:10] - Creating shared instance of singleton bean 'org.springframework.boot.actuate.autoconfigure.endpoint.EndpointAutoConfiguration'
[2021-08-02 23:28:10] - Creating shared instance of singleton bean 'endpointOperationParameterMapper'
[2021-08-02 23:28:10] - Creating shared instance of singleton bean 'endpointCachingOperationInvokerAdvisor'
[2021-08-02 23:28:10] - Autowiring by type from bean name 'endpointCachingOperationInvokerAdvisor' via factory method to bean named 'environment'
[2021-08-02 23:28:10] - Creating shared instance of singleton bean 'endpointMediaTypes'
[2021-08-02 23:28:10] - Creating shared instance of singleton bean 'webEndpointDiscoverer'
[2021-08-02 23:28:10] - Autowiring by type from bean name 'webEndpointDiscoverer' via factory method to bean named 'endpointOperationParameterMapper'
[2021-08-02 23:28:10] - Autowiring by type from bean name 'webEndpointDiscoverer' via factory method to bean named 'endpointMediaTypes'
[2021-08-02 23:28:10] - Creating shared instance of singleton bean 'webExposeExcludePropertyEndpointFilter'
[2021-08-02 23:28:10] - Creating shared instance of singleton bean 'controllerEndpointDiscoverer'
[2021-08-02 23:28:10] - Creating shared instance of singleton bean 'controllerExposeExcludePropertyEndpointFilter'
