[2021-08-02 23:31:48] - Attribute (`resultado`)  - enhanced for lazy-loading? - false
[2021-08-02 23:31:48] - Done materializing entity [com.bluebudy.SCQ.domain.Analise#1478]
[2021-08-02 23:31:48] - Resolving attributes for [com.bluebudy.SCQ.domain.Analise#1496]
[2021-08-02 23:31:48] - Processing attribute `analista` : value = beatriz.volpato
[2021-08-02 23:31:48] - Attribute (`analista`)  - enhanced for lazy-loading? - false
[2021-08-02 23:31:48] - Processing attribute `data` : value = 2021-05-20 10:00:49.0
[2021-08-02 23:31:48] - Attribute (`data`)  - enhanced for lazy-loading? - false
[2021-08-02 23:31:48] - Processing attribute `needCorrecao` : value = true
[2021-08-02 23:31:48] - Attribute (`needCorrecao`)  - enhanced for lazy-loading? - false
[2021-08-02 23:31:48] - Processing attribute `ordemDeCorrecao` : value = NOT NULL COLLECTION
[2021-08-02 23:31:48] - Attribute (`ordemDeCorrecao`)  - enhanced for lazy-loading? - false
[2021-08-02 23:31:48] - Processing attribute `parametro` : value = 1
[2021-08-02 23:31:48] - Attribute (`parametro`)  - enhanced for lazy-loading? - false
[2021-08-02 23:31:48] - Preparing collection initializer : [com.bluebudy.SCQ.domain.Etapa.montagem#9]
[2021-08-02 23:31:48] - Processing attribute `resultado` : value = 106.3581
[2021-08-02 23:31:48] - Attribute (`resultado`)  - enhanced for lazy-loading? - false
[2021-08-02 23:31:48] - Found row of collection: [com.bluebudy.SCQ.domain.Etapa.montagem#9]
[2021-08-02 23:31:48] - Done materializing entity [com.bluebudy.SCQ.domain.Analise#1496]
[2021-08-02 23:31:48] - Resolving attributes for [com.bluebudy.SCQ.domain.Analise#1536]
[2021-08-02 23:31:48] - Processing attribute `analista` : value = beatriz.volpato
[2021-08-02 23:31:48] - Attribute (`analista`)  - enhanced for lazy-loading? - false
[2021-08-02 23:31:48] - Resolving attributes for [com.bluebudy.SCQ.domain.MontagemComposition#16]
[2021-08-02 23:31:48] - Processing attribute `etapa` : value = 9
[2021-08-02 23:31:48] - Attribute (`etapa`)  - enhanced for lazy-loading? - false
[2021-08-02 23:31:48] - Processing attribute `materiaPrima` : value = 2
[2021-08-02 23:31:48] - Attribute (`materiaPrima`)  - enhanced for lazy-loading? - false
[2021-08-02 23:31:48] - Processing attribute `quantidade` : value = 150.0
[2021-08-02 23:31:48] - Attribute (`quantidade`)  - enhanced for lazy-loading? - false
[2021-08-02 23:31:48] - Done materializing entity [com.bluebudy.SCQ.domain.MontagemComposition#16]
[2021-08-02 23:31:48] - Resolving attributes for [com.bluebudy.SCQ.domain.MateriaPrima#2]
[2021-08-02 23:31:48] - Processing attribute `adicao` : value = NOT NULL COLLECTION
[2021-08-02 23:31:48] - Attribute (`adicao`)  - enhanced for lazy-loading? - false
[2021-08-02 23:31:48] - Processing attribute `fatorTitulometrico` : value = 1.0
[2021-08-02 23:31:48] - Attribute (`fatorTitulometrico`)  - enhanced for lazy-loading? - false
[2021-08-02 23:31:48] - Processing attribute `fornecedor` : value = Macdermid
[2021-08-02 23:31:48] - Attribute (`fornecedor`)  - enhanced for lazy-loading? - false
[2021-08-02 23:31:48] - Processing attribute `nome` : value = Endox B
[2021-08-02 23:31:48] - Attribute (`nome`)  - enhanced for lazy-loading? - false
[2021-08-02 23:31:48] - Processing attribute `preco` : value = 13.42
[2021-08-02 23:31:48] - Attribute (`preco`)  - enhanced for lazy-loading? - false
[2021-08-02 23:31:48] - Processing attribute `unidade` : value = Kg
[2021-08-02 23:31:48] - Attribute (`unidade`)  - enhanced for lazy-loading? - false
[2021-08-02 23:31:48] - Done materializing entity [com.bluebudy.SCQ.domain.MateriaPrima#2]
[2021-08-02 23:31:48] - Processing attribute `data` : value = 2021-05-24 12:43:24.898
[2021-08-02 23:31:48] - Attribute (`data`)  - enhanced for lazy-loading? - false
[2021-08-02 23:31:48] - Processing attribute `needCorrecao` : value = true
[2021-08-02 23:31:48] - Attribute (`needCorrecao`)  - enhanced for lazy-loading? - false
[2021-08-02 23:31:48] - Processing attribute `ordemDeCorrecao` : value = NOT NULL COLLECTION
[2021-08-02 23:31:48] - Attribute (`ordemDeCorrecao`)  - enhanced for lazy-loading? - false
[2021-08-02 23:31:48] - Processing attribute `parametro` : value = 1
[2021-08-02 23:31:48] - Attribute (`parametro`)  - enhanced for lazy-loading? - false
[2021-08-02 23:31:48] - 1 collections were found in result set for role: com.bluebudy.SCQ.domain.Etapa.montagem
[2021-08-02 23:31:48] - Processing attribute `resultado` : value = 82.1465
[2021-08-02 23:31:48] - Attribute (`resultado`)  - enhanced for lazy-loading? - false
[2021-08-02 23:31:48] - Collection fully initialized: [com.bluebudy.SCQ.domain.Etapa.montagem#9]
[2021-08-02 23:31:48] - 1 collections initialized for role: com.bluebudy.SCQ.domain.Etapa.montagem
[2021-08-02 23:31:48] - Done materializing entity [com.bluebudy.SCQ.domain.Analise#1536]
[2021-08-02 23:31:48] - Resolving attributes for [com.bluebudy.SCQ.domain.Analise#1588]
[2021-08-02 23:31:48] - Processing attribute `analista` : value = beatriz.volpato
[2021-08-02 23:31:48] - Attribute (`analista`)  - enhanced for lazy-loading? - false
[2021-08-02 23:31:48] - Done loading collection
[2021-08-02 23:31:48] - Loading collection: [com.bluebudy.SCQ.domain.Etapa.montagem#8]
[2021-08-02 23:31:48] - select montagem0_.etapa_id as etapa_id3_6_0_, montagem0_.id as id1_6_0_, montagem0_.id as id1_6_1_, montagem0_.etapa_id as etapa_id3_6_1_, montagem0_.materia_prima_id as materia_4_6_1_, montagem0_.quantidade as quantida2_6_1_, materiapri1_.id as id1_5_2_, materiapri1_.fator_titulometrico as fator_ti2_5_2_, materiapri1_.fornecedor as forneced3_5_2_, materiapri1_.nome as nome4_5_2_, materiapri1_.preco as preco5_5_2_, materiapri1_.unidade as unidade6_5_2_ from montagem_composition montagem0_ left outer join materia_prima materiapri1_ on montagem0_.materia_prima_id=materiapri1_.id where montagem0_.etapa_id=?
[2021-08-02 23:31:48] - Preparing collection initializer : [com.bluebudy.SCQ.domain.Etapa.montagem#8]
[2021-08-02 23:31:48] - Found row of collection: [com.bluebudy.SCQ.domain.Etapa.montagem#8]
[2021-08-02 23:31:48] - Found row of collection: [com.bluebudy.SCQ.domain.Etapa.montagem#8]
[2021-08-02 23:31:48] - Resolving attributes for [com.bluebudy.SCQ.domain.MontagemComposition#13]
[2021-08-02 23:31:48] - Processing attribute `etapa` : value = 8
[2021-08-02 23:31:48] - Attribute (`etapa`)  - enhanced for lazy-loading? - false
[2021-08-02 23:31:48] - Processing attribute `materiaPrima` : value = 11
[2021-08-02 23:31:48] - Attribute (`materiaPrima`)  - enhanced for lazy-loading? - false
[2021-08-02 23:31:48] - Processing attribute `quantidade` : value = 6500.0
[2021-08-02 23:31:48] - Attribute (`quantidade`)  - enhanced for lazy-loading? - false
[2021-08-02 23:31:48] - Done materializing entity [com.bluebudy.SCQ.domain.MontagemComposition#13]
[2021-08-02 23:31:48] - Resolving attributes for [com.bluebudy.SCQ.domain.MateriaPrima#11]
[2021-08-02 23:31:48] - Processing attribute `adicao` : value = NOT NULL COLLECTION
[2021-08-02 23:31:48] - Attribute (`adicao`)  - enhanced for lazy-loading? - false
[2021-08-02 23:31:48] - Processing attribute `fatorTitulometrico` : value = 3.546
[2021-08-02 23:31:48] - Attribute (`fatorTitulometrico`)  - enhanced for lazy-loading? - false
[2021-08-02 23:31:48] - Processing attribute `fornecedor` : value = Aksell
[2021-08-02 23:31:48] - Attribute (`fornecedor`)  - enhanced for lazy-loading? - false
[2021-08-02 23:31:48] - Processing attribute `nome` : value = Cloreto de Potassio
[2021-08-02 23:31:48] - Attribute (`nome`)  - enhanced for lazy-loading? - false
[2021-08-02 23:31:48] - Processing attribute `preco` : value = 6.6
[2021-08-02 23:31:48] - Attribute (`preco`)  - enhanced for lazy-loading? - false
[2021-08-02 23:31:48] - Processing attribute `unidade` : value = Kg
[2021-08-02 23:31:48] - Attribute (`unidade`)  - enhanced for lazy-loading? - false
[2021-08-02 23:31:48] - Done materializing entity [com.bluebudy.SCQ.domain.MateriaPrima#11]
[2021-08-02 23:31:48] - Resolving attributes for [com.bluebudy.SCQ.domain.MontagemComposition#14]
[2021-08-02 23:31:48] - Processing attribute `etapa` : value = 8
[2021-08-02 23:31:48] - Attribute (`etapa`)  - enhanced for lazy-loading? - false
[2021-08-02 23:31:48] - Processing attribute `materiaPrima` : value = 12
[2021-08-02 23:31:48] - Attribute (`materiaPrima`)  - enhanced for lazy-loading? - false
[2021-08-02 23:31:48] - Processing attribute `quantidade` : value = 700.0
[2021-08-02 23:31:48] - Attribute (`quantidade`)  - enhanced for lazy-loading? - false
[2021-08-02 23:31:48] - Done materializing entity [com.bluebudy.SCQ.domain.MontagemComposition#14]
[2021-08-02 23:31:48] - Resolving attributes for [com.bluebudy.SCQ.domain.MateriaPrima#12]
[2021-08-02 23:31:48] - Processing attribute `adicao` : value = NOT NULL COLLECTION
[2021-08-02 23:31:48] - Attribute (`adicao`)  - enhanced for lazy-loading? - false
[2021-08-02 23:31:48] - Processing attribute `fatorTitulometrico` : value = 3.092
[2021-08-02 23:31:48] - Attribute (`fatorTitulometrico`)  - enhanced for lazy-loading? - false
[2021-08-02 23:31:48] - Processing attribute `fornecedor` : value = Surtec
[2021-08-02 23:31:48] - Attribute (`fornecedor`)  - enhanced for lazy-loading? - false
[2021-08-02 23:31:48] - Processing attribute `nome` : value = Ácido Bórico
[2021-08-02 23:31:48] - Attribute (`nome`)  - enhanced for lazy-loading? - false
[2021-08-02 23:31:48] - Processing attribute `preco` : value = 14.29
[2021-08-02 23:31:48] - Attribute (`preco`)  - enhanced for lazy-loading? - false
[2021-08-02 23:31:48] - Processing attribute `unidade` : value = Kg
[2021-08-02 23:31:48] - Attribute (`unidade`)  - enhanced for lazy-loading? - false
[2021-08-02 23:31:48] - Done materializing entity [com.bluebudy.SCQ.domain.MateriaPrima#12]
[2021-08-02 23:31:48] - 1 collections were found in result set for role: com.bluebudy.SCQ.domain.Etapa.montagem
[2021-08-02 23:31:48] - Collection fully initialized: [com.bluebudy.SCQ.domain.Etapa.montagem#8]
[2021-08-02 23:31:48] - 1 collections initialized for role: com.bluebudy.SCQ.domain.Etapa.montagem
[2021-08-02 23:31:48] - Done loading collection
[2021-08-02 23:31:48] - Loading collection: [com.bluebudy.SCQ.domain.Etapa.montagem#3]
[2021-08-02 23:31:48] - select montagem0_.etapa_id as etapa_id3_6_0_, montagem0_.id as id1_6_0_, montagem0_.id as id1_6_1_, montagem0_.etapa_id as etapa_id3_6_1_, montagem0_.materia_prima_id as materia_4_6_1_, montagem0_.quantidade as quantida2_6_1_, materiapri1_.id as id1_5_2_, materiapri1_.fator_titulometrico as fator_ti2_5_2_, materiapri1_.fornecedor as forneced3_5_2_, materiapri1_.nome as nome4_5_2_, materiapri1_.preco as preco5_5_2_, materiapri1_.unidade as unidade6_5_2_ from montagem_composition montagem0_ left outer join materia_prima materiapri1_ on montagem0_.materia_prima_id=materiapri1_.id where montagem0_.etapa_id=?
[2021-08-02 23:31:48] - Preparing collection initializer : [com.bluebudy.SCQ.domain.Etapa.montagem#3]
[2021-08-02 23:31:48] - Found row of collection: [com.bluebudy.SCQ.domain.Etapa.montagem#3]
[2021-08-02 23:31:48] - Processing attribute `data` : value = 2021-05-25 10:17:48.0
[2021-08-02 23:31:48] - Attribute (`data`)  - enhanced for lazy-loading? - false
[2021-08-02 23:31:48] - Processing attribute `needCorrecao` : value = true
[2021-08-02 23:31:48] - Attribute (`needCorrecao`)  - enhanced for lazy-loading? - false
[2021-08-02 23:31:48] - Processing attribute `ordemDeCorrecao` : value = NOT NULL COLLECTION
[2021-08-02 23:31:48] - Attribute (`ordemDeCorrecao`)  - enhanced for lazy-loading? - false
[2021-08-02 23:31:48] - Processing attribute `parametro` : value = 1
[2021-08-02 23:31:48] - Attribute (`parametro`)  - enhanced for lazy-loading? - false
[2021-08-02 23:31:48] - Processing attribute `resultado` : value = 91.6582
[2021-08-02 23:31:48] - Attribute (`resultado`)  - enhanced for lazy-loading? - false
[2021-08-02 23:31:48] - Done materializing entity [com.bluebudy.SCQ.domain.Analise#1588]
[2021-08-02 23:31:48] - Resolving attributes for [com.bluebudy.SCQ.domain.Analise#1589]
[2021-08-02 23:31:48] - Processing attribute `analista` : value = beatriz.volpato
[2021-08-02 23:31:48] - Attribute (`analista`)  - enhanced for lazy-loading? - false
[2021-08-02 23:31:48] - Processing attribute `data` : value = 2021-05-26 10:18:08.0
[2021-08-02 23:31:48] - Attribute (`data`)  - enhanced for lazy-loading? - false
[2021-08-02 23:31:48] - Processing attribute `needCorrecao` : value = true
[2021-08-02 23:31:48] - Attribute (`needCorrecao`)  - enhanced for lazy-loading? - false
[2021-08-02 23:31:48] - Processing attribute `ordemDeCorrecao` : value = NOT NULL COLLECTION
[2021-08-02 23:31:48] - Attribute (`ordemDeCorrecao`)  - enhanced for lazy-loading? - false
[2021-08-02 23:31:48] - Processing attribute `parametro` : value = 1
[2021-08-02 23:31:48] - Attribute (`parametro`)  - enhanced for lazy-loading? - false
[2021-08-02 23:31:48] - Processing attribute `resultado` : value = 87.3347
[2021-08-02 23:31:48] - Attribute (`resultado`)  - enhanced for lazy-loading? - false
[2021-08-02 23:31:48] - Done materializing entity [com.bluebudy.SCQ.domain.Analise#1589]
[2021-08-02 23:31:48] - Resolving attributes for [com.bluebudy.SCQ.domain.Analise#1590]
[2021-08-02 23:31:48] - Processing attribute `analista` : value = beatriz.volpato
[2021-08-02 23:31:48] - Attribute (`analista`)  - enhanced for lazy-loading? - false
[2021-08-02 23:31:48] - Processing attribute `data` : value = 2021-05-27 10:18:28.0
[2021-08-02 23:31:48] - Attribute (`data`)  - enhanced for lazy-loading? - false
[2021-08-02 23:31:48] - Processing attribute `needCorrecao` : value = true
[2021-08-02 23:31:48] - Attribute (`needCorrecao`)  - enhanced for lazy-loading? - false
[2021-08-02 23:31:48] - Processing attribute `ordemDeCorrecao` : value = NOT NULL COLLECTION
[2021-08-02 23:31:48] - Attribute (`ordemDeCorrecao`)  - enhanced for lazy-loading? - false
[2021-08-02 23:31:48] - Processing attribute `parametro` : value = 1
[2021-08-02 23:31:48] - Resolving attributes for [com.bluebudy.SCQ.domain.MontagemComposition#5]
[2021-08-02 23:31:48] - Attribute (`parametro`)  - enhanced for lazy-loading? - false
[2021-08-02 23:31:48] - Processing attribute `resultado` : value = 79.5524
[2021-08-02 23:31:48] - Attribute (`resultado`)  - enhanced for lazy-loading? - false
[2021-08-02 23:31:48] - Processing attribute `etapa` : value = 3
[2021-08-02 23:31:48] - Attribute (`etapa`)  - enhanced for lazy-loading? - false
[2021-08-02 23:31:48] - Done materializing entity [com.bluebudy.SCQ.domain.Analise#1590]
[2021-08-02 23:31:48] - Processing attribute `materiaPrima` : value = 5
[2021-08-02 23:31:48] - Attribute (`materiaPrima`)  - enhanced for lazy-loading? - false
[2021-08-02 23:31:48] - Processing attribute `quantidade` : value = 250.0
[2021-08-02 23:31:48] - Attribute (`quantidade`)  - enhanced for lazy-loading? - false
[2021-08-02 23:31:48] - Done materializing entity [com.bluebudy.SCQ.domain.MontagemComposition#5]
[2021-08-02 23:31:48] - Resolving attributes for [com.bluebudy.SCQ.domain.MateriaPrima#5]
[2021-08-02 23:31:48] - Processing attribute `adicao` : value = NOT NULL COLLECTION
[2021-08-02 23:31:48] - Attribute (`adicao`)  - enhanced for lazy-loading? - false
[2021-08-02 23:31:48] - Processing attribute `fatorTitulometrico` : value = 1.0
[2021-08-02 23:31:48] - Attribute (`fatorTitulometrico`)  - enhanced for lazy-loading? - false
[2021-08-02 23:31:48] - Processing attribute `fornecedor` : value = Atotech
[2021-08-02 23:31:48] - Attribute (`fornecedor`)  - enhanced for lazy-loading? - false
[2021-08-02 23:31:48] - Processing attribute `nome` : value = Sealer 300W 2.0
[2021-08-02 23:31:48] - Attribute (`nome`)  - enhanced for lazy-loading? - false
[2021-08-02 23:31:48] - Processing attribute `preco` : value = 111.71
[2021-08-02 23:31:48] - Attribute (`preco`)  - enhanced for lazy-loading? - false
[2021-08-02 23:31:48] - Processing attribute `unidade` : value = Kg
[2021-08-02 23:31:48] - Attribute (`unidade`)  - enhanced for lazy-loading? - false
[2021-08-02 23:31:48] - Done materializing entity [com.bluebudy.SCQ.domain.MateriaPrima#5]
[2021-08-02 23:31:48] - Resolving attributes for [com.bluebudy.SCQ.domain.Analise#1591]
[2021-08-02 23:31:48] - 1 collections were found in result set for role: com.bluebudy.SCQ.domain.Etapa.montagem
[2021-08-02 23:31:48] - Processing attribute `analista` : value = beatriz.volpato
[2021-08-02 23:31:48] - Attribute (`analista`)  - enhanced for lazy-loading? - false
[2021-08-02 23:31:48] - Processing attribute `data` : value = 2021-05-28 10:18:49.0
[2021-08-02 23:31:48] - Attribute (`data`)  - enhanced for lazy-loading? - false
[2021-08-02 23:31:48] - Processing attribute `needCorrecao` : value = true
[2021-08-02 23:31:48] - Collection fully initialized: [com.bluebudy.SCQ.domain.Etapa.montagem#3]
[2021-08-02 23:31:48] - Attribute (`needCorrecao`)  - enhanced for lazy-loading? - false
[2021-08-02 23:31:48] - 1 collections initialized for role: com.bluebudy.SCQ.domain.Etapa.montagem
[2021-08-02 23:31:48] - Processing attribute `ordemDeCorrecao` : value = NOT NULL COLLECTION
[2021-08-02 23:31:48] - Attribute (`ordemDeCorrecao`)  - enhanced for lazy-loading? - false
[2021-08-02 23:31:48] - Processing attribute `parametro` : value = 1
[2021-08-02 23:31:48] - Attribute (`parametro`)  - enhanced for lazy-loading? - false
[2021-08-02 23:31:48] - Processing attribute `resultado` : value = 76.9583
[2021-08-02 23:31:48] - Attribute (`resultado`)  - enhanced for lazy-loading? - false
[2021-08-02 23:31:48] - Done materializing entity [com.bluebudy.SCQ.domain.Analise#1591]
[2021-08-02 23:31:48] - Resolving attributes for [com.bluebudy.SCQ.domain.Analise#1675]
[2021-08-02 23:31:48] - Processing attribute `analista` : value = beatriz.volpato
[2021-08-02 23:31:48] - Done loading collection
[2021-08-02 23:31:48] - Attribute (`analista`)  - enhanced for lazy-loading? - false
[2021-08-02 23:31:48] - Processing attribute `data` : value = 2021-05-31 16:30:00.0
[2021-08-02 23:31:48] - Attribute (`data`)  - enhanced for lazy-loading? - false
[2021-08-02 23:31:48] - Processing attribute `needCorrecao` : value = true
[2021-08-02 23:31:48] - Attribute (`needCorrecao`)  - enhanced for lazy-loading? - false
[2021-08-02 23:31:48] - Processing attribute `ordemDeCorrecao` : value = NOT NULL COLLECTION
[2021-08-02 23:31:48] - Attribute (`ordemDeCorrecao`)  - enhanced for lazy-loading? - false
[2021-08-02 23:31:48] - Processing attribute `parametro` : value = 1
[2021-08-02 23:31:48] - Attribute (`parametro`)  - enhanced for lazy-loading? - false
[2021-08-02 23:31:48] - Processing attribute `resultado` : value = 70.0407
[2021-08-02 23:31:48] - Attribute (`resultado`)  - enhanced for lazy-loading? - false
[2021-08-02 23:31:48] - Done materializing entity [com.bluebudy.SCQ.domain.Analise#1675]
[2021-08-02 23:31:48] - Resolving attributes for [com.bluebudy.SCQ.domain.Analise#1676]
[2021-08-02 23:31:48] - Processing attribute `analista` : value = 
[2021-08-02 23:31:48] - Attribute (`analista`)  - enhanced for lazy-loading? - false
[2021-08-02 23:31:48] - Processing attribute `data` : value = 2021-06-04 12:06:09.222
[2021-08-02 23:31:48] - Attribute (`data`)  - enhanced for lazy-loading? - false
[2021-08-02 23:31:48] - Processing attribute `needCorrecao` : value = false
[2021-08-02 23:31:48] - Attribute (`needCorrecao`)  - enhanced for lazy-loading? - false
[2021-08-02 23:31:48] - Processing attribute `ordemDeCorrecao` : value = NOT NULL COLLECTION
[2021-08-02 23:31:48] - Attribute (`ordemDeCorrecao`)  - enhanced for lazy-loading? - false
[2021-08-02 23:31:48] - Processing attribute `parametro` : value = 1
[2021-08-02 23:31:48] - Attribute (`parametro`)  - enhanced for lazy-loading? - false
[2021-08-02 23:31:48] - Processing attribute `resultado` : value = 103.764
[2021-08-02 23:31:48] - Attribute (`resultado`)  - enhanced for lazy-loading? - false
[2021-08-02 23:31:48] - Done materializing entity [com.bluebudy.SCQ.domain.Analise#1676]
[2021-08-02 23:31:48] - Resolving attributes for [com.bluebudy.SCQ.domain.Analise#1828]
[2021-08-02 23:31:48] - Processing attribute `analista` : value = melissayasminhable
[2021-08-02 23:31:48] - Attribute (`analista`)  - enhanced for lazy-loading? - false
[2021-08-02 23:31:48] - Processing attribute `data` : value = 2021-06-02 13:13:00.0
[2021-08-02 23:31:48] - Loading collection: [com.bluebudy.SCQ.domain.Etapa.montagem#2]
[2021-08-02 23:31:48] - Attribute (`data`)  - enhanced for lazy-loading? - false
[2021-08-02 23:31:48] - Processing attribute `needCorrecao` : value = true
[2021-08-02 23:31:48] - Attribute (`needCorrecao`)  - enhanced for lazy-loading? - false
[2021-08-02 23:31:48] - Processing attribute `ordemDeCorrecao` : value = NOT NULL COLLECTION
[2021-08-02 23:31:48] - Attribute (`ordemDeCorrecao`)  - enhanced for lazy-loading? - false
[2021-08-02 23:31:48] - Processing attribute `parametro` : value = 1
[2021-08-02 23:31:48] - Attribute (`parametro`)  - enhanced for lazy-loading? - false
[2021-08-02 23:31:48] - Processing attribute `resultado` : value = 97.7111
[2021-08-02 23:31:48] - select montagem0_.etapa_id as etapa_id3_6_0_, montagem0_.id as id1_6_0_, montagem0_.id as id1_6_1_, montagem0_.etapa_id as etapa_id3_6_1_, montagem0_.materia_prima_id as materia_4_6_1_, montagem0_.quantidade as quantida2_6_1_, materiapri1_.id as id1_5_2_, materiapri1_.fator_titulometrico as fator_ti2_5_2_, materiapri1_.fornecedor as forneced3_5_2_, materiapri1_.nome as nome4_5_2_, materiapri1_.preco as preco5_5_2_, materiapri1_.unidade as unidade6_5_2_ from montagem_composition montagem0_ left outer join materia_prima materiapri1_ on montagem0_.materia_prima_id=materiapri1_.id where montagem0_.etapa_id=?
[2021-08-02 23:31:48] - Attribute (`resultado`)  - enhanced for lazy-loading? - false
[2021-08-02 23:31:48] - Done materializing entity [com.bluebudy.SCQ.domain.Analise#1828]
[2021-08-02 23:31:48] - Resolving attributes for [com.bluebudy.SCQ.domain.Analise#1840]
[2021-08-02 23:31:48] - Processing attribute `analista` : value = melissayasminhable
[2021-08-02 23:31:48] - Attribute (`analista`)  - enhanced for lazy-loading? - false
[2021-08-02 23:31:48] - Processing attribute `data` : value = 2021-06-04 13:27:27.364
[2021-08-02 23:31:48] - Attribute (`data`)  - enhanced for lazy-loading? - false
[2021-08-02 23:31:48] - Processing attribute `needCorrecao` : value = true
[2021-08-02 23:31:48] - Attribute (`needCorrecao`)  - enhanced for lazy-loading? - false
[2021-08-02 23:31:48] - Processing attribute `ordemDeCorrecao` : value = NOT NULL COLLECTION
[2021-08-02 23:31:48] - Attribute (`ordemDeCorrecao`)  - enhanced for lazy-loading? - false
[2021-08-02 23:31:48] - Processing attribute `parametro` : value = 1
[2021-08-02 23:31:48] - Attribute (`parametro`)  - enhanced for lazy-loading? - false
[2021-08-02 23:31:48] - Processing attribute `resultado` : value = 83.8759
[2021-08-02 23:31:48] - Attribute (`resultado`)  - enhanced for lazy-loading? - false
[2021-08-02 23:31:48] - Done materializing entity [com.bluebudy.SCQ.domain.Analise#1840]
[2021-08-02 23:31:48] - Resolving attributes for [com.bluebudy.SCQ.domain.Analise#1869]
[2021-08-02 23:31:48] - Processing attribute `analista` : value = melissayasminhable
[2021-08-02 23:31:48] - Attribute (`analista`)  - enhanced for lazy-loading? - false
[2021-08-02 23:31:48] - Processing attribute `data` : value = 2021-06-07 13:09:10.959
[2021-08-02 23:31:48] - Attribute (`data`)  - enhanced for lazy-loading? - false
[2021-08-02 23:31:48] - Processing attribute `needCorrecao` : value = true
[2021-08-02 23:31:48] - Attribute (`needCorrecao`)  - enhanced for lazy-loading? - false
[2021-08-02 23:31:48] - Processing attribute `ordemDeCorrecao` : value = NOT NULL COLLECTION
[2021-08-02 23:31:48] - Attribute (`ordemDeCorrecao`)  - enhanced for lazy-loading? - false
[2021-08-02 23:31:48] - Processing attribute `parametro` : value = 1
[2021-08-02 23:31:48] - Attribute (`parametro`)  - enhanced for lazy-loading? - false
[2021-08-02 23:31:48] - Processing attribute `resultado` : value = 95.117
[2021-08-02 23:31:48] - Attribute (`resultado`)  - enhanced for lazy-loading? - false
[2021-08-02 23:31:48] - Done materializing entity [com.bluebudy.SCQ.domain.Analise#1869]
[2021-08-02 23:31:48] - Resolving attributes for [com.bluebudy.SCQ.domain.Analise#1891]
[2021-08-02 23:31:48] - Processing attribute `analista` : value = melissayasminhable
[2021-08-02 23:31:48] - Attribute (`analista`)  - enhanced for lazy-loading? - false
[2021-08-02 23:31:48] - Processing attribute `data` : value = 2021-06-08 14:40:33.171
[2021-08-02 23:31:48] - Attribute (`data`)  - enhanced for lazy-loading? - false
[2021-08-02 23:31:48] - Processing attribute `needCorrecao` : value = true
[2021-08-02 23:31:48] - Attribute (`needCorrecao`)  - enhanced for lazy-loading? - false
[2021-08-02 23:31:48] - Processing attribute `ordemDeCorrecao` : value = NOT NULL COLLECTION
[2021-08-02 23:31:48] - Attribute (`ordemDeCorrecao`)  - enhanced for lazy-loading? - false
[2021-08-02 23:31:48] - Processing attribute `parametro` : value = 1
[2021-08-02 23:31:48] - Attribute (`parametro`)  - enhanced for lazy-loading? - false
[2021-08-02 23:31:48] - Processing attribute `resultado` : value = 92.5229
[2021-08-02 23:31:48] - Attribute (`resultado`)  - enhanced for lazy-loading? - false
[2021-08-02 23:31:48] - Done materializing entity [com.bluebudy.SCQ.domain.Analise#1891]
[2021-08-02 23:31:48] - Resolving attributes for [com.bluebudy.SCQ.domain.Analise#1922]
[2021-08-02 23:31:48] - Processing attribute `analista` : value = melissayasminhable
[2021-08-02 23:31:48] - Attribute (`analista`)  - enhanced for lazy-loading? - false
[2021-08-02 23:31:48] - Processing attribute `data` : value = 2021-06-09 14:49:38.415
[2021-08-02 23:31:48] - Attribute (`data`)  - enhanced for lazy-loading? - false
[2021-08-02 23:31:48] - Processing attribute `needCorrecao` : value = true
[2021-08-02 23:31:48] - Attribute (`needCorrecao`)  - enhanced for lazy-loading? - false
[2021-08-02 23:31:48] - Processing attribute `ordemDeCorrecao` : value = NOT NULL COLLECTION
[2021-08-02 23:31:48] - Attribute (`ordemDeCorrecao`)  - enhanced for lazy-loading? - false
[2021-08-02 23:31:48] - Processing attribute `parametro` : value = 1
[2021-08-02 23:31:48] - Attribute (`parametro`)  - enhanced for lazy-loading? - false
[2021-08-02 23:31:48] - Processing attribute `resultado` : value = 89.0641
[2021-08-02 23:31:48] - Attribute (`resultado`)  - enhanced for lazy-loading? - false
[2021-08-02 23:31:48] - Done materializing entity [com.bluebudy.SCQ.domain.Analise#1922]
[2021-08-02 23:31:48] - 1 collections were found in result set for role: com.bluebudy.SCQ.domain.Parametro.analises
[2021-08-02 23:31:48] - Collection fully initialized: [com.bluebudy.SCQ.domain.Parametro.analises#1]
[2021-08-02 23:31:48] - 1 collections initialized for role: com.bluebudy.SCQ.domain.Parametro.analises
[2021-08-02 23:31:48] - Done loading collection
[2021-08-02 23:31:48] - Loading collection: [com.bluebudy.SCQ.domain.Parametro.analises#2]
[2021-08-02 23:31:48] - select analises0_.parametro_id as parametr6_2_0_, analises0_.id as id1_2_0_, analises0_.id as id1_2_1_, analises0_.analista as analista2_2_1_, analises0_.data as data3_2_1_, analises0_.need_correcao as need_cor4_2_1_, analises0_.parametro_id as parametr6_2_1_, analises0_.resultado as resultad5_2_1_ from analise analises0_ where analises0_.parametro_id=?
[2021-08-02 23:31:48] - Preparing collection initializer : [com.bluebudy.SCQ.domain.Etapa.montagem#2]
[2021-08-02 23:31:48] - Preparing collection initializer : [com.bluebudy.SCQ.domain.Parametro.analises#2]
[2021-08-02 23:31:48] - Found row of collection: [com.bluebudy.SCQ.domain.Parametro.analises#2]
[2021-08-02 23:31:48] - Found row of collection: [com.bluebudy.SCQ.domain.Parametro.analises#2]
[2021-08-02 23:31:48] - Found row of collection: [com.bluebudy.SCQ.domain.Etapa.montagem#2]
[2021-08-02 23:31:48] - Found row of collection: [com.bluebudy.SCQ.domain.Parametro.analises#2]
[2021-08-02 23:31:48] - Found row of collection: [com.bluebudy.SCQ.domain.Parametro.analises#2]
[2021-08-02 23:31:48] - Found row of collection: [com.bluebudy.SCQ.domain.Parametro.analises#2]
[2021-08-02 23:31:48] - Found row of collection: [com.bluebudy.SCQ.domain.Parametro.analises#2]
[2021-08-02 23:31:48] - Found row of collection: [com.bluebudy.SCQ.domain.Parametro.analises#2]
[2021-08-02 23:31:48] - Found row of collection: [com.bluebudy.SCQ.domain.Etapa.montagem#2]
[2021-08-02 23:31:48] - Resolving attributes for [com.bluebudy.SCQ.domain.MontagemComposition#3]
[2021-08-02 23:31:48] - Processing attribute `etapa` : value = 2
[2021-08-02 23:31:48] - Attribute (`etapa`)  - enhanced for lazy-loading? - false
[2021-08-02 23:31:48] - Found row of collection: [com.bluebudy.SCQ.domain.Parametro.analises#2]
[2021-08-02 23:31:48] - Processing attribute `materiaPrima` : value = 1
[2021-08-02 23:31:48] - Attribute (`materiaPrima`)  - enhanced for lazy-loading? - false
[2021-08-02 23:31:48] - Found row of collection: [com.bluebudy.SCQ.domain.Parametro.analises#2]
[2021-08-02 23:31:48] - Processing attribute `quantidade` : value = 250.0
[2021-08-02 23:31:48] - Attribute (`quantidade`)  - enhanced for lazy-loading? - false
[2021-08-02 23:31:48] - Found row of collection: [com.bluebudy.SCQ.domain.Parametro.analises#2]
[2021-08-02 23:31:48] - Found row of collection: [com.bluebudy.SCQ.domain.Parametro.analises#2]
[2021-08-02 23:31:48] - Found row of collection: [com.bluebudy.SCQ.domain.Parametro.analises#2]
[2021-08-02 23:31:48] - Found row of collection: [com.bluebudy.SCQ.domain.Parametro.analises#2]
[2021-08-02 23:31:48] - Found row of collection: [com.bluebudy.SCQ.domain.Parametro.analises#2]
[2021-08-02 23:31:48] - Found row of collection: [com.bluebudy.SCQ.domain.Parametro.analises#2]
[2021-08-02 23:31:48] - Done materializing entity [com.bluebudy.SCQ.domain.MontagemComposition#3]
[2021-08-02 23:31:48] - Resolving attributes for [com.bluebudy.SCQ.domain.MateriaPrima#1]
[2021-08-02 23:31:48] - Processing attribute `adicao` : value = NOT NULL COLLECTION
[2021-08-02 23:31:48] - Attribute (`adicao`)  - enhanced for lazy-loading? - false
[2021-08-02 23:31:48] - Processing attribute `fatorTitulometrico` : value = 8.647
[2021-08-02 23:31:48] - Attribute (`fatorTitulometrico`)  - enhanced for lazy-loading? - false
[2021-08-02 23:31:48] - Processing attribute `fornecedor` : value = Macdermid
[2021-08-02 23:31:48] - Attribute (`fornecedor`)  - enhanced for lazy-loading? - false
[2021-08-02 23:31:48] - Processing attribute `nome` : value = Endox A
[2021-08-02 23:31:48] - Attribute (`nome`)  - enhanced for lazy-loading? - false
[2021-08-02 23:31:48] - Processing attribute `preco` : value = 13.84
[2021-08-02 23:31:48] - Attribute (`preco`)  - enhanced for lazy-loading? - false
[2021-08-02 23:31:48] - Processing attribute `unidade` : value = Kg
[2021-08-02 23:31:48] - Attribute (`unidade`)  - enhanced for lazy-loading? - false
[2021-08-02 23:31:48] - Done materializing entity [com.bluebudy.SCQ.domain.MateriaPrima#1]
[2021-08-02 23:31:48] - Resolving attributes for [com.bluebudy.SCQ.domain.MontagemComposition#4]
[2021-08-02 23:31:48] - Processing attribute `etapa` : value = 2
[2021-08-02 23:31:48] - Attribute (`etapa`)  - enhanced for lazy-loading? - false
[2021-08-02 23:31:48] - Processing attribute `materiaPrima` : value = 2
[2021-08-02 23:31:48] - Attribute (`materiaPrima`)  - enhanced for lazy-loading? - false
[2021-08-02 23:31:48] - Processing attribute `quantidade` : value = 100.0
[2021-08-02 23:31:48] - Found row of collection: [com.bluebudy.SCQ.domain.Parametro.analises#2]
[2021-08-02 23:31:48] - Attribute (`quantidade`)  - enhanced for lazy-loading? - false
[2021-08-02 23:31:48] - Done materializing entity [com.bluebudy.SCQ.domain.MontagemComposition#4]
[2021-08-02 23:31:48] - Found row of collection: [com.bluebudy.SCQ.domain.Parametro.analises#2]
[2021-08-02 23:31:48] - Found row of collection: [com.bluebudy.SCQ.domain.Parametro.analises#2]
[2021-08-02 23:31:48] - 1 collections were found in result set for role: com.bluebudy.SCQ.domain.Etapa.montagem
[2021-08-02 23:31:48] - Found row of collection: [com.bluebudy.SCQ.domain.Parametro.analises#2]
[2021-08-02 23:31:48] - Collection fully initialized: [com.bluebudy.SCQ.domain.Etapa.montagem#2]
[2021-08-02 23:31:48] - 1 collections initialized for role: com.bluebudy.SCQ.domain.Etapa.montagem
[2021-08-02 23:31:48] - Found row of collection: [com.bluebudy.SCQ.domain.Parametro.analises#2]
[2021-08-02 23:31:48] - Found row of collection: [com.bluebudy.SCQ.domain.Parametro.analises#2]
[2021-08-02 23:31:48] - Done loading collection
[2021-08-02 23:31:48] - Found row of collection: [com.bluebudy.SCQ.domain.Parametro.analises#2]
[2021-08-02 23:31:48] - Found row of collection: [com.bluebudy.SCQ.domain.Parametro.analises#2]
[2021-08-02 23:31:48] - Found row of collection: [com.bluebudy.SCQ.domain.Parametro.analises#2]
[2021-08-02 23:31:48] - Found row of collection: [com.bluebudy.SCQ.domain.Parametro.analises#2]
[2021-08-02 23:31:48] - Found row of collection: [com.bluebudy.SCQ.domain.Parametro.analises#2]
[2021-08-02 23:31:48] - Found row of collection: [com.bluebudy.SCQ.domain.Parametro.analises#2]
[2021-08-02 23:31:48] - Found row of collection: [com.bluebudy.SCQ.domain.Parametro.analises#2]
[2021-08-02 23:31:48] - Found row of collection: [com.bluebudy.SCQ.domain.Parametro.analises#2]
[2021-08-02 23:31:48] - Found row of collection: [com.bluebudy.SCQ.domain.Parametro.analises#2]
[2021-08-02 23:31:48] - Found row of collection: [com.bluebudy.SCQ.domain.Parametro.analises#2]
[2021-08-02 23:31:48] - Found row of collection: [com.bluebudy.SCQ.domain.Parametro.analises#2]
[2021-08-02 23:31:48] - Found row of collection: [com.bluebudy.SCQ.domain.Parametro.analises#2]
[2021-08-02 23:31:48] - Found row of collection: [com.bluebudy.SCQ.domain.Parametro.analises#2]
[2021-08-02 23:31:48] - Found row of collection: [com.bluebudy.SCQ.domain.Parametro.analises#2]
[2021-08-02 23:31:48] - Found row of collection: [com.bluebudy.SCQ.domain.Parametro.analises#2]
[2021-08-02 23:31:48] - Found row of collection: [com.bluebudy.SCQ.domain.Parametro.analises#2]
[2021-08-02 23:31:48] - Found row of collection: [com.bluebudy.SCQ.domain.Parametro.analises#2]
[2021-08-02 23:31:48] - Found row of collection: [com.bluebudy.SCQ.domain.Parametro.analises#2]
[2021-08-02 23:31:48] - Found row of collection: [com.bluebudy.SCQ.domain.Parametro.analises#2]
[2021-08-02 23:31:48] - Found row of collection: [com.bluebudy.SCQ.domain.Parametro.analises#2]
[2021-08-02 23:31:48] - Found row of collection: [com.bluebudy.SCQ.domain.Parametro.analises#2]
[2021-08-02 23:31:48] - Found row of collection: [com.bluebudy.SCQ.domain.Parametro.analises#2]
[2021-08-02 23:31:48] - Initiating transaction commit
[2021-08-02 23:31:48] - Found row of collection: [com.bluebudy.SCQ.domain.Parametro.analises#2]
[2021-08-02 23:31:48] - Committing JPA transaction on EntityManager [SessionImpl(606928567<open>)]
[2021-08-02 23:31:48] - Found row of collection: [com.bluebudy.SCQ.domain.Parametro.analises#2]
[2021-08-02 23:31:48] - committing
[2021-08-02 23:31:48] - Found row of collection: [com.bluebudy.SCQ.domain.Parametro.analises#2]
[2021-08-02 23:31:48] - Found row of collection: [com.bluebudy.SCQ.domain.Parametro.analises#2]
[2021-08-02 23:31:48] - Resetting read-only flag of JDBC Connection [HikariProxyConnection@1895764742 wrapping com.mysql.cj.jdbc.ConnectionImpl@5444b57d]
[2021-08-02 23:31:48] - Not closing pre-bound JPA EntityManager after transaction
[2021-08-02 23:31:48] - Loading collection: [com.bluebudy.SCQ.domain.OrdemDeCorrecao.adicoes#1]
[2021-08-02 23:31:48] - Found row of collection: [com.bluebudy.SCQ.domain.Parametro.analises#2]
[2021-08-02 23:31:48] - Found row of collection: [com.bluebudy.SCQ.domain.Parametro.analises#2]
[2021-08-02 23:31:48] - Found row of collection: [com.bluebudy.SCQ.domain.Parametro.analises#2]
[2021-08-02 23:31:48] - Found row of collection: [com.bluebudy.SCQ.domain.Parametro.analises#2]
[2021-08-02 23:31:48] - Found row of collection: [com.bluebudy.SCQ.domain.Parametro.analises#2]
[2021-08-02 23:31:48] - Found row of collection: [com.bluebudy.SCQ.domain.Parametro.analises#2]
[2021-08-02 23:31:48] - Found row of collection: [com.bluebudy.SCQ.domain.Parametro.analises#2]
[2021-08-02 23:31:48] - Found row of collection: [com.bluebudy.SCQ.domain.Parametro.analises#2]
[2021-08-02 23:31:48] - Found row of collection: [com.bluebudy.SCQ.domain.Parametro.analises#2]
[2021-08-02 23:31:48] - Found row of collection: [com.bluebudy.SCQ.domain.Parametro.analises#2]
[2021-08-02 23:31:48] - Found row of collection: [com.bluebudy.SCQ.domain.Parametro.analises#2]
[2021-08-02 23:31:48] - Found row of collection: [com.bluebudy.SCQ.domain.Parametro.analises#2]
[2021-08-02 23:31:48] - Found row of collection: [com.bluebudy.SCQ.domain.Parametro.analises#2]
[2021-08-02 23:31:48] - Found row of collection: [com.bluebudy.SCQ.domain.Parametro.analises#2]
[2021-08-02 23:31:48] - Found row of collection: [com.bluebudy.SCQ.domain.Parametro.analises#2]
[2021-08-02 23:31:48] - Found row of collection: [com.bluebudy.SCQ.domain.Parametro.analises#2]
[2021-08-02 23:31:48] - Found row of collection: [com.bluebudy.SCQ.domain.Parametro.analises#2]
[2021-08-02 23:31:48] - Found row of collection: [com.bluebudy.SCQ.domain.Parametro.analises#2]
[2021-08-02 23:31:48] - Found row of collection: [com.bluebudy.SCQ.domain.Parametro.analises#2]
[2021-08-02 23:31:48] - Found row of collection: [com.bluebudy.SCQ.domain.Parametro.analises#2]
[2021-08-02 23:31:48] - Found row of collection: [com.bluebudy.SCQ.domain.Parametro.analises#2]
[2021-08-02 23:31:48] - Found row of collection: [com.bluebudy.SCQ.domain.Parametro.analises#2]
[2021-08-02 23:31:48] - Found row of collection: [com.bluebudy.SCQ.domain.Parametro.analises#2]
[2021-08-02 23:31:48] - Found row of collection: [com.bluebudy.SCQ.domain.Parametro.analises#2]
[2021-08-02 23:31:48] - Found row of collection: [com.bluebudy.SCQ.domain.Parametro.analises#2]
[2021-08-02 23:31:48] - Found row of collection: [com.bluebudy.SCQ.domain.Parametro.analises#2]
[2021-08-02 23:31:48] - Found row of collection: [com.bluebudy.SCQ.domain.Parametro.analises#2]
[2021-08-02 23:31:48] - Found row of collection: [com.bluebudy.SCQ.domain.Parametro.analises#2]
[2021-08-02 23:31:48] - Found row of collection: [com.bluebudy.SCQ.domain.Parametro.analises#2]
[2021-08-02 23:31:48] - Found row of collection: [com.bluebudy.SCQ.domain.Parametro.analises#2]
[2021-08-02 23:31:48] - Found row of collection: [com.bluebudy.SCQ.domain.Parametro.analises#2]
[2021-08-02 23:31:48] - Found row of collection: [com.bluebudy.SCQ.domain.Parametro.analises#2]
[2021-08-02 23:31:48] - Found row of collection: [com.bluebudy.SCQ.domain.Parametro.analises#2]
[2021-08-02 23:31:48] - Found row of collection: [com.bluebudy.SCQ.domain.Parametro.analises#2]
[2021-08-02 23:31:48] - Found row of collection: [com.bluebudy.SCQ.domain.Parametro.analises#2]
[2021-08-02 23:31:48] - Found row of collection: [com.bluebudy.SCQ.domain.Parametro.analises#2]
[2021-08-02 23:31:48] - Found row of collection: [com.bluebudy.SCQ.domain.Parametro.analises#2]
[2021-08-02 23:31:48] - Found row of collection: [com.bluebudy.SCQ.domain.Parametro.analises#2]
[2021-08-02 23:31:48] - Found row of collection: [com.bluebudy.SCQ.domain.Parametro.analises#2]
[2021-08-02 23:31:48] - Found row of collection: [com.bluebudy.SCQ.domain.Parametro.analises#2]
[2021-08-02 23:31:48] - Found row of collection: [com.bluebudy.SCQ.domain.Parametro.analises#2]
[2021-08-02 23:31:48] - Found row of collection: [com.bluebudy.SCQ.domain.Parametro.analises#2]
[2021-08-02 23:31:48] - Found row of collection: [com.bluebudy.SCQ.domain.Parametro.analises#2]
[2021-08-02 23:31:48] - Found row of collection: [com.bluebudy.SCQ.domain.Parametro.analises#2]
[2021-08-02 23:31:48] - Resolving attributes for [com.bluebudy.SCQ.domain.Analise#1]
[2021-08-02 23:31:48] - Processing attribute `analista` : value = Beatriz
[2021-08-02 23:31:48] - Attribute (`analista`)  - enhanced for lazy-loading? - false
[2021-08-02 23:31:48] - Processing attribute `data` : value = 2021-02-12 14:59:09.586
[2021-08-02 23:31:48] - Attribute (`data`)  - enhanced for lazy-loading? - false
[2021-08-02 23:31:48] - Processing attribute `needCorrecao` : value = false
[2021-08-02 23:31:48] - Attribute (`needCorrecao`)  - enhanced for lazy-loading? - false
[2021-08-02 23:31:48] - Processing attribute `ordemDeCorrecao` : value = NOT NULL COLLECTION
[2021-08-02 23:31:48] - Attribute (`ordemDeCorrecao`)  - enhanced for lazy-loading? - false
[2021-08-02 23:31:48] - Processing attribute `parametro` : value = 2
[2021-08-02 23:31:48] - Attribute (`parametro`)  - enhanced for lazy-loading? - false
[2021-08-02 23:31:48] - Processing attribute `resultado` : value = 4.72
[2021-08-02 23:31:48] - Attribute (`resultado`)  - enhanced for lazy-loading? - false
[2021-08-02 23:31:48] - Done materializing entity [com.bluebudy.SCQ.domain.Analise#1]
[2021-08-02 23:31:48] - Resolving attributes for [com.bluebudy.SCQ.domain.Analise#6]
[2021-08-02 23:31:48] - Processing attribute `analista` : value = Beatriz
[2021-08-02 23:31:48] - Attribute (`analista`)  - enhanced for lazy-loading? - false
[2021-08-02 23:31:48] - Processing attribute `data` : value = 2021-02-15 11:58:59.286
[2021-08-02 23:31:48] - Attribute (`data`)  - enhanced for lazy-loading? - false
[2021-08-02 23:31:48] - Processing attribute `needCorrecao` : value = true
[2021-08-02 23:31:48] - Attribute (`needCorrecao`)  - enhanced for lazy-loading? - false
[2021-08-02 23:31:48] - Processing attribute `ordemDeCorrecao` : value = NOT NULL COLLECTION
[2021-08-02 23:31:48] - Attribute (`ordemDeCorrecao`)  - enhanced for lazy-loading? - false
[2021-08-02 23:31:48] - Processing attribute `parametro` : value = 2
[2021-08-02 23:31:48] - Attribute (`parametro`)  - enhanced for lazy-loading? - false
[2021-08-02 23:31:48] - Processing attribute `resultado` : value = 4.72
[2021-08-02 23:31:48] - Attribute (`resultado`)  - enhanced for lazy-loading? - false
[2021-08-02 23:31:48] - Done materializing entity [com.bluebudy.SCQ.domain.Analise#6]
[2021-08-02 23:31:48] - Resolving attributes for [com.bluebudy.SCQ.domain.Analise#19]
[2021-08-02 23:31:48] - Processing attribute `analista` : value = Beatriz
[2021-08-02 23:31:48] - Attribute (`analista`)  - enhanced for lazy-loading? - false
[2021-08-02 23:31:48] - Processing attribute `data` : value = 2021-02-16 14:12:57.054
[2021-08-02 23:31:48] - Attribute (`data`)  - enhanced for lazy-loading? - false
[2021-08-02 23:31:48] - Processing attribute `needCorrecao` : value = true
[2021-08-02 23:31:48] - Attribute (`needCorrecao`)  - enhanced for lazy-loading? - false
[2021-08-02 23:31:48] - Processing attribute `ordemDeCorrecao` : value = NOT NULL COLLECTION
[2021-08-02 23:31:48] - Attribute (`ordemDeCorrecao`)  - enhanced for lazy-loading? - false
[2021-08-02 23:31:48] - Processing attribute `parametro` : value = 2
[2021-08-02 23:31:48] - Attribute (`parametro`)  - enhanced for lazy-loading? - false
[2021-08-02 23:31:48] - Processing attribute `resultado` : value = 5.31
[2021-08-02 23:31:48] - Attribute (`resultado`)  - enhanced for lazy-loading? - false
[2021-08-02 23:31:48] - Done materializing entity [com.bluebudy.SCQ.domain.Analise#19]
[2021-08-02 23:31:48] - Resolving attributes for [com.bluebudy.SCQ.domain.Analise#35]
[2021-08-02 23:31:48] - Processing attribute `analista` : value = Beatriz
[2021-08-02 23:31:48] - Attribute (`analista`)  - enhanced for lazy-loading? - false
[2021-08-02 23:31:48] - Processing attribute `data` : value = 2021-02-17 10:49:58.274
[2021-08-02 23:31:48] - Attribute (`data`)  - enhanced for lazy-loading? - false
[2021-08-02 23:31:48] - Processing attribute `needCorrecao` : value = true
[2021-08-02 23:31:48] - Attribute (`needCorrecao`)  - enhanced for lazy-loading? - false
[2021-08-02 23:31:48] - Processing attribute `ordemDeCorrecao` : value = NOT NULL COLLECTION
[2021-08-02 23:31:48] - Attribute (`ordemDeCorrecao`)  - enhanced for lazy-loading? - false
[2021-08-02 23:31:48] - Processing attribute `parametro` : value = 2
[2021-08-02 23:31:48] - Attribute (`parametro`)  - enhanced for lazy-loading? - false
[2021-08-02 23:31:48] - Processing attribute `resultado` : value = 5.31
[2021-08-02 23:31:48] - Attribute (`resultado`)  - enhanced for lazy-loading? - false
[2021-08-02 23:31:48] - Done materializing entity [com.bluebudy.SCQ.domain.Analise#35]
[2021-08-02 23:31:48] - Resolving attributes for [com.bluebudy.SCQ.domain.Analise#36]
[2021-08-02 23:31:48] - Processing attribute `analista` : value = Beatriz
[2021-08-02 23:31:48] - Attribute (`analista`)  - enhanced for lazy-loading? - false
[2021-08-02 23:31:48] - Processing attribute `data` : value = 2021-02-18 13:05:07.081
[2021-08-02 23:31:48] - Attribute (`data`)  - enhanced for lazy-loading? - false
[2021-08-02 23:31:48] - Processing attribute `needCorrecao` : value = true
[2021-08-02 23:31:48] - Attribute (`needCorrecao`)  - enhanced for lazy-loading? - false
[2021-08-02 23:31:48] - Processing attribute `ordemDeCorrecao` : value = NOT NULL COLLECTION
[2021-08-02 23:31:48] - Attribute (`ordemDeCorrecao`)  - enhanced for lazy-loading? - false
[2021-08-02 23:31:48] - Processing attribute `parametro` : value = 2
[2021-08-02 23:31:48] - Attribute (`parametro`)  - enhanced for lazy-loading? - false
[2021-08-02 23:31:48] - Processing attribute `resultado` : value = 5.251
[2021-08-02 23:31:48] - Attribute (`resultado`)  - enhanced for lazy-loading? - false
[2021-08-02 23:31:48] - Done materializing entity [com.bluebudy.SCQ.domain.Analise#36]
[2021-08-02 23:31:48] - Resolving attributes for [com.bluebudy.SCQ.domain.Analise#45]
[2021-08-02 23:31:48] - Processing attribute `analista` : value = Beatriz
[2021-08-02 23:31:48] - Attribute (`analista`)  - enhanced for lazy-loading? - false
[2021-08-02 23:31:48] - Processing attribute `data` : value = 2021-02-19 13:35:35.285
[2021-08-02 23:31:48] - Attribute (`data`)  - enhanced for lazy-loading? - false
[2021-08-02 23:31:48] - Processing attribute `needCorrecao` : value = true
[2021-08-02 23:31:48] - Attribute (`needCorrecao`)  - enhanced for lazy-loading? - false
[2021-08-02 23:31:48] - Processing attribute `ordemDeCorrecao` : value = NOT NULL COLLECTION
[2021-08-02 23:31:48] - Attribute (`ordemDeCorrecao`)  - enhanced for lazy-loading? - false
[2021-08-02 23:31:48] - Processing attribute `parametro` : value = 2
[2021-08-02 23:31:48] - Attribute (`parametro`)  - enhanced for lazy-loading? - false
[2021-08-02 23:31:48] - Processing attribute `resultado` : value = 5.133
[2021-08-02 23:31:48] - Attribute (`resultado`)  - enhanced for lazy-loading? - false
[2021-08-02 23:31:48] - Done materializing entity [com.bluebudy.SCQ.domain.Analise#45]
[2021-08-02 23:31:48] - Resolving attributes for [com.bluebudy.SCQ.domain.Analise#52]
[2021-08-02 23:31:48] - Processing attribute `analista` : value = Beatriz
[2021-08-02 23:31:48] - Attribute (`analista`)  - enhanced for lazy-loading? - false
[2021-08-02 23:31:48] - Processing attribute `data` : value = 2021-02-22 14:39:54.0
[2021-08-02 23:31:48] - Attribute (`data`)  - enhanced for lazy-loading? - false
[2021-08-02 23:31:48] - Processing attribute `needCorrecao` : value = true
[2021-08-02 23:31:48] - Attribute (`needCorrecao`)  - enhanced for lazy-loading? - false
[2021-08-02 23:31:48] - Processing attribute `ordemDeCorrecao` : value = NOT NULL COLLECTION
[2021-08-02 23:31:48] - Attribute (`ordemDeCorrecao`)  - enhanced for lazy-loading? - false
[2021-08-02 23:31:48] - Processing attribute `parametro` : value = 2
[2021-08-02 23:31:48] - Attribute (`parametro`)  - enhanced for lazy-loading? - false
[2021-08-02 23:31:48] - Processing attribute `resultado` : value = 5.251
[2021-08-02 23:31:48] - Attribute (`resultado`)  - enhanced for lazy-loading? - false
[2021-08-02 23:31:48] - Done materializing entity [com.bluebudy.SCQ.domain.Analise#52]
[2021-08-02 23:31:48] - Resolving attributes for [com.bluebudy.SCQ.domain.Analise#53]
[2021-08-02 23:31:48] - Processing attribute `analista` : value = Beatriz
[2021-08-02 23:31:48] - Attribute (`analista`)  - enhanced for lazy-loading? - false
[2021-08-02 23:31:48] - Processing attribute `data` : value = 2021-02-23 14:41:44.0
[2021-08-02 23:31:48] - Attribute (`data`)  - enhanced for lazy-loading? - false
[2021-08-02 23:31:48] - Processing attribute `needCorrecao` : value = true
[2021-08-02 23:31:48] - Attribute (`needCorrecao`)  - enhanced for lazy-loading? - false
[2021-08-02 23:31:48] - Processing attribute `ordemDeCorrecao` : value = NOT NULL COLLECTION
[2021-08-02 23:31:48] - Attribute (`ordemDeCorrecao`)  - enhanced for lazy-loading? - false
[2021-08-02 23:31:48] - Processing attribute `parametro` : value = 2
[2021-08-02 23:31:48] - Attribute (`parametro`)  - enhanced for lazy-loading? - false
[2021-08-02 23:31:48] - Processing attribute `resultado` : value = 5.133
[2021-08-02 23:31:48] - Attribute (`resultado`)  - enhanced for lazy-loading? - false
[2021-08-02 23:31:48] - Done materializing entity [com.bluebudy.SCQ.domain.Analise#53]
[2021-08-02 23:31:48] - Resolving attributes for [com.bluebudy.SCQ.domain.Analise#54]
[2021-08-02 23:31:48] - Processing attribute `analista` : value = Beatriz
[2021-08-02 23:31:48] - Attribute (`analista`)  - enhanced for lazy-loading? - false
[2021-08-02 23:31:48] - Processing attribute `data` : value = 2021-02-24 14:42:47.0
[2021-08-02 23:31:48] - Attribute (`data`)  - enhanced for lazy-loading? - false
[2021-08-02 23:31:48] - Processing attribute `needCorrecao` : value = true
[2021-08-02 23:31:48] - Attribute (`needCorrecao`)  - enhanced for lazy-loading? - false
[2021-08-02 23:31:48] - Processing attribute `ordemDeCorrecao` : value = NOT NULL COLLECTION
[2021-08-02 23:31:48] - Attribute (`ordemDeCorrecao`)  - enhanced for lazy-loading? - false
[2021-08-02 23:31:48] - Processing attribute `parametro` : value = 2
[2021-08-02 23:31:48] - Attribute (`parametro`)  - enhanced for lazy-loading? - false
[2021-08-02 23:31:48] - Processing attribute `resultado` : value = 5.428
[2021-08-02 23:31:48] - Attribute (`resultado`)  - enhanced for lazy-loading? - false
[2021-08-02 23:31:48] - Done materializing entity [com.bluebudy.SCQ.domain.Analise#54]
[2021-08-02 23:31:48] - Resolving attributes for [com.bluebudy.SCQ.domain.Analise#55]
[2021-08-02 23:31:48] - Processing attribute `analista` : value = Beatriz
[2021-08-02 23:31:48] - Attribute (`analista`)  - enhanced for lazy-loading? - false
[2021-08-02 23:31:48] - Processing attribute `data` : value = 2021-02-25 14:43:14.0
[2021-08-02 23:31:48] - Attribute (`data`)  - enhanced for lazy-loading? - false
[2021-08-02 23:31:48] - Processing attribute `needCorrecao` : value = true
[2021-08-02 23:31:48] - Attribute (`needCorrecao`)  - enhanced for lazy-loading? - false
[2021-08-02 23:31:48] - Processing attribute `ordemDeCorrecao` : value = NOT NULL COLLECTION
[2021-08-02 23:31:48] - Attribute (`ordemDeCorrecao`)  - enhanced for lazy-loading? - false
[2021-08-02 23:31:48] - Processing attribute `parametro` : value = 2
[2021-08-02 23:31:48] - Attribute (`parametro`)  - enhanced for lazy-loading? - false
[2021-08-02 23:31:48] - Processing attribute `resultado` : value = 5.369
[2021-08-02 23:31:48] - Attribute (`resultado`)  - enhanced for lazy-loading? - false
[2021-08-02 23:31:48] - Done materializing entity [com.bluebudy.SCQ.domain.Analise#55]
[2021-08-02 23:31:48] - Resolving attributes for [com.bluebudy.SCQ.domain.Analise#56]
[2021-08-02 23:31:48] - Processing attribute `analista` : value = Beatriz
[2021-08-02 23:31:48] - Attribute (`analista`)  - enhanced for lazy-loading? - false
[2021-08-02 23:31:48] - Processing attribute `data` : value = 2021-02-26 16:01:27.0
[2021-08-02 23:31:48] - Attribute (`data`)  - enhanced for lazy-loading? - false
[2021-08-02 23:31:48] - Processing attribute `needCorrecao` : value = true
[2021-08-02 23:31:48] - Attribute (`needCorrecao`)  - enhanced for lazy-loading? - false
[2021-08-02 23:31:48] - Processing attribute `ordemDeCorrecao` : value = NOT NULL COLLECTION
[2021-08-02 23:31:48] - Attribute (`ordemDeCorrecao`)  - enhanced for lazy-loading? - false
[2021-08-02 23:31:48] - Processing attribute `parametro` : value = 2
[2021-08-02 23:31:48] - Attribute (`parametro`)  - enhanced for lazy-loading? - false
[2021-08-02 23:31:48] - Processing attribute `resultado` : value = 5.133
[2021-08-02 23:31:48] - Attribute (`resultado`)  - enhanced for lazy-loading? - false
[2021-08-02 23:31:48] - Done materializing entity [com.bluebudy.SCQ.domain.Analise#56]
[2021-08-02 23:31:48] - Resolving attributes for [com.bluebudy.SCQ.domain.Analise#57]
[2021-08-02 23:31:48] - Processing attribute `analista` : value = Beatriz
[2021-08-02 23:31:48] - Attribute (`analista`)  - enhanced for lazy-loading? - false
[2021-08-02 23:31:48] - Processing attribute `data` : value = 2021-03-01 16:01:52.0
[2021-08-02 23:31:48] - Attribute (`data`)  - enhanced for lazy-loading? - false
[2021-08-02 23:31:48] - Processing attribute `needCorrecao` : value = true
[2021-08-02 23:31:48] - Attribute (`needCorrecao`)  - enhanced for lazy-loading? - false
[2021-08-02 23:31:48] - Processing attribute `ordemDeCorrecao` : value = NOT NULL COLLECTION
[2021-08-02 23:31:48] - Attribute (`ordemDeCorrecao`)  - enhanced for lazy-loading? - false
[2021-08-02 23:31:48] - Processing attribute `parametro` : value = 2
[2021-08-02 23:31:48] - Attribute (`parametro`)  - enhanced for lazy-loading? - false
[2021-08-02 23:31:48] - Processing attribute `resultado` : value = 5.369
[2021-08-02 23:31:48] - Attribute (`resultado`)  - enhanced for lazy-loading? - false
[2021-08-02 23:31:48] - Done materializing entity [com.bluebudy.SCQ.domain.Analise#57]
[2021-08-02 23:31:48] - Resolving attributes for [com.bluebudy.SCQ.domain.Analise#58]
[2021-08-02 23:31:48] - Processing attribute `analista` : value = Beatriz
[2021-08-02 23:31:48] - Attribute (`analista`)  - enhanced for lazy-loading? - false
[2021-08-02 23:31:48] - select adicoes0_.ordem_id as ordem_id7_1_0_, adicoes0_.id as id1_1_0_, adicoes0_.id as id1_1_1_, adicoes0_.data as data2_1_1_, adicoes0_.materia_prima_id as materia_6_1_1_, adicoes0_.ordem_id as ordem_id7_1_1_, adicoes0_.quantidade as quantida3_1_1_, adicoes0_.status as status4_1_1_, adicoes0_.unidade as unidade5_1_1_, materiapri1_.id as id1_5_2_, materiapri1_.fator_titulometrico as fator_ti2_5_2_, materiapri1_.fornecedor as forneced3_5_2_, materiapri1_.nome as nome4_5_2_, materiapri1_.preco as preco5_5_2_, materiapri1_.unidade as unidade6_5_2_ from adicao adicoes0_ left outer join materia_prima materiapri1_ on adicoes0_.materia_prima_id=materiapri1_.id where adicoes0_.ordem_id=?
[2021-08-02 23:31:48] - Processing attribute `data` : value = 2021-03-02 16:02:15.0
[2021-08-02 23:31:48] - Attribute (`data`)  - enhanced for lazy-loading? - false
[2021-08-02 23:31:48] - Processing attribute `needCorrecao` : value = true
[2021-08-02 23:31:48] - Attribute (`needCorrecao`)  - enhanced for lazy-loading? - false
[2021-08-02 23:31:48] - Processing attribute `ordemDeCorrecao` : value = NOT NULL COLLECTION
[2021-08-02 23:31:48] - Attribute (`ordemDeCorrecao`)  - enhanced for lazy-loading? - false
[2021-08-02 23:31:48] - Processing attribute `parametro` : value = 2
[2021-08-02 23:31:48] - Attribute (`parametro`)  - enhanced for lazy-loading? - false
[2021-08-02 23:31:48] - Processing attribute `resultado` : value = 5.546
[2021-08-02 23:31:48] - Attribute (`resultado`)  - enhanced for lazy-loading? - false
[2021-08-02 23:31:48] - Done materializing entity [com.bluebudy.SCQ.domain.Analise#58]
[2021-08-02 23:31:48] - Resolving attributes for [com.bluebudy.SCQ.domain.Analise#59]
[2021-08-02 23:31:48] - Processing attribute `analista` : value = Beatriz
[2021-08-02 23:31:48] - Attribute (`analista`)  - enhanced for lazy-loading? - false
[2021-08-02 23:31:48] - Processing attribute `data` : value = 2021-03-03 16:02:28.0
[2021-08-02 23:31:48] - Attribute (`data`)  - enhanced for lazy-loading? - false
[2021-08-02 23:31:48] - Processing attribute `needCorrecao` : value = true
[2021-08-02 23:31:48] - Attribute (`needCorrecao`)  - enhanced for lazy-loading? - false
[2021-08-02 23:31:48] - Processing attribute `ordemDeCorrecao` : value = NOT NULL COLLECTION
[2021-08-02 23:31:48] - Attribute (`ordemDeCorrecao`)  - enhanced for lazy-loading? - false
[2021-08-02 23:31:48] - Processing attribute `parametro` : value = 2
[2021-08-02 23:31:48] - Attribute (`parametro`)  - enhanced for lazy-loading? - false
[2021-08-02 23:31:48] - Processing attribute `resultado` : value = 5.31
[2021-08-02 23:31:48] - Attribute (`resultado`)  - enhanced for lazy-loading? - false
[2021-08-02 23:31:48] - Done materializing entity [com.bluebudy.SCQ.domain.Analise#59]
[2021-08-02 23:31:48] - Resolving attributes for [com.bluebudy.SCQ.domain.Analise#60]
[2021-08-02 23:31:48] - Processing attribute `analista` : value = Beatriz
[2021-08-02 23:31:48] - Attribute (`analista`)  - enhanced for lazy-loading? - false
[2021-08-02 23:31:48] - Processing attribute `data` : value = 2021-03-04 16:02:45.0
[2021-08-02 23:31:48] - Attribute (`data`)  - enhanced for lazy-loading? - false
[2021-08-02 23:31:48] - Processing attribute `needCorrecao` : value = true
[2021-08-02 23:31:48] - Attribute (`needCorrecao`)  - enhanced for lazy-loading? - false
[2021-08-02 23:31:48] - Processing attribute `ordemDeCorrecao` : value = NOT NULL COLLECTION
[2021-08-02 23:31:48] - Attribute (`ordemDeCorrecao`)  - enhanced for lazy-loading? - false
[2021-08-02 23:31:48] - Processing attribute `parametro` : value = 2
[2021-08-02 23:31:48] - Attribute (`parametro`)  - enhanced for lazy-loading? - false
[2021-08-02 23:31:48] - Processing attribute `resultado` : value = 5.074
[2021-08-02 23:31:48] - Attribute (`resultado`)  - enhanced for lazy-loading? - false
[2021-08-02 23:31:48] - Done materializing entity [com.bluebudy.SCQ.domain.Analise#60]
[2021-08-02 23:31:48] - Resolving attributes for [com.bluebudy.SCQ.domain.Analise#61]
[2021-08-02 23:31:48] - Processing attribute `analista` : value = Beatriz
[2021-08-02 23:31:48] - Attribute (`analista`)  - enhanced for lazy-loading? - false
[2021-08-02 23:31:48] - Processing attribute `data` : value = 2021-03-05 16:03:06.0
[2021-08-02 23:31:48] - Attribute (`data`)  - enhanced for lazy-loading? - false
[2021-08-02 23:31:48] - Processing attribute `needCorrecao` : value = true
[2021-08-02 23:31:48] - Attribute (`needCorrecao`)  - enhanced for lazy-loading? - false
[2021-08-02 23:31:48] - Processing attribute `ordemDeCorrecao` : value = NOT NULL COLLECTION
[2021-08-02 23:31:48] - Attribute (`ordemDeCorrecao`)  - enhanced for lazy-loading? - false
[2021-08-02 23:31:48] - Processing attribute `parametro` : value = 2
[2021-08-02 23:31:48] - Attribute (`parametro`)  - enhanced for lazy-loading? - false
[2021-08-02 23:31:48] - Processing attribute `resultado` : value = 5.074
[2021-08-02 23:31:48] - Attribute (`resultado`)  - enhanced for lazy-loading? - false
[2021-08-02 23:31:48] - Done materializing entity [com.bluebudy.SCQ.domain.Analise#61]
[2021-08-02 23:31:48] - Resolving attributes for [com.bluebudy.SCQ.domain.Analise#63]
[2021-08-02 23:31:48] - Processing attribute `analista` : value = Beatriz
[2021-08-02 23:31:48] - Attribute (`analista`)  - enhanced for lazy-loading? - false
[2021-08-02 23:31:48] - Processing attribute `data` : value = 2021-03-10 23:21:56.0
[2021-08-02 23:31:48] - Attribute (`data`)  - enhanced for lazy-loading? - false
[2021-08-02 23:31:48] - Processing attribute `needCorrecao` : value = true
[2021-08-02 23:31:48] - Attribute (`needCorrecao`)  - enhanced for lazy-loading? - false
[2021-08-02 23:31:48] - Processing attribute `ordemDeCorrecao` : value = NOT NULL COLLECTION
[2021-08-02 23:31:48] - Attribute (`ordemDeCorrecao`)  - enhanced for lazy-loading? - false
[2021-08-02 23:31:48] - Processing attribute `parametro` : value = 2
[2021-08-02 23:31:48] - Attribute (`parametro`)  - enhanced for lazy-loading? - false
[2021-08-02 23:31:48] - Processing attribute `resultado` : value = 5.192
[2021-08-02 23:31:48] - Attribute (`resultado`)  - enhanced for lazy-loading? - false
[2021-08-02 23:31:48] - Done materializing entity [com.bluebudy.SCQ.domain.Analise#63]
[2021-08-02 23:31:48] - Resolving attributes for [com.bluebudy.SCQ.domain.Analise#65]
[2021-08-02 23:31:48] - Processing attribute `analista` : value = Beatriz
[2021-08-02 23:31:48] - Attribute (`analista`)  - enhanced for lazy-loading? - false
[2021-08-02 23:31:48] - Processing attribute `data` : value = 2021-03-08 13:53:37.0
[2021-08-02 23:31:48] - Attribute (`data`)  - enhanced for lazy-loading? - false
[2021-08-02 23:31:48] - Processing attribute `needCorrecao` : value = true
[2021-08-02 23:31:48] - Attribute (`needCorrecao`)  - enhanced for lazy-loading? - false
[2021-08-02 23:31:48] - Processing attribute `ordemDeCorrecao` : value = NOT NULL COLLECTION
[2021-08-02 23:31:48] - Attribute (`ordemDeCorrecao`)  - enhanced for lazy-loading? - false
[2021-08-02 23:31:48] - Processing attribute `parametro` : value = 2
[2021-08-02 23:31:48] - Attribute (`parametro`)  - enhanced for lazy-loading? - false
[2021-08-02 23:31:48] - Processing attribute `resultado` : value = 5.31
[2021-08-02 23:31:48] - Attribute (`resultado`)  - enhanced for lazy-loading? - false
[2021-08-02 23:31:48] - Done materializing entity [com.bluebudy.SCQ.domain.Analise#65]
[2021-08-02 23:31:48] - Resolving attributes for [com.bluebudy.SCQ.domain.Analise#84]
[2021-08-02 23:31:48] - Processing attribute `analista` : value = Beatriz
[2021-08-02 23:31:48] - Attribute (`analista`)  - enhanced for lazy-loading? - false
[2021-08-02 23:31:48] - Processing attribute `data` : value = 2021-05-06 10:54:40.818
[2021-08-02 23:31:48] - Attribute (`data`)  - enhanced for lazy-loading? - false
[2021-08-02 23:31:48] - Processing attribute `needCorrecao` : value = false
[2021-08-02 23:31:48] - Attribute (`needCorrecao`)  - enhanced for lazy-loading? - false
[2021-08-02 23:31:48] - Processing attribute `ordemDeCorrecao` : value = NOT NULL COLLECTION
[2021-08-02 23:31:48] - Attribute (`ordemDeCorrecao`)  - enhanced for lazy-loading? - false
[2021-08-02 23:31:48] - Processing attribute `parametro` : value = 2
[2021-08-02 23:31:48] - Attribute (`parametro`)  - enhanced for lazy-loading? - false
[2021-08-02 23:31:48] - Processing attribute `resultado` : value = 4.838
[2021-08-02 23:31:48] - Attribute (`resultado`)  - enhanced for lazy-loading? - false
[2021-08-02 23:31:48] - Done materializing entity [com.bluebudy.SCQ.domain.Analise#84]
[2021-08-02 23:31:48] - Resolving attributes for [com.bluebudy.SCQ.domain.Analise#118]
[2021-08-02 23:31:48] - Processing attribute `analista` : value = Beatriz
[2021-08-02 23:31:48] - Attribute (`analista`)  - enhanced for lazy-loading? - false
[2021-08-02 23:31:48] - Processing attribute `data` : value = 2021-03-11 14:33:34.0
[2021-08-02 23:31:48] - Attribute (`data`)  - enhanced for lazy-loading? - false
[2021-08-02 23:31:48] - Processing attribute `needCorrecao` : value = true
[2021-08-02 23:31:48] - Attribute (`needCorrecao`)  - enhanced for lazy-loading? - false
[2021-08-02 23:31:48] - Processing attribute `ordemDeCorrecao` : value = NOT NULL COLLECTION
[2021-08-02 23:31:48] - Attribute (`ordemDeCorrecao`)  - enhanced for lazy-loading? - false
[2021-08-02 23:31:48] - Processing attribute `parametro` : value = 2
[2021-08-02 23:31:48] - Attribute (`parametro`)  - enhanced for lazy-loading? - false
[2021-08-02 23:31:48] - Processing attribute `resultado` : value = 5.31
[2021-08-02 23:31:48] - Attribute (`resultado`)  - enhanced for lazy-loading? - false
[2021-08-02 23:31:48] - Done materializing entity [com.bluebudy.SCQ.domain.Analise#118]
[2021-08-02 23:31:48] - Resolving attributes for [com.bluebudy.SCQ.domain.Analise#119]
[2021-08-02 23:31:48] - Processing attribute `analista` : value = Beatriz
[2021-08-02 23:31:48] - Attribute (`analista`)  - enhanced for lazy-loading? - false
[2021-08-02 23:31:48] - Processing attribute `data` : value = 2021-03-12 14:34:21.0
[2021-08-02 23:31:48] - Attribute (`data`)  - enhanced for lazy-loading? - false
[2021-08-02 23:31:48] - Processing attribute `needCorrecao` : value = true
[2021-08-02 23:31:48] - Attribute (`needCorrecao`)  - enhanced for lazy-loading? - false
[2021-08-02 23:31:48] - Processing attribute `ordemDeCorrecao` : value = NOT NULL COLLECTION
[2021-08-02 23:31:48] - Attribute (`ordemDeCorrecao`)  - enhanced for lazy-loading? - false
[2021-08-02 23:31:48] - Processing attribute `parametro` : value = 2
[2021-08-02 23:31:48] - Attribute (`parametro`)  - enhanced for lazy-loading? - false
[2021-08-02 23:31:48] - Processing attribute `resultado` : value = 4.838
[2021-08-02 23:31:48] - Attribute (`resultado`)  - enhanced for lazy-loading? - false
[2021-08-02 23:31:48] - Done materializing entity [com.bluebudy.SCQ.domain.Analise#119]
[2021-08-02 23:31:48] - Resolving attributes for [com.bluebudy.SCQ.domain.Analise#120]
[2021-08-02 23:31:48] - Processing attribute `analista` : value = Beatriz
[2021-08-02 23:31:48] - Attribute (`analista`)  - enhanced for lazy-loading? - false
[2021-08-02 23:31:48] - Processing attribute `data` : value = 2021-03-15 14:34:52.0
[2021-08-02 23:31:48] - Attribute (`data`)  - enhanced for lazy-loading? - false
[2021-08-02 23:31:48] - Processing attribute `needCorrecao` : value = true
[2021-08-02 23:31:48] - Attribute (`needCorrecao`)  - enhanced for lazy-loading? - false
[2021-08-02 23:31:48] - Processing attribute `ordemDeCorrecao` : value = NOT NULL COLLECTION
[2021-08-02 23:31:48] - Attribute (`ordemDeCorrecao`)  - enhanced for lazy-loading? - false
[2021-08-02 23:31:48] - Processing attribute `parametro` : value = 2
[2021-08-02 23:31:48] - Attribute (`parametro`)  - enhanced for lazy-loading? - false
[2021-08-02 23:31:48] - Processing attribute `resultado` : value = 4.838
[2021-08-02 23:31:48] - Attribute (`resultado`)  - enhanced for lazy-loading? - false
[2021-08-02 23:31:48] - Done materializing entity [com.bluebudy.SCQ.domain.Analise#120]
[2021-08-02 23:31:48] - Resolving attributes for [com.bluebudy.SCQ.domain.Analise#121]
[2021-08-02 23:31:48] - Processing attribute `analista` : value = Beatriz
[2021-08-02 23:31:48] - Attribute (`analista`)  - enhanced for lazy-loading? - false
[2021-08-02 23:31:48] - Processing attribute `data` : value = 2021-03-16 14:36:05.0
[2021-08-02 23:31:48] - Attribute (`data`)  - enhanced for lazy-loading? - false
[2021-08-02 23:31:48] - Processing attribute `needCorrecao` : value = true
[2021-08-02 23:31:48] - Attribute (`needCorrecao`)  - enhanced for lazy-loading? - false
[2021-08-02 23:31:48] - Processing attribute `ordemDeCorrecao` : value = NOT NULL COLLECTION
[2021-08-02 23:31:48] - Attribute (`ordemDeCorrecao`)  - enhanced for lazy-loading? - false
[2021-08-02 23:31:48] - Processing attribute `parametro` : value = 2
[2021-08-02 23:31:48] - Attribute (`parametro`)  - enhanced for lazy-loading? - false
[2021-08-02 23:31:48] - Processing attribute `resultado` : value = 5.133
[2021-08-02 23:31:48] - Attribute (`resultado`)  - enhanced for lazy-loading? - false
[2021-08-02 23:31:48] - Done materializing entity [com.bluebudy.SCQ.domain.Analise#121]
[2021-08-02 23:31:48] - Resolving attributes for [com.bluebudy.SCQ.domain.Analise#122]
[2021-08-02 23:31:48] - Processing attribute `analista` : value = Beatriz
[2021-08-02 23:31:48] - Attribute (`analista`)  - enhanced for lazy-loading? - false
[2021-08-02 23:31:48] - Processing attribute `data` : value = 2021-03-17 14:36:34.0
[2021-08-02 23:31:48] - Attribute (`data`)  - enhanced for lazy-loading? - false
[2021-08-02 23:31:48] - Processing attribute `needCorrecao` : value = true
[2021-08-02 23:31:48] - Attribute (`needCorrecao`)  - enhanced for lazy-loading? - false
[2021-08-02 23:31:48] - Processing attribute `ordemDeCorrecao` : value = NOT NULL COLLECTION
[2021-08-02 23:31:48] - Attribute (`ordemDeCorrecao`)  - enhanced for lazy-loading? - false
[2021-08-02 23:31:48] - Processing attribute `parametro` : value = 2
[2021-08-02 23:31:48] - Attribute (`parametro`)  - enhanced for lazy-loading? - false
[2021-08-02 23:31:48] - Processing attribute `resultado` : value = 5.369
[2021-08-02 23:31:48] - Attribute (`resultado`)  - enhanced for lazy-loading? - false
[2021-08-02 23:31:48] - Done materializing entity [com.bluebudy.SCQ.domain.Analise#122]
[2021-08-02 23:31:48] - Resolving attributes for [com.bluebudy.SCQ.domain.Analise#123]
[2021-08-02 23:31:48] - Processing attribute `analista` : value = Beatriz
[2021-08-02 23:31:48] - Attribute (`analista`)  - enhanced for lazy-loading? - false
[2021-08-02 23:31:48] - Processing attribute `data` : value = 2021-03-18 14:37:00.0
[2021-08-02 23:31:48] - Attribute (`data`)  - enhanced for lazy-loading? - false
[2021-08-02 23:31:48] - Processing attribute `needCorrecao` : value = true
[2021-08-02 23:31:48] - Attribute (`needCorrecao`)  - enhanced for lazy-loading? - false
[2021-08-02 23:31:48] - Processing attribute `ordemDeCorrecao` : value = NOT NULL COLLECTION
[2021-08-02 23:31:48] - Attribute (`ordemDeCorrecao`)  - enhanced for lazy-loading? - false
[2021-08-02 23:31:48] - Processing attribute `parametro` : value = 2
[2021-08-02 23:31:48] - Attribute (`parametro`)  - enhanced for lazy-loading? - false
[2021-08-02 23:31:48] - Processing attribute `resultado` : value = 5.133
[2021-08-02 23:31:48] - Attribute (`resultado`)  - enhanced for lazy-loading? - false
[2021-08-02 23:31:48] - Done materializing entity [com.bluebudy.SCQ.domain.Analise#123]
[2021-08-02 23:31:48] - Resolving attributes for [com.bluebudy.SCQ.domain.Analise#124]
[2021-08-02 23:31:48] - Processing attribute `analista` : value = Beatriz
[2021-08-02 23:31:48] - Attribute (`analista`)  - enhanced for lazy-loading? - false
[2021-08-02 23:31:48] - Processing attribute `data` : value = 2021-03-19 14:38:00.0
[2021-08-02 23:31:48] - Attribute (`data`)  - enhanced for lazy-loading? - false
[2021-08-02 23:31:48] - Processing attribute `needCorrecao` : value = true
[2021-08-02 23:31:48] - Attribute (`needCorrecao`)  - enhanced for lazy-loading? - false
[2021-08-02 23:31:48] - Processing attribute `ordemDeCorrecao` : value = NOT NULL COLLECTION
[2021-08-02 23:31:48] - Attribute (`ordemDeCorrecao`)  - enhanced for lazy-loading? - false
[2021-08-02 23:31:48] - Processing attribute `parametro` : value = 2
[2021-08-02 23:31:48] - Attribute (`parametro`)  - enhanced for lazy-loading? - false
[2021-08-02 23:31:48] - Processing attribute `resultado` : value = 5.074
[2021-08-02 23:31:48] - Attribute (`resultado`)  - enhanced for lazy-loading? - false
[2021-08-02 23:31:48] - Done materializing entity [com.bluebudy.SCQ.domain.Analise#124]
[2021-08-02 23:31:48] - Resolving attributes for [com.bluebudy.SCQ.domain.Analise#125]
[2021-08-02 23:31:48] - Processing attribute `analista` : value = Beatriz
[2021-08-02 23:31:48] - Attribute (`analista`)  - enhanced for lazy-loading? - false
[2021-08-02 23:31:48] - Processing attribute `data` : value = 2021-03-22 14:39:03.0
[2021-08-02 23:31:48] - Attribute (`data`)  - enhanced for lazy-loading? - false
[2021-08-02 23:31:48] - Processing attribute `needCorrecao` : value = true
[2021-08-02 23:31:48] - Attribute (`needCorrecao`)  - enhanced for lazy-loading? - false
[2021-08-02 23:31:48] - Processing attribute `ordemDeCorrecao` : value = NOT NULL COLLECTION
[2021-08-02 23:31:48] - Attribute (`ordemDeCorrecao`)  - enhanced for lazy-loading? - false
[2021-08-02 23:31:48] - Processing attribute `parametro` : value = 2
[2021-08-02 23:31:48] - Attribute (`parametro`)  - enhanced for lazy-loading? - false
[2021-08-02 23:31:48] - Processing attribute `resultado` : value = 4.897
[2021-08-02 23:31:48] - Attribute (`resultado`)  - enhanced for lazy-loading? - false
[2021-08-02 23:31:48] - Done materializing entity [com.bluebudy.SCQ.domain.Analise#125]
[2021-08-02 23:31:48] - Resolving attributes for [com.bluebudy.SCQ.domain.Analise#126]
[2021-08-02 23:31:48] - Processing attribute `analista` : value = Beatriz
[2021-08-02 23:31:48] - Attribute (`analista`)  - enhanced for lazy-loading? - false
[2021-08-02 23:31:48] - Processing attribute `data` : value = 2021-03-23 14:39:32.0
[2021-08-02 23:31:48] - Attribute (`data`)  - enhanced for lazy-loading? - false
[2021-08-02 23:31:48] - Processing attribute `needCorrecao` : value = true
[2021-08-02 23:31:48] - Attribute (`needCorrecao`)  - enhanced for lazy-loading? - false
[2021-08-02 23:31:48] - Processing attribute `ordemDeCorrecao` : value = NOT NULL COLLECTION
[2021-08-02 23:31:48] - Attribute (`ordemDeCorrecao`)  - enhanced for lazy-loading? - false
[2021-08-02 23:31:48] - Processing attribute `parametro` : value = 2
[2021-08-02 23:31:48] - Attribute (`parametro`)  - enhanced for lazy-loading? - false
[2021-08-02 23:31:48] - Processing attribute `resultado` : value = 5.31
[2021-08-02 23:31:48] - Attribute (`resultado`)  - enhanced for lazy-loading? - false
[2021-08-02 23:31:48] - Done materializing entity [com.bluebudy.SCQ.domain.Analise#126]
[2021-08-02 23:31:48] - Resolving attributes for [com.bluebudy.SCQ.domain.Analise#127]
[2021-08-02 23:31:48] - Processing attribute `analista` : value = Beatriz
[2021-08-02 23:31:48] - Attribute (`analista`)  - enhanced for lazy-loading? - false
[2021-08-02 23:31:48] - Processing attribute `data` : value = 2021-03-24 14:40:18.881
[2021-08-02 23:31:48] - Attribute (`data`)  - enhanced for lazy-loading? - false
[2021-08-02 23:31:48] - Processing attribute `needCorrecao` : value = true
[2021-08-02 23:31:48] - Attribute (`needCorrecao`)  - enhanced for lazy-loading? - false
[2021-08-02 23:31:48] - Processing attribute `ordemDeCorrecao` : value = NOT NULL COLLECTION
[2021-08-02 23:31:48] - Attribute (`ordemDeCorrecao`)  - enhanced for lazy-loading? - false
[2021-08-02 23:31:48] - Processing attribute `parametro` : value = 2
[2021-08-02 23:31:48] - Attribute (`parametro`)  - enhanced for lazy-loading? - false
[2021-08-02 23:31:48] - Processing attribute `resultado` : value = 5.251
[2021-08-02 23:31:48] - Attribute (`resultado`)  - enhanced for lazy-loading? - false
[2021-08-02 23:31:48] - Done materializing entity [com.bluebudy.SCQ.domain.Analise#127]
[2021-08-02 23:31:48] - Resolving attributes for [com.bluebudy.SCQ.domain.Analise#185]
[2021-08-02 23:31:48] - Processing attribute `analista` : value = Beatriz
[2021-08-02 23:31:48] - Attribute (`analista`)  - enhanced for lazy-loading? - false
[2021-08-02 23:31:48] - Processing attribute `data` : value = 2021-03-25 14:28:33.595
[2021-08-02 23:31:48] - Attribute (`data`)  - enhanced for lazy-loading? - false
[2021-08-02 23:31:48] - Processing attribute `needCorrecao` : value = false
[2021-08-02 23:31:48] - Attribute (`needCorrecao`)  - enhanced for lazy-loading? - false
[2021-08-02 23:31:48] - Processing attribute `ordemDeCorrecao` : value = NOT NULL COLLECTION
[2021-08-02 23:31:48] - Attribute (`ordemDeCorrecao`)  - enhanced for lazy-loading? - false
[2021-08-02 23:31:48] - Processing attribute `parametro` : value = 2
[2021-08-02 23:31:48] - Attribute (`parametro`)  - enhanced for lazy-loading? - false
[2021-08-02 23:31:48] - Processing attribute `resultado` : value = 5.428
[2021-08-02 23:31:48] - Attribute (`resultado`)  - enhanced for lazy-loading? - false
[2021-08-02 23:31:48] - Done materializing entity [com.bluebudy.SCQ.domain.Analise#185]
[2021-08-02 23:31:48] - Resolving attributes for [com.bluebudy.SCQ.domain.Analise#187]
[2021-08-02 23:31:48] - Processing attribute `analista` : value = Beatriz
[2021-08-02 23:31:48] - Attribute (`analista`)  - enhanced for lazy-loading? - false
[2021-08-02 23:31:48] - Processing attribute `data` : value = 2021-03-26 09:56:56.158
[2021-08-02 23:31:48] - Attribute (`data`)  - enhanced for lazy-loading? - false
[2021-08-02 23:31:48] - Processing attribute `needCorrecao` : value = true
[2021-08-02 23:31:48] - Attribute (`needCorrecao`)  - enhanced for lazy-loading? - false
[2021-08-02 23:31:48] - Processing attribute `ordemDeCorrecao` : value = NOT NULL COLLECTION
[2021-08-02 23:31:48] - Attribute (`ordemDeCorrecao`)  - enhanced for lazy-loading? - false
[2021-08-02 23:31:48] - Processing attribute `parametro` : value = 2
[2021-08-02 23:31:48] - Attribute (`parametro`)  - enhanced for lazy-loading? - false
[2021-08-02 23:31:48] - Processing attribute `resultado` : value = 5.251
[2021-08-02 23:31:48] - Attribute (`resultado`)  - enhanced for lazy-loading? - false
[2021-08-02 23:31:48] - Done materializing entity [com.bluebudy.SCQ.domain.Analise#187]
[2021-08-02 23:31:48] - Resolving attributes for [com.bluebudy.SCQ.domain.Analise#204]
[2021-08-02 23:31:48] - Processing attribute `analista` : value = Beatriz
[2021-08-02 23:31:48] - Attribute (`analista`)  - enhanced for lazy-loading? - false
[2021-08-02 23:31:48] - Processing attribute `data` : value = 2021-03-29 17:08:21.0
[2021-08-02 23:31:48] - Attribute (`data`)  - enhanced for lazy-loading? - false
[2021-08-02 23:31:48] - Processing attribute `needCorrecao` : value = true
[2021-08-02 23:31:48] - Attribute (`needCorrecao`)  - enhanced for lazy-loading? - false
[2021-08-02 23:31:48] - Processing attribute `ordemDeCorrecao` : value = NOT NULL COLLECTION
[2021-08-02 23:31:48] - Attribute (`ordemDeCorrecao`)  - enhanced for lazy-loading? - false
[2021-08-02 23:31:48] - Processing attribute `parametro` : value = 2
[2021-08-02 23:31:48] - Attribute (`parametro`)  - enhanced for lazy-loading? - false
[2021-08-02 23:31:48] - Processing attribute `resultado` : value = 5.192
[2021-08-02 23:31:48] - Attribute (`resultado`)  - enhanced for lazy-loading? - false
[2021-08-02 23:31:48] - Done materializing entity [com.bluebudy.SCQ.domain.Analise#204]
[2021-08-02 23:31:48] - Resolving attributes for [com.bluebudy.SCQ.domain.Analise#205]
[2021-08-02 23:31:48] - Processing attribute `analista` : value = Beatriz
[2021-08-02 23:31:48] - Attribute (`analista`)  - enhanced for lazy-loading? - false
[2021-08-02 23:31:48] - Processing attribute `data` : value = 2021-03-30 17:09:02.0
[2021-08-02 23:31:48] - Attribute (`data`)  - enhanced for lazy-loading? - false
[2021-08-02 23:31:48] - Processing attribute `needCorrecao` : value = true
[2021-08-02 23:31:48] - Attribute (`needCorrecao`)  - enhanced for lazy-loading? - false
[2021-08-02 23:31:48] - Processing attribute `ordemDeCorrecao` : value = NOT NULL COLLECTION
[2021-08-02 23:31:48] - Attribute (`ordemDeCorrecao`)  - enhanced for lazy-loading? - false
[2021-08-02 23:31:48] - Processing attribute `parametro` : value = 2
[2021-08-02 23:31:48] - Attribute (`parametro`)  - enhanced for lazy-loading? - false
[2021-08-02 23:31:48] - Processing attribute `resultado` : value = 5.133
[2021-08-02 23:31:48] - Attribute (`resultado`)  - enhanced for lazy-loading? - false
[2021-08-02 23:31:48] - Done materializing entity [com.bluebudy.SCQ.domain.Analise#205]
[2021-08-02 23:31:48] - Resolving attributes for [com.bluebudy.SCQ.domain.Analise#206]
[2021-08-02 23:31:48] - Processing attribute `analista` : value = Beatriz
[2021-08-02 23:31:48] - Attribute (`analista`)  - enhanced for lazy-loading? - false
[2021-08-02 23:31:48] - Processing attribute `data` : value = 2021-03-31 17:09:26.0
[2021-08-02 23:31:48] - Attribute (`data`)  - enhanced for lazy-loading? - false
[2021-08-02 23:31:48] - Processing attribute `needCorrecao` : value = true
[2021-08-02 23:31:48] - Attribute (`needCorrecao`)  - enhanced for lazy-loading? - false
[2021-08-02 23:31:48] - Processing attribute `ordemDeCorrecao` : value = NOT NULL COLLECTION
[2021-08-02 23:31:48] - Attribute (`ordemDeCorrecao`)  - enhanced for lazy-loading? - false
[2021-08-02 23:31:48] - Processing attribute `parametro` : value = 2
[2021-08-02 23:31:48] - Attribute (`parametro`)  - enhanced for lazy-loading? - false
[2021-08-02 23:31:48] - Processing attribute `resultado` : value = 5.31
[2021-08-02 23:31:48] - Attribute (`resultado`)  - enhanced for lazy-loading? - false
[2021-08-02 23:31:48] - Done materializing entity [com.bluebudy.SCQ.domain.Analise#206]
[2021-08-02 23:31:48] - Resolving attributes for [com.bluebudy.SCQ.domain.Analise#207]
[2021-08-02 23:31:48] - Processing attribute `analista` : value = Beatriz
[2021-08-02 23:31:48] - Attribute (`analista`)  - enhanced for lazy-loading? - false
[2021-08-02 23:31:48] - Processing attribute `data` : value = 2021-04-01 17:09:47.0
[2021-08-02 23:31:48] - Attribute (`data`)  - enhanced for lazy-loading? - false
[2021-08-02 23:31:48] - Processing attribute `needCorrecao` : value = true
[2021-08-02 23:31:48] - Attribute (`needCorrecao`)  - enhanced for lazy-loading? - false
[2021-08-02 23:31:48] - Processing attribute `ordemDeCorrecao` : value = NOT NULL COLLECTION
[2021-08-02 23:31:48] - Attribute (`ordemDeCorrecao`)  - enhanced for lazy-loading? - false
[2021-08-02 23:31:48] - Processing attribute `parametro` : value = 2
[2021-08-02 23:31:48] - Attribute (`parametro`)  - enhanced for lazy-loading? - false
[2021-08-02 23:31:48] - Processing attribute `resultado` : value = 5.251
[2021-08-02 23:31:48] - Attribute (`resultado`)  - enhanced for lazy-loading? - false
[2021-08-02 23:31:48] - Done materializing entity [com.bluebudy.SCQ.domain.Analise#207]
[2021-08-02 23:31:48] - Resolving attributes for [com.bluebudy.SCQ.domain.Analise#208]
[2021-08-02 23:31:48] - Processing attribute `analista` : value = Beatriz
[2021-08-02 23:31:48] - Attribute (`analista`)  - enhanced for lazy-loading? - false
[2021-08-02 23:31:48] - Processing attribute `data` : value = 2021-04-05 17:10:10.0
[2021-08-02 23:31:48] - Attribute (`data`)  - enhanced for lazy-loading? - false
[2021-08-02 23:31:48] - Processing attribute `needCorrecao` : value = true
[2021-08-02 23:31:48] - Attribute (`needCorrecao`)  - enhanced for lazy-loading? - false
[2021-08-02 23:31:48] - Processing attribute `ordemDeCorrecao` : value = NOT NULL COLLECTION
[2021-08-02 23:31:48] - Attribute (`ordemDeCorrecao`)  - enhanced for lazy-loading? - false
[2021-08-02 23:31:48] - Processing attribute `parametro` : value = 2
[2021-08-02 23:31:48] - Preparing collection initializer : [com.bluebudy.SCQ.domain.OrdemDeCorrecao.adicoes#1]
[2021-08-02 23:31:48] - Attribute (`parametro`)  - enhanced for lazy-loading? - false
[2021-08-02 23:31:48] - Processing attribute `resultado` : value = 5.192
[2021-08-02 23:31:48] - Attribute (`resultado`)  - enhanced for lazy-loading? - false
[2021-08-02 23:31:48] - Done materializing entity [com.bluebudy.SCQ.domain.Analise#208]
[2021-08-02 23:31:48] - Resolving attributes for [com.bluebudy.SCQ.domain.Analise#209]
[2021-08-02 23:31:48] - Processing attribute `analista` : value = Beatriz
[2021-08-02 23:31:48] - Attribute (`analista`)  - enhanced for lazy-loading? - false
[2021-08-02 23:31:48] - Processing attribute `data` : value = 2021-04-06 17:10:36.0
[2021-08-02 23:31:48] - Attribute (`data`)  - enhanced for lazy-loading? - false
[2021-08-02 23:31:48] - Processing attribute `needCorrecao` : value = true
[2021-08-02 23:31:48] - Attribute (`needCorrecao`)  - enhanced for lazy-loading? - false
[2021-08-02 23:31:48] - Processing attribute `ordemDeCorrecao` : value = NOT NULL COLLECTION
[2021-08-02 23:31:48] - Attribute (`ordemDeCorrecao`)  - enhanced for lazy-loading? - false
[2021-08-02 23:31:48] - Processing attribute `parametro` : value = 2
[2021-08-02 23:31:48] - Attribute (`parametro`)  - enhanced for lazy-loading? - false
[2021-08-02 23:31:48] - Processing attribute `resultado` : value = 5.369
[2021-08-02 23:31:48] - Attribute (`resultado`)  - enhanced for lazy-loading? - false
[2021-08-02 23:31:48] - Done materializing entity [com.bluebudy.SCQ.domain.Analise#209]
[2021-08-02 23:31:48] - Resolving attributes for [com.bluebudy.SCQ.domain.Analise#210]
[2021-08-02 23:31:48] - Processing attribute `analista` : value = Beatriz
[2021-08-02 23:31:48] - Attribute (`analista`)  - enhanced for lazy-loading? - false
[2021-08-02 23:31:48] - Processing attribute `data` : value = 2021-04-08 17:11:10.0
[2021-08-02 23:31:48] - Attribute (`data`)  - enhanced for lazy-loading? - false
[2021-08-02 23:31:48] - Processing attribute `needCorrecao` : value = true
[2021-08-02 23:31:48] - Attribute (`needCorrecao`)  - enhanced for lazy-loading? - false
[2021-08-02 23:31:48] - Processing attribute `ordemDeCorrecao` : value = NOT NULL COLLECTION
[2021-08-02 23:31:48] - Attribute (`ordemDeCorrecao`)  - enhanced for lazy-loading? - false
[2021-08-02 23:31:48] - Processing attribute `parametro` : value = 2
[2021-08-02 23:31:48] - Attribute (`parametro`)  - enhanced for lazy-loading? - false
[2021-08-02 23:31:48] - Processing attribute `resultado` : value = 5.251
[2021-08-02 23:31:48] - Attribute (`resultado`)  - enhanced for lazy-loading? - false
[2021-08-02 23:31:48] - Done materializing entity [com.bluebudy.SCQ.domain.Analise#210]
[2021-08-02 23:31:48] - Resolving attributes for [com.bluebudy.SCQ.domain.Analise#211]
[2021-08-02 23:31:48] - Processing attribute `analista` : value = Beatriz
[2021-08-02 23:31:48] - Attribute (`analista`)  - enhanced for lazy-loading? - false
[2021-08-02 23:31:48] - Processing attribute `data` : value = 2021-04-07 17:13:25.0
[2021-08-02 23:31:48] - Attribute (`data`)  - enhanced for lazy-loading? - false
[2021-08-02 23:31:48] - Found row of collection: [com.bluebudy.SCQ.domain.OrdemDeCorrecao.adicoes#1]
[2021-08-02 23:31:48] - Processing attribute `needCorrecao` : value = true
[2021-08-02 23:31:48] - Attribute (`needCorrecao`)  - enhanced for lazy-loading? - false
[2021-08-02 23:31:48] - Processing attribute `ordemDeCorrecao` : value = NOT NULL COLLECTION
[2021-08-02 23:31:48] - Attribute (`ordemDeCorrecao`)  - enhanced for lazy-loading? - false
[2021-08-02 23:31:48] - Processing attribute `parametro` : value = 2
[2021-08-02 23:31:48] - Attribute (`parametro`)  - enhanced for lazy-loading? - false
[2021-08-02 23:31:48] - Processing attribute `resultado` : value = 5.31
[2021-08-02 23:31:48] - Attribute (`resultado`)  - enhanced for lazy-loading? - false
[2021-08-02 23:31:48] - Done materializing entity [com.bluebudy.SCQ.domain.Analise#211]
[2021-08-02 23:31:48] - Resolving attributes for [com.bluebudy.SCQ.domain.Analise#212]
[2021-08-02 23:31:48] - Processing attribute `analista` : value = Beatriz
[2021-08-02 23:31:48] - Attribute (`analista`)  - enhanced for lazy-loading? - false
[2021-08-02 23:31:48] - Processing attribute `data` : value = 2021-04-09 17:14:28.0
[2021-08-02 23:31:48] - Attribute (`data`)  - enhanced for lazy-loading? - false
[2021-08-02 23:31:48] - Processing attribute `needCorrecao` : value = true
[2021-08-02 23:31:48] - Attribute (`needCorrecao`)  - enhanced for lazy-loading? - false
[2021-08-02 23:31:48] - Processing attribute `ordemDeCorrecao` : value = NOT NULL COLLECTION
[2021-08-02 23:31:48] - Attribute (`ordemDeCorrecao`)  - enhanced for lazy-loading? - false
[2021-08-02 23:31:48] - Processing attribute `parametro` : value = 2
[2021-08-02 23:31:48] - Attribute (`parametro`)  - enhanced for lazy-loading? - false
[2021-08-02 23:31:48] - Processing attribute `resultado` : value = 5.074
[2021-08-02 23:31:48] - Attribute (`resultado`)  - enhanced for lazy-loading? - false
[2021-08-02 23:31:48] - Done materializing entity [com.bluebudy.SCQ.domain.Analise#212]
[2021-08-02 23:31:48] - Resolving attributes for [com.bluebudy.SCQ.domain.Analise#213]
[2021-08-02 23:31:48] - Processing attribute `analista` : value = Beatriz
[2021-08-02 23:31:48] - Attribute (`analista`)  - enhanced for lazy-loading? - false
[2021-08-02 23:31:48] - Processing attribute `data` : value = 2021-04-12 17:14:57.0
[2021-08-02 23:31:48] - Attribute (`data`)  - enhanced for lazy-loading? - false
[2021-08-02 23:31:48] - Processing attribute `needCorrecao` : value = true
[2021-08-02 23:31:48] - Attribute (`needCorrecao`)  - enhanced for lazy-loading? - false
[2021-08-02 23:31:48] - Processing attribute `ordemDeCorrecao` : value = NOT NULL COLLECTION
[2021-08-02 23:31:48] - Attribute (`ordemDeCorrecao`)  - enhanced for lazy-loading? - false
[2021-08-02 23:31:48] - Processing attribute `parametro` : value = 2
[2021-08-02 23:31:48] - Attribute (`parametro`)  - enhanced for lazy-loading? - false
[2021-08-02 23:31:48] - Processing attribute `resultado` : value = 4.897
[2021-08-02 23:31:48] - Attribute (`resultado`)  - enhanced for lazy-loading? - false
[2021-08-02 23:31:48] - Done materializing entity [com.bluebudy.SCQ.domain.Analise#213]
[2021-08-02 23:31:48] - Resolving attributes for [com.bluebudy.SCQ.domain.Analise#214]
[2021-08-02 23:31:48] - Processing attribute `analista` : value = Beatriz
[2021-08-02 23:31:48] - Attribute (`analista`)  - enhanced for lazy-loading? - false
[2021-08-02 23:31:48] - Processing attribute `data` : value = 2021-04-13 17:15:16.0
[2021-08-02 23:31:48] - Attribute (`data`)  - enhanced for lazy-loading? - false
[2021-08-02 23:31:48] - Processing attribute `needCorrecao` : value = true
[2021-08-02 23:31:48] - Attribute (`needCorrecao`)  - enhanced for lazy-loading? - false
[2021-08-02 23:31:48] - Processing attribute `ordemDeCorrecao` : value = NOT NULL COLLECTION
[2021-08-02 23:31:48] - Attribute (`ordemDeCorrecao`)  - enhanced for lazy-loading? - false
