[2021-08-02 23:28:10] - Creating shared instance of singleton bean 'pathMappedEndpoints'
[2021-08-02 23:28:10] - Autowiring by type from bean name 'pathMappedEndpoints' via factory method to bean named 'servletEndpointDiscoverer'
[2021-08-02 23:28:10] - Autowiring by type from bean name 'pathMappedEndpoints' via factory method to bean named 'webEndpointDiscoverer'
[2021-08-02 23:28:10] - Autowiring by type from bean name 'pathMappedEndpoints' via factory method to bean named 'controllerEndpointDiscoverer'
[2021-08-02 23:28:10] - Creating shared instance of singleton bean 'org.springframework.boot.actuate.autoconfigure.metrics.CompositeMeterRegistryAutoConfiguration'
[2021-08-02 23:28:10] - Creating shared instance of singleton bean 'org.springframework.boot.actuate.autoconfigure.metrics.jdbc.DataSourcePoolMetricsAutoConfiguration$HikariDataSourceMetricsConfiguration'
[2021-08-02 23:28:10] - Autowiring by type from bean name 'org.springframework.boot.actuate.autoconfigure.metrics.jdbc.DataSourcePoolMetricsAutoConfiguration$HikariDataSourceMetricsConfiguration' via constructor to bean named 'simpleMeterRegistry'
[2021-08-02 23:28:10] - Creating shared instance of singleton bean 'org.springframework.boot.actuate.autoconfigure.metrics.jdbc.DataSourcePoolMetricsAutoConfiguration$DataSourcePoolMetadataMetricsConfiguration'
[2021-08-02 23:28:10] - Creating shared instance of singleton bean 'org.springframework.boot.actuate.autoconfigure.metrics.jdbc.DataSourcePoolMetricsAutoConfiguration'
[2021-08-02 23:28:10] - Creating shared instance of singleton bean 'org.springframework.boot.actuate.autoconfigure.metrics.orm.jpa.HibernateMetricsAutoConfiguration'
[2021-08-02 23:28:10] - Creating shared instance of singleton bean 'org.springframework.boot.autoconfigure.http.JacksonHttpMessageConvertersConfiguration'
[2021-08-02 23:28:10] - Creating shared instance of singleton bean 'org.springframework.boot.autoconfigure.web.client.RestTemplateAutoConfiguration'
[2021-08-02 23:28:10] - Creating shared instance of singleton bean 'restTemplateBuilder'
[2021-08-02 23:28:10] - Creating shared instance of singleton bean 'metricsRestTemplateCustomizer'
[2021-08-02 23:28:10] - Creating shared instance of singleton bean 'org.springframework.boot.actuate.autoconfigure.metrics.web.client.RestTemplateMetricsConfiguration'
[2021-08-02 23:28:10] - Creating shared instance of singleton bean 'restTemplateExchangeTagsProvider'
[2021-08-02 23:28:10] - Autowiring by type from bean name 'metricsRestTemplateCustomizer' via factory method to bean named 'simpleMeterRegistry'
[2021-08-02 23:28:10] - Autowiring by type from bean name 'metricsRestTemplateCustomizer' via factory method to bean named 'restTemplateExchangeTagsProvider'
[2021-08-02 23:28:10] - Autowiring by type from bean name 'metricsRestTemplateCustomizer' via factory method to bean named 'management.metrics-org.springframework.boot.actuate.autoconfigure.metrics.MetricsProperties'
[2021-08-02 23:28:10] - Creating shared instance of singleton bean 'org.springframework.boot.actuate.autoconfigure.metrics.web.tomcat.TomcatMetricsAutoConfiguration'
[2021-08-02 23:28:10] - Creating shared instance of singleton bean 'tomcatMetricsBinder'
[2021-08-02 23:28:10] - Autowiring by type from bean name 'tomcatMetricsBinder' via factory method to bean named 'simpleMeterRegistry'
[2021-08-02 23:28:10] - Creating shared instance of singleton bean 'org.springframework.boot.autoconfigure.security.oauth2.resource.servlet.OAuth2ResourceServerAutoConfiguration'
[2021-08-02 23:28:10] - Creating shared instance of singleton bean 'spring.security.oauth2.resourceserver-org.springframework.boot.autoconfigure.security.oauth2.resource.OAuth2ResourceServerProperties'
[2021-08-02 23:28:10] - Creating shared instance of singleton bean 'org.springframework.boot.actuate.autoconfigure.web.mappings.MappingsEndpointAutoConfiguration$ServletWebConfiguration$SpringMvcConfiguration'
[2021-08-02 23:28:10] - Creating shared instance of singleton bean 'dispatcherServletMappingDescriptionProvider'
[2021-08-02 23:28:10] - Creating shared instance of singleton bean 'org.springframework.boot.actuate.autoconfigure.web.mappings.MappingsEndpointAutoConfiguration$ServletWebConfiguration'
[2021-08-02 23:28:10] - Creating shared instance of singleton bean 'servletMappingDescriptionProvider'
[2021-08-02 23:28:10] - Creating shared instance of singleton bean 'filterMappingDescriptionProvider'
[2021-08-02 23:28:10] - Creating shared instance of singleton bean 'org.springframework.boot.actuate.autoconfigure.web.mappings.MappingsEndpointAutoConfiguration'
[2021-08-02 23:28:10] - Creating shared instance of singleton bean 'org.springframework.boot.autoconfigure.aop.AopAutoConfiguration$AspectJAutoProxyingConfiguration$CglibAutoProxyConfiguration'
[2021-08-02 23:28:10] - Creating shared instance of singleton bean 'org.springframework.boot.autoconfigure.aop.AopAutoConfiguration$AspectJAutoProxyingConfiguration'
[2021-08-02 23:28:10] - Creating shared instance of singleton bean 'org.springframework.boot.autoconfigure.aop.AopAutoConfiguration'
[2021-08-02 23:28:10] - Creating shared instance of singleton bean 'org.springframework.boot.autoconfigure.context.ConfigurationPropertiesAutoConfiguration'
[2021-08-02 23:28:10] - Creating shared instance of singleton bean 'org.springframework.boot.autoconfigure.dao.PersistenceExceptionTranslationAutoConfiguration'
[2021-08-02 23:28:10] - Creating shared instance of singleton bean 'org.springframework.boot.autoconfigure.data.jpa.JpaRepositoriesAutoConfiguration'
[2021-08-02 23:28:10] - Creating shared instance of singleton bean 'org.springframework.data.jpa.util.JpaMetamodelCacheCleanup'
[2021-08-02 23:28:10] - Creating shared instance of singleton bean 'org.springframework.data.jpa.repository.support.JpaEvaluationContextExtension'
[2021-08-02 23:28:10] - Creating shared instance of singleton bean 'halLinkDisocoverer'
[2021-08-02 23:28:10] - Creating shared instance of singleton bean 'defaultRelProvider'
[2021-08-02 23:28:10] - Creating shared instance of singleton bean 'annotationRelProvider'
[2021-08-02 23:28:10] - Creating shared instance of singleton bean 'linkDiscoverers'
[2021-08-02 23:28:10] - Creating shared instance of singleton bean 'linkDiscovererRegistry'
[2021-08-02 23:28:10] - Autowiring by type from bean name 'linkDiscoverers' via factory method to bean named 'linkDiscovererRegistry'
[2021-08-02 23:28:10] - Creating shared instance of singleton bean 'webMvcEntityLinks'
[2021-08-02 23:28:10] - Creating shared instance of singleton bean 'webMvcLinkBuilderFactory'
[2021-08-02 23:28:10] - Creating shared instance of singleton bean 'org.springframework.hateoas.config.RestTemplateHateoasConfiguration'
[2021-08-02 23:28:10] - Creating shared instance of singleton bean 'repositoryRelProvider'
[2021-08-02 23:28:10] - Creating shared instance of singleton bean 'validatingRepositoryEventListener'
[2021-08-02 23:28:10] - Creating shared instance of singleton bean 'jpaHelper'
[2021-08-02 23:28:10] - Creating shared instance of singleton bean 'repositoryExporterHandlerAdapter'
[2021-08-02 23:28:10] - ControllerAdvice beans: 0 @ModelAttribute, 0 @InitBinder, 0 RequestBodyAdvice, 1 ResponseBodyAdvice
[2021-08-02 23:28:10] - Creating shared instance of singleton bean 'restHandlerMapping'
[2021-08-02 23:28:10] - 27 mappings in <unknown>
[2021-08-02 23:28:10] - 5 mappings in <unknown>
[2021-08-02 23:28:10] - Creating shared instance of singleton bean 'org.springframework.boot.autoconfigure.hateoas.HypermediaHttpMessageConverterConfiguration'
[2021-08-02 23:28:10] - Creating shared instance of singleton bean 'halMessageConverterSupportedMediaTypeCustomizer'
[2021-08-02 23:28:10] - Creating shared instance of singleton bean 'org.springframework.boot.autoconfigure.hateoas.HypermediaAutoConfiguration'
[2021-08-02 23:28:10] - Creating shared instance of singleton bean 'spring.hateoas-org.springframework.boot.autoconfigure.hateoas.HateoasProperties'
[2021-08-02 23:28:10] - Creating shared instance of singleton bean 'org.springframework.boot.autoconfigure.jdbc.JdbcTemplateConfiguration'
[2021-08-02 23:28:10] - Creating shared instance of singleton bean 'jdbcTemplate'
[2021-08-02 23:28:10] - Creating shared instance of singleton bean 'spring.jdbc-org.springframework.boot.autoconfigure.jdbc.JdbcProperties'
[2021-08-02 23:28:10] - Autowiring by type from bean name 'jdbcTemplate' via factory method to bean named 'dataSource'
[2021-08-02 23:28:10] - Autowiring by type from bean name 'jdbcTemplate' via factory method to bean named 'spring.jdbc-org.springframework.boot.autoconfigure.jdbc.JdbcProperties'
[2021-08-02 23:28:10] - Creating shared instance of singleton bean 'org.springframework.boot.autoconfigure.jdbc.NamedParameterJdbcTemplateConfiguration'
[2021-08-02 23:28:10] - Creating shared instance of singleton bean 'namedParameterJdbcTemplate'
[2021-08-02 23:28:10] - Autowiring by type from bean name 'namedParameterJdbcTemplate' via factory method to bean named 'jdbcTemplate'
[2021-08-02 23:28:10] - Creating shared instance of singleton bean 'org.springframework.boot.autoconfigure.jdbc.JdbcTemplateAutoConfiguration'
[2021-08-02 23:28:10] - Creating shared instance of singleton bean 'org.springframework.boot.autoconfigure.task.TaskSchedulingAutoConfiguration'
[2021-08-02 23:28:10] - Creating shared instance of singleton bean 'taskSchedulerBuilder'
[2021-08-02 23:28:10] - Creating shared instance of singleton bean 'spring.task.scheduling-org.springframework.boot.autoconfigure.task.TaskSchedulingProperties'
[2021-08-02 23:28:10] - Autowiring by type from bean name 'taskSchedulerBuilder' via factory method to bean named 'spring.task.scheduling-org.springframework.boot.autoconfigure.task.TaskSchedulingProperties'
[2021-08-02 23:28:10] - Creating shared instance of singleton bean 'org.springframework.boot.autoconfigure.jdbc.DataSourceTransactionManagerAutoConfiguration$DataSourceTransactionManagerConfiguration'
[2021-08-02 23:28:10] - Creating shared instance of singleton bean 'org.springframework.boot.autoconfigure.jdbc.DataSourceTransactionManagerAutoConfiguration'
[2021-08-02 23:28:10] - Creating shared instance of singleton bean 'org.springframework.boot.autoconfigure.transaction.TransactionAutoConfiguration$EnableTransactionManagementConfiguration$CglibAutoProxyConfiguration'
[2021-08-02 23:28:10] - Creating shared instance of singleton bean 'org.springframework.boot.autoconfigure.transaction.TransactionAutoConfiguration$EnableTransactionManagementConfiguration'
[2021-08-02 23:28:10] - Creating shared instance of singleton bean 'org.springframework.boot.autoconfigure.transaction.TransactionAutoConfiguration$TransactionTemplateConfiguration'
[2021-08-02 23:28:10] - Creating shared instance of singleton bean 'transactionTemplate'
[2021-08-02 23:28:10] - Autowiring by type from bean name 'transactionTemplate' via factory method to bean named 'transactionManager'
[2021-08-02 23:28:10] - Creating shared instance of singleton bean 'org.springframework.boot.autoconfigure.web.embedded.EmbeddedWebServerFactoryCustomizerAutoConfiguration'
[2021-08-02 23:28:10] - Creating shared instance of singleton bean 'multipartResolver'
[2021-08-02 23:28:10] - Creating shared instance of singleton bean 'org.springframework.boot.autoconfigure.websocket.servlet.WebSocketMessagingAutoConfiguration'
[2021-08-02 23:28:10] - Creating shared instance of singleton bean 'org.springframework.boot.devtools.autoconfigure.LocalDevToolsAutoConfiguration$RestartConfiguration'
[2021-08-02 23:28:10] - Autowiring by type from bean name 'org.springframework.boot.devtools.autoconfigure.LocalDevToolsAutoConfiguration$RestartConfiguration' via constructor to bean named 'spring.devtools-org.springframework.boot.devtools.autoconfigure.DevToolsProperties'
[2021-08-02 23:28:10] - Creating shared instance of singleton bean 'restartingClassPathChangedEventListener'
[2021-08-02 23:28:10] - Creating shared instance of singleton bean 'fileSystemWatcherFactory'
[2021-08-02 23:28:10] - Autowiring by type from bean name 'restartingClassPathChangedEventListener' via factory method to bean named 'fileSystemWatcherFactory'
[2021-08-02 23:28:10] - Creating shared instance of singleton bean 'classPathFileSystemWatcher'
[2021-08-02 23:28:10] - Creating shared instance of singleton bean 'classPathRestartStrategy'
[2021-08-02 23:28:10] - Autowiring by type from bean name 'classPathFileSystemWatcher' via factory method to bean named 'fileSystemWatcherFactory'
[2021-08-02 23:28:10] - Autowiring by type from bean name 'classPathFileSystemWatcher' via factory method to bean named 'classPathRestartStrategy'
[2021-08-02 23:28:11] - Creating shared instance of singleton bean 'conditionEvaluationDeltaLoggingListener'
[2021-08-02 23:28:11] - Creating shared instance of singleton bean 'org.springframework.boot.devtools.autoconfigure.LocalDevToolsAutoConfiguration'
[2021-08-02 23:28:11] - Creating shared instance of singleton bean 'org.springframework.boot.actuate.autoconfigure.endpoint.web.servlet.WebMvcEndpointManagementContextConfiguration'
[2021-08-02 23:28:11] - Creating shared instance of singleton bean 'webEndpointServletHandlerMapping'
[2021-08-02 23:28:11] - Creating shared instance of singleton bean 'management.endpoints.web.cors-org.springframework.boot.actuate.autoconfigure.endpoint.web.CorsEndpointProperties'
[2021-08-02 23:28:11] - Autowiring by type from bean name 'webEndpointServletHandlerMapping' via factory method to bean named 'webEndpointDiscoverer'
[2021-08-02 23:28:11] - Autowiring by type from bean name 'webEndpointServletHandlerMapping' via factory method to bean named 'servletEndpointDiscoverer'
[2021-08-02 23:28:11] - Autowiring by type from bean name 'webEndpointServletHandlerMapping' via factory method to bean named 'controllerEndpointDiscoverer'
[2021-08-02 23:28:11] - Autowiring by type from bean name 'webEndpointServletHandlerMapping' via factory method to bean named 'endpointMediaTypes'
[2021-08-02 23:28:11] - Autowiring by type from bean name 'webEndpointServletHandlerMapping' via factory method to bean named 'management.endpoints.web.cors-org.springframework.boot.actuate.autoconfigure.endpoint.web.CorsEndpointProperties'
[2021-08-02 23:28:11] - Autowiring by type from bean name 'webEndpointServletHandlerMapping' via factory method to bean named 'management.endpoints.web-org.springframework.boot.actuate.autoconfigure.endpoint.web.WebEndpointProperties'
[2021-08-02 23:28:11] - Autowiring by type from bean name 'webEndpointServletHandlerMapping' via factory method to bean named 'environment'
[2021-08-02 23:28:11] - Exposing 2 endpoint(s) beneath base path '/actuator'
[2021-08-02 23:28:11] - Creating shared instance of singleton bean 'controllerEndpointHandlerMapping'
[2021-08-02 23:28:11] - Autowiring by type from bean name 'controllerEndpointHandlerMapping' via factory method to bean named 'controllerEndpointDiscoverer'
[2021-08-02 23:28:11] - Autowiring by type from bean name 'controllerEndpointHandlerMapping' via factory method to bean named 'management.endpoints.web.cors-org.springframework.boot.actuate.autoconfigure.endpoint.web.CorsEndpointProperties'
[2021-08-02 23:28:11] - Autowiring by type from bean name 'controllerEndpointHandlerMapping' via factory method to bean named 'management.endpoints.web-org.springframework.boot.actuate.autoconfigure.endpoint.web.WebEndpointProperties'
[2021-08-02 23:28:11] - Creating shared instance of singleton bean 'org.springframework.boot.actuate.autoconfigure.security.servlet.SecurityRequestMatchersManagementContextConfiguration$MvcRequestMatcherConfiguration'
[2021-08-02 23:28:11] - Creating shared instance of singleton bean 'requestMatcherProvider'
[2021-08-02 23:28:11] - Autowiring by type from bean name 'requestMatcherProvider' via factory method to bean named 'dispatcherServletRegistration'
[2021-08-02 23:28:11] - Creating shared instance of singleton bean 'org.springframework.boot.actuate.autoconfigure.security.servlet.SecurityRequestMatchersManagementContextConfiguration'
[2021-08-02 23:28:11] - Creating shared instance of singleton bean 'org.springframework.boot.actuate.autoconfigure.web.server.ManagementContextAutoConfiguration$SameManagementContextConfiguration$EnableSameManagementContextConfiguration'
[2021-08-02 23:28:11] - Creating shared instance of singleton bean 'org.springframework.boot.actuate.autoconfigure.web.server.ManagementContextAutoConfiguration$SameManagementContextConfiguration'
[2021-08-02 23:28:11] - Autowiring by type from bean name 'org.springframework.boot.actuate.autoconfigure.web.server.ManagementContextAutoConfiguration$SameManagementContextConfiguration' via constructor to bean named 'environment'
[2021-08-02 23:28:11] - Creating shared instance of singleton bean 'org.springframework.boot.actuate.autoconfigure.web.server.ManagementContextAutoConfiguration'
[2021-08-02 23:28:11] - Creating shared instance of singleton bean 'management.server-org.springframework.boot.actuate.autoconfigure.web.server.ManagementServerProperties'
[2021-08-02 23:28:11] - Eagerly initializing {securityConfig=com.bluebudy.SCQ.SecurityConfig$$EnhancerBySpringCGLIB$$31608870@1447f464}
[2021-08-02 23:28:11] - Starting beans in phase 2147483647
[2021-08-02 23:28:11] - clientOutboundChannel added SubProtocolWebSocketHandler[StompSubProtocolHandler[v10.stomp, v11.stomp, v12.stomp]]
[2021-08-02 23:28:11] - Successfully started bean 'subProtocolWebSocketHandler'
[2021-08-02 23:28:11] - Successfully started bean 'stompWebSocketHandlerMapping'
[2021-08-02 23:28:11] - clientInboundChannel added WebSocketAnnotationMethodMessageHandler[prefixes=[/app/]]
[2021-08-02 23:28:11] - Successfully started bean 'simpAnnotationMethodMessageHandler'
[2021-08-02 23:28:11] - Starting...
[2021-08-02 23:28:11] - clientInboundChannel added SimpleBrokerMessageHandler [DefaultSubscriptionRegistry[cache[0 destination(s)], registry[0 sessions]]]
[2021-08-02 23:28:11] - brokerChannel added SimpleBrokerMessageHandler [DefaultSubscriptionRegistry[cache[0 destination(s)], registry[0 sessions]]]
[2021-08-02 23:28:11] - BrokerAvailabilityEvent[available=true, SimpleBrokerMessageHandler [DefaultSubscriptionRegistry[cache[0 destination(s)], registry[0 sessions]]]]
