[2021-08-02 23:31:47] - Collection found: [com.bluebudy.SCQ.domain.Parametro.analises#7], was: [com.bluebudy.SCQ.domain.Parametro.analises#7] (uninitialized)
[2021-08-02 23:31:47] - Collection found: [com.bluebudy.SCQ.domain.Parametro.analises#8], was: [com.bluebudy.SCQ.domain.Parametro.analises#8] (uninitialized)
[2021-08-02 23:31:47] - Collection found: [com.bluebudy.SCQ.domain.Parametro.analises#9], was: [com.bluebudy.SCQ.domain.Parametro.analises#9] (uninitialized)
[2021-08-02 23:31:47] - Collection found: [com.bluebudy.SCQ.domain.Parametro.analises#10], was: [com.bluebudy.SCQ.domain.Parametro.analises#10] (uninitialized)
[2021-08-02 23:31:47] - Collection found: [com.bluebudy.SCQ.domain.Parametro.analises#11], was: [com.bluebudy.SCQ.domain.Parametro.analises#11] (uninitialized)
[2021-08-02 23:31:47] - Collection found: [com.bluebudy.SCQ.domain.Parametro.analises#12], was: [com.bluebudy.SCQ.domain.Parametro.analises#12] (uninitialized)
[2021-08-02 23:31:47] - Collection found: [com.bluebudy.SCQ.domain.Parametro.analises#19], was: [com.bluebudy.SCQ.domain.Parametro.analises#19] (uninitialized)
[2021-08-02 23:31:47] - Collection found: [com.bluebudy.SCQ.domain.Parametro.analises#23], was: [com.bluebudy.SCQ.domain.Parametro.analises#23] (uninitialized)
[2021-08-02 23:31:47] - Collection found: [com.bluebudy.SCQ.domain.Analise.ordemDeCorrecao#1964], was: [com.bluebudy.SCQ.domain.Analise.ordemDeCorrecao#1964] (uninitialized)
[2021-08-02 23:31:47] - Collection found: [com.bluebudy.SCQ.domain.Analise.ordemDeCorrecao#1962], was: [com.bluebudy.SCQ.domain.Analise.ordemDeCorrecao#1962] (uninitialized)
[2021-08-02 23:31:47] - Collection found: [com.bluebudy.SCQ.domain.Analise.ordemDeCorrecao#1959], was: [com.bluebudy.SCQ.domain.Analise.ordemDeCorrecao#1959] (uninitialized)
[2021-08-02 23:31:47] - Collection found: [com.bluebudy.SCQ.domain.Analise.ordemDeCorrecao#1957], was: [com.bluebudy.SCQ.domain.Analise.ordemDeCorrecao#1957] (uninitialized)
[2021-08-02 23:31:47] - Collection found: [com.bluebudy.SCQ.domain.Analise.ordemDeCorrecao#1073], was: [com.bluebudy.SCQ.domain.Analise.ordemDeCorrecao#1073] (uninitialized)
[2021-08-02 23:31:47] - Collection found: [com.bluebudy.SCQ.domain.Analise.ordemDeCorrecao#1046], was: [com.bluebudy.SCQ.domain.Analise.ordemDeCorrecao#1046] (uninitialized)
[2021-08-02 23:31:47] - Collection found: [com.bluebudy.SCQ.domain.Analise.ordemDeCorrecao#1044], was: [com.bluebudy.SCQ.domain.Analise.ordemDeCorrecao#1044] (uninitialized)
[2021-08-02 23:31:47] - Collection found: [com.bluebudy.SCQ.domain.Analise.ordemDeCorrecao#830], was: [com.bluebudy.SCQ.domain.Analise.ordemDeCorrecao#830] (uninitialized)
[2021-08-02 23:31:47] - Collection found: [com.bluebudy.SCQ.domain.Analise.ordemDeCorrecao#828], was: [com.bluebudy.SCQ.domain.Analise.ordemDeCorrecao#828] (uninitialized)
[2021-08-02 23:31:47] - Collection found: [com.bluebudy.SCQ.domain.Analise.ordemDeCorrecao#826], was: [com.bluebudy.SCQ.domain.Analise.ordemDeCorrecao#826] (uninitialized)
[2021-08-02 23:31:47] - Collection found: [com.bluebudy.SCQ.domain.Analise.ordemDeCorrecao#824], was: [com.bluebudy.SCQ.domain.Analise.ordemDeCorrecao#824] (uninitialized)
[2021-08-02 23:31:47] - Collection found: [com.bluebudy.SCQ.domain.Analise.ordemDeCorrecao#822], was: [com.bluebudy.SCQ.domain.Analise.ordemDeCorrecao#822] (uninitialized)
[2021-08-02 23:31:47] - Collection found: [com.bluebudy.SCQ.domain.Analise.ordemDeCorrecao#820], was: [com.bluebudy.SCQ.domain.Analise.ordemDeCorrecao#820] (uninitialized)
[2021-08-02 23:31:47] - Collection found: [com.bluebudy.SCQ.domain.Analise.ordemDeCorrecao#818], was: [com.bluebudy.SCQ.domain.Analise.ordemDeCorrecao#818] (uninitialized)
[2021-08-02 23:31:47] - Collection found: [com.bluebudy.SCQ.domain.Analise.ordemDeCorrecao#816], was: [com.bluebudy.SCQ.domain.Analise.ordemDeCorrecao#816] (uninitialized)
[2021-08-02 23:31:47] - Collection found: [com.bluebudy.SCQ.domain.Analise.ordemDeCorrecao#814], was: [com.bluebudy.SCQ.domain.Analise.ordemDeCorrecao#814] (uninitialized)
[2021-08-02 23:31:47] - Collection found: [com.bluebudy.SCQ.domain.Analise.ordemDeCorrecao#766], was: [com.bluebudy.SCQ.domain.Analise.ordemDeCorrecao#766] (uninitialized)
[2021-08-02 23:31:47] - Collection found: [com.bluebudy.SCQ.domain.Analise.ordemDeCorrecao#764], was: [com.bluebudy.SCQ.domain.Analise.ordemDeCorrecao#764] (uninitialized)
[2021-08-02 23:31:47] - Collection found: [com.bluebudy.SCQ.domain.Analise.ordemDeCorrecao#762], was: [com.bluebudy.SCQ.domain.Analise.ordemDeCorrecao#762] (uninitialized)
[2021-08-02 23:31:47] - Collection found: [com.bluebudy.SCQ.domain.Analise.ordemDeCorrecao#760], was: [com.bluebudy.SCQ.domain.Analise.ordemDeCorrecao#760] (uninitialized)
[2021-08-02 23:31:47] - Collection found: [com.bluebudy.SCQ.domain.Analise.ordemDeCorrecao#758], was: [com.bluebudy.SCQ.domain.Analise.ordemDeCorrecao#758] (uninitialized)
[2021-08-02 23:31:47] - Collection found: [com.bluebudy.SCQ.domain.Analise.ordemDeCorrecao#756], was: [com.bluebudy.SCQ.domain.Analise.ordemDeCorrecao#756] (uninitialized)
[2021-08-02 23:31:47] - Collection found: [com.bluebudy.SCQ.domain.Analise.ordemDeCorrecao#754], was: [com.bluebudy.SCQ.domain.Analise.ordemDeCorrecao#754] (uninitialized)
[2021-08-02 23:31:47] - Collection found: [com.bluebudy.SCQ.domain.Analise.ordemDeCorrecao#746], was: [com.bluebudy.SCQ.domain.Analise.ordemDeCorrecao#746] (uninitialized)
[2021-08-02 23:31:47] - Collection found: [com.bluebudy.SCQ.domain.Analise.ordemDeCorrecao#744], was: [com.bluebudy.SCQ.domain.Analise.ordemDeCorrecao#744] (uninitialized)
[2021-08-02 23:31:47] - Collection found: [com.bluebudy.SCQ.domain.Analise.ordemDeCorrecao#664], was: [com.bluebudy.SCQ.domain.Analise.ordemDeCorrecao#664] (uninitialized)
[2021-08-02 23:31:47] - Collection found: [com.bluebudy.SCQ.domain.Analise.ordemDeCorrecao#662], was: [com.bluebudy.SCQ.domain.Analise.ordemDeCorrecao#662] (uninitialized)
[2021-08-02 23:31:47] - Collection found: [com.bluebudy.SCQ.domain.Analise.ordemDeCorrecao#660], was: [com.bluebudy.SCQ.domain.Analise.ordemDeCorrecao#660] (uninitialized)
[2021-08-02 23:31:47] - Collection found: [com.bluebudy.SCQ.domain.Analise.ordemDeCorrecao#658], was: [com.bluebudy.SCQ.domain.Analise.ordemDeCorrecao#658] (uninitialized)
[2021-08-02 23:31:47] - Collection found: [com.bluebudy.SCQ.domain.Analise.ordemDeCorrecao#656], was: [com.bluebudy.SCQ.domain.Analise.ordemDeCorrecao#656] (uninitialized)
[2021-08-02 23:31:47] - Collection found: [com.bluebudy.SCQ.domain.Analise.ordemDeCorrecao#654], was: [com.bluebudy.SCQ.domain.Analise.ordemDeCorrecao#654] (uninitialized)
[2021-08-02 23:31:47] - Collection found: [com.bluebudy.SCQ.domain.Analise.ordemDeCorrecao#652], was: [com.bluebudy.SCQ.domain.Analise.ordemDeCorrecao#652] (uninitialized)
[2021-08-02 23:31:47] - Collection found: [com.bluebudy.SCQ.domain.Analise.ordemDeCorrecao#650], was: [com.bluebudy.SCQ.domain.Analise.ordemDeCorrecao#650] (uninitialized)
[2021-08-02 23:31:47] - Collection found: [com.bluebudy.SCQ.domain.Analise.ordemDeCorrecao#648], was: [com.bluebudy.SCQ.domain.Analise.ordemDeCorrecao#648] (uninitialized)
[2021-08-02 23:31:47] - Collection found: [com.bluebudy.SCQ.domain.Analise.ordemDeCorrecao#646], was: [com.bluebudy.SCQ.domain.Analise.ordemDeCorrecao#646] (uninitialized)
[2021-08-02 23:31:47] - Collection found: [com.bluebudy.SCQ.domain.Analise.ordemDeCorrecao#644], was: [com.bluebudy.SCQ.domain.Analise.ordemDeCorrecao#644] (uninitialized)
[2021-08-02 23:31:47] - Collection found: [com.bluebudy.SCQ.domain.Analise.ordemDeCorrecao#642], was: [com.bluebudy.SCQ.domain.Analise.ordemDeCorrecao#642] (uninitialized)
[2021-08-02 23:31:47] - Collection found: [com.bluebudy.SCQ.domain.Analise.ordemDeCorrecao#90], was: [com.bluebudy.SCQ.domain.Analise.ordemDeCorrecao#90] (uninitialized)
[2021-08-02 23:31:47] - Collection found: [com.bluebudy.SCQ.domain.Analise.ordemDeCorrecao#88], was: [com.bluebudy.SCQ.domain.Analise.ordemDeCorrecao#88] (uninitialized)
[2021-08-02 23:31:47] - Collection found: [com.bluebudy.SCQ.domain.Analise.ordemDeCorrecao#1978], was: [com.bluebudy.SCQ.domain.Analise.ordemDeCorrecao#1978] (uninitialized)
[2021-08-02 23:31:47] - Flushed: 0 insertions, 1 updates, 0 deletions to 65 objects
[2021-08-02 23:31:47] - Flushed: 0 (re)creations, 0 updates, 0 removals to 55 collections
[2021-08-02 23:31:47] - Listing entities:
[2021-08-02 23:31:47] - com.bluebudy.SCQ.domain.Controle{dataPlanejada=Tue Aug 03 23:31:47 BRT 2021, periodo=1440, notified=false, dataRealizada=Mon Aug 02 23:31:47 BRT 2021, id=46}
[2021-08-02 23:31:47] - com.bluebudy.SCQ.domain.Analise{data=2021-04-20 12:36:19.692, resultado=3.9504890329301463, analista=Beatriz, parametro=com.bluebudy.SCQ.domain.Parametro#19, id=1044, needCorrecao=false, ordemDeCorrecao=<uninitialized>}
[2021-08-02 23:31:47] - com.bluebudy.SCQ.domain.Analise{data=2021-04-19 15:39:23.342, resultado=3.8417711838482718, analista=Beatriz, parametro=com.bluebudy.SCQ.domain.Parametro#19, id=660, needCorrecao=false, ordemDeCorrecao=<uninitialized>}
[2021-08-02 23:31:47] - com.bluebudy.SCQ.domain.Analise{data=2021-04-19 15:38:59.445, resultado=3.8417711838482718, analista=Beatriz, parametro=com.bluebudy.SCQ.domain.Parametro#19, id=658, needCorrecao=false, ordemDeCorrecao=<uninitialized>}
[2021-08-02 23:31:47] - com.bluebudy.SCQ.domain.Analise{data=2021-04-19 15:38:44.253, resultado=3.8417711838482718, analista=Beatriz, parametro=com.bluebudy.SCQ.domain.Parametro#19, id=656, needCorrecao=false, ordemDeCorrecao=<uninitialized>}
[2021-08-02 23:31:47] - com.bluebudy.SCQ.domain.Analise{data=2021-04-19 15:38:31.281, resultado=3.8417711838482718, analista=Beatriz, parametro=com.bluebudy.SCQ.domain.Parametro#19, id=654, needCorrecao=false, ordemDeCorrecao=<uninitialized>}
[2021-08-02 23:31:47] - com.bluebudy.SCQ.domain.Controle{dataPlanejada=2021-06-12 19:18:07.825, periodo=720, notified=true, dataRealizada=2021-06-12 07:18:07.825, id=50}
[2021-08-02 23:31:47] - com.bluebudy.SCQ.domain.Analise{data=2021-04-19 15:39:56.474, resultado=3.8417711838482718, analista=Beatriz, parametro=com.bluebudy.SCQ.domain.Parametro#19, id=664, needCorrecao=false, ordemDeCorrecao=<uninitialized>}
[2021-08-02 23:31:47] - com.bluebudy.SCQ.domain.Analise{data=2021-04-20 12:36:44.685, resultado=3.8112324621960596, analista=Beatriz, parametro=com.bluebudy.SCQ.domain.Parametro#19, id=1046, needCorrecao=false, ordemDeCorrecao=<uninitialized>}
[2021-08-02 23:31:47] - com.bluebudy.SCQ.domain.Analise{data=2021-04-19 15:39:37.774, resultado=3.8417711838482718, analista=Beatriz, parametro=com.bluebudy.SCQ.domain.Parametro#19, id=662, needCorrecao=false, ordemDeCorrecao=<uninitialized>}
[2021-08-02 23:31:47] - com.bluebudy.SCQ.domain.Analise{data=2021-04-19 15:37:14.782, resultado=3.8417711838482718, analista=Beatriz, parametro=com.bluebudy.SCQ.domain.Parametro#19, id=644, needCorrecao=false, ordemDeCorrecao=<uninitialized>}
[2021-08-02 23:31:47] - com.bluebudy.SCQ.domain.Analise{data=2021-04-19 15:37:00.4, resultado=3.8417711838482718, analista=Beatriz, parametro=com.bluebudy.SCQ.domain.Parametro#19, id=642, needCorrecao=false, ordemDeCorrecao=<uninitialized>}
[2021-08-02 23:31:47] - com.bluebudy.SCQ.domain.Analise{data=2021-04-19 16:39:45.185, resultado=3.7565333076018157, analista=Beatriz, parametro=com.bluebudy.SCQ.domain.Parametro#19, id=766, needCorrecao=false, ordemDeCorrecao=<uninitialized>}
[2021-08-02 23:31:47] - com.bluebudy.SCQ.domain.Analise{data=2021-04-19 15:38:17.899, resultado=3.8417711838482718, analista=Beatriz, parametro=com.bluebudy.SCQ.domain.Parametro#19, id=652, needCorrecao=false, ordemDeCorrecao=<uninitialized>}
[2021-08-02 23:31:47] - com.bluebudy.SCQ.domain.Analise{data=2021-04-19 15:37:57.045, resultado=3.8417711838482718, analista=Beatriz, parametro=com.bluebudy.SCQ.domain.Parametro#19, id=650, needCorrecao=false, ordemDeCorrecao=<uninitialized>}
[2021-08-02 23:31:47] - com.bluebudy.SCQ.domain.Analise{data=2021-04-19 15:37:41.125, resultado=3.8417711838482718, analista=Beatriz, parametro=com.bluebudy.SCQ.domain.Parametro#19, id=648, needCorrecao=false, ordemDeCorrecao=<uninitialized>}
[2021-08-02 23:31:47] - com.bluebudy.SCQ.domain.Analise{data=2021-04-19 15:37:28.197, resultado=3.8417711838482718, analista=Beatriz, parametro=com.bluebudy.SCQ.domain.Parametro#19, id=646, needCorrecao=false, ordemDeCorrecao=<uninitialized>}
[2021-08-02 23:31:47] - com.bluebudy.SCQ.domain.Analise{data=2021-04-19 17:37:25.804, resultado=3.9748345872542874, analista=Beatriz, parametro=com.bluebudy.SCQ.domain.Parametro#19, id=820, needCorrecao=false, ordemDeCorrecao=<uninitialized>}
[2021-08-02 23:31:47] - com.bluebudy.SCQ.domain.Analise{data=2021-04-19 17:37:05.677, resultado=3.8458800300342055, analista=Beatriz, parametro=com.bluebudy.SCQ.domain.Parametro#19, id=818, needCorrecao=false, ordemDeCorrecao=<uninitialized>}
[2021-08-02 23:31:47] - com.bluebudy.SCQ.domain.Analise{data=2021-04-22 09:27:22.6, resultado=3.735512611953754, analista=Beatriz, parametro=com.bluebudy.SCQ.domain.Parametro#19, id=1073, needCorrecao=false, ordemDeCorrecao=<uninitialized>}
[2021-08-02 23:31:47] - com.bluebudy.SCQ.domain.Analise{data=2021-04-19 17:35:45.521, resultado=3.7927810947082894, analista=Beatriz, parametro=com.bluebudy.SCQ.domain.Parametro#19, id=816, needCorrecao=false, ordemDeCorrecao=<uninitialized>}
[2021-08-02 23:31:47] - More......
[2021-08-02 23:31:47] - update notificacao set messagem=?, ref_id=?, status=?, tipo_notificacao=? where id=?
[2021-08-02 23:31:47] - Not closing pre-bound JPA EntityManager after transaction
[2021-08-02 23:31:47] - Adding transactional method 'findById' with attribute: PROPAGATION_REQUIRED,ISOLATION_DEFAULT,readOnly
[2021-08-02 23:31:47] - Found thread-bound EntityManager [SessionImpl(1682416792<open>)] for JPA transaction
[2021-08-02 23:31:47] - Creating new transaction with name [org.springframework.data.jpa.repository.support.SimpleJpaRepository.findById]: PROPAGATION_REQUIRED,ISOLATION_DEFAULT,readOnly
[2021-08-02 23:31:47] - Setting JDBC Connection [HikariProxyConnection@1216506391 wrapping com.mysql.cj.jdbc.ConnectionImpl@5e71e9c6] read-only
[2021-08-02 23:31:47] - begin
[2021-08-02 23:31:47] - Exposing JPA transaction as JDBC [org.springframework.orm.jpa.vendor.HibernateJpaDialect$HibernateConnectionHandle@12cf965f]
[2021-08-02 23:31:47] - Initiating transaction commit
[2021-08-02 23:31:47] - Committing JPA transaction on EntityManager [SessionImpl(1682416792<open>)]
[2021-08-02 23:31:47] - committing
[2021-08-02 23:31:47] - Resetting read-only flag of JDBC Connection [HikariProxyConnection@1216506391 wrapping com.mysql.cj.jdbc.ConnectionImpl@5e71e9c6]
[2021-08-02 23:31:47] - Not closing pre-bound JPA EntityManager after transaction
[2021-08-02 23:31:47] - Found thread-bound EntityManager [SessionImpl(1682416792<open>)] for JPA transaction
[2021-08-02 23:31:47] - Creating new transaction with name [org.springframework.data.jpa.repository.support.SimpleJpaRepository.saveAndFlush]: PROPAGATION_REQUIRED,ISOLATION_DEFAULT
[2021-08-02 23:31:47] - begin
[2021-08-02 23:31:47] - Exposing JPA transaction as JDBC [org.springframework.orm.jpa.vendor.HibernateJpaDialect$HibernateConnectionHandle@46966255]
[2021-08-02 23:31:47] - Processing flush-time cascades
[2021-08-02 23:31:47] - Dirty checking collections
[2021-08-02 23:31:47] - Collection found: [com.bluebudy.SCQ.domain.Etapa.montagem#8], was: [com.bluebudy.SCQ.domain.Etapa.montagem#8] (initialized)
[2021-08-02 23:31:47] - Collection found: [com.bluebudy.SCQ.domain.Etapa.parametros#8], was: [com.bluebudy.SCQ.domain.Etapa.parametros#8] (uninitialized)
[2021-08-02 23:31:47] - Collection found: [com.bluebudy.SCQ.domain.Etapa.trocas#8], was: [com.bluebudy.SCQ.domain.Etapa.trocas#8] (uninitialized)
[2021-08-02 23:31:47] - Collection found: [com.bluebudy.SCQ.domain.Processo.etapas#1], was: [com.bluebudy.SCQ.domain.Processo.etapas#1] (uninitialized)
[2021-08-02 23:31:47] - Collection found: [com.bluebudy.SCQ.domain.Processo.tarefas#1], was: [com.bluebudy.SCQ.domain.Processo.tarefas#1] (uninitialized)
[2021-08-02 23:31:47] - Collection found: [com.bluebudy.SCQ.domain.MateriaPrima.adicao#11], was: [com.bluebudy.SCQ.domain.MateriaPrima.adicao#11] (uninitialized)
[2021-08-02 23:31:47] - Collection found: [com.bluebudy.SCQ.domain.MateriaPrima.adicao#12], was: [com.bluebudy.SCQ.domain.MateriaPrima.adicao#12] (uninitialized)
[2021-08-02 23:31:47] - Collection found: [com.bluebudy.SCQ.domain.Parametro.analises#7], was: [com.bluebudy.SCQ.domain.Parametro.analises#7] (uninitialized)
[2021-08-02 23:31:47] - Collection found: [com.bluebudy.SCQ.domain.Parametro.analises#8], was: [com.bluebudy.SCQ.domain.Parametro.analises#8] (uninitialized)
[2021-08-02 23:31:47] - Collection found: [com.bluebudy.SCQ.domain.Parametro.analises#9], was: [com.bluebudy.SCQ.domain.Parametro.analises#9] (uninitialized)
[2021-08-02 23:31:47] - Collection found: [com.bluebudy.SCQ.domain.Parametro.analises#10], was: [com.bluebudy.SCQ.domain.Parametro.analises#10] (uninitialized)
[2021-08-02 23:31:47] - Collection found: [com.bluebudy.SCQ.domain.Parametro.analises#11], was: [com.bluebudy.SCQ.domain.Parametro.analises#11] (uninitialized)
[2021-08-02 23:31:47] - Collection found: [com.bluebudy.SCQ.domain.Parametro.analises#12], was: [com.bluebudy.SCQ.domain.Parametro.analises#12] (uninitialized)
[2021-08-02 23:31:47] - Collection found: [com.bluebudy.SCQ.domain.Parametro.analises#19], was: [com.bluebudy.SCQ.domain.Parametro.analises#19] (uninitialized)
[2021-08-02 23:31:47] - Collection found: [com.bluebudy.SCQ.domain.Parametro.analises#23], was: [com.bluebudy.SCQ.domain.Parametro.analises#23] (uninitialized)
[2021-08-02 23:31:47] - Collection found: [com.bluebudy.SCQ.domain.Analise.ordemDeCorrecao#1964], was: [com.bluebudy.SCQ.domain.Analise.ordemDeCorrecao#1964] (uninitialized)
[2021-08-02 23:31:47] - Collection found: [com.bluebudy.SCQ.domain.Analise.ordemDeCorrecao#1962], was: [com.bluebudy.SCQ.domain.Analise.ordemDeCorrecao#1962] (uninitialized)
[2021-08-02 23:31:47] - Collection found: [com.bluebudy.SCQ.domain.Analise.ordemDeCorrecao#1959], was: [com.bluebudy.SCQ.domain.Analise.ordemDeCorrecao#1959] (uninitialized)
[2021-08-02 23:31:47] - Collection found: [com.bluebudy.SCQ.domain.Analise.ordemDeCorrecao#1957], was: [com.bluebudy.SCQ.domain.Analise.ordemDeCorrecao#1957] (uninitialized)
[2021-08-02 23:31:47] - Collection found: [com.bluebudy.SCQ.domain.Analise.ordemDeCorrecao#1073], was: [com.bluebudy.SCQ.domain.Analise.ordemDeCorrecao#1073] (uninitialized)
[2021-08-02 23:31:47] - Collection found: [com.bluebudy.SCQ.domain.Analise.ordemDeCorrecao#1046], was: [com.bluebudy.SCQ.domain.Analise.ordemDeCorrecao#1046] (uninitialized)
[2021-08-02 23:31:47] - Collection found: [com.bluebudy.SCQ.domain.Analise.ordemDeCorrecao#1044], was: [com.bluebudy.SCQ.domain.Analise.ordemDeCorrecao#1044] (uninitialized)
[2021-08-02 23:31:47] - Collection found: [com.bluebudy.SCQ.domain.Analise.ordemDeCorrecao#830], was: [com.bluebudy.SCQ.domain.Analise.ordemDeCorrecao#830] (uninitialized)
[2021-08-02 23:31:47] - Collection found: [com.bluebudy.SCQ.domain.Analise.ordemDeCorrecao#828], was: [com.bluebudy.SCQ.domain.Analise.ordemDeCorrecao#828] (uninitialized)
[2021-08-02 23:31:47] - Collection found: [com.bluebudy.SCQ.domain.Analise.ordemDeCorrecao#826], was: [com.bluebudy.SCQ.domain.Analise.ordemDeCorrecao#826] (uninitialized)
[2021-08-02 23:31:47] - Collection found: [com.bluebudy.SCQ.domain.Analise.ordemDeCorrecao#824], was: [com.bluebudy.SCQ.domain.Analise.ordemDeCorrecao#824] (uninitialized)
[2021-08-02 23:31:47] - Collection found: [com.bluebudy.SCQ.domain.Analise.ordemDeCorrecao#822], was: [com.bluebudy.SCQ.domain.Analise.ordemDeCorrecao#822] (uninitialized)
[2021-08-02 23:31:47] - Collection found: [com.bluebudy.SCQ.domain.Analise.ordemDeCorrecao#820], was: [com.bluebudy.SCQ.domain.Analise.ordemDeCorrecao#820] (uninitialized)
[2021-08-02 23:31:47] - Collection found: [com.bluebudy.SCQ.domain.Analise.ordemDeCorrecao#818], was: [com.bluebudy.SCQ.domain.Analise.ordemDeCorrecao#818] (uninitialized)
[2021-08-02 23:31:47] - Collection found: [com.bluebudy.SCQ.domain.Analise.ordemDeCorrecao#816], was: [com.bluebudy.SCQ.domain.Analise.ordemDeCorrecao#816] (uninitialized)
[2021-08-02 23:31:47] - Collection found: [com.bluebudy.SCQ.domain.Analise.ordemDeCorrecao#814], was: [com.bluebudy.SCQ.domain.Analise.ordemDeCorrecao#814] (uninitialized)
[2021-08-02 23:31:47] - Collection found: [com.bluebudy.SCQ.domain.Analise.ordemDeCorrecao#766], was: [com.bluebudy.SCQ.domain.Analise.ordemDeCorrecao#766] (uninitialized)
[2021-08-02 23:31:47] - Collection found: [com.bluebudy.SCQ.domain.Analise.ordemDeCorrecao#764], was: [com.bluebudy.SCQ.domain.Analise.ordemDeCorrecao#764] (uninitialized)
[2021-08-02 23:31:47] - Collection found: [com.bluebudy.SCQ.domain.Analise.ordemDeCorrecao#762], was: [com.bluebudy.SCQ.domain.Analise.ordemDeCorrecao#762] (uninitialized)
[2021-08-02 23:31:47] - Collection found: [com.bluebudy.SCQ.domain.Analise.ordemDeCorrecao#760], was: [com.bluebudy.SCQ.domain.Analise.ordemDeCorrecao#760] (uninitialized)
[2021-08-02 23:31:47] - Collection found: [com.bluebudy.SCQ.domain.Analise.ordemDeCorrecao#758], was: [com.bluebudy.SCQ.domain.Analise.ordemDeCorrecao#758] (uninitialized)
[2021-08-02 23:31:47] - Collection found: [com.bluebudy.SCQ.domain.Analise.ordemDeCorrecao#756], was: [com.bluebudy.SCQ.domain.Analise.ordemDeCorrecao#756] (uninitialized)
[2021-08-02 23:31:47] - Collection found: [com.bluebudy.SCQ.domain.Analise.ordemDeCorrecao#754], was: [com.bluebudy.SCQ.domain.Analise.ordemDeCorrecao#754] (uninitialized)
[2021-08-02 23:31:47] - Collection found: [com.bluebudy.SCQ.domain.Analise.ordemDeCorrecao#746], was: [com.bluebudy.SCQ.domain.Analise.ordemDeCorrecao#746] (uninitialized)
[2021-08-02 23:31:47] - Collection found: [com.bluebudy.SCQ.domain.Analise.ordemDeCorrecao#744], was: [com.bluebudy.SCQ.domain.Analise.ordemDeCorrecao#744] (uninitialized)
[2021-08-02 23:31:47] - Collection found: [com.bluebudy.SCQ.domain.Analise.ordemDeCorrecao#664], was: [com.bluebudy.SCQ.domain.Analise.ordemDeCorrecao#664] (uninitialized)
[2021-08-02 23:31:47] - Collection found: [com.bluebudy.SCQ.domain.Analise.ordemDeCorrecao#662], was: [com.bluebudy.SCQ.domain.Analise.ordemDeCorrecao#662] (uninitialized)
[2021-08-02 23:31:47] - Collection found: [com.bluebudy.SCQ.domain.Analise.ordemDeCorrecao#660], was: [com.bluebudy.SCQ.domain.Analise.ordemDeCorrecao#660] (uninitialized)
[2021-08-02 23:31:47] - Collection found: [com.bluebudy.SCQ.domain.Analise.ordemDeCorrecao#658], was: [com.bluebudy.SCQ.domain.Analise.ordemDeCorrecao#658] (uninitialized)
[2021-08-02 23:31:47] - Collection found: [com.bluebudy.SCQ.domain.Analise.ordemDeCorrecao#656], was: [com.bluebudy.SCQ.domain.Analise.ordemDeCorrecao#656] (uninitialized)
[2021-08-02 23:31:47] - Collection found: [com.bluebudy.SCQ.domain.Analise.ordemDeCorrecao#654], was: [com.bluebudy.SCQ.domain.Analise.ordemDeCorrecao#654] (uninitialized)
[2021-08-02 23:31:47] - Collection found: [com.bluebudy.SCQ.domain.Analise.ordemDeCorrecao#652], was: [com.bluebudy.SCQ.domain.Analise.ordemDeCorrecao#652] (uninitialized)
[2021-08-02 23:31:47] - Collection found: [com.bluebudy.SCQ.domain.Analise.ordemDeCorrecao#650], was: [com.bluebudy.SCQ.domain.Analise.ordemDeCorrecao#650] (uninitialized)
[2021-08-02 23:31:47] - Collection found: [com.bluebudy.SCQ.domain.Analise.ordemDeCorrecao#648], was: [com.bluebudy.SCQ.domain.Analise.ordemDeCorrecao#648] (uninitialized)
[2021-08-02 23:31:47] - Collection found: [com.bluebudy.SCQ.domain.Analise.ordemDeCorrecao#646], was: [com.bluebudy.SCQ.domain.Analise.ordemDeCorrecao#646] (uninitialized)
[2021-08-02 23:31:47] - Collection found: [com.bluebudy.SCQ.domain.Analise.ordemDeCorrecao#644], was: [com.bluebudy.SCQ.domain.Analise.ordemDeCorrecao#644] (uninitialized)
[2021-08-02 23:31:47] - Collection found: [com.bluebudy.SCQ.domain.Analise.ordemDeCorrecao#642], was: [com.bluebudy.SCQ.domain.Analise.ordemDeCorrecao#642] (uninitialized)
[2021-08-02 23:31:47] - Collection found: [com.bluebudy.SCQ.domain.Analise.ordemDeCorrecao#90], was: [com.bluebudy.SCQ.domain.Analise.ordemDeCorrecao#90] (uninitialized)
[2021-08-02 23:31:47] - Collection found: [com.bluebudy.SCQ.domain.Analise.ordemDeCorrecao#88], was: [com.bluebudy.SCQ.domain.Analise.ordemDeCorrecao#88] (uninitialized)
[2021-08-02 23:31:47] - Collection found: [com.bluebudy.SCQ.domain.Analise.ordemDeCorrecao#1978], was: [com.bluebudy.SCQ.domain.Analise.ordemDeCorrecao#1978] (uninitialized)
[2021-08-02 23:31:47] - Flushed: 0 insertions, 1 updates, 0 deletions to 65 objects
[2021-08-02 23:31:47] - Flushed: 0 (re)creations, 0 updates, 0 removals to 55 collections
[2021-08-02 23:31:47] - Listing entities:
[2021-08-02 23:31:47] - com.bluebudy.SCQ.domain.Controle{dataPlanejada=Tue Aug 03 23:31:47 BRT 2021, periodo=1440, notified=false, dataRealizada=Mon Aug 02 23:31:47 BRT 2021, id=46}
[2021-08-02 23:31:47] - com.bluebudy.SCQ.domain.Analise{data=2021-04-20 12:36:19.692, resultado=3.9504890329301463, analista=Beatriz, parametro=com.bluebudy.SCQ.domain.Parametro#19, id=1044, needCorrecao=false, ordemDeCorrecao=<uninitialized>}
[2021-08-02 23:31:47] - com.bluebudy.SCQ.domain.Analise{data=2021-04-19 15:39:23.342, resultado=3.8417711838482718, analista=Beatriz, parametro=com.bluebudy.SCQ.domain.Parametro#19, id=660, needCorrecao=false, ordemDeCorrecao=<uninitialized>}
[2021-08-02 23:31:47] - com.bluebudy.SCQ.domain.Analise{data=2021-04-19 15:38:59.445, resultado=3.8417711838482718, analista=Beatriz, parametro=com.bluebudy.SCQ.domain.Parametro#19, id=658, needCorrecao=false, ordemDeCorrecao=<uninitialized>}
[2021-08-02 23:31:47] - com.bluebudy.SCQ.domain.Analise{data=2021-04-19 15:38:44.253, resultado=3.8417711838482718, analista=Beatriz, parametro=com.bluebudy.SCQ.domain.Parametro#19, id=656, needCorrecao=false, ordemDeCorrecao=<uninitialized>}
[2021-08-02 23:31:47] - com.bluebudy.SCQ.domain.Analise{data=2021-04-19 15:38:31.281, resultado=3.8417711838482718, analista=Beatriz, parametro=com.bluebudy.SCQ.domain.Parametro#19, id=654, needCorrecao=false, ordemDeCorrecao=<uninitialized>}
[2021-08-02 23:31:47] - com.bluebudy.SCQ.domain.Controle{dataPlanejada=2021-06-12 19:18:07.825, periodo=720, notified=true, dataRealizada=2021-06-12 07:18:07.825, id=50}
[2021-08-02 23:31:47] - com.bluebudy.SCQ.domain.Analise{data=2021-04-19 15:39:56.474, resultado=3.8417711838482718, analista=Beatriz, parametro=com.bluebudy.SCQ.domain.Parametro#19, id=664, needCorrecao=false, ordemDeCorrecao=<uninitialized>}
[2021-08-02 23:31:47] - com.bluebudy.SCQ.domain.Analise{data=2021-04-20 12:36:44.685, resultado=3.8112324621960596, analista=Beatriz, parametro=com.bluebudy.SCQ.domain.Parametro#19, id=1046, needCorrecao=false, ordemDeCorrecao=<uninitialized>}
[2021-08-02 23:31:47] - com.bluebudy.SCQ.domain.Analise{data=2021-04-19 15:39:37.774, resultado=3.8417711838482718, analista=Beatriz, parametro=com.bluebudy.SCQ.domain.Parametro#19, id=662, needCorrecao=false, ordemDeCorrecao=<uninitialized>}
[2021-08-02 23:31:47] - com.bluebudy.SCQ.domain.Analise{data=2021-04-19 15:37:14.782, resultado=3.8417711838482718, analista=Beatriz, parametro=com.bluebudy.SCQ.domain.Parametro#19, id=644, needCorrecao=false, ordemDeCorrecao=<uninitialized>}
[2021-08-02 23:31:47] - com.bluebudy.SCQ.domain.Analise{data=2021-04-19 15:37:00.4, resultado=3.8417711838482718, analista=Beatriz, parametro=com.bluebudy.SCQ.domain.Parametro#19, id=642, needCorrecao=false, ordemDeCorrecao=<uninitialized>}
[2021-08-02 23:31:47] - com.bluebudy.SCQ.domain.Analise{data=2021-04-19 16:39:45.185, resultado=3.7565333076018157, analista=Beatriz, parametro=com.bluebudy.SCQ.domain.Parametro#19, id=766, needCorrecao=false, ordemDeCorrecao=<uninitialized>}
[2021-08-02 23:31:47] - com.bluebudy.SCQ.domain.Analise{data=2021-04-19 15:38:17.899, resultado=3.8417711838482718, analista=Beatriz, parametro=com.bluebudy.SCQ.domain.Parametro#19, id=652, needCorrecao=false, ordemDeCorrecao=<uninitialized>}
[2021-08-02 23:31:47] - com.bluebudy.SCQ.domain.Analise{data=2021-04-19 15:37:57.045, resultado=3.8417711838482718, analista=Beatriz, parametro=com.bluebudy.SCQ.domain.Parametro#19, id=650, needCorrecao=false, ordemDeCorrecao=<uninitialized>}
[2021-08-02 23:31:47] - com.bluebudy.SCQ.domain.Analise{data=2021-04-19 15:37:41.125, resultado=3.8417711838482718, analista=Beatriz, parametro=com.bluebudy.SCQ.domain.Parametro#19, id=648, needCorrecao=false, ordemDeCorrecao=<uninitialized>}
[2021-08-02 23:31:47] - com.bluebudy.SCQ.domain.Analise{data=2021-04-19 15:37:28.197, resultado=3.8417711838482718, analista=Beatriz, parametro=com.bluebudy.SCQ.domain.Parametro#19, id=646, needCorrecao=false, ordemDeCorrecao=<uninitialized>}
[2021-08-02 23:31:47] - com.bluebudy.SCQ.domain.Analise{data=2021-04-19 17:37:25.804, resultado=3.9748345872542874, analista=Beatriz, parametro=com.bluebudy.SCQ.domain.Parametro#19, id=820, needCorrecao=false, ordemDeCorrecao=<uninitialized>}
[2021-08-02 23:31:47] - com.bluebudy.SCQ.domain.Analise{data=2021-04-19 17:37:05.677, resultado=3.8458800300342055, analista=Beatriz, parametro=com.bluebudy.SCQ.domain.Parametro#19, id=818, needCorrecao=false, ordemDeCorrecao=<uninitialized>}
[2021-08-02 23:31:47] - com.bluebudy.SCQ.domain.Analise{data=2021-04-22 09:27:22.6, resultado=3.735512611953754, analista=Beatriz, parametro=com.bluebudy.SCQ.domain.Parametro#19, id=1073, needCorrecao=false, ordemDeCorrecao=<uninitialized>}
[2021-08-02 23:31:47] - com.bluebudy.SCQ.domain.Analise{data=2021-04-19 17:35:45.521, resultado=3.7927810947082894, analista=Beatriz, parametro=com.bluebudy.SCQ.domain.Parametro#19, id=816, needCorrecao=false, ordemDeCorrecao=<uninitialized>}
[2021-08-02 23:31:47] - More......
[2021-08-02 23:31:47] - update controle set data_planejada=?, data_realizada=?, notified=?, periodo=? where id=?
[2021-08-02 23:31:47] - Initiating transaction commit
[2021-08-02 23:31:47] - Committing JPA transaction on EntityManager [SessionImpl(1682416792<open>)]
[2021-08-02 23:31:47] - committing
[2021-08-02 23:31:47] - Processing flush-time cascades
[2021-08-02 23:31:47] - Dirty checking collections
[2021-08-02 23:31:47] - Collection found: [com.bluebudy.SCQ.domain.Etapa.montagem#8], was: [com.bluebudy.SCQ.domain.Etapa.montagem#8] (initialized)
[2021-08-02 23:31:47] - Collection found: [com.bluebudy.SCQ.domain.Etapa.parametros#8], was: [com.bluebudy.SCQ.domain.Etapa.parametros#8] (uninitialized)
[2021-08-02 23:31:47] - Collection found: [com.bluebudy.SCQ.domain.Etapa.trocas#8], was: [com.bluebudy.SCQ.domain.Etapa.trocas#8] (uninitialized)
[2021-08-02 23:31:47] - Collection found: [com.bluebudy.SCQ.domain.Processo.etapas#1], was: [com.bluebudy.SCQ.domain.Processo.etapas#1] (uninitialized)
[2021-08-02 23:31:47] - Collection found: [com.bluebudy.SCQ.domain.Processo.tarefas#1], was: [com.bluebudy.SCQ.domain.Processo.tarefas#1] (uninitialized)
[2021-08-02 23:31:47] - Collection found: [com.bluebudy.SCQ.domain.MateriaPrima.adicao#11], was: [com.bluebudy.SCQ.domain.MateriaPrima.adicao#11] (uninitialized)
[2021-08-02 23:31:47] - Collection found: [com.bluebudy.SCQ.domain.MateriaPrima.adicao#12], was: [com.bluebudy.SCQ.domain.MateriaPrima.adicao#12] (uninitialized)
[2021-08-02 23:31:47] - Collection found: [com.bluebudy.SCQ.domain.Parametro.analises#7], was: [com.bluebudy.SCQ.domain.Parametro.analises#7] (uninitialized)
[2021-08-02 23:31:47] - Collection found: [com.bluebudy.SCQ.domain.Parametro.analises#8], was: [com.bluebudy.SCQ.domain.Parametro.analises#8] (uninitialized)
[2021-08-02 23:31:47] - Collection found: [com.bluebudy.SCQ.domain.Parametro.analises#9], was: [com.bluebudy.SCQ.domain.Parametro.analises#9] (uninitialized)
[2021-08-02 23:31:47] - Collection found: [com.bluebudy.SCQ.domain.Parametro.analises#10], was: [com.bluebudy.SCQ.domain.Parametro.analises#10] (uninitialized)
[2021-08-02 23:31:47] - Collection found: [com.bluebudy.SCQ.domain.Parametro.analises#11], was: [com.bluebudy.SCQ.domain.Parametro.analises#11] (uninitialized)
[2021-08-02 23:31:47] - Collection found: [com.bluebudy.SCQ.domain.Parametro.analises#12], was: [com.bluebudy.SCQ.domain.Parametro.analises#12] (uninitialized)
[2021-08-02 23:31:47] - Collection found: [com.bluebudy.SCQ.domain.Parametro.analises#19], was: [com.bluebudy.SCQ.domain.Parametro.analises#19] (uninitialized)
[2021-08-02 23:31:47] - Collection found: [com.bluebudy.SCQ.domain.Parametro.analises#23], was: [com.bluebudy.SCQ.domain.Parametro.analises#23] (uninitialized)
[2021-08-02 23:31:47] - Collection found: [com.bluebudy.SCQ.domain.Analise.ordemDeCorrecao#1964], was: [com.bluebudy.SCQ.domain.Analise.ordemDeCorrecao#1964] (uninitialized)
[2021-08-02 23:31:47] - Collection found: [com.bluebudy.SCQ.domain.Analise.ordemDeCorrecao#1962], was: [com.bluebudy.SCQ.domain.Analise.ordemDeCorrecao#1962] (uninitialized)
[2021-08-02 23:31:47] - Collection found: [com.bluebudy.SCQ.domain.Analise.ordemDeCorrecao#1959], was: [com.bluebudy.SCQ.domain.Analise.ordemDeCorrecao#1959] (uninitialized)
[2021-08-02 23:31:47] - Collection found: [com.bluebudy.SCQ.domain.Analise.ordemDeCorrecao#1957], was: [com.bluebudy.SCQ.domain.Analise.ordemDeCorrecao#1957] (uninitialized)
[2021-08-02 23:31:47] - Collection found: [com.bluebudy.SCQ.domain.Analise.ordemDeCorrecao#1073], was: [com.bluebudy.SCQ.domain.Analise.ordemDeCorrecao#1073] (uninitialized)
[2021-08-02 23:31:47] - Collection found: [com.bluebudy.SCQ.domain.Analise.ordemDeCorrecao#1046], was: [com.bluebudy.SCQ.domain.Analise.ordemDeCorrecao#1046] (uninitialized)
[2021-08-02 23:31:47] - Collection found: [com.bluebudy.SCQ.domain.Analise.ordemDeCorrecao#1044], was: [com.bluebudy.SCQ.domain.Analise.ordemDeCorrecao#1044] (uninitialized)
[2021-08-02 23:31:47] - Collection found: [com.bluebudy.SCQ.domain.Analise.ordemDeCorrecao#830], was: [com.bluebudy.SCQ.domain.Analise.ordemDeCorrecao#830] (uninitialized)
[2021-08-02 23:31:47] - Collection found: [com.bluebudy.SCQ.domain.Analise.ordemDeCorrecao#828], was: [com.bluebudy.SCQ.domain.Analise.ordemDeCorrecao#828] (uninitialized)
[2021-08-02 23:31:47] - Collection found: [com.bluebudy.SCQ.domain.Analise.ordemDeCorrecao#826], was: [com.bluebudy.SCQ.domain.Analise.ordemDeCorrecao#826] (uninitialized)
[2021-08-02 23:31:47] - Collection found: [com.bluebudy.SCQ.domain.Analise.ordemDeCorrecao#824], was: [com.bluebudy.SCQ.domain.Analise.ordemDeCorrecao#824] (uninitialized)
[2021-08-02 23:31:47] - Collection found: [com.bluebudy.SCQ.domain.Analise.ordemDeCorrecao#822], was: [com.bluebudy.SCQ.domain.Analise.ordemDeCorrecao#822] (uninitialized)
[2021-08-02 23:31:47] - Collection found: [com.bluebudy.SCQ.domain.Analise.ordemDeCorrecao#820], was: [com.bluebudy.SCQ.domain.Analise.ordemDeCorrecao#820] (uninitialized)
[2021-08-02 23:31:47] - Collection found: [com.bluebudy.SCQ.domain.Analise.ordemDeCorrecao#818], was: [com.bluebudy.SCQ.domain.Analise.ordemDeCorrecao#818] (uninitialized)
[2021-08-02 23:31:47] - Collection found: [com.bluebudy.SCQ.domain.Analise.ordemDeCorrecao#816], was: [com.bluebudy.SCQ.domain.Analise.ordemDeCorrecao#816] (uninitialized)
[2021-08-02 23:31:47] - Collection found: [com.bluebudy.SCQ.domain.Analise.ordemDeCorrecao#814], was: [com.bluebudy.SCQ.domain.Analise.ordemDeCorrecao#814] (uninitialized)
[2021-08-02 23:31:47] - Collection found: [com.bluebudy.SCQ.domain.Analise.ordemDeCorrecao#766], was: [com.bluebudy.SCQ.domain.Analise.ordemDeCorrecao#766] (uninitialized)
[2021-08-02 23:31:47] - Collection found: [com.bluebudy.SCQ.domain.Analise.ordemDeCorrecao#764], was: [com.bluebudy.SCQ.domain.Analise.ordemDeCorrecao#764] (uninitialized)
[2021-08-02 23:31:47] - Collection found: [com.bluebudy.SCQ.domain.Analise.ordemDeCorrecao#762], was: [com.bluebudy.SCQ.domain.Analise.ordemDeCorrecao#762] (uninitialized)
[2021-08-02 23:31:47] - Collection found: [com.bluebudy.SCQ.domain.Analise.ordemDeCorrecao#760], was: [com.bluebudy.SCQ.domain.Analise.ordemDeCorrecao#760] (uninitialized)
[2021-08-02 23:31:47] - Collection found: [com.bluebudy.SCQ.domain.Analise.ordemDeCorrecao#758], was: [com.bluebudy.SCQ.domain.Analise.ordemDeCorrecao#758] (uninitialized)
[2021-08-02 23:31:47] - Collection found: [com.bluebudy.SCQ.domain.Analise.ordemDeCorrecao#756], was: [com.bluebudy.SCQ.domain.Analise.ordemDeCorrecao#756] (uninitialized)
[2021-08-02 23:31:47] - Collection found: [com.bluebudy.SCQ.domain.Analise.ordemDeCorrecao#754], was: [com.bluebudy.SCQ.domain.Analise.ordemDeCorrecao#754] (uninitialized)
[2021-08-02 23:31:47] - Collection found: [com.bluebudy.SCQ.domain.Analise.ordemDeCorrecao#746], was: [com.bluebudy.SCQ.domain.Analise.ordemDeCorrecao#746] (uninitialized)
[2021-08-02 23:31:47] - Collection found: [com.bluebudy.SCQ.domain.Analise.ordemDeCorrecao#744], was: [com.bluebudy.SCQ.domain.Analise.ordemDeCorrecao#744] (uninitialized)
[2021-08-02 23:31:47] - Collection found: [com.bluebudy.SCQ.domain.Analise.ordemDeCorrecao#664], was: [com.bluebudy.SCQ.domain.Analise.ordemDeCorrecao#664] (uninitialized)
[2021-08-02 23:31:47] - Collection found: [com.bluebudy.SCQ.domain.Analise.ordemDeCorrecao#662], was: [com.bluebudy.SCQ.domain.Analise.ordemDeCorrecao#662] (uninitialized)
[2021-08-02 23:31:47] - Collection found: [com.bluebudy.SCQ.domain.Analise.ordemDeCorrecao#660], was: [com.bluebudy.SCQ.domain.Analise.ordemDeCorrecao#660] (uninitialized)
[2021-08-02 23:31:47] - Collection found: [com.bluebudy.SCQ.domain.Analise.ordemDeCorrecao#658], was: [com.bluebudy.SCQ.domain.Analise.ordemDeCorrecao#658] (uninitialized)
[2021-08-02 23:31:47] - Collection found: [com.bluebudy.SCQ.domain.Analise.ordemDeCorrecao#656], was: [com.bluebudy.SCQ.domain.Analise.ordemDeCorrecao#656] (uninitialized)
[2021-08-02 23:31:47] - Collection found: [com.bluebudy.SCQ.domain.Analise.ordemDeCorrecao#654], was: [com.bluebudy.SCQ.domain.Analise.ordemDeCorrecao#654] (uninitialized)
[2021-08-02 23:31:47] - Collection found: [com.bluebudy.SCQ.domain.Analise.ordemDeCorrecao#652], was: [com.bluebudy.SCQ.domain.Analise.ordemDeCorrecao#652] (uninitialized)
[2021-08-02 23:31:47] - Collection found: [com.bluebudy.SCQ.domain.Analise.ordemDeCorrecao#650], was: [com.bluebudy.SCQ.domain.Analise.ordemDeCorrecao#650] (uninitialized)
[2021-08-02 23:31:47] - Collection found: [com.bluebudy.SCQ.domain.Analise.ordemDeCorrecao#648], was: [com.bluebudy.SCQ.domain.Analise.ordemDeCorrecao#648] (uninitialized)
[2021-08-02 23:31:47] - Collection found: [com.bluebudy.SCQ.domain.Analise.ordemDeCorrecao#646], was: [com.bluebudy.SCQ.domain.Analise.ordemDeCorrecao#646] (uninitialized)
[2021-08-02 23:31:47] - Collection found: [com.bluebudy.SCQ.domain.Analise.ordemDeCorrecao#644], was: [com.bluebudy.SCQ.domain.Analise.ordemDeCorrecao#644] (uninitialized)
[2021-08-02 23:31:47] - Collection found: [com.bluebudy.SCQ.domain.Analise.ordemDeCorrecao#642], was: [com.bluebudy.SCQ.domain.Analise.ordemDeCorrecao#642] (uninitialized)
[2021-08-02 23:31:47] - Collection found: [com.bluebudy.SCQ.domain.Analise.ordemDeCorrecao#90], was: [com.bluebudy.SCQ.domain.Analise.ordemDeCorrecao#90] (uninitialized)
[2021-08-02 23:31:47] - Collection found: [com.bluebudy.SCQ.domain.Analise.ordemDeCorrecao#88], was: [com.bluebudy.SCQ.domain.Analise.ordemDeCorrecao#88] (uninitialized)
[2021-08-02 23:31:47] - Collection found: [com.bluebudy.SCQ.domain.Analise.ordemDeCorrecao#1978], was: [com.bluebudy.SCQ.domain.Analise.ordemDeCorrecao#1978] (uninitialized)
[2021-08-02 23:31:47] - Flushed: 0 insertions, 0 updates, 0 deletions to 65 objects
[2021-08-02 23:31:47] - Flushed: 0 (re)creations, 0 updates, 0 removals to 55 collections
[2021-08-02 23:31:47] - Listing entities:
[2021-08-02 23:31:47] - com.bluebudy.SCQ.domain.Controle{dataPlanejada=Tue Aug 03 23:31:47 BRT 2021, periodo=1440, notified=false, dataRealizada=Mon Aug 02 23:31:47 BRT 2021, id=46}
[2021-08-02 23:31:47] - com.bluebudy.SCQ.domain.Analise{data=2021-04-20 12:36:19.692, resultado=3.9504890329301463, analista=Beatriz, parametro=com.bluebudy.SCQ.domain.Parametro#19, id=1044, needCorrecao=false, ordemDeCorrecao=<uninitialized>}
[2021-08-02 23:31:47] - com.bluebudy.SCQ.domain.Analise{data=2021-04-19 15:39:23.342, resultado=3.8417711838482718, analista=Beatriz, parametro=com.bluebudy.SCQ.domain.Parametro#19, id=660, needCorrecao=false, ordemDeCorrecao=<uninitialized>}
[2021-08-02 23:31:47] - com.bluebudy.SCQ.domain.Analise{data=2021-04-19 15:38:59.445, resultado=3.8417711838482718, analista=Beatriz, parametro=com.bluebudy.SCQ.domain.Parametro#19, id=658, needCorrecao=false, ordemDeCorrecao=<uninitialized>}
[2021-08-02 23:31:47] - com.bluebudy.SCQ.domain.Analise{data=2021-04-19 15:38:44.253, resultado=3.8417711838482718, analista=Beatriz, parametro=com.bluebudy.SCQ.domain.Parametro#19, id=656, needCorrecao=false, ordemDeCorrecao=<uninitialized>}
[2021-08-02 23:31:47] - com.bluebudy.SCQ.domain.Analise{data=2021-04-19 15:38:31.281, resultado=3.8417711838482718, analista=Beatriz, parametro=com.bluebudy.SCQ.domain.Parametro#19, id=654, needCorrecao=false, ordemDeCorrecao=<uninitialized>}
[2021-08-02 23:31:47] - com.bluebudy.SCQ.domain.Controle{dataPlanejada=2021-06-12 19:18:07.825, periodo=720, notified=true, dataRealizada=2021-06-12 07:18:07.825, id=50}
[2021-08-02 23:31:47] - com.bluebudy.SCQ.domain.Analise{data=2021-04-19 15:39:56.474, resultado=3.8417711838482718, analista=Beatriz, parametro=com.bluebudy.SCQ.domain.Parametro#19, id=664, needCorrecao=false, ordemDeCorrecao=<uninitialized>}
[2021-08-02 23:31:47] - com.bluebudy.SCQ.domain.Analise{data=2021-04-20 12:36:44.685, resultado=3.8112324621960596, analista=Beatriz, parametro=com.bluebudy.SCQ.domain.Parametro#19, id=1046, needCorrecao=false, ordemDeCorrecao=<uninitialized>}
[2021-08-02 23:31:47] - com.bluebudy.SCQ.domain.Analise{data=2021-04-19 15:39:37.774, resultado=3.8417711838482718, analista=Beatriz, parametro=com.bluebudy.SCQ.domain.Parametro#19, id=662, needCorrecao=false, ordemDeCorrecao=<uninitialized>}
[2021-08-02 23:31:47] - com.bluebudy.SCQ.domain.Analise{data=2021-04-19 15:37:14.782, resultado=3.8417711838482718, analista=Beatriz, parametro=com.bluebudy.SCQ.domain.Parametro#19, id=644, needCorrecao=false, ordemDeCorrecao=<uninitialized>}
[2021-08-02 23:31:47] - com.bluebudy.SCQ.domain.Analise{data=2021-04-19 15:37:00.4, resultado=3.8417711838482718, analista=Beatriz, parametro=com.bluebudy.SCQ.domain.Parametro#19, id=642, needCorrecao=false, ordemDeCorrecao=<uninitialized>}
[2021-08-02 23:31:47] - com.bluebudy.SCQ.domain.Analise{data=2021-04-19 16:39:45.185, resultado=3.7565333076018157, analista=Beatriz, parametro=com.bluebudy.SCQ.domain.Parametro#19, id=766, needCorrecao=false, ordemDeCorrecao=<uninitialized>}
[2021-08-02 23:31:47] - com.bluebudy.SCQ.domain.Analise{data=2021-04-19 15:38:17.899, resultado=3.8417711838482718, analista=Beatriz, parametro=com.bluebudy.SCQ.domain.Parametro#19, id=652, needCorrecao=false, ordemDeCorrecao=<uninitialized>}
[2021-08-02 23:31:47] - com.bluebudy.SCQ.domain.Analise{data=2021-04-19 15:37:57.045, resultado=3.8417711838482718, analista=Beatriz, parametro=com.bluebudy.SCQ.domain.Parametro#19, id=650, needCorrecao=false, ordemDeCorrecao=<uninitialized>}
[2021-08-02 23:31:47] - com.bluebudy.SCQ.domain.Analise{data=2021-04-19 15:37:41.125, resultado=3.8417711838482718, analista=Beatriz, parametro=com.bluebudy.SCQ.domain.Parametro#19, id=648, needCorrecao=false, ordemDeCorrecao=<uninitialized>}
[2021-08-02 23:31:47] - com.bluebudy.SCQ.domain.Analise{data=2021-04-19 15:37:28.197, resultado=3.8417711838482718, analista=Beatriz, parametro=com.bluebudy.SCQ.domain.Parametro#19, id=646, needCorrecao=false, ordemDeCorrecao=<uninitialized>}
[2021-08-02 23:31:47] - com.bluebudy.SCQ.domain.Analise{data=2021-04-19 17:37:25.804, resultado=3.9748345872542874, analista=Beatriz, parametro=com.bluebudy.SCQ.domain.Parametro#19, id=820, needCorrecao=false, ordemDeCorrecao=<uninitialized>}
[2021-08-02 23:31:47] - com.bluebudy.SCQ.domain.Analise{data=2021-04-19 17:37:05.677, resultado=3.8458800300342055, analista=Beatriz, parametro=com.bluebudy.SCQ.domain.Parametro#19, id=818, needCorrecao=false, ordemDeCorrecao=<uninitialized>}
[2021-08-02 23:31:47] - com.bluebudy.SCQ.domain.Analise{data=2021-04-22 09:27:22.6, resultado=3.735512611953754, analista=Beatriz, parametro=com.bluebudy.SCQ.domain.Parametro#19, id=1073, needCorrecao=false, ordemDeCorrecao=<uninitialized>}
[2021-08-02 23:31:47] - com.bluebudy.SCQ.domain.Analise{data=2021-04-19 17:35:45.521, resultado=3.7927810947082894, analista=Beatriz, parametro=com.bluebudy.SCQ.domain.Parametro#19, id=816, needCorrecao=false, ordemDeCorrecao=<uninitialized>}
[2021-08-02 23:31:47] - More......
[2021-08-02 23:31:47] - Not closing pre-bound JPA EntityManager after transaction
[2021-08-02 23:31:47] - Rendered criteria query -> select generatedAlias0 from Notificacao as generatedAlias0 where ( generatedAlias0.refId=:param0 ) and ( generatedAlias0.status=:param1 )
[2021-08-02 23:31:47] - select notificaca0_.id as id1_7_, notificaca0_.messagem as messagem2_7_, notificaca0_.ref_id as ref_id3_7_, notificaca0_.status as status4_7_, notificaca0_.tipo_notificacao as tipo_not5_7_ from notificacao notificaca0_ where notificaca0_.ref_id=? and notificaca0_.status=?
[2021-08-02 23:31:47] - Result set row: 0
[2021-08-02 23:31:48] - Result row: EntityKey[com.bluebudy.SCQ.domain.Notificacao#85]
[2021-08-02 23:31:48] - Result set row: 1
[2021-08-02 23:31:48] - Result row: EntityKey[com.bluebudy.SCQ.domain.Notificacao#112]
[2021-08-02 23:31:48] - Resolving attributes for [com.bluebudy.SCQ.domain.Notificacao#85]
[2021-08-02 23:31:48] - Processing attribute `messagem` : value = Analise: Zinco Metal etapa Zinco Ácido processo Zinco Ácido - L3 tanque 27 esta atrasado 
[2021-08-02 23:31:48] - Attribute (`messagem`)  - enhanced for lazy-loading? - false
[2021-08-02 23:31:48] - Processing attribute `refId` : value = 7
[2021-08-02 23:31:48] - Attribute (`refId`)  - enhanced for lazy-loading? - false
[2021-08-02 23:31:48] - Processing attribute `status` : value = AGUARDANDO
[2021-08-02 23:31:48] - Attribute (`status`)  - enhanced for lazy-loading? - false
[2021-08-02 23:31:48] - Processing attribute `tipoNotificacao` : value = Analise
[2021-08-02 23:31:48] - Attribute (`tipoNotificacao`)  - enhanced for lazy-loading? - false
[2021-08-02 23:31:48] - Done materializing entity [com.bluebudy.SCQ.domain.Notificacao#85]
[2021-08-02 23:31:48] - Resolving attributes for [com.bluebudy.SCQ.domain.Notificacao#112]
[2021-08-02 23:31:48] - Processing attribute `messagem` : value = Acao: Etapa Selante problema de parametro Temperatura processo L3 - Zinco Ácido esta atrasado 
[2021-08-02 23:31:48] - Attribute (`messagem`)  - enhanced for lazy-loading? - false
[2021-08-02 23:31:48] - Processing attribute `refId` : value = 7
[2021-08-02 23:31:48] - Attribute (`refId`)  - enhanced for lazy-loading? - false
[2021-08-02 23:31:48] - Processing attribute `status` : value = AGUARDANDO
[2021-08-02 23:31:48] - Attribute (`status`)  - enhanced for lazy-loading? - false
[2021-08-02 23:31:48] - Processing attribute `tipoNotificacao` : value = acao
[2021-08-02 23:31:48] - Attribute (`tipoNotificacao`)  - enhanced for lazy-loading? - false
[2021-08-02 23:31:48] - Done materializing entity [com.bluebudy.SCQ.domain.Notificacao#112]
[2021-08-02 23:31:48] - Found thread-bound EntityManager [SessionImpl(1682416792<open>)] for JPA transaction
[2021-08-02 23:31:48] - Creating new transaction with name [org.springframework.data.jpa.repository.support.SimpleJpaRepository.save]: PROPAGATION_REQUIRED,ISOLATION_DEFAULT
[2021-08-02 23:31:48] - begin
[2021-08-02 23:31:48] - Exposing JPA transaction as JDBC [org.springframework.orm.jpa.vendor.HibernateJpaDialect$HibernateConnectionHandle@65b5c491]
[2021-08-02 23:31:48] - Initiating transaction commit
[2021-08-02 23:31:48] - Committing JPA transaction on EntityManager [SessionImpl(1682416792<open>)]
[2021-08-02 23:31:48] - committing
[2021-08-02 23:31:48] - Processing flush-time cascades
[2021-08-02 23:31:48] - Dirty checking collections
[2021-08-02 23:31:48] - Collection found: [com.bluebudy.SCQ.domain.Etapa.montagem#8], was: [com.bluebudy.SCQ.domain.Etapa.montagem#8] (initialized)
[2021-08-02 23:31:48] - Collection found: [com.bluebudy.SCQ.domain.Etapa.parametros#8], was: [com.bluebudy.SCQ.domain.Etapa.parametros#8] (uninitialized)
[2021-08-02 23:31:48] - Collection found: [com.bluebudy.SCQ.domain.Etapa.trocas#8], was: [com.bluebudy.SCQ.domain.Etapa.trocas#8] (uninitialized)
[2021-08-02 23:31:48] - Collection found: [com.bluebudy.SCQ.domain.Processo.etapas#1], was: [com.bluebudy.SCQ.domain.Processo.etapas#1] (uninitialized)
[2021-08-02 23:31:48] - Collection found: [com.bluebudy.SCQ.domain.Processo.tarefas#1], was: [com.bluebudy.SCQ.domain.Processo.tarefas#1] (uninitialized)
[2021-08-02 23:31:48] - Collection found: [com.bluebudy.SCQ.domain.MateriaPrima.adicao#11], was: [com.bluebudy.SCQ.domain.MateriaPrima.adicao#11] (uninitialized)
[2021-08-02 23:31:48] - Collection found: [com.bluebudy.SCQ.domain.MateriaPrima.adicao#12], was: [com.bluebudy.SCQ.domain.MateriaPrima.adicao#12] (uninitialized)
[2021-08-02 23:31:48] - Collection found: [com.bluebudy.SCQ.domain.Parametro.analises#7], was: [com.bluebudy.SCQ.domain.Parametro.analises#7] (uninitialized)
[2021-08-02 23:31:48] - Collection found: [com.bluebudy.SCQ.domain.Parametro.analises#8], was: [com.bluebudy.SCQ.domain.Parametro.analises#8] (uninitialized)
[2021-08-02 23:31:48] - Collection found: [com.bluebudy.SCQ.domain.Parametro.analises#9], was: [com.bluebudy.SCQ.domain.Parametro.analises#9] (uninitialized)
[2021-08-02 23:31:48] - Collection found: [com.bluebudy.SCQ.domain.Parametro.analises#10], was: [com.bluebudy.SCQ.domain.Parametro.analises#10] (uninitialized)
[2021-08-02 23:31:48] - Collection found: [com.bluebudy.SCQ.domain.Parametro.analises#11], was: [com.bluebudy.SCQ.domain.Parametro.analises#11] (uninitialized)
[2021-08-02 23:31:48] - Collection found: [com.bluebudy.SCQ.domain.Parametro.analises#12], was: [com.bluebudy.SCQ.domain.Parametro.analises#12] (uninitialized)
[2021-08-02 23:31:48] - Collection found: [com.bluebudy.SCQ.domain.Parametro.analises#19], was: [com.bluebudy.SCQ.domain.Parametro.analises#19] (uninitialized)
[2021-08-02 23:31:48] - Collection found: [com.bluebudy.SCQ.domain.Parametro.analises#23], was: [com.bluebudy.SCQ.domain.Parametro.analises#23] (uninitialized)
[2021-08-02 23:31:48] - Collection found: [com.bluebudy.SCQ.domain.Analise.ordemDeCorrecao#1964], was: [com.bluebudy.SCQ.domain.Analise.ordemDeCorrecao#1964] (uninitialized)
[2021-08-02 23:31:48] - Collection found: [com.bluebudy.SCQ.domain.Analise.ordemDeCorrecao#1962], was: [com.bluebudy.SCQ.domain.Analise.ordemDeCorrecao#1962] (uninitialized)
[2021-08-02 23:31:48] - Collection found: [com.bluebudy.SCQ.domain.Analise.ordemDeCorrecao#1959], was: [com.bluebudy.SCQ.domain.Analise.ordemDeCorrecao#1959] (uninitialized)
[2021-08-02 23:31:48] - Collection found: [com.bluebudy.SCQ.domain.Analise.ordemDeCorrecao#1957], was: [com.bluebudy.SCQ.domain.Analise.ordemDeCorrecao#1957] (uninitialized)
[2021-08-02 23:31:48] - Collection found: [com.bluebudy.SCQ.domain.Analise.ordemDeCorrecao#1073], was: [com.bluebudy.SCQ.domain.Analise.ordemDeCorrecao#1073] (uninitialized)
[2021-08-02 23:31:48] - Collection found: [com.bluebudy.SCQ.domain.Analise.ordemDeCorrecao#1046], was: [com.bluebudy.SCQ.domain.Analise.ordemDeCorrecao#1046] (uninitialized)
[2021-08-02 23:31:48] - Collection found: [com.bluebudy.SCQ.domain.Analise.ordemDeCorrecao#1044], was: [com.bluebudy.SCQ.domain.Analise.ordemDeCorrecao#1044] (uninitialized)
[2021-08-02 23:31:48] - Collection found: [com.bluebudy.SCQ.domain.Analise.ordemDeCorrecao#830], was: [com.bluebudy.SCQ.domain.Analise.ordemDeCorrecao#830] (uninitialized)
[2021-08-02 23:31:48] - Collection found: [com.bluebudy.SCQ.domain.Analise.ordemDeCorrecao#828], was: [com.bluebudy.SCQ.domain.Analise.ordemDeCorrecao#828] (uninitialized)
[2021-08-02 23:31:48] - Collection found: [com.bluebudy.SCQ.domain.Analise.ordemDeCorrecao#826], was: [com.bluebudy.SCQ.domain.Analise.ordemDeCorrecao#826] (uninitialized)
[2021-08-02 23:31:48] - Collection found: [com.bluebudy.SCQ.domain.Analise.ordemDeCorrecao#824], was: [com.bluebudy.SCQ.domain.Analise.ordemDeCorrecao#824] (uninitialized)
[2021-08-02 23:31:48] - Collection found: [com.bluebudy.SCQ.domain.Analise.ordemDeCorrecao#822], was: [com.bluebudy.SCQ.domain.Analise.ordemDeCorrecao#822] (uninitialized)
[2021-08-02 23:31:48] - Collection found: [com.bluebudy.SCQ.domain.Analise.ordemDeCorrecao#820], was: [com.bluebudy.SCQ.domain.Analise.ordemDeCorrecao#820] (uninitialized)
[2021-08-02 23:31:48] - Collection found: [com.bluebudy.SCQ.domain.Analise.ordemDeCorrecao#818], was: [com.bluebudy.SCQ.domain.Analise.ordemDeCorrecao#818] (uninitialized)
[2021-08-02 23:31:48] - Collection found: [com.bluebudy.SCQ.domain.Analise.ordemDeCorrecao#816], was: [com.bluebudy.SCQ.domain.Analise.ordemDeCorrecao#816] (uninitialized)
[2021-08-02 23:31:48] - Collection found: [com.bluebudy.SCQ.domain.Analise.ordemDeCorrecao#814], was: [com.bluebudy.SCQ.domain.Analise.ordemDeCorrecao#814] (uninitialized)
[2021-08-02 23:31:48] - Collection found: [com.bluebudy.SCQ.domain.Analise.ordemDeCorrecao#766], was: [com.bluebudy.SCQ.domain.Analise.ordemDeCorrecao#766] (uninitialized)
[2021-08-02 23:31:48] - Collection found: [com.bluebudy.SCQ.domain.Analise.ordemDeCorrecao#764], was: [com.bluebudy.SCQ.domain.Analise.ordemDeCorrecao#764] (uninitialized)
[2021-08-02 23:31:48] - Collection found: [com.bluebudy.SCQ.domain.Analise.ordemDeCorrecao#762], was: [com.bluebudy.SCQ.domain.Analise.ordemDeCorrecao#762] (uninitialized)
[2021-08-02 23:31:48] - Collection found: [com.bluebudy.SCQ.domain.Analise.ordemDeCorrecao#760], was: [com.bluebudy.SCQ.domain.Analise.ordemDeCorrecao#760] (uninitialized)
[2021-08-02 23:31:48] - Collection found: [com.bluebudy.SCQ.domain.Analise.ordemDeCorrecao#758], was: [com.bluebudy.SCQ.domain.Analise.ordemDeCorrecao#758] (uninitialized)
[2021-08-02 23:31:48] - Collection found: [com.bluebudy.SCQ.domain.Analise.ordemDeCorrecao#756], was: [com.bluebudy.SCQ.domain.Analise.ordemDeCorrecao#756] (uninitialized)
[2021-08-02 23:31:48] - Collection found: [com.bluebudy.SCQ.domain.Analise.ordemDeCorrecao#754], was: [com.bluebudy.SCQ.domain.Analise.ordemDeCorrecao#754] (uninitialized)
[2021-08-02 23:31:48] - Collection found: [com.bluebudy.SCQ.domain.Analise.ordemDeCorrecao#746], was: [com.bluebudy.SCQ.domain.Analise.ordemDeCorrecao#746] (uninitialized)
[2021-08-02 23:31:48] - Collection found: [com.bluebudy.SCQ.domain.Analise.ordemDeCorrecao#744], was: [com.bluebudy.SCQ.domain.Analise.ordemDeCorrecao#744] (uninitialized)
[2021-08-02 23:31:48] - Collection found: [com.bluebudy.SCQ.domain.Analise.ordemDeCorrecao#664], was: [com.bluebudy.SCQ.domain.Analise.ordemDeCorrecao#664] (uninitialized)
[2021-08-02 23:31:48] - Collection found: [com.bluebudy.SCQ.domain.Analise.ordemDeCorrecao#662], was: [com.bluebudy.SCQ.domain.Analise.ordemDeCorrecao#662] (uninitialized)
[2021-08-02 23:31:48] - Collection found: [com.bluebudy.SCQ.domain.Analise.ordemDeCorrecao#660], was: [com.bluebudy.SCQ.domain.Analise.ordemDeCorrecao#660] (uninitialized)
[2021-08-02 23:31:48] - Collection found: [com.bluebudy.SCQ.domain.Analise.ordemDeCorrecao#658], was: [com.bluebudy.SCQ.domain.Analise.ordemDeCorrecao#658] (uninitialized)
[2021-08-02 23:31:48] - Collection found: [com.bluebudy.SCQ.domain.Analise.ordemDeCorrecao#656], was: [com.bluebudy.SCQ.domain.Analise.ordemDeCorrecao#656] (uninitialized)
[2021-08-02 23:31:48] - Collection found: [com.bluebudy.SCQ.domain.Analise.ordemDeCorrecao#654], was: [com.bluebudy.SCQ.domain.Analise.ordemDeCorrecao#654] (uninitialized)
[2021-08-02 23:31:48] - Collection found: [com.bluebudy.SCQ.domain.Analise.ordemDeCorrecao#652], was: [com.bluebudy.SCQ.domain.Analise.ordemDeCorrecao#652] (uninitialized)
[2021-08-02 23:31:48] - Collection found: [com.bluebudy.SCQ.domain.Analise.ordemDeCorrecao#650], was: [com.bluebudy.SCQ.domain.Analise.ordemDeCorrecao#650] (uninitialized)
[2021-08-02 23:31:48] - Collection found: [com.bluebudy.SCQ.domain.Analise.ordemDeCorrecao#648], was: [com.bluebudy.SCQ.domain.Analise.ordemDeCorrecao#648] (uninitialized)
[2021-08-02 23:31:48] - Collection found: [com.bluebudy.SCQ.domain.Analise.ordemDeCorrecao#646], was: [com.bluebudy.SCQ.domain.Analise.ordemDeCorrecao#646] (uninitialized)
[2021-08-02 23:31:48] - Collection found: [com.bluebudy.SCQ.domain.Analise.ordemDeCorrecao#644], was: [com.bluebudy.SCQ.domain.Analise.ordemDeCorrecao#644] (uninitialized)
[2021-08-02 23:31:48] - Collection found: [com.bluebudy.SCQ.domain.Analise.ordemDeCorrecao#642], was: [com.bluebudy.SCQ.domain.Analise.ordemDeCorrecao#642] (uninitialized)
[2021-08-02 23:31:48] - Collection found: [com.bluebudy.SCQ.domain.Analise.ordemDeCorrecao#90], was: [com.bluebudy.SCQ.domain.Analise.ordemDeCorrecao#90] (uninitialized)
[2021-08-02 23:31:48] - Collection found: [com.bluebudy.SCQ.domain.Analise.ordemDeCorrecao#88], was: [com.bluebudy.SCQ.domain.Analise.ordemDeCorrecao#88] (uninitialized)
[2021-08-02 23:31:48] - Collection found: [com.bluebudy.SCQ.domain.Analise.ordemDeCorrecao#1978], was: [com.bluebudy.SCQ.domain.Analise.ordemDeCorrecao#1978] (uninitialized)
[2021-08-02 23:31:48] - Flushed: 0 insertions, 1 updates, 0 deletions to 67 objects
[2021-08-02 23:31:48] - Flushed: 0 (re)creations, 0 updates, 0 removals to 55 collections
[2021-08-02 23:31:48] - Listing entities:
[2021-08-02 23:31:48] - com.bluebudy.SCQ.domain.Controle{dataPlanejada=Tue Aug 03 23:31:47 BRT 2021, periodo=1440, notified=false, dataRealizada=Mon Aug 02 23:31:47 BRT 2021, id=46}
[2021-08-02 23:31:48] - com.bluebudy.SCQ.domain.Analise{data=2021-04-20 12:36:19.692, resultado=3.9504890329301463, analista=Beatriz, parametro=com.bluebudy.SCQ.domain.Parametro#19, id=1044, needCorrecao=false, ordemDeCorrecao=<uninitialized>}
[2021-08-02 23:31:48] - com.bluebudy.SCQ.domain.Analise{data=2021-04-19 15:39:23.342, resultado=3.8417711838482718, analista=Beatriz, parametro=com.bluebudy.SCQ.domain.Parametro#19, id=660, needCorrecao=false, ordemDeCorrecao=<uninitialized>}
[2021-08-02 23:31:48] - com.bluebudy.SCQ.domain.Analise{data=2021-04-19 15:38:59.445, resultado=3.8417711838482718, analista=Beatriz, parametro=com.bluebudy.SCQ.domain.Parametro#19, id=658, needCorrecao=false, ordemDeCorrecao=<uninitialized>}
[2021-08-02 23:31:48] - com.bluebudy.SCQ.domain.Analise{data=2021-04-19 15:38:44.253, resultado=3.8417711838482718, analista=Beatriz, parametro=com.bluebudy.SCQ.domain.Parametro#19, id=656, needCorrecao=false, ordemDeCorrecao=<uninitialized>}
[2021-08-02 23:31:48] - com.bluebudy.SCQ.domain.Analise{data=2021-04-19 15:38:31.281, resultado=3.8417711838482718, analista=Beatriz, parametro=com.bluebudy.SCQ.domain.Parametro#19, id=654, needCorrecao=false, ordemDeCorrecao=<uninitialized>}
[2021-08-02 23:31:48] - com.bluebudy.SCQ.domain.Controle{dataPlanejada=2021-06-12 19:18:07.825, periodo=720, notified=true, dataRealizada=2021-06-12 07:18:07.825, id=50}
[2021-08-02 23:31:48] - com.bluebudy.SCQ.domain.Analise{data=2021-04-19 15:39:56.474, resultado=3.8417711838482718, analista=Beatriz, parametro=com.bluebudy.SCQ.domain.Parametro#19, id=664, needCorrecao=false, ordemDeCorrecao=<uninitialized>}
[2021-08-02 23:31:48] - com.bluebudy.SCQ.domain.Analise{data=2021-04-20 12:36:44.685, resultado=3.8112324621960596, analista=Beatriz, parametro=com.bluebudy.SCQ.domain.Parametro#19, id=1046, needCorrecao=false, ordemDeCorrecao=<uninitialized>}
[2021-08-02 23:31:48] - com.bluebudy.SCQ.domain.Analise{data=2021-04-19 15:39:37.774, resultado=3.8417711838482718, analista=Beatriz, parametro=com.bluebudy.SCQ.domain.Parametro#19, id=662, needCorrecao=false, ordemDeCorrecao=<uninitialized>}
[2021-08-02 23:31:48] - com.bluebudy.SCQ.domain.Analise{data=2021-04-19 15:37:14.782, resultado=3.8417711838482718, analista=Beatriz, parametro=com.bluebudy.SCQ.domain.Parametro#19, id=644, needCorrecao=false, ordemDeCorrecao=<uninitialized>}
[2021-08-02 23:31:48] - com.bluebudy.SCQ.domain.Analise{data=2021-04-19 15:37:00.4, resultado=3.8417711838482718, analista=Beatriz, parametro=com.bluebudy.SCQ.domain.Parametro#19, id=642, needCorrecao=false, ordemDeCorrecao=<uninitialized>}
[2021-08-02 23:31:48] - com.bluebudy.SCQ.domain.Analise{data=2021-04-19 16:39:45.185, resultado=3.7565333076018157, analista=Beatriz, parametro=com.bluebudy.SCQ.domain.Parametro#19, id=766, needCorrecao=false, ordemDeCorrecao=<uninitialized>}
[2021-08-02 23:31:48] - com.bluebudy.SCQ.domain.Analise{data=2021-04-19 15:38:17.899, resultado=3.8417711838482718, analista=Beatriz, parametro=com.bluebudy.SCQ.domain.Parametro#19, id=652, needCorrecao=false, ordemDeCorrecao=<uninitialized>}
[2021-08-02 23:31:48] - com.bluebudy.SCQ.domain.Analise{data=2021-04-19 15:37:57.045, resultado=3.8417711838482718, analista=Beatriz, parametro=com.bluebudy.SCQ.domain.Parametro#19, id=650, needCorrecao=false, ordemDeCorrecao=<uninitialized>}
[2021-08-02 23:31:48] - com.bluebudy.SCQ.domain.Analise{data=2021-04-19 15:37:41.125, resultado=3.8417711838482718, analista=Beatriz, parametro=com.bluebudy.SCQ.domain.Parametro#19, id=648, needCorrecao=false, ordemDeCorrecao=<uninitialized>}
[2021-08-02 23:31:48] - com.bluebudy.SCQ.domain.Analise{data=2021-04-19 15:37:28.197, resultado=3.8417711838482718, analista=Beatriz, parametro=com.bluebudy.SCQ.domain.Parametro#19, id=646, needCorrecao=false, ordemDeCorrecao=<uninitialized>}
[2021-08-02 23:31:48] - com.bluebudy.SCQ.domain.Analise{data=2021-04-19 17:37:25.804, resultado=3.9748345872542874, analista=Beatriz, parametro=com.bluebudy.SCQ.domain.Parametro#19, id=820, needCorrecao=false, ordemDeCorrecao=<uninitialized>}
[2021-08-02 23:31:48] - com.bluebudy.SCQ.domain.Analise{data=2021-04-19 17:37:05.677, resultado=3.8458800300342055, analista=Beatriz, parametro=com.bluebudy.SCQ.domain.Parametro#19, id=818, needCorrecao=false, ordemDeCorrecao=<uninitialized>}
[2021-08-02 23:31:48] - com.bluebudy.SCQ.domain.Analise{data=2021-04-22 09:27:22.6, resultado=3.735512611953754, analista=Beatriz, parametro=com.bluebudy.SCQ.domain.Parametro#19, id=1073, needCorrecao=false, ordemDeCorrecao=<uninitialized>}
[2021-08-02 23:31:48] - com.bluebudy.SCQ.domain.Analise{data=2021-04-19 17:35:45.521, resultado=3.7927810947082894, analista=Beatriz, parametro=com.bluebudy.SCQ.domain.Parametro#19, id=816, needCorrecao=false, ordemDeCorrecao=<uninitialized>}
[2021-08-02 23:31:48] - More......
[2021-08-02 23:31:48] - update notificacao set messagem=?, ref_id=?, status=?, tipo_notificacao=? where id=?
[2021-08-02 23:31:48] - Not closing pre-bound JPA EntityManager after transaction
[2021-08-02 23:31:48] - Found thread-bound EntityManager [SessionImpl(1682416792<open>)] for JPA transaction
[2021-08-02 23:31:48] - Creating new transaction with name [org.springframework.data.jpa.repository.support.SimpleJpaRepository.save]: PROPAGATION_REQUIRED,ISOLATION_DEFAULT
[2021-08-02 23:31:48] - begin
[2021-08-02 23:31:48] - Exposing JPA transaction as JDBC [org.springframework.orm.jpa.vendor.HibernateJpaDialect$HibernateConnectionHandle@61d8aab0]
[2021-08-02 23:31:48] - Initiating transaction commit
[2021-08-02 23:31:48] - Committing JPA transaction on EntityManager [SessionImpl(1682416792<open>)]
[2021-08-02 23:31:48] - committing
[2021-08-02 23:31:48] - Processing flush-time cascades
[2021-08-02 23:31:48] - Dirty checking collections
[2021-08-02 23:31:48] - Collection found: [com.bluebudy.SCQ.domain.Etapa.montagem#8], was: [com.bluebudy.SCQ.domain.Etapa.montagem#8] (initialized)
[2021-08-02 23:31:48] - Collection found: [com.bluebudy.SCQ.domain.Etapa.parametros#8], was: [com.bluebudy.SCQ.domain.Etapa.parametros#8] (uninitialized)
[2021-08-02 23:31:48] - Collection found: [com.bluebudy.SCQ.domain.Etapa.trocas#8], was: [com.bluebudy.SCQ.domain.Etapa.trocas#8] (uninitialized)
[2021-08-02 23:31:48] - Collection found: [com.bluebudy.SCQ.domain.Processo.etapas#1], was: [com.bluebudy.SCQ.domain.Processo.etapas#1] (uninitialized)
[2021-08-02 23:31:48] - Collection found: [com.bluebudy.SCQ.domain.Processo.tarefas#1], was: [com.bluebudy.SCQ.domain.Processo.tarefas#1] (uninitialized)
[2021-08-02 23:31:48] - Collection found: [com.bluebudy.SCQ.domain.MateriaPrima.adicao#11], was: [com.bluebudy.SCQ.domain.MateriaPrima.adicao#11] (uninitialized)
[2021-08-02 23:31:48] - Collection found: [com.bluebudy.SCQ.domain.MateriaPrima.adicao#12], was: [com.bluebudy.SCQ.domain.MateriaPrima.adicao#12] (uninitialized)
[2021-08-02 23:31:48] - Collection found: [com.bluebudy.SCQ.domain.Parametro.analises#7], was: [com.bluebudy.SCQ.domain.Parametro.analises#7] (uninitialized)
[2021-08-02 23:31:48] - Collection found: [com.bluebudy.SCQ.domain.Parametro.analises#8], was: [com.bluebudy.SCQ.domain.Parametro.analises#8] (uninitialized)
[2021-08-02 23:31:48] - Collection found: [com.bluebudy.SCQ.domain.Parametro.analises#9], was: [com.bluebudy.SCQ.domain.Parametro.analises#9] (uninitialized)
[2021-08-02 23:31:48] - Collection found: [com.bluebudy.SCQ.domain.Parametro.analises#10], was: [com.bluebudy.SCQ.domain.Parametro.analises#10] (uninitialized)
[2021-08-02 23:31:48] - Collection found: [com.bluebudy.SCQ.domain.Parametro.analises#11], was: [com.bluebudy.SCQ.domain.Parametro.analises#11] (uninitialized)
[2021-08-02 23:31:48] - Collection found: [com.bluebudy.SCQ.domain.Parametro.analises#12], was: [com.bluebudy.SCQ.domain.Parametro.analises#12] (uninitialized)
[2021-08-02 23:31:48] - Collection found: [com.bluebudy.SCQ.domain.Parametro.analises#19], was: [com.bluebudy.SCQ.domain.Parametro.analises#19] (uninitialized)
[2021-08-02 23:31:48] - Collection found: [com.bluebudy.SCQ.domain.Parametro.analises#23], was: [com.bluebudy.SCQ.domain.Parametro.analises#23] (uninitialized)
[2021-08-02 23:31:48] - Collection found: [com.bluebudy.SCQ.domain.Analise.ordemDeCorrecao#1964], was: [com.bluebudy.SCQ.domain.Analise.ordemDeCorrecao#1964] (uninitialized)
[2021-08-02 23:31:48] - Collection found: [com.bluebudy.SCQ.domain.Analise.ordemDeCorrecao#1962], was: [com.bluebudy.SCQ.domain.Analise.ordemDeCorrecao#1962] (uninitialized)
[2021-08-02 23:31:48] - Collection found: [com.bluebudy.SCQ.domain.Analise.ordemDeCorrecao#1959], was: [com.bluebudy.SCQ.domain.Analise.ordemDeCorrecao#1959] (uninitialized)
[2021-08-02 23:31:48] - Collection found: [com.bluebudy.SCQ.domain.Analise.ordemDeCorrecao#1957], was: [com.bluebudy.SCQ.domain.Analise.ordemDeCorrecao#1957] (uninitialized)
[2021-08-02 23:31:48] - Collection found: [com.bluebudy.SCQ.domain.Analise.ordemDeCorrecao#1073], was: [com.bluebudy.SCQ.domain.Analise.ordemDeCorrecao#1073] (uninitialized)
[2021-08-02 23:31:48] - Collection found: [com.bluebudy.SCQ.domain.Analise.ordemDeCorrecao#1046], was: [com.bluebudy.SCQ.domain.Analise.ordemDeCorrecao#1046] (uninitialized)
[2021-08-02 23:31:48] - Collection found: [com.bluebudy.SCQ.domain.Analise.ordemDeCorrecao#1044], was: [com.bluebudy.SCQ.domain.Analise.ordemDeCorrecao#1044] (uninitialized)
[2021-08-02 23:31:48] - Collection found: [com.bluebudy.SCQ.domain.Analise.ordemDeCorrecao#830], was: [com.bluebudy.SCQ.domain.Analise.ordemDeCorrecao#830] (uninitialized)
[2021-08-02 23:31:48] - Collection found: [com.bluebudy.SCQ.domain.Analise.ordemDeCorrecao#828], was: [com.bluebudy.SCQ.domain.Analise.ordemDeCorrecao#828] (uninitialized)
[2021-08-02 23:31:48] - Collection found: [com.bluebudy.SCQ.domain.Analise.ordemDeCorrecao#826], was: [com.bluebudy.SCQ.domain.Analise.ordemDeCorrecao#826] (uninitialized)
[2021-08-02 23:31:48] - Collection found: [com.bluebudy.SCQ.domain.Analise.ordemDeCorrecao#824], was: [com.bluebudy.SCQ.domain.Analise.ordemDeCorrecao#824] (uninitialized)
[2021-08-02 23:31:48] - Collection found: [com.bluebudy.SCQ.domain.Analise.ordemDeCorrecao#822], was: [com.bluebudy.SCQ.domain.Analise.ordemDeCorrecao#822] (uninitialized)
[2021-08-02 23:31:48] - Collection found: [com.bluebudy.SCQ.domain.Analise.ordemDeCorrecao#820], was: [com.bluebudy.SCQ.domain.Analise.ordemDeCorrecao#820] (uninitialized)
[2021-08-02 23:31:48] - Collection found: [com.bluebudy.SCQ.domain.Analise.ordemDeCorrecao#818], was: [com.bluebudy.SCQ.domain.Analise.ordemDeCorrecao#818] (uninitialized)
[2021-08-02 23:31:48] - Collection found: [com.bluebudy.SCQ.domain.Analise.ordemDeCorrecao#816], was: [com.bluebudy.SCQ.domain.Analise.ordemDeCorrecao#816] (uninitialized)
[2021-08-02 23:31:48] - Collection found: [com.bluebudy.SCQ.domain.Analise.ordemDeCorrecao#814], was: [com.bluebudy.SCQ.domain.Analise.ordemDeCorrecao#814] (uninitialized)
[2021-08-02 23:31:48] - Collection found: [com.bluebudy.SCQ.domain.Analise.ordemDeCorrecao#766], was: [com.bluebudy.SCQ.domain.Analise.ordemDeCorrecao#766] (uninitialized)
[2021-08-02 23:31:48] - Collection found: [com.bluebudy.SCQ.domain.Analise.ordemDeCorrecao#764], was: [com.bluebudy.SCQ.domain.Analise.ordemDeCorrecao#764] (uninitialized)
[2021-08-02 23:31:48] - Collection found: [com.bluebudy.SCQ.domain.Analise.ordemDeCorrecao#762], was: [com.bluebudy.SCQ.domain.Analise.ordemDeCorrecao#762] (uninitialized)
[2021-08-02 23:31:48] - Collection found: [com.bluebudy.SCQ.domain.Analise.ordemDeCorrecao#760], was: [com.bluebudy.SCQ.domain.Analise.ordemDeCorrecao#760] (uninitialized)
[2021-08-02 23:31:48] - Collection found: [com.bluebudy.SCQ.domain.Analise.ordemDeCorrecao#758], was: [com.bluebudy.SCQ.domain.Analise.ordemDeCorrecao#758] (uninitialized)
[2021-08-02 23:31:48] - Collection found: [com.bluebudy.SCQ.domain.Analise.ordemDeCorrecao#756], was: [com.bluebudy.SCQ.domain.Analise.ordemDeCorrecao#756] (uninitialized)
[2021-08-02 23:31:48] - Collection found: [com.bluebudy.SCQ.domain.Analise.ordemDeCorrecao#754], was: [com.bluebudy.SCQ.domain.Analise.ordemDeCorrecao#754] (uninitialized)
[2021-08-02 23:31:48] - Collection found: [com.bluebudy.SCQ.domain.Analise.ordemDeCorrecao#746], was: [com.bluebudy.SCQ.domain.Analise.ordemDeCorrecao#746] (uninitialized)
[2021-08-02 23:31:48] - Collection found: [com.bluebudy.SCQ.domain.Analise.ordemDeCorrecao#744], was: [com.bluebudy.SCQ.domain.Analise.ordemDeCorrecao#744] (uninitialized)
[2021-08-02 23:31:48] - Collection found: [com.bluebudy.SCQ.domain.Analise.ordemDeCorrecao#664], was: [com.bluebudy.SCQ.domain.Analise.ordemDeCorrecao#664] (uninitialized)
[2021-08-02 23:31:48] - Collection found: [com.bluebudy.SCQ.domain.Analise.ordemDeCorrecao#662], was: [com.bluebudy.SCQ.domain.Analise.ordemDeCorrecao#662] (uninitialized)
[2021-08-02 23:31:48] - Collection found: [com.bluebudy.SCQ.domain.Analise.ordemDeCorrecao#660], was: [com.bluebudy.SCQ.domain.Analise.ordemDeCorrecao#660] (uninitialized)
[2021-08-02 23:31:48] - Collection found: [com.bluebudy.SCQ.domain.Analise.ordemDeCorrecao#658], was: [com.bluebudy.SCQ.domain.Analise.ordemDeCorrecao#658] (uninitialized)
[2021-08-02 23:31:48] - Collection found: [com.bluebudy.SCQ.domain.Analise.ordemDeCorrecao#656], was: [com.bluebudy.SCQ.domain.Analise.ordemDeCorrecao#656] (uninitialized)
[2021-08-02 23:31:48] - Collection found: [com.bluebudy.SCQ.domain.Analise.ordemDeCorrecao#654], was: [com.bluebudy.SCQ.domain.Analise.ordemDeCorrecao#654] (uninitialized)
[2021-08-02 23:31:48] - Collection found: [com.bluebudy.SCQ.domain.Analise.ordemDeCorrecao#652], was: [com.bluebudy.SCQ.domain.Analise.ordemDeCorrecao#652] (uninitialized)
[2021-08-02 23:31:48] - Collection found: [com.bluebudy.SCQ.domain.Analise.ordemDeCorrecao#650], was: [com.bluebudy.SCQ.domain.Analise.ordemDeCorrecao#650] (uninitialized)
[2021-08-02 23:31:48] - Collection found: [com.bluebudy.SCQ.domain.Analise.ordemDeCorrecao#648], was: [com.bluebudy.SCQ.domain.Analise.ordemDeCorrecao#648] (uninitialized)
[2021-08-02 23:31:48] - Collection found: [com.bluebudy.SCQ.domain.Analise.ordemDeCorrecao#646], was: [com.bluebudy.SCQ.domain.Analise.ordemDeCorrecao#646] (uninitialized)
[2021-08-02 23:31:48] - Collection found: [com.bluebudy.SCQ.domain.Analise.ordemDeCorrecao#644], was: [com.bluebudy.SCQ.domain.Analise.ordemDeCorrecao#644] (uninitialized)
[2021-08-02 23:31:48] - Collection found: [com.bluebudy.SCQ.domain.Analise.ordemDeCorrecao#642], was: [com.bluebudy.SCQ.domain.Analise.ordemDeCorrecao#642] (uninitialized)
[2021-08-02 23:31:48] - Collection found: [com.bluebudy.SCQ.domain.Analise.ordemDeCorrecao#90], was: [com.bluebudy.SCQ.domain.Analise.ordemDeCorrecao#90] (uninitialized)
[2021-08-02 23:31:48] - Collection found: [com.bluebudy.SCQ.domain.Analise.ordemDeCorrecao#88], was: [com.bluebudy.SCQ.domain.Analise.ordemDeCorrecao#88] (uninitialized)
[2021-08-02 23:31:48] - Collection found: [com.bluebudy.SCQ.domain.Analise.ordemDeCorrecao#1978], was: [com.bluebudy.SCQ.domain.Analise.ordemDeCorrecao#1978] (uninitialized)
[2021-08-02 23:31:48] - Flushed: 0 insertions, 1 updates, 0 deletions to 67 objects
[2021-08-02 23:31:48] - Flushed: 0 (re)creations, 0 updates, 0 removals to 55 collections
[2021-08-02 23:31:48] - Listing entities:
[2021-08-02 23:31:48] - com.bluebudy.SCQ.domain.Controle{dataPlanejada=Tue Aug 03 23:31:47 BRT 2021, periodo=1440, notified=false, dataRealizada=Mon Aug 02 23:31:47 BRT 2021, id=46}
[2021-08-02 23:31:48] - com.bluebudy.SCQ.domain.Analise{data=2021-04-20 12:36:19.692, resultado=3.9504890329301463, analista=Beatriz, parametro=com.bluebudy.SCQ.domain.Parametro#19, id=1044, needCorrecao=false, ordemDeCorrecao=<uninitialized>}
[2021-08-02 23:31:48] - com.bluebudy.SCQ.domain.Analise{data=2021-04-19 15:39:23.342, resultado=3.8417711838482718, analista=Beatriz, parametro=com.bluebudy.SCQ.domain.Parametro#19, id=660, needCorrecao=false, ordemDeCorrecao=<uninitialized>}
[2021-08-02 23:31:48] - com.bluebudy.SCQ.domain.Analise{data=2021-04-19 15:38:59.445, resultado=3.8417711838482718, analista=Beatriz, parametro=com.bluebudy.SCQ.domain.Parametro#19, id=658, needCorrecao=false, ordemDeCorrecao=<uninitialized>}
[2021-08-02 23:31:48] - com.bluebudy.SCQ.domain.Analise{data=2021-04-19 15:38:44.253, resultado=3.8417711838482718, analista=Beatriz, parametro=com.bluebudy.SCQ.domain.Parametro#19, id=656, needCorrecao=false, ordemDeCorrecao=<uninitialized>}
[2021-08-02 23:31:48] - com.bluebudy.SCQ.domain.Analise{data=2021-04-19 15:38:31.281, resultado=3.8417711838482718, analista=Beatriz, parametro=com.bluebudy.SCQ.domain.Parametro#19, id=654, needCorrecao=false, ordemDeCorrecao=<uninitialized>}
[2021-08-02 23:31:48] - com.bluebudy.SCQ.domain.Controle{dataPlanejada=2021-06-12 19:18:07.825, periodo=720, notified=true, dataRealizada=2021-06-12 07:18:07.825, id=50}
[2021-08-02 23:31:48] - com.bluebudy.SCQ.domain.Analise{data=2021-04-19 15:39:56.474, resultado=3.8417711838482718, analista=Beatriz, parametro=com.bluebudy.SCQ.domain.Parametro#19, id=664, needCorrecao=false, ordemDeCorrecao=<uninitialized>}
[2021-08-02 23:31:48] - com.bluebudy.SCQ.domain.Analise{data=2021-04-20 12:36:44.685, resultado=3.8112324621960596, analista=Beatriz, parametro=com.bluebudy.SCQ.domain.Parametro#19, id=1046, needCorrecao=false, ordemDeCorrecao=<uninitialized>}
[2021-08-02 23:31:48] - com.bluebudy.SCQ.domain.Analise{data=2021-04-19 15:39:37.774, resultado=3.8417711838482718, analista=Beatriz, parametro=com.bluebudy.SCQ.domain.Parametro#19, id=662, needCorrecao=false, ordemDeCorrecao=<uninitialized>}
[2021-08-02 23:31:48] - com.bluebudy.SCQ.domain.Analise{data=2021-04-19 15:37:14.782, resultado=3.8417711838482718, analista=Beatriz, parametro=com.bluebudy.SCQ.domain.Parametro#19, id=644, needCorrecao=false, ordemDeCorrecao=<uninitialized>}
[2021-08-02 23:31:48] - com.bluebudy.SCQ.domain.Analise{data=2021-04-19 15:37:00.4, resultado=3.8417711838482718, analista=Beatriz, parametro=com.bluebudy.SCQ.domain.Parametro#19, id=642, needCorrecao=false, ordemDeCorrecao=<uninitialized>}
[2021-08-02 23:31:48] - com.bluebudy.SCQ.domain.Analise{data=2021-04-19 16:39:45.185, resultado=3.7565333076018157, analista=Beatriz, parametro=com.bluebudy.SCQ.domain.Parametro#19, id=766, needCorrecao=false, ordemDeCorrecao=<uninitialized>}
[2021-08-02 23:31:48] - com.bluebudy.SCQ.domain.Analise{data=2021-04-19 15:38:17.899, resultado=3.8417711838482718, analista=Beatriz, parametro=com.bluebudy.SCQ.domain.Parametro#19, id=652, needCorrecao=false, ordemDeCorrecao=<uninitialized>}
[2021-08-02 23:31:48] - com.bluebudy.SCQ.domain.Analise{data=2021-04-19 15:37:57.045, resultado=3.8417711838482718, analista=Beatriz, parametro=com.bluebudy.SCQ.domain.Parametro#19, id=650, needCorrecao=false, ordemDeCorrecao=<uninitialized>}
[2021-08-02 23:31:48] - com.bluebudy.SCQ.domain.Analise{data=2021-04-19 15:37:41.125, resultado=3.8417711838482718, analista=Beatriz, parametro=com.bluebudy.SCQ.domain.Parametro#19, id=648, needCorrecao=false, ordemDeCorrecao=<uninitialized>}
[2021-08-02 23:31:48] - com.bluebudy.SCQ.domain.Analise{data=2021-04-19 15:37:28.197, resultado=3.8417711838482718, analista=Beatriz, parametro=com.bluebudy.SCQ.domain.Parametro#19, id=646, needCorrecao=false, ordemDeCorrecao=<uninitialized>}
[2021-08-02 23:31:48] - com.bluebudy.SCQ.domain.Analise{data=2021-04-19 17:37:25.804, resultado=3.9748345872542874, analista=Beatriz, parametro=com.bluebudy.SCQ.domain.Parametro#19, id=820, needCorrecao=false, ordemDeCorrecao=<uninitialized>}
[2021-08-02 23:31:48] - com.bluebudy.SCQ.domain.Analise{data=2021-04-19 17:37:05.677, resultado=3.8458800300342055, analista=Beatriz, parametro=com.bluebudy.SCQ.domain.Parametro#19, id=818, needCorrecao=false, ordemDeCorrecao=<uninitialized>}
[2021-08-02 23:31:48] - com.bluebudy.SCQ.domain.Analise{data=2021-04-22 09:27:22.6, resultado=3.735512611953754, analista=Beatriz, parametro=com.bluebudy.SCQ.domain.Parametro#19, id=1073, needCorrecao=false, ordemDeCorrecao=<uninitialized>}
[2021-08-02 23:31:48] - com.bluebudy.SCQ.domain.Analise{data=2021-04-19 17:35:45.521, resultado=3.7927810947082894, analista=Beatriz, parametro=com.bluebudy.SCQ.domain.Parametro#19, id=816, needCorrecao=false, ordemDeCorrecao=<uninitialized>}
[2021-08-02 23:31:48] - More......
[2021-08-02 23:31:48] - update notificacao set messagem=?, ref_id=?, status=?, tipo_notificacao=? where id=?
[2021-08-02 23:31:48] - Not closing pre-bound JPA EntityManager after transaction
[2021-08-02 23:31:48] - Processing MESSAGE destination=/reducer/return session=null payload={"type":"function","function":"loadNotifications","route":null}
[2021-08-02 23:31:48] - Broadcasting to 1 sessions.
[2021-08-02 23:31:48] - /notificacoes at position 1 of 12 in additional filter chain; firing Filter: 'WebAsyncManagerIntegrationFilter'
[2021-08-02 23:31:48] - /notificacoes at position 2 of 12 in additional filter chain; firing Filter: 'SecurityContextPersistenceFilter'
[2021-08-02 23:31:48] - /notificacoes at position 3 of 12 in additional filter chain; firing Filter: 'HeaderWriterFilter'
[2021-08-02 23:31:48] - /notificacoes at position 4 of 12 in additional filter chain; firing Filter: 'CorsFilter'
[2021-08-02 23:31:48] - Using 'application/json', given [application/json, text/plain, */*] and supported [application/json, application/*+json, application/json, application/*+json]
[2021-08-02 23:31:48] - Not injecting HSTS header since it did not match the requestMatcher org.springframework.security.web.header.writers.HstsHeaderWriter$SecureRequestMatcher@772ee90d
[2021-08-02 23:31:48] - SecurityContextHolder now cleared, as request processing completed
[2021-08-02 23:31:48] - Writing [com.bluebudy.SCQ.dtos.AnaliseDTO@550600e]
[2021-08-02 23:31:48] - /notificacoes at position 1 of 12 in additional filter chain; firing Filter: 'WebAsyncManagerIntegrationFilter'
[2021-08-02 23:31:48] - /notificacoes at position 2 of 12 in additional filter chain; firing Filter: 'SecurityContextPersistenceFilter'
[2021-08-02 23:31:48] - /notificacoes at position 3 of 12 in additional filter chain; firing Filter: 'HeaderWriterFilter'
[2021-08-02 23:31:48] - /notificacoes at position 4 of 12 in additional filter chain; firing Filter: 'CorsFilter'
[2021-08-02 23:31:48] - /notificacoes at position 5 of 12 in additional filter chain; firing Filter: 'LogoutFilter'
[2021-08-02 23:31:48] - Not injecting HSTS header since it did not match the requestMatcher org.springframework.security.web.header.writers.HstsHeaderWriter$SecureRequestMatcher@772ee90d
[2021-08-02 23:31:48] - Trying to match using Ant [pattern='/logout', GET]
[2021-08-02 23:31:48] - Checking match of request : '/notificacoes'; against '/logout'
[2021-08-02 23:31:48] - Trying to match using Ant [pattern='/logout', POST]
[2021-08-02 23:31:48] - Request 'GET /notificacoes' doesn't match 'POST /logout'
[2021-08-02 23:31:48] - Trying to match using Ant [pattern='/logout', PUT]
[2021-08-02 23:31:48] - Request 'GET /notificacoes' doesn't match 'PUT /logout'
[2021-08-02 23:31:48] - Trying to match using Ant [pattern='/logout', DELETE]
[2021-08-02 23:31:48] - Request 'GET /notificacoes' doesn't match 'DELETE /logout'
[2021-08-02 23:31:48] - No matches found
[2021-08-02 23:31:48] - /notificacoes at position 6 of 12 in additional filter chain; firing Filter: 'AutenticacaoTokenFilter'
[2021-08-02 23:31:48] - Closing JPA EntityManager in OpenEntityManagerInViewInterceptor
[2021-08-02 23:31:48] - Completed 201 CREATED
[2021-08-02 23:31:48] - Chain processed normally
[2021-08-02 23:31:48] - SecurityContextHolder now cleared, as request processing completed
[2021-08-02 23:31:48] - Creating new EntityManager for shared EntityManager invocation
[2021-08-02 23:31:48] - Rendered criteria query -> select generatedAlias0 from User as generatedAlias0 where generatedAlias0.mail=:param0
[2021-08-02 23:31:48] - select user0_.id as id1_14_, user0_.admin as admin2_14_, user0_.enabled as enabled3_14_, user0_.mail as mail4_14_, user0_.name as name5_14_, user0_.password as password6_14_ from user user0_ where user0_.mail=?
[2021-08-02 23:31:48] - Result set row: 0
[2021-08-02 23:31:48] - Result row: EntityKey[com.bluebudy.SCQ.domain.User#1]
[2021-08-02 23:31:48] - Resolving attributes for [com.bluebudy.SCQ.domain.User#1]
[2021-08-02 23:31:48] - Processing attribute `admin` : value = true
[2021-08-02 23:31:48] - Attribute (`admin`)  - enhanced for lazy-loading? - false
[2021-08-02 23:31:48] - Processing attribute `enabled` : value = true
[2021-08-02 23:31:48] - Attribute (`enabled`)  - enhanced for lazy-loading? - false
[2021-08-02 23:31:48] - Processing attribute `mail` : value = Alexandre@cationbrasil.com.br
[2021-08-02 23:31:48] - Attribute (`mail`)  - enhanced for lazy-loading? - false
[2021-08-02 23:31:48] - Processing attribute `name` : value = Alexandre
