[2021-08-02 23:28:00] - Initializing Spring embedded WebApplicationContext
[2021-08-02 23:28:00] - Published root WebApplicationContext as ServletContext attribute with name [org.springframework.web.context.WebApplicationContext.ROOT]
[2021-08-02 23:28:00] - Root WebApplicationContext: initialization completed in 4585 ms
[2021-08-02 23:28:00] - Creating shared instance of singleton bean 'webMvcMetricsFilter'
[2021-08-02 23:28:00] - Creating shared instance of singleton bean 'org.springframework.boot.actuate.autoconfigure.metrics.web.servlet.WebMvcMetricsAutoConfiguration'
[2021-08-02 23:28:00] - Creating shared instance of singleton bean 'management.metrics-org.springframework.boot.actuate.autoconfigure.metrics.MetricsProperties'
[2021-08-02 23:28:00] - Autowiring by type from bean name 'org.springframework.boot.actuate.autoconfigure.metrics.web.servlet.WebMvcMetricsAutoConfiguration' via constructor to bean named 'management.metrics-org.springframework.boot.actuate.autoconfigure.metrics.MetricsProperties'
[2021-08-02 23:28:00] - Creating shared instance of singleton bean 'simpleMeterRegistry'
[2021-08-02 23:28:00] - Creating shared instance of singleton bean 'org.springframework.boot.actuate.autoconfigure.metrics.export.simple.SimpleMetricsExportAutoConfiguration'
[2021-08-02 23:28:00] - Creating shared instance of singleton bean 'simpleConfig'
[2021-08-02 23:28:00] - Creating shared instance of singleton bean 'management.metrics.export.simple-org.springframework.boot.actuate.autoconfigure.metrics.export.simple.SimpleProperties'
[2021-08-02 23:28:00] - Autowiring by type from bean name 'simpleConfig' via factory method to bean named 'management.metrics.export.simple-org.springframework.boot.actuate.autoconfigure.metrics.export.simple.SimpleProperties'
[2021-08-02 23:28:00] - Creating shared instance of singleton bean 'micrometerClock'
[2021-08-02 23:28:00] - Creating shared instance of singleton bean 'org.springframework.boot.actuate.autoconfigure.metrics.MetricsAutoConfiguration'
[2021-08-02 23:28:00] - Autowiring by type from bean name 'simpleMeterRegistry' via factory method to bean named 'simpleConfig'
[2021-08-02 23:28:00] - Autowiring by type from bean name 'simpleMeterRegistry' via factory method to bean named 'micrometerClock'
[2021-08-02 23:28:00] - Creating shared instance of singleton bean 'propertiesMeterFilter'
[2021-08-02 23:28:00] - Autowiring by type from bean name 'propertiesMeterFilter' via factory method to bean named 'management.metrics-org.springframework.boot.actuate.autoconfigure.metrics.MetricsProperties'
[2021-08-02 23:28:01] - Creating shared instance of singleton bean 'metricsHttpClientUriTagFilter'
[2021-08-02 23:28:01] - Creating shared instance of singleton bean 'org.springframework.boot.actuate.autoconfigure.metrics.web.client.HttpClientMetricsAutoConfiguration'
[2021-08-02 23:28:01] - Autowiring by type from bean name 'metricsHttpClientUriTagFilter' via factory method to bean named 'management.metrics-org.springframework.boot.actuate.autoconfigure.metrics.MetricsProperties'
[2021-08-02 23:28:01] - Creating shared instance of singleton bean 'metricsHttpServerUriTagFilter'
[2021-08-02 23:28:01] - Creating shared instance of singleton bean 'jvmGcMetrics'
[2021-08-02 23:28:01] - Creating shared instance of singleton bean 'org.springframework.boot.actuate.autoconfigure.metrics.JvmMetricsAutoConfiguration'
[2021-08-02 23:28:01] - Using SLF4J as the default logging framework
[2021-08-02 23:28:01] - Creating shared instance of singleton bean 'jvmMemoryMetrics'
[2021-08-02 23:28:01] - Creating shared instance of singleton bean 'jvmThreadMetrics'
[2021-08-02 23:28:01] - Creating shared instance of singleton bean 'classLoaderMetrics'
[2021-08-02 23:28:01] - Creating shared instance of singleton bean 'logbackMetrics'
[2021-08-02 23:28:01] - Creating shared instance of singleton bean 'org.springframework.boot.actuate.autoconfigure.metrics.LogbackMetricsAutoConfiguration'
[2021-08-02 23:28:01] - Creating shared instance of singleton bean 'uptimeMetrics'
[2021-08-02 23:28:01] - Creating shared instance of singleton bean 'org.springframework.boot.actuate.autoconfigure.metrics.SystemMetricsAutoConfiguration'
[2021-08-02 23:28:01] - Creating shared instance of singleton bean 'processorMetrics'
[2021-08-02 23:28:01] - Creating shared instance of singleton bean 'fileDescriptorMetrics'
[2021-08-02 23:28:01] - Creating shared instance of singleton bean 'webMvcTagsProvider'
[2021-08-02 23:28:01] - Autowiring by type from bean name 'webMvcMetricsFilter' via factory method to bean named 'simpleMeterRegistry'
[2021-08-02 23:28:01] - Autowiring by type from bean name 'webMvcMetricsFilter' via factory method to bean named 'webMvcTagsProvider'
[2021-08-02 23:28:01] - Creating shared instance of singleton bean 'securityFilterChainRegistration'
[2021-08-02 23:28:01] - Creating shared instance of singleton bean 'org.springframework.boot.autoconfigure.security.servlet.SecurityFilterAutoConfiguration'
[2021-08-02 23:28:01] - Creating shared instance of singleton bean 'spring.security-org.springframework.boot.autoconfigure.security.SecurityProperties'
[2021-08-02 23:28:01] - Autowiring by type from bean name 'securityFilterChainRegistration' via factory method to bean named 'spring.security-org.springframework.boot.autoconfigure.security.SecurityProperties'
[2021-08-02 23:28:01] - Creating shared instance of singleton bean 'servletEndpointRegistrar'
[2021-08-02 23:28:01] - Creating shared instance of singleton bean 'org.springframework.boot.actuate.autoconfigure.endpoint.web.ServletEndpointManagementContextConfiguration$WebMvcServletEndpointManagementContextConfiguration'
[2021-08-02 23:28:01] - Creating shared instance of singleton bean 'management.endpoints.web-org.springframework.boot.actuate.autoconfigure.endpoint.web.WebEndpointProperties'
[2021-08-02 23:28:01] - Creating shared instance of singleton bean 'servletEndpointDiscoverer'
[2021-08-02 23:28:01] - Creating shared instance of singleton bean 'org.springframework.boot.actuate.autoconfigure.endpoint.web.WebEndpointAutoConfiguration$WebEndpointServletConfiguration'
[2021-08-02 23:28:01] - Autowiring by type from bean name 'servletEndpointDiscoverer' via factory method to bean named 'org.springframework.boot.web.servlet.context.AnnotationConfigServletWebServerApplicationContext@7521c676'
[2021-08-02 23:28:01] - Creating shared instance of singleton bean 'webEndpointPathMapper'
[2021-08-02 23:28:01] - Creating shared instance of singleton bean 'org.springframework.boot.actuate.autoconfigure.endpoint.web.WebEndpointAutoConfiguration'
[2021-08-02 23:28:01] - Autowiring by type from bean name 'org.springframework.boot.actuate.autoconfigure.endpoint.web.WebEndpointAutoConfiguration' via constructor to bean named 'org.springframework.boot.web.servlet.context.AnnotationConfigServletWebServerApplicationContext@7521c676'
[2021-08-02 23:28:01] - Autowiring by type from bean name 'org.springframework.boot.actuate.autoconfigure.endpoint.web.WebEndpointAutoConfiguration' via constructor to bean named 'management.endpoints.web-org.springframework.boot.actuate.autoconfigure.endpoint.web.WebEndpointProperties'
[2021-08-02 23:28:01] - Creating shared instance of singleton bean 'servletExposeExcludePropertyEndpointFilter'
[2021-08-02 23:28:01] - Creating shared instance of singleton bean 'org.springframework.boot.actuate.autoconfigure.endpoint.web.ServletEndpointManagementContextConfiguration'
[2021-08-02 23:28:01] - Autowiring by type from bean name 'servletExposeExcludePropertyEndpointFilter' via factory method to bean named 'management.endpoints.web-org.springframework.boot.actuate.autoconfigure.endpoint.web.WebEndpointProperties'
[2021-08-02 23:28:01] - Autowiring by type from bean name 'servletEndpointRegistrar' via factory method to bean named 'management.endpoints.web-org.springframework.boot.actuate.autoconfigure.endpoint.web.WebEndpointProperties'
[2021-08-02 23:28:01] - Autowiring by type from bean name 'servletEndpointRegistrar' via factory method to bean named 'servletEndpointDiscoverer'
[2021-08-02 23:28:01] - Autowiring by type from bean name 'servletEndpointRegistrar' via factory method to bean named 'dispatcherServletRegistration'
[2021-08-02 23:28:01] - Creating shared instance of singleton bean 'healthEndpoint'
[2021-08-02 23:28:01] - Creating shared instance of singleton bean 'org.springframework.boot.actuate.autoconfigure.health.HealthEndpointConfiguration'
[2021-08-02 23:28:01] - Creating shared instance of singleton bean 'healthContributorRegistry'
[2021-08-02 23:28:01] - Creating shared instance of singleton bean 'healthEndpointGroups'
[2021-08-02 23:28:01] - Creating shared instance of singleton bean 'healthEndpointProperties'
[2021-08-02 23:28:01] - Creating shared instance of singleton bean 'org.springframework.boot.actuate.autoconfigure.health.HealthEndpointAutoConfiguration'
[2021-08-02 23:28:01] - Creating shared instance of singleton bean 'management.health.status-org.springframework.boot.actuate.autoconfigure.health.HealthIndicatorProperties'
[2021-08-02 23:28:01] - Autowiring by type from bean name 'healthEndpointProperties' via factory method to bean named 'management.health.status-org.springframework.boot.actuate.autoconfigure.health.HealthIndicatorProperties'
[2021-08-02 23:28:01] - Autowiring by type from bean name 'healthEndpointGroups' via factory method to bean named 'org.springframework.boot.web.servlet.context.AnnotationConfigServletWebServerApplicationContext@7521c676'
[2021-08-02 23:28:01] - Autowiring by type from bean name 'healthEndpointGroups' via factory method to bean named 'healthEndpointProperties'
[2021-08-02 23:28:01] - Creating shared instance of singleton bean 'healthStatusAggregator'
[2021-08-02 23:28:01] - Autowiring by type from bean name 'healthStatusAggregator' via factory method to bean named 'healthEndpointProperties'
[2021-08-02 23:28:01] - Creating shared instance of singleton bean 'healthHttpCodeStatusMapper'
[2021-08-02 23:28:01] - Autowiring by type from bean name 'healthHttpCodeStatusMapper' via factory method to bean named 'healthEndpointProperties'
[2021-08-02 23:28:01] - Autowiring by type from bean name 'healthContributorRegistry' via factory method to bean named 'org.springframework.boot.web.servlet.context.AnnotationConfigServletWebServerApplicationContext@7521c676'
[2021-08-02 23:28:01] - Autowiring by type from bean name 'healthContributorRegistry' via factory method to bean named 'healthEndpointGroups'
[2021-08-02 23:28:01] - Creating shared instance of singleton bean 'diskSpaceHealthIndicator'
[2021-08-02 23:28:01] - Creating shared instance of singleton bean 'org.springframework.boot.actuate.autoconfigure.system.DiskSpaceHealthContributorAutoConfiguration'
[2021-08-02 23:28:01] - Creating shared instance of singleton bean 'management.health.diskspace-org.springframework.boot.actuate.autoconfigure.system.DiskSpaceHealthIndicatorProperties'
[2021-08-02 23:28:01] - Autowiring by type from bean name 'diskSpaceHealthIndicator' via factory method to bean named 'management.health.diskspace-org.springframework.boot.actuate.autoconfigure.system.DiskSpaceHealthIndicatorProperties'
[2021-08-02 23:28:01] - Creating shared instance of singleton bean 'pingHealthContributor'
[2021-08-02 23:28:01] - Creating shared instance of singleton bean 'org.springframework.boot.actuate.autoconfigure.health.HealthContributorAutoConfiguration'
[2021-08-02 23:28:01] - Creating shared instance of singleton bean 'dbHealthContributor'
[2021-08-02 23:28:01] - Creating shared instance of singleton bean 'org.springframework.boot.actuate.autoconfigure.jdbc.DataSourceHealthContributorAutoConfiguration'
[2021-08-02 23:28:01] - Creating shared instance of singleton bean 'dataSource'
[2021-08-02 23:28:01] - Creating shared instance of singleton bean 'org.springframework.boot.autoconfigure.jdbc.DataSourceConfiguration$Hikari'
[2021-08-02 23:28:01] - Creating shared instance of singleton bean 'spring.datasource-org.springframework.boot.autoconfigure.jdbc.DataSourceProperties'
[2021-08-02 23:28:01] - Autowiring by type from bean name 'dataSource' via factory method to bean named 'spring.datasource-org.springframework.boot.autoconfigure.jdbc.DataSourceProperties'
[2021-08-02 23:28:01] - Driver class com.mysql.cj.jdbc.Driver found in Thread context class loader TomcatEmbeddedWebappClassLoader
  context: ROOT
  delegate: true
----------> Parent Classloader:
org.springframework.boot.devtools.restart.classloader.RestartClassLoader@52e87b7f

[2021-08-02 23:28:01] - Creating shared instance of singleton bean 'org.springframework.boot.autoconfigure.jdbc.DataSourceInitializerInvoker'
[2021-08-02 23:28:01] - Autowiring by type from bean name 'org.springframework.boot.autoconfigure.jdbc.DataSourceInitializerInvoker' via constructor to bean named 'spring.datasource-org.springframework.boot.autoconfigure.jdbc.DataSourceProperties'
[2021-08-02 23:28:01] - Autowiring by type from bean name 'org.springframework.boot.autoconfigure.jdbc.DataSourceInitializerInvoker' via constructor to bean named 'org.springframework.boot.web.servlet.context.AnnotationConfigServletWebServerApplicationContext@7521c676'
[2021-08-02 23:28:01] - Autowiring by type from bean name 'org.springframework.boot.actuate.autoconfigure.jdbc.DataSourceHealthContributorAutoConfiguration' via constructor to bean named 'dataSource'
[2021-08-02 23:28:01] - Creating shared instance of singleton bean 'hikariPoolDataSourceMetadataProvider'
[2021-08-02 23:28:01] - Creating shared instance of singleton bean 'org.springframework.boot.autoconfigure.jdbc.metadata.DataSourcePoolMetadataProvidersConfiguration$HikariPoolDataSourceMetadataProviderConfiguration'
[2021-08-02 23:28:01] - Autowiring by type from bean name 'dbHealthContributor' via factory method to bean named 'dataSource'
[2021-08-02 23:28:01] - Autowiring by type from bean name 'healthEndpoint' via factory method to bean named 'healthContributorRegistry'
[2021-08-02 23:28:01] - Autowiring by type from bean name 'healthEndpoint' via factory method to bean named 'healthEndpointGroups'
[2021-08-02 23:28:01] - Creating shared instance of singleton bean 'infoEndpoint'
