[2021-08-02 23:27:59] - Creating shared instance of singleton bean 'org.springframework.transaction.config.internalTransactionAdvisor'
[2021-08-02 23:27:59] - Creating shared instance of singleton bean 'org.springframework.transaction.annotation.ProxyTransactionManagementConfiguration'
[2021-08-02 23:27:59] - Bean 'org.springframework.transaction.annotation.ProxyTransactionManagementConfiguration' of type [org.springframework.transaction.annotation.ProxyTransactionManagementConfiguration] is not eligible for getting processed by all BeanPostProcessors (for example: not eligible for auto-proxying)
[2021-08-02 23:27:59] - Creating shared instance of singleton bean 'transactionAttributeSource'
[2021-08-02 23:27:59] - Creating shared instance of singleton bean 'transactionInterceptor'
[2021-08-02 23:27:59] - Autowiring by type from bean name 'transactionInterceptor' via factory method to bean named 'transactionAttributeSource'
[2021-08-02 23:27:59] - Autowiring by type from bean name 'org.springframework.transaction.config.internalTransactionAdvisor' via factory method to bean named 'transactionAttributeSource'
[2021-08-02 23:27:59] - Autowiring by type from bean name 'org.springframework.transaction.config.internalTransactionAdvisor' via factory method to bean named 'transactionInterceptor'
[2021-08-02 23:27:59] - Creating shared instance of singleton bean 'objectPostProcessor'
[2021-08-02 23:27:59] - Creating shared instance of singleton bean 'org.springframework.security.config.annotation.configuration.ObjectPostProcessorConfiguration'
[2021-08-02 23:27:59] - Bean 'org.springframework.security.config.annotation.configuration.ObjectPostProcessorConfiguration' of type [org.springframework.security.config.annotation.configuration.ObjectPostProcessorConfiguration] is not eligible for getting processed by all BeanPostProcessors (for example: not eligible for auto-proxying)
[2021-08-02 23:27:59] - Autowiring by type from bean name 'objectPostProcessor' via factory method to bean named 'org.springframework.beans.factory.support.DefaultListableBeanFactory@7d44e63e'
[2021-08-02 23:27:59] - Bean 'objectPostProcessor' of type [org.springframework.security.config.annotation.configuration.AutowireBeanFactoryObjectPostProcessor] is not eligible for getting processed by all BeanPostProcessors (for example: not eligible for auto-proxying)
[2021-08-02 23:27:59] - Bean 'org.springframework.security.access.expression.method.DefaultMethodSecurityExpressionHandler@1dc392c0' of type [org.springframework.security.access.expression.method.DefaultMethodSecurityExpressionHandler] is not eligible for getting processed by all BeanPostProcessors (for example: not eligible for auto-proxying)
[2021-08-02 23:27:59] - Bean 'org.springframework.security.config.annotation.method.configuration.GlobalMethodSecurityConfiguration' of type [org.springframework.security.config.annotation.method.configuration.GlobalMethodSecurityConfiguration] is not eligible for getting processed by all BeanPostProcessors (for example: not eligible for auto-proxying)
[2021-08-02 23:27:59] - Bean 'methodSecurityMetadataSource' of type [org.springframework.security.access.method.DelegatingMethodSecurityMetadataSource] is not eligible for getting processed by all BeanPostProcessors (for example: not eligible for auto-proxying)
[2021-08-02 23:27:59] - Autowiring by type from bean name 'meterRegistryPostProcessor' via factory method to bean named 'org.springframework.boot.web.servlet.context.AnnotationConfigServletWebServerApplicationContext@7521c676'
[2021-08-02 23:27:59] - Creating shared instance of singleton bean 'hypermediaRepresentionModelProcessorConfigurator'
[2021-08-02 23:27:59] - Creating shared instance of singleton bean 'hypermediaRestTemplateBeanPostProcessor'
[2021-08-02 23:27:59] - Creating shared instance of singleton bean 'projectionDefinitionRegistrar'
[2021-08-02 23:27:59] - Creating shared instance of singleton bean 'annotatedEventHandlerInvoker'
[2021-08-02 23:27:59] - Unable to locate ThemeSource with name 'themeSource': using default [org.springframework.ui.context.support.ResourceBundleThemeSource@4fe8f082]
[2021-08-02 23:27:59] - Creating shared instance of singleton bean 'tomcatServletWebServerFactory'
[2021-08-02 23:27:59] - Creating shared instance of singleton bean 'org.springframework.boot.autoconfigure.web.servlet.ServletWebServerFactoryConfiguration$EmbeddedTomcat'
[2021-08-02 23:27:59] - Creating shared instance of singleton bean 'websocketServletWebServerCustomizer'
[2021-08-02 23:27:59] - Creating shared instance of singleton bean 'org.springframework.boot.autoconfigure.websocket.servlet.WebSocketServletAutoConfiguration$TomcatWebSocketConfiguration'
[2021-08-02 23:27:59] - Creating shared instance of singleton bean 'servletWebServerFactoryCustomizer'
[2021-08-02 23:27:59] - Creating shared instance of singleton bean 'org.springframework.boot.autoconfigure.web.servlet.ServletWebServerFactoryAutoConfiguration'
[2021-08-02 23:27:59] - Creating shared instance of singleton bean 'server-org.springframework.boot.autoconfigure.web.ServerProperties'
[2021-08-02 23:28:00] - Autowiring by type from bean name 'servletWebServerFactoryCustomizer' via factory method to bean named 'server-org.springframework.boot.autoconfigure.web.ServerProperties'
[2021-08-02 23:28:00] - Creating shared instance of singleton bean 'tomcatServletWebServerFactoryCustomizer'
[2021-08-02 23:28:00] - Autowiring by type from bean name 'tomcatServletWebServerFactoryCustomizer' via factory method to bean named 'server-org.springframework.boot.autoconfigure.web.ServerProperties'
[2021-08-02 23:28:00] - Creating shared instance of singleton bean 'tomcatWebServerFactoryCustomizer'
[2021-08-02 23:28:00] - Creating shared instance of singleton bean 'org.springframework.boot.autoconfigure.web.embedded.EmbeddedWebServerFactoryCustomizerAutoConfiguration$TomcatWebServerFactoryCustomizerConfiguration'
[2021-08-02 23:28:00] - Autowiring by type from bean name 'tomcatWebServerFactoryCustomizer' via factory method to bean named 'environment'
[2021-08-02 23:28:00] - Autowiring by type from bean name 'tomcatWebServerFactoryCustomizer' via factory method to bean named 'server-org.springframework.boot.autoconfigure.web.ServerProperties'
[2021-08-02 23:28:00] - Creating shared instance of singleton bean 'localeCharsetMappingsCustomizer'
[2021-08-02 23:28:00] - Creating shared instance of singleton bean 'org.springframework.boot.autoconfigure.web.servlet.HttpEncodingAutoConfiguration'
[2021-08-02 23:28:00] - Creating shared instance of singleton bean 'spring.http-org.springframework.boot.autoconfigure.http.HttpProperties'
[2021-08-02 23:28:00] - Autowiring by type from bean name 'org.springframework.boot.autoconfigure.web.servlet.HttpEncodingAutoConfiguration' via constructor to bean named 'spring.http-org.springframework.boot.autoconfigure.http.HttpProperties'
[2021-08-02 23:28:00] - Creating shared instance of singleton bean 'errorPageCustomizer'
[2021-08-02 23:28:00] - Creating shared instance of singleton bean 'org.springframework.boot.autoconfigure.web.servlet.error.ErrorMvcAutoConfiguration'
[2021-08-02 23:28:00] - Autowiring by type from bean name 'org.springframework.boot.autoconfigure.web.servlet.error.ErrorMvcAutoConfiguration' via constructor to bean named 'server-org.springframework.boot.autoconfigure.web.ServerProperties'
[2021-08-02 23:28:00] - Creating shared instance of singleton bean 'dispatcherServletRegistration'
[2021-08-02 23:28:00] - Creating shared instance of singleton bean 'org.springframework.boot.autoconfigure.web.servlet.DispatcherServletAutoConfiguration$DispatcherServletRegistrationConfiguration'
[2021-08-02 23:28:00] - Creating shared instance of singleton bean 'dispatcherServlet'
[2021-08-02 23:28:00] - Creating shared instance of singleton bean 'org.springframework.boot.autoconfigure.web.servlet.DispatcherServletAutoConfiguration$DispatcherServletConfiguration'
[2021-08-02 23:28:00] - Creating shared instance of singleton bean 'spring.mvc-org.springframework.boot.autoconfigure.web.servlet.WebMvcProperties'
[2021-08-02 23:28:00] - Autowiring by type from bean name 'dispatcherServlet' via factory method to bean named 'spring.http-org.springframework.boot.autoconfigure.http.HttpProperties'
[2021-08-02 23:28:00] - Autowiring by type from bean name 'dispatcherServlet' via factory method to bean named 'spring.mvc-org.springframework.boot.autoconfigure.web.servlet.WebMvcProperties'
[2021-08-02 23:28:00] - Autowiring by type from bean name 'dispatcherServletRegistration' via factory method to bean named 'dispatcherServlet'
[2021-08-02 23:28:00] - Autowiring by type from bean name 'dispatcherServletRegistration' via factory method to bean named 'spring.mvc-org.springframework.boot.autoconfigure.web.servlet.WebMvcProperties'
[2021-08-02 23:28:00] - Creating shared instance of singleton bean 'multipartConfigElement'
[2021-08-02 23:28:00] - Creating shared instance of singleton bean 'org.springframework.boot.autoconfigure.web.servlet.MultipartAutoConfiguration'
[2021-08-02 23:28:00] - Creating shared instance of singleton bean 'spring.servlet.multipart-org.springframework.boot.autoconfigure.web.servlet.MultipartProperties'
[2021-08-02 23:28:00] - Autowiring by type from bean name 'org.springframework.boot.autoconfigure.web.servlet.MultipartAutoConfiguration' via constructor to bean named 'spring.servlet.multipart-org.springframework.boot.autoconfigure.web.servlet.MultipartProperties'
[2021-08-02 23:28:00] - Autowiring by type from bean name 'errorPageCustomizer' via factory method to bean named 'dispatcherServletRegistration'
[2021-08-02 23:28:00] - Code archive: /Users/alexandrenunes/.m2/repository/org/springframework/boot/spring-boot/2.2.1.RELEASE/spring-boot-2.2.1.RELEASE.jar
[2021-08-02 23:28:00] - Code archive: /Users/alexandrenunes/.m2/repository/org/springframework/boot/spring-boot/2.2.1.RELEASE/spring-boot-2.2.1.RELEASE.jar
[2021-08-02 23:28:00] - None of the document roots [src/main/webapp, public, static] point to a directory and will be ignored.
[2021-08-02 23:28:00] - Tomcat initialized with port(s): 8080 (http)
[2021-08-02 23:28:00] - Initializing ProtocolHandler ["http-nio-8080"]
[2021-08-02 23:28:00] - Starting service [Tomcat]
[2021-08-02 23:28:00] - Starting Servlet engine: [Apache Tomcat/9.0.27]
