[2021-08-02 23:30:54] - Processing attribute `unidade` : value = Kg
[2021-08-02 23:30:54] - On call to EntityIdentifierReaderImpl#resolve, EntityKey was already known; should only happen on root returns with an optional identifier specified
[2021-08-02 23:30:54] - Done materializing entity [com.bluebudy.SCQ.domain.Etapa#7]
[2021-08-02 23:30:54] - Processing attribute `trocas` : value = NOT NULL COLLECTION
[2021-08-02 23:30:54] - Attribute (`unidade`)  - enhanced for lazy-loading? - false
[2021-08-02 23:30:54] - Done entity load : com.bluebudy.SCQ.domain.Controle#17
[2021-08-02 23:30:54] - Processing attribute `etapa` : value = 2
[2021-08-02 23:30:54] - Resolving attributes for [com.bluebudy.SCQ.domain.Etapa#8]
[2021-08-02 23:30:54] - Processing attribute `montagem` : value = NOT NULL COLLECTION
[2021-08-02 23:30:54] - Attribute (`trocas`)  - enhanced for lazy-loading? - false
[2021-08-02 23:30:54] - Attribute (`etapa`)  - enhanced for lazy-loading? - false
[2021-08-02 23:30:54] - Processing attribute `volume` : value = 2570.0
[2021-08-02 23:30:54] - Attribute (`volume`)  - enhanced for lazy-loading? - false
[2021-08-02 23:30:54] - Attribute (`montagem`)  - enhanced for lazy-loading? - false
[2021-08-02 23:30:54] - Processing attribute `nome` : value = Zinco Ácido
[2021-08-02 23:30:54] - Attribute (`nome`)  - enhanced for lazy-loading? - false
[2021-08-02 23:30:54] - Processing attribute `parametros` : value = NOT NULL COLLECTION
[2021-08-02 23:30:54] - Attribute (`parametros`)  - enhanced for lazy-loading? - false
[2021-08-02 23:30:54] - Processing attribute `posicao` : value = 27
[2021-08-02 23:30:54] - Attribute (`posicao`)  - enhanced for lazy-loading? - false
[2021-08-02 23:30:54] - Processing attribute `processo` : value = 1
[2021-08-02 23:30:54] - Attribute (`processo`)  - enhanced for lazy-loading? - false
[2021-08-02 23:30:54] - Done materializing entity [com.bluebudy.SCQ.domain.Etapa#3]
[2021-08-02 23:30:54] - Resolving attributes for [com.bluebudy.SCQ.domain.Etapa#4]
[2021-08-02 23:30:54] - Processing attribute `montagem` : value = NOT NULL COLLECTION
[2021-08-02 23:30:54] - Attribute (`montagem`)  - enhanced for lazy-loading? - false
[2021-08-02 23:30:54] - Processing attribute `nome` : value = Decapante
[2021-08-02 23:30:54] - Attribute (`nome`)  - enhanced for lazy-loading? - false
[2021-08-02 23:30:54] - Processing attribute `parametros` : value = NOT NULL COLLECTION
[2021-08-02 23:30:54] - Attribute (`parametros`)  - enhanced for lazy-loading? - false
[2021-08-02 23:30:54] - Processing attribute `posicao` : value = 18
[2021-08-02 23:30:54] - Attribute (`posicao`)  - enhanced for lazy-loading? - false
[2021-08-02 23:30:54] - Processing attribute `processo` : value = 1
[2021-08-02 23:30:54] - Attribute (`processo`)  - enhanced for lazy-loading? - false
[2021-08-02 23:30:54] - select etapa0_.id as id1_4_0_, etapa0_.nome as nome2_4_0_, etapa0_.posicao as posicao3_4_0_, etapa0_.processo_id as processo5_4_0_, etapa0_.volume as volume4_4_0_, montagem1_.etapa_id as etapa_id3_6_1_, montagem1_.id as id1_6_1_, montagem1_.id as id1_6_2_, montagem1_.etapa_id as etapa_id3_6_2_, montagem1_.materia_prima_id as materia_4_6_2_, montagem1_.quantidade as quantida2_6_2_, materiapri2_.id as id1_5_3_, materiapri2_.fator_titulometrico as fator_ti2_5_3_, materiapri2_.fornecedor as forneced3_5_3_, materiapri2_.nome as nome4_5_3_, materiapri2_.preco as preco5_5_3_, materiapri2_.unidade as unidade6_5_3_, processo3_.id as id1_11_4_, processo3_.nome as nome2_11_4_ from etapa etapa0_ left outer join montagem_composition montagem1_ on etapa0_.id=montagem1_.etapa_id left outer join materia_prima materiapri2_ on montagem1_.materia_prima_id=materiapri2_.id left outer join processo processo3_ on etapa0_.processo_id=processo3_.id where etapa0_.id=?
[2021-08-02 23:30:54] - Found row of collection: [com.bluebudy.SCQ.domain.Etapa.montagem#2]
[2021-08-02 23:30:54] - Done materializing entity [com.bluebudy.SCQ.domain.MateriaPrima#12]
[2021-08-02 23:30:54] - On call to EntityIdentifierReaderImpl#resolve, EntityKey was already known; should only happen on root returns with an optional identifier specified
[2021-08-02 23:30:54] - Found row of collection: [com.bluebudy.SCQ.domain.Etapa.montagem#2]
[2021-08-02 23:30:54] - Resolving attributes for [com.bluebudy.SCQ.domain.MateriaPrima#13]
[2021-08-02 23:30:54] - Processing attribute `adicao` : value = NOT NULL COLLECTION
[2021-08-02 23:30:54] - Attribute (`adicao`)  - enhanced for lazy-loading? - false
[2021-08-02 23:30:54] - Processing attribute `trocas` : value = NOT NULL COLLECTION
[2021-08-02 23:30:54] - Attribute (`trocas`)  - enhanced for lazy-loading? - false
[2021-08-02 23:30:54] - Processing attribute `fatorTitulometrico` : value = 1.0
[2021-08-02 23:30:54] - Attribute (`fatorTitulometrico`)  - enhanced for lazy-loading? - false
[2021-08-02 23:30:54] - Processing attribute `fornecedor` : value = Macdermid
[2021-08-02 23:30:54] - Attribute (`fornecedor`)  - enhanced for lazy-loading? - false
[2021-08-02 23:30:54] - Processing attribute `nome` : value = Kenlevel 019 Carrier
[2021-08-02 23:30:54] - Attribute (`nome`)  - enhanced for lazy-loading? - false
[2021-08-02 23:30:54] - Processing attribute `preco` : value = 42.5
[2021-08-02 23:30:54] - On call to EntityIdentifierReaderImpl#resolve, EntityKey was already known; should only happen on root returns with an optional identifier specified
[2021-08-02 23:30:54] - Attribute (`preco`)  - enhanced for lazy-loading? - false
[2021-08-02 23:30:54] - Processing attribute `unidade` : value = Lts
[2021-08-02 23:30:54] - Attribute (`unidade`)  - enhanced for lazy-loading? - false
[2021-08-02 23:30:54] - Done materializing entity [com.bluebudy.SCQ.domain.MateriaPrima#13]
[2021-08-02 23:30:54] - Resolving attributes for [com.bluebudy.SCQ.domain.MateriaPrima#14]
[2021-08-02 23:30:54] - Processing attribute `adicao` : value = NOT NULL COLLECTION
[2021-08-02 23:30:54] - Attribute (`adicao`)  - enhanced for lazy-loading? - false
[2021-08-02 23:30:54] - Processing attribute `fatorTitulometrico` : value = 1.0
[2021-08-02 23:30:54] - Attribute (`fatorTitulometrico`)  - enhanced for lazy-loading? - false
[2021-08-02 23:30:54] - Found row of collection: [com.bluebudy.SCQ.domain.Etapa.montagem#2]
[2021-08-02 23:30:54] - Processing attribute `fornecedor` : value = Macdermid
[2021-08-02 23:30:54] - Processing attribute `volume` : value = 2570.0
[2021-08-02 23:30:54] - Attribute (`volume`)  - enhanced for lazy-loading? - false
[2021-08-02 23:30:54] - On call to EntityIdentifierReaderImpl#resolve, EntityKey was already known; should only happen on root returns with an optional identifier specified
[2021-08-02 23:30:54] - Found row of collection: [com.bluebudy.SCQ.domain.Etapa.montagem#2]
[2021-08-02 23:30:54] - Attribute (`fornecedor`)  - enhanced for lazy-loading? - false
[2021-08-02 23:30:54] - Processing attribute `nome` : value = Kenlevel 019  Brightener
[2021-08-02 23:30:54] - Done materializing entity [com.bluebudy.SCQ.domain.Etapa#4]
[2021-08-02 23:30:54] - Resolving attributes for [com.bluebudy.SCQ.domain.Etapa#2]
[2021-08-02 23:30:54] - Resolving attributes for [com.bluebudy.SCQ.domain.Etapa#5]
[2021-08-02 23:30:54] - Processing attribute `montagem` : value = NOT NULL COLLECTION
[2021-08-02 23:30:54] - Processing attribute `montagem` : value = NOT NULL COLLECTION
[2021-08-02 23:30:54] - Attribute (`montagem`)  - enhanced for lazy-loading? - false
[2021-08-02 23:30:54] - Attribute (`montagem`)  - enhanced for lazy-loading? - false
[2021-08-02 23:30:54] - Processing attribute `nome` : value = Ativação Clorídrica
[2021-08-02 23:30:54] - Attribute (`nome`)  - enhanced for lazy-loading? - false
[2021-08-02 23:30:54] - Processing attribute `parametros` : value = NOT NULL COLLECTION
[2021-08-02 23:30:54] - Attribute (`parametros`)  - enhanced for lazy-loading? - false
[2021-08-02 23:30:54] - Processing attribute `nome` : value = Desengraxante Eletrolítico
[2021-08-02 23:30:54] - Processing attribute `posicao` : value = 26
[2021-08-02 23:30:54] - Attribute (`nome`)  - enhanced for lazy-loading? - false
[2021-08-02 23:30:54] - Attribute (`posicao`)  - enhanced for lazy-loading? - false
[2021-08-02 23:30:54] - Processing attribute `processo` : value = 1
[2021-08-02 23:30:54] - Attribute (`processo`)  - enhanced for lazy-loading? - false
[2021-08-02 23:30:54] - Processing attribute `parametros` : value = NOT NULL COLLECTION
[2021-08-02 23:30:54] - Attribute (`nome`)  - enhanced for lazy-loading? - false
[2021-08-02 23:30:54] - Attribute (`parametros`)  - enhanced for lazy-loading? - false
[2021-08-02 23:30:54] - Processing attribute `posicao` : value = 21
[2021-08-02 23:30:54] - Attribute (`posicao`)  - enhanced for lazy-loading? - false
[2021-08-02 23:30:54] - Processing attribute `trocas` : value = NOT NULL COLLECTION
[2021-08-02 23:30:54] - Attribute (`trocas`)  - enhanced for lazy-loading? - false
[2021-08-02 23:30:54] - Processing attribute `preco` : value = 25.26
[2021-08-02 23:30:54] - Resolving attributes for [com.bluebudy.SCQ.domain.Etapa#2]
[2021-08-02 23:30:54] - Processing attribute `trocas` : value = NOT NULL COLLECTION
[2021-08-02 23:30:54] - Attribute (`trocas`)  - enhanced for lazy-loading? - false
[2021-08-02 23:30:54] - Processing attribute `volume` : value = 23150.0
[2021-08-02 23:30:54] - Processing attribute `processo` : value = 1
[2021-08-02 23:30:54] - Attribute (`processo`)  - enhanced for lazy-loading? - false
[2021-08-02 23:30:54] - Attribute (`preco`)  - enhanced for lazy-loading? - false
[2021-08-02 23:30:54] - Processing attribute `unidade` : value = Lts
[2021-08-02 23:30:54] - Attribute (`unidade`)  - enhanced for lazy-loading? - false
[2021-08-02 23:30:54] - Attribute (`volume`)  - enhanced for lazy-loading? - false
[2021-08-02 23:30:54] - Processing attribute `montagem` : value = NOT NULL COLLECTION
[2021-08-02 23:30:54] - Processing attribute `trocas` : value = NOT NULL COLLECTION
[2021-08-02 23:30:54] - Done materializing entity [com.bluebudy.SCQ.domain.MateriaPrima#14]
[2021-08-02 23:30:54] - Attribute (`trocas`)  - enhanced for lazy-loading? - false
[2021-08-02 23:30:54] - Resolving attributes for [com.bluebudy.SCQ.domain.MateriaPrima#15]
[2021-08-02 23:30:54] - Processing attribute `adicao` : value = NOT NULL COLLECTION
[2021-08-02 23:30:54] - Processing attribute `volume` : value = 2340.0
[2021-08-02 23:30:54] - Attribute (`volume`)  - enhanced for lazy-loading? - false
[2021-08-02 23:30:54] - Attribute (`montagem`)  - enhanced for lazy-loading? - false
[2021-08-02 23:30:54] - Processing attribute `volume` : value = 2750.0
[2021-08-02 23:30:54] - Attribute (`volume`)  - enhanced for lazy-loading? - false
[2021-08-02 23:30:54] - Attribute (`adicao`)  - enhanced for lazy-loading? - false
[2021-08-02 23:30:54] - Processing attribute `fatorTitulometrico` : value = 1.0
[2021-08-02 23:30:54] - Attribute (`fatorTitulometrico`)  - enhanced for lazy-loading? - false
[2021-08-02 23:30:54] - Processing attribute `fornecedor` : value = Henkell
[2021-08-02 23:30:54] - Attribute (`fornecedor`)  - enhanced for lazy-loading? - false
[2021-08-02 23:30:54] - Processing attribute `nome` : value = Desengraxante Eletrolítico
[2021-08-02 23:30:54] - Attribute (`nome`)  - enhanced for lazy-loading? - false
[2021-08-02 23:30:54] - Processing attribute `nome` : value = Wesley
[2021-08-02 23:30:54] - Processing attribute `parametros` : value = NOT NULL COLLECTION
[2021-08-02 23:30:54] - Attribute (`nome`)  - enhanced for lazy-loading? - false
[2021-08-02 23:30:54] - Attribute (`parametros`)  - enhanced for lazy-loading? - false
[2021-08-02 23:30:54] - Processing attribute `preco` : value = 5000.0
[2021-08-02 23:30:54] - Resolving attributes for [com.bluebudy.SCQ.domain.Controle#31]
[2021-08-02 23:30:54] - Attribute (`preco`)  - enhanced for lazy-loading? - false
[2021-08-02 23:30:54] - Done materializing entity [com.bluebudy.SCQ.domain.Etapa#5]
[2021-08-02 23:30:54] - Resolving attributes for [com.bluebudy.SCQ.domain.Etapa#6]
[2021-08-02 23:30:54] - Processing attribute `unidade` : value = Kg
[2021-08-02 23:30:54] - Attribute (`unidade`)  - enhanced for lazy-loading? - false
[2021-08-02 23:30:54] - Processing attribute `posicao` : value = 21
[2021-08-02 23:30:54] - Attribute (`posicao`)  - enhanced for lazy-loading? - false
[2021-08-02 23:30:54] - Processing attribute `processo` : value = 1
[2021-08-02 23:30:54] - Attribute (`processo`)  - enhanced for lazy-loading? - false
[2021-08-02 23:30:54] - Done materializing entity [com.bluebudy.SCQ.domain.MateriaPrima#15]
[2021-08-02 23:30:54] - Processing attribute `montagem` : value = NOT NULL COLLECTION
[2021-08-02 23:30:54] - Processing attribute `trocas` : value = NOT NULL COLLECTION
[2021-08-02 23:30:54] - Attribute (`trocas`)  - enhanced for lazy-loading? - false
[2021-08-02 23:30:54] - Processing attribute `volume` : value = 2750.0
[2021-08-02 23:30:54] - Attribute (`montagem`)  - enhanced for lazy-loading? - false
[2021-08-02 23:30:54] - Processing attribute `dataPlanejada` : value = 2021-06-07 13:35:53.094
[2021-08-02 23:30:54] - Processing attribute `nome` : value = Ativação Nítrica
[2021-08-02 23:30:54] - Attribute (`nome`)  - enhanced for lazy-loading? - false
[2021-08-02 23:30:54] - Processing attribute `parametros` : value = NOT NULL COLLECTION
[2021-08-02 23:30:54] - Attribute (`parametros`)  - enhanced for lazy-loading? - false
[2021-08-02 23:30:54] - Processing attribute `posicao` : value = 10
[2021-08-02 23:30:54] - Attribute (`posicao`)  - enhanced for lazy-loading? - false
[2021-08-02 23:30:54] - Processing attribute `processo` : value = 1
[2021-08-02 23:30:54] - Attribute (`dataPlanejada`)  - enhanced for lazy-loading? - false
[2021-08-02 23:30:54] - Attribute (`processo`)  - enhanced for lazy-loading? - false
[2021-08-02 23:30:54] - Processing attribute `dataRealizada` : value = 2021-05-31 13:35:53.094
[2021-08-02 23:30:54] - Processing attribute `trocas` : value = NOT NULL COLLECTION
[2021-08-02 23:30:54] - Attribute (`dataRealizada`)  - enhanced for lazy-loading? - false
[2021-08-02 23:30:54] - Processing attribute `notified` : value = true
[2021-08-02 23:30:54] - Attribute (`notified`)  - enhanced for lazy-loading? - false
[2021-08-02 23:30:54] - Processing attribute `periodo` : value = 10080
[2021-08-02 23:30:54] - Attribute (`periodo`)  - enhanced for lazy-loading? - false
[2021-08-02 23:30:54] - Attribute (`trocas`)  - enhanced for lazy-loading? - false
[2021-08-02 23:30:54] - Attribute (`volume`)  - enhanced for lazy-loading? - false
[2021-08-02 23:30:54] - Processing attribute `volume` : value = 2340.0
[2021-08-02 23:30:54] - Attribute (`volume`)  - enhanced for lazy-loading? - false
[2021-08-02 23:30:54] - Done materializing entity [com.bluebudy.SCQ.domain.Etapa#8]
[2021-08-02 23:30:54] - Done materializing entity [com.bluebudy.SCQ.domain.Etapa#6]
[2021-08-02 23:30:54] - Done materializing entity [com.bluebudy.SCQ.domain.Etapa#2]
[2021-08-02 23:30:54] - Resolving attributes for [com.bluebudy.SCQ.domain.Etapa#9]
[2021-08-02 23:30:54] - Done materializing entity [com.bluebudy.SCQ.domain.Etapa#2]
[2021-08-02 23:30:54] - Initiating transaction commit
[2021-08-02 23:30:54] - Processing attribute `montagem` : value = NOT NULL COLLECTION
[2021-08-02 23:30:54] - Resolving attributes for [com.bluebudy.SCQ.domain.MontagemComposition#3]
[2021-08-02 23:30:54] - Processing attribute `etapa` : value = 2
[2021-08-02 23:30:54] - Attribute (`etapa`)  - enhanced for lazy-loading? - false
[2021-08-02 23:30:54] - Resolving attributes for [com.bluebudy.SCQ.domain.MontagemComposition#3]
[2021-08-02 23:30:54] - Processing attribute `etapa` : value = 2
[2021-08-02 23:30:54] - Resolving attributes for [com.bluebudy.SCQ.domain.Etapa#7]
[2021-08-02 23:30:54] - Attribute (`etapa`)  - enhanced for lazy-loading? - false
[2021-08-02 23:30:54] - Processing attribute `montagem` : value = NOT NULL COLLECTION
[2021-08-02 23:30:54] - Attribute (`montagem`)  - enhanced for lazy-loading? - false
[2021-08-02 23:30:54] - Processing attribute `nome` : value = Passivador
[2021-08-02 23:30:54] - Attribute (`nome`)  - enhanced for lazy-loading? - false
[2021-08-02 23:30:54] - Processing attribute `parametros` : value = NOT NULL COLLECTION
[2021-08-02 23:30:54] - Attribute (`parametros`)  - enhanced for lazy-loading? - false
[2021-08-02 23:30:54] - Processing attribute `posicao` : value = 9
[2021-08-02 23:30:54] - Attribute (`posicao`)  - enhanced for lazy-loading? - false
[2021-08-02 23:30:54] - Processing attribute `processo` : value = 1
[2021-08-02 23:30:54] - Attribute (`processo`)  - enhanced for lazy-loading? - false
[2021-08-02 23:30:54] - Processing attribute `trocas` : value = NOT NULL COLLECTION
[2021-08-02 23:30:54] - Attribute (`trocas`)  - enhanced for lazy-loading? - false
[2021-08-02 23:30:54] - Processing attribute `volume` : value = 2340.0
[2021-08-02 23:30:54] - Attribute (`volume`)  - enhanced for lazy-loading? - false
[2021-08-02 23:30:54] - Attribute (`montagem`)  - enhanced for lazy-loading? - false
[2021-08-02 23:30:54] - Processing attribute `nome` : value = Estufa
[2021-08-02 23:30:54] - Attribute (`nome`)  - enhanced for lazy-loading? - false
[2021-08-02 23:30:54] - Processing attribute `parametros` : value = NOT NULL COLLECTION
[2021-08-02 23:30:54] - Processing attribute `materiaPrima` : value = 1
[2021-08-02 23:30:54] - Attribute (`materiaPrima`)  - enhanced for lazy-loading? - false
[2021-08-02 23:30:54] - Processing attribute `quantidade` : value = 250.0
[2021-08-02 23:30:54] - Attribute (`quantidade`)  - enhanced for lazy-loading? - false
[2021-08-02 23:30:54] - Attribute (`parametros`)  - enhanced for lazy-loading? - false
[2021-08-02 23:30:54] - Processing attribute `posicao` : value = 3
[2021-08-02 23:30:54] - Attribute (`posicao`)  - enhanced for lazy-loading? - false
[2021-08-02 23:30:54] - Processing attribute `processo` : value = 1
[2021-08-02 23:30:54] - Attribute (`processo`)  - enhanced for lazy-loading? - false
[2021-08-02 23:30:54] - Processing attribute `trocas` : value = NOT NULL COLLECTION
[2021-08-02 23:30:54] - Attribute (`trocas`)  - enhanced for lazy-loading? - false
[2021-08-02 23:30:54] - Processing attribute `volume` : value = 0.0
[2021-08-02 23:30:54] - Attribute (`volume`)  - enhanced for lazy-loading? - false
[2021-08-02 23:30:54] - Processing attribute `materiaPrima` : value = 1
[2021-08-02 23:30:54] - Attribute (`materiaPrima`)  - enhanced for lazy-loading? - false
[2021-08-02 23:30:54] - Processing attribute `quantidade` : value = 250.0
[2021-08-02 23:30:54] - Done materializing entity [com.bluebudy.SCQ.domain.MontagemComposition#3]
[2021-08-02 23:30:54] - Attribute (`quantidade`)  - enhanced for lazy-loading? - false
[2021-08-02 23:30:54] - Resolving attributes for [com.bluebudy.SCQ.domain.MateriaPrima#1]
[2021-08-02 23:30:54] - Processing attribute `adicao` : value = NOT NULL COLLECTION
[2021-08-02 23:30:54] - Attribute (`adicao`)  - enhanced for lazy-loading? - false
[2021-08-02 23:30:54] - Processing attribute `fatorTitulometrico` : value = 8.647
[2021-08-02 23:30:54] - Attribute (`fatorTitulometrico`)  - enhanced for lazy-loading? - false
[2021-08-02 23:30:54] - Processing attribute `fornecedor` : value = Macdermid
[2021-08-02 23:30:54] - Attribute (`fornecedor`)  - enhanced for lazy-loading? - false
[2021-08-02 23:30:54] - Committing JPA transaction on EntityManager [SessionImpl(1115730486<open>)]
[2021-08-02 23:30:54] - Done materializing entity [com.bluebudy.SCQ.domain.Etapa#9]
[2021-08-02 23:30:54] - Resolving attributes for [com.bluebudy.SCQ.domain.Etapa#10]
[2021-08-02 23:30:54] - Processing attribute `montagem` : value = NOT NULL COLLECTION
[2021-08-02 23:30:54] - Attribute (`montagem`)  - enhanced for lazy-loading? - false
[2021-08-02 23:30:54] - Processing attribute `nome` : value = Joao Master seila
[2021-08-02 23:30:54] - Attribute (`nome`)  - enhanced for lazy-loading? - false
[2021-08-02 23:30:54] - Processing attribute `parametros` : value = NOT NULL COLLECTION
[2021-08-02 23:30:54] - Done materializing entity [com.bluebudy.SCQ.domain.Etapa#7]
[2021-08-02 23:30:54] - Attribute (`parametros`)  - enhanced for lazy-loading? - false
[2021-08-02 23:30:54] - Resolving attributes for [com.bluebudy.SCQ.domain.Etapa#8]
[2021-08-02 23:30:54] - Processing attribute `montagem` : value = NOT NULL COLLECTION
[2021-08-02 23:30:54] - Processing attribute `posicao` : value = 12
[2021-08-02 23:30:54] - Attribute (`montagem`)  - enhanced for lazy-loading? - false
[2021-08-02 23:30:54] - Processing attribute `nome` : value = Zinco Ácido
[2021-08-02 23:30:54] - Attribute (`nome`)  - enhanced for lazy-loading? - false
[2021-08-02 23:30:54] - Processing attribute `parametros` : value = NOT NULL COLLECTION
[2021-08-02 23:30:54] - Attribute (`parametros`)  - enhanced for lazy-loading? - false
[2021-08-02 23:30:54] - Processing attribute `posicao` : value = 27
[2021-08-02 23:30:54] - Attribute (`posicao`)  - enhanced for lazy-loading? - false
[2021-08-02 23:30:54] - Processing attribute `processo` : value = 1
[2021-08-02 23:30:54] - Attribute (`posicao`)  - enhanced for lazy-loading? - false
[2021-08-02 23:30:54] - Attribute (`processo`)  - enhanced for lazy-loading? - false
[2021-08-02 23:30:54] - Processing attribute `processo` : value = 5
[2021-08-02 23:30:54] - Attribute (`processo`)  - enhanced for lazy-loading? - false
[2021-08-02 23:30:54] - Processing attribute `nome` : value = Endox A
[2021-08-02 23:30:54] - Attribute (`nome`)  - enhanced for lazy-loading? - false
[2021-08-02 23:30:54] - Done materializing entity [com.bluebudy.SCQ.domain.MontagemComposition#3]
[2021-08-02 23:30:54] - Processing attribute `preco` : value = 13.84
[2021-08-02 23:30:54] - Attribute (`preco`)  - enhanced for lazy-loading? - false
[2021-08-02 23:30:54] - Resolving attributes for [com.bluebudy.SCQ.domain.MateriaPrima#1]
[2021-08-02 23:30:54] - Processing attribute `unidade` : value = Kg
[2021-08-02 23:30:54] - Attribute (`unidade`)  - enhanced for lazy-loading? - false
[2021-08-02 23:30:54] - Processing attribute `adicao` : value = NOT NULL COLLECTION
[2021-08-02 23:30:54] - Attribute (`adicao`)  - enhanced for lazy-loading? - false
[2021-08-02 23:30:54] - Processing attribute `fatorTitulometrico` : value = 8.647
[2021-08-02 23:30:54] - Done materializing entity [com.bluebudy.SCQ.domain.MateriaPrima#1]
[2021-08-02 23:30:54] - Resolving attributes for [com.bluebudy.SCQ.domain.Processo#1]
[2021-08-02 23:30:54] - Processing attribute `etapas` : value = NOT NULL COLLECTION
[2021-08-02 23:30:54] - Attribute (`fatorTitulometrico`)  - enhanced for lazy-loading? - false
[2021-08-02 23:30:54] - Attribute (`etapas`)  - enhanced for lazy-loading? - false
[2021-08-02 23:30:54] - Processing attribute `fornecedor` : value = Macdermid
[2021-08-02 23:30:54] - Processing attribute `nome` : value = L3 - Zinco Ácido
[2021-08-02 23:30:54] - Processing attribute `trocas` : value = NOT NULL COLLECTION
[2021-08-02 23:30:54] - Attribute (`trocas`)  - enhanced for lazy-loading? - false
[2021-08-02 23:30:54] - Attribute (`nome`)  - enhanced for lazy-loading? - false
[2021-08-02 23:30:54] - Processing attribute `tarefas` : value = NOT NULL COLLECTION
[2021-08-02 23:30:54] - Processing attribute `volume` : value = 23150.0
[2021-08-02 23:30:54] - Attribute (`tarefas`)  - enhanced for lazy-loading? - false
[2021-08-02 23:30:54] - Attribute (`volume`)  - enhanced for lazy-loading? - false
[2021-08-02 23:30:54] - Done materializing entity [com.bluebudy.SCQ.domain.Processo#1]
[2021-08-02 23:30:54] - Attribute (`fornecedor`)  - enhanced for lazy-loading? - false
[2021-08-02 23:30:54] - Done materializing entity [com.bluebudy.SCQ.domain.Controle#31]
[2021-08-02 23:30:54] - Processing attribute `nome` : value = Endox A
[2021-08-02 23:30:54] - Resolving attributes for [com.bluebudy.SCQ.domain.MontagemComposition#4]
[2021-08-02 23:30:54] - select processo0_.id as id1_11_0_, processo0_.nome as nome2_11_0_ from processo processo0_ where processo0_.id=?
[2021-08-02 23:30:54] - Processing attribute `etapa` : value = 2
[2021-08-02 23:30:54] - Done materializing entity [com.bluebudy.SCQ.domain.Etapa#8]
[2021-08-02 23:30:54] - Resolving attributes for [com.bluebudy.SCQ.domain.Etapa#9]
[2021-08-02 23:30:54] - Processing attribute `montagem` : value = NOT NULL COLLECTION
[2021-08-02 23:30:54] - Done entity load : com.bluebudy.SCQ.domain.Controle#31
[2021-08-02 23:30:54] - Processing attribute `nome` : value = Passagem de Rodo Magnético
[2021-08-02 23:30:54] - Attribute (`nome`)  - enhanced for lazy-loading? - false
[2021-08-02 23:30:54] - Attribute (`etapa`)  - enhanced for lazy-loading? - false
[2021-08-02 23:30:54] - Attribute (`nome`)  - enhanced for lazy-loading? - false
[2021-08-02 23:30:54] - On call to EntityIdentifierReaderImpl#resolve, EntityKey was already known; should only happen on root returns with an optional identifier specified
[2021-08-02 23:30:54] - Attribute (`montagem`)  - enhanced for lazy-loading? - false
[2021-08-02 23:30:54] - Processing attribute `nome` : value = Estufa
[2021-08-02 23:30:54] - Attribute (`nome`)  - enhanced for lazy-loading? - false
[2021-08-02 23:30:54] - Processing attribute `processo` : value = 1
[2021-08-02 23:30:54] - Attribute (`processo`)  - enhanced for lazy-loading? - false
[2021-08-02 23:30:54] - Processing attribute `preco` : value = 13.84
[2021-08-02 23:30:54] - Attribute (`preco`)  - enhanced for lazy-loading? - false
[2021-08-02 23:30:54] - Processing attribute `materiaPrima` : value = 2
[2021-08-02 23:30:54] - Attribute (`materiaPrima`)  - enhanced for lazy-loading? - false
[2021-08-02 23:30:54] - Processing attribute `unidade` : value = Kg
[2021-08-02 23:30:54] - Attribute (`unidade`)  - enhanced for lazy-loading? - false
[2021-08-02 23:30:54] - Processing attribute `parametros` : value = NOT NULL COLLECTION
[2021-08-02 23:30:54] - Attribute (`parametros`)  - enhanced for lazy-loading? - false
[2021-08-02 23:30:54] - Processing attribute `quantidade` : value = 100.0
[2021-08-02 23:30:54] - Processing attribute `posicao` : value = 3
[2021-08-02 23:30:54] - Attribute (`posicao`)  - enhanced for lazy-loading? - false
[2021-08-02 23:30:54] - Processing attribute `processo` : value = 1
[2021-08-02 23:30:54] - Attribute (`quantidade`)  - enhanced for lazy-loading? - false
[2021-08-02 23:30:54] - Attribute (`processo`)  - enhanced for lazy-loading? - false
[2021-08-02 23:30:54] - Processing attribute `trocas` : value = NOT NULL COLLECTION
[2021-08-02 23:30:54] - Attribute (`trocas`)  - enhanced for lazy-loading? - false
[2021-08-02 23:30:54] - Processing attribute `volume` : value = 0.0
[2021-08-02 23:30:54] - Attribute (`volume`)  - enhanced for lazy-loading? - false
[2021-08-02 23:30:54] - committing
[2021-08-02 23:30:54] - Resetting read-only flag of JDBC Connection [HikariProxyConnection@1372854599 wrapping com.mysql.cj.jdbc.ConnectionImpl@5444b57d]
[2021-08-02 23:30:54] - Done materializing entity [com.bluebudy.SCQ.domain.MateriaPrima#1]
[2021-08-02 23:30:54] - Not closing pre-bound JPA EntityManager after transaction
[2021-08-02 23:30:54] - Done materializing entity [com.bluebudy.SCQ.domain.MontagemComposition#4]
[2021-08-02 23:30:54] - Resolving attributes for [com.bluebudy.SCQ.domain.MateriaPrima#2]
[2021-08-02 23:30:54] - Resolving attributes for [com.bluebudy.SCQ.domain.MontagemComposition#4]
[2021-08-02 23:30:54] - Processing attribute `etapa` : value = 2
[2021-08-02 23:30:54] - Processing attribute `adicao` : value = NOT NULL COLLECTION
[2021-08-02 23:30:54] - Attribute (`adicao`)  - enhanced for lazy-loading? - false
[2021-08-02 23:30:54] - Done materializing entity [com.bluebudy.SCQ.domain.TarefasDeManutencao#6]
[2021-08-02 23:30:54] - Processing attribute `fatorTitulometrico` : value = 1.0
[2021-08-02 23:30:54] - Attribute (`fatorTitulometrico`)  - enhanced for lazy-loading? - false
[2021-08-02 23:30:54] - Attribute (`etapa`)  - enhanced for lazy-loading? - false
[2021-08-02 23:30:54] - Resolving attributes for [com.bluebudy.SCQ.domain.Processo#5]
[2021-08-02 23:30:54] - Done materializing entity [com.bluebudy.SCQ.domain.Etapa#9]
[2021-08-02 23:30:54] - Processing attribute `etapas` : value = NOT NULL COLLECTION
[2021-08-02 23:30:54] - Resolving attributes for [com.bluebudy.SCQ.domain.TarefasDeManutencao#7]
[2021-08-02 23:30:54] - Processing attribute `codigoDoDocumento` : value = MIMP
[2021-08-02 23:30:54] - Processing attribute `fornecedor` : value = Macdermid
[2021-08-02 23:30:54] - Attribute (`etapas`)  - enhanced for lazy-loading? - false
[2021-08-02 23:30:54] - Processing attribute `nome` : value = Treta Process
[2021-08-02 23:30:54] - Attribute (`nome`)  - enhanced for lazy-loading? - false
[2021-08-02 23:30:54] - Resolving attributes for [com.bluebudy.SCQ.domain.Etapa#12]
[2021-08-02 23:30:54] - Processing attribute `montagem` : value = NOT NULL COLLECTION
[2021-08-02 23:30:54] - Attribute (`montagem`)  - enhanced for lazy-loading? - false
[2021-08-02 23:30:54] - Processing attribute `nome` : value = meu deus
[2021-08-02 23:30:54] - Attribute (`nome`)  - enhanced for lazy-loading? - false
[2021-08-02 23:30:54] - Attribute (`fornecedor`)  - enhanced for lazy-loading? - false
[2021-08-02 23:30:54] - Processing attribute `materiaPrima` : value = 2
[2021-08-02 23:30:54] - Attribute (`materiaPrima`)  - enhanced for lazy-loading? - false
[2021-08-02 23:30:54] - Processing attribute `quantidade` : value = 100.0
[2021-08-02 23:30:54] - Attribute (`quantidade`)  - enhanced for lazy-loading? - false
[2021-08-02 23:30:54] - Attribute (`codigoDoDocumento`)  - enhanced for lazy-loading? - false
[2021-08-02 23:30:54] - Done materializing entity [com.bluebudy.SCQ.domain.MontagemComposition#4]
[2021-08-02 23:30:54] - Resolving attributes for [com.bluebudy.SCQ.domain.MateriaPrima#2]
[2021-08-02 23:30:54] - Processing attribute `adicao` : value = NOT NULL COLLECTION
[2021-08-02 23:30:54] - Attribute (`adicao`)  - enhanced for lazy-loading? - false
[2021-08-02 23:30:54] - Processing attribute `parametros` : value = NOT NULL COLLECTION
[2021-08-02 23:30:54] - Processing attribute `nome` : value = Endox B
[2021-08-02 23:30:54] - Attribute (`nome`)  - enhanced for lazy-loading? - false
[2021-08-02 23:30:54] - Processing attribute `controle` : value = 32
[2021-08-02 23:30:54] - Attribute (`controle`)  - enhanced for lazy-loading? - false
[2021-08-02 23:30:54] - Attribute (`parametros`)  - enhanced for lazy-loading? - false
[2021-08-02 23:30:54] - Processing attribute `tarefas` : value = NOT NULL COLLECTION
[2021-08-02 23:30:54] - Processing attribute `fatorTitulometrico` : value = 1.0
[2021-08-02 23:30:54] - Attribute (`fatorTitulometrico`)  - enhanced for lazy-loading? - false
[2021-08-02 23:30:54] - Processing attribute `posicao` : value = 54
[2021-08-02 23:30:54] - Attribute (`posicao`)  - enhanced for lazy-loading? - false
[2021-08-02 23:30:54] - Attribute (`tarefas`)  - enhanced for lazy-loading? - false
[2021-08-02 23:30:54] - Processing attribute `processo` : value = 1
[2021-08-02 23:30:54] - Attribute (`processo`)  - enhanced for lazy-loading? - false
[2021-08-02 23:30:54] - Processing attribute `fornecedor` : value = Macdermid
[2021-08-02 23:30:54] - Attribute (`fornecedor`)  - enhanced for lazy-loading? - false
[2021-08-02 23:30:54] - Processing attribute `preco` : value = 13.42
[2021-08-02 23:30:54] - Attribute (`preco`)  - enhanced for lazy-loading? - false
[2021-08-02 23:30:54] - Processing attribute `unidade` : value = Kg
[2021-08-02 23:30:54] - Attribute (`unidade`)  - enhanced for lazy-loading? - false
[2021-08-02 23:30:54] - Processing attribute `nome` : value = Endox B
[2021-08-02 23:30:54] - Done materializing entity [com.bluebudy.SCQ.domain.MateriaPrima#2]
[2021-08-02 23:30:54] - Done materializing entity [com.bluebudy.SCQ.domain.Processo#5]
[2021-08-02 23:30:54] - Processing attribute `trocas` : value = NOT NULL COLLECTION
[2021-08-02 23:30:54] - Attribute (`trocas`)  - enhanced for lazy-loading? - false
[2021-08-02 23:30:54] - Processing attribute `volume` : value = 1500.0
[2021-08-02 23:30:54] - Attribute (`volume`)  - enhanced for lazy-loading? - false
[2021-08-02 23:30:54] - Done entity load : com.bluebudy.SCQ.domain.Processo#5
[2021-08-02 23:30:54] - Done materializing entity [com.bluebudy.SCQ.domain.Etapa#12]
[2021-08-02 23:30:54] - Processing attribute `trocas` : value = NOT NULL COLLECTION
[2021-08-02 23:30:54] - Resolving attributes for [com.bluebudy.SCQ.domain.Etapa#13]
[2021-08-02 23:30:54] - Attribute (`trocas`)  - enhanced for lazy-loading? - false
[2021-08-02 23:30:54] - Processing attribute `montagem` : value = NOT NULL COLLECTION
[2021-08-02 23:30:54] - Attribute (`montagem`)  - enhanced for lazy-loading? - false
[2021-08-02 23:30:54] - Processing attribute `volume` : value = 1800.0
[2021-08-02 23:30:54] - Attribute (`volume`)  - enhanced for lazy-loading? - false
[2021-08-02 23:30:54] - 1 collections were found in result set for role: com.bluebudy.SCQ.domain.Etapa.montagem
[2021-08-02 23:30:54] - Processing attribute `nome` : value = Desengraxante Eletrolítico
[2021-08-02 23:30:54] - Attribute (`nome`)  - enhanced for lazy-loading? - false
[2021-08-02 23:30:54] - Attribute (`nome`)  - enhanced for lazy-loading? - false
[2021-08-02 23:30:54] - Collection fully initialized: [com.bluebudy.SCQ.domain.Etapa.montagem#2]
[2021-08-02 23:30:54] - Processing attribute `parametros` : value = NOT NULL COLLECTION
[2021-08-02 23:30:54] - Done materializing entity [com.bluebudy.SCQ.domain.Etapa#10]
[2021-08-02 23:30:54] - Processing attribute `preco` : value = 13.42
[2021-08-02 23:30:54] - 1 collections initialized for role: com.bluebudy.SCQ.domain.Etapa.montagem
[2021-08-02 23:30:54] - Attribute (`preco`)  - enhanced for lazy-loading? - false
[2021-08-02 23:30:54] - Processing attribute `unidade` : value = Kg
[2021-08-02 23:30:54] - Attribute (`parametros`)  - enhanced for lazy-loading? - false
[2021-08-02 23:30:54] - Attribute (`unidade`)  - enhanced for lazy-loading? - false
[2021-08-02 23:30:54] - Done entity load : com.bluebudy.SCQ.domain.Etapa#2
[2021-08-02 23:30:54] - Processing attribute `posicao` : value = 15
[2021-08-02 23:30:54] - Processing attribute `formula` : value = [V]*8.647
[2021-08-02 23:30:54] - Resolving attributes for [com.bluebudy.SCQ.domain.Etapa#11]
[2021-08-02 23:30:54] - select controle0_.id as id1_3_0_, controle0_.data_planejada as data_pla2_3_0_, controle0_.data_realizada as data_rea3_3_0_, controle0_.notified as notified4_3_0_, controle0_.periodo as periodo5_3_0_ from controle controle0_ where controle0_.id=?
[2021-08-02 23:30:54] - Processing attribute `montagem` : value = NOT NULL COLLECTION
[2021-08-02 23:30:54] - Attribute (`montagem`)  - enhanced for lazy-loading? - false
[2021-08-02 23:30:54] - Done materializing entity [com.bluebudy.SCQ.domain.MateriaPrima#2]
[2021-08-02 23:30:54] - Processing attribute `nome` : value = balacupabaco
[2021-08-02 23:30:54] - 1 collections were found in result set for role: com.bluebudy.SCQ.domain.Etapa.montagem
[2021-08-02 23:30:54] - Attribute (`nome`)  - enhanced for lazy-loading? - false
[2021-08-02 23:30:54] - Collection fully initialized: [com.bluebudy.SCQ.domain.Etapa.montagem#2]
[2021-08-02 23:30:54] - 1 collections initialized for role: com.bluebudy.SCQ.domain.Etapa.montagem
[2021-08-02 23:30:54] - Attribute (`posicao`)  - enhanced for lazy-loading? - false
[2021-08-02 23:30:54] - Processing attribute `processo` : value = 1
[2021-08-02 23:30:54] - Attribute (`processo`)  - enhanced for lazy-loading? - false
[2021-08-02 23:30:54] - Attribute (`formula`)  - enhanced for lazy-loading? - false
[2021-08-02 23:30:54] - Processing attribute `parametros` : value = NOT NULL COLLECTION
[2021-08-02 23:30:54] - Processing attribute `nome` : value = Concentracao
[2021-08-02 23:30:54] - Processing attribute `trocas` : value = NOT NULL COLLECTION
[2021-08-02 23:30:54] - Attribute (`parametros`)  - enhanced for lazy-loading? - false
[2021-08-02 23:30:54] - Attribute (`trocas`)  - enhanced for lazy-loading? - false
[2021-08-02 23:30:54] - Processing attribute `posicao` : value = 31
[2021-08-02 23:30:54] - Attribute (`posicao`)  - enhanced for lazy-loading? - false
[2021-08-02 23:30:54] - Processing attribute `processo` : value = 5
[2021-08-02 23:30:54] - Attribute (`processo`)  - enhanced for lazy-loading? - false
[2021-08-02 23:30:54] - Attribute (`nome`)  - enhanced for lazy-loading? - false
[2021-08-02 23:30:54] - Processing attribute `pMax` : value = 130.0
[2021-08-02 23:30:54] - Attribute (`pMax`)  - enhanced for lazy-loading? - false
[2021-08-02 23:30:54] - Processing attribute `pMaxT` : value = 110.0
[2021-08-02 23:30:54] - Attribute (`pMaxT`)  - enhanced for lazy-loading? - false
[2021-08-02 23:30:54] - Processing attribute `trocas` : value = NOT NULL COLLECTION
[2021-08-02 23:30:54] - Processing attribute `pMin` : value = 70.0
[2021-08-02 23:30:54] - On call to EntityIdentifierReaderImpl#resolve, EntityKey was already known; should only happen on root returns with an optional identifier specified
[2021-08-02 23:30:54] - Attribute (`pMin`)  - enhanced for lazy-loading? - false
[2021-08-02 23:30:54] - Processing attribute `pMinT` : value = 90.0
[2021-08-02 23:30:54] - Attribute (`pMinT`)  - enhanced for lazy-loading? - false
[2021-08-02 23:30:54] - Processing attribute `showChart` : value = true
[2021-08-02 23:30:54] - Attribute (`showChart`)  - enhanced for lazy-loading? - false
[2021-08-02 23:30:54] - Processing attribute `unidade` : value = GramaPorLitro
[2021-08-02 23:30:54] - Attribute (`unidade`)  - enhanced for lazy-loading? - false
[2021-08-02 23:30:54] - Done materializing entity [com.bluebudy.SCQ.domain.Parametro#1]
[2021-08-02 23:30:54] - Resolving attributes for [com.bluebudy.SCQ.domain.Parametro#2]
[2021-08-02 23:30:54] - Processing attribute `analises` : value = NOT NULL COLLECTION
[2021-08-02 23:30:54] - Attribute (`analises`)  - enhanced for lazy-loading? - false
[2021-08-02 23:30:54] - Processing attribute `controle` : value = 2
[2021-08-02 23:30:54] - Attribute (`controle`)  - enhanced for lazy-loading? - false
[2021-08-02 23:30:54] - select controle0_.id as id1_3_0_, controle0_.data_planejada as data_pla2_3_0_, controle0_.data_realizada as data_rea3_3_0_, controle0_.notified as notified4_3_0_, controle0_.periodo as periodo5_3_0_ from controle controle0_ where controle0_.id=?
[2021-08-02 23:30:54] - Processing attribute `volume` : value = 1600.0
[2021-08-02 23:30:54] - Attribute (`volume`)  - enhanced for lazy-loading? - false
[2021-08-02 23:30:54] - Done materializing entity [com.bluebudy.SCQ.domain.Etapa#13]
[2021-08-02 23:30:54] - Resolving attributes for [com.bluebudy.SCQ.domain.Etapa#14]
[2021-08-02 23:30:54] - Resolving attributes for [com.bluebudy.SCQ.domain.Controle#32]
[2021-08-02 23:30:54] - Processing attribute `montagem` : value = NOT NULL COLLECTION
[2021-08-02 23:30:54] - Attribute (`montagem`)  - enhanced for lazy-loading? - false
[2021-08-02 23:30:54] - Processing attribute `dataPlanejada` : value = 2021-06-07 13:35:53.116
[2021-08-02 23:30:54] - Attribute (`dataPlanejada`)  - enhanced for lazy-loading? - false
[2021-08-02 23:30:54] - Processing attribute `nome` : value = Desengraxante Eletrolítico
[2021-08-02 23:30:54] - Attribute (`nome`)  - enhanced for lazy-loading? - false
[2021-08-02 23:30:54] - Processing attribute `parametros` : value = NOT NULL COLLECTION
[2021-08-02 23:30:54] - Attribute (`parametros`)  - enhanced for lazy-loading? - false
[2021-08-02 23:30:54] - Processing attribute `posicao` : value = 18
[2021-08-02 23:30:54] - Processing attribute `dataRealizada` : value = 2021-05-31 13:35:53.116
[2021-08-02 23:30:54] - Attribute (`dataRealizada`)  - enhanced for lazy-loading? - false
[2021-08-02 23:30:54] - Processing attribute `notified` : value = true
[2021-08-02 23:30:54] - Attribute (`notified`)  - enhanced for lazy-loading? - false
[2021-08-02 23:30:54] - Processing attribute `periodo` : value = 10080
[2021-08-02 23:30:54] - Attribute (`periodo`)  - enhanced for lazy-loading? - false
[2021-08-02 23:30:54] - Done materializing entity [com.bluebudy.SCQ.domain.Controle#32]
[2021-08-02 23:30:54] - Attribute (`posicao`)  - enhanced for lazy-loading? - false
[2021-08-02 23:30:54] - Processing attribute `processo` : value = 1
[2021-08-02 23:30:54] - Attribute (`processo`)  - enhanced for lazy-loading? - false
[2021-08-02 23:30:54] - Processing attribute `trocas` : value = NOT NULL COLLECTION
[2021-08-02 23:30:54] - Attribute (`trocas`)  - enhanced for lazy-loading? - false
[2021-08-02 23:30:54] - Processing attribute `volume` : value = 1800.0
[2021-08-02 23:30:54] - Attribute (`volume`)  - enhanced for lazy-loading? - false
[2021-08-02 23:30:54] - Done entity load : com.bluebudy.SCQ.domain.Controle#32
[2021-08-02 23:30:54] - Done materializing entity [com.bluebudy.SCQ.domain.Etapa#14]
[2021-08-02 23:30:54] - Processing attribute `nome` : value = Placas do Desengraxante Eletrolítico
[2021-08-02 23:30:54] - Resolving attributes for [com.bluebudy.SCQ.domain.Etapa#15]
[2021-08-02 23:30:54] - Processing attribute `montagem` : value = NOT NULL COLLECTION
[2021-08-02 23:30:54] - Attribute (`montagem`)  - enhanced for lazy-loading? - false
[2021-08-02 23:30:54] - Processing attribute `nome` : value = Desengraxante Eletrolítico
[2021-08-02 23:30:54] - Attribute (`nome`)  - enhanced for lazy-loading? - false
[2021-08-02 23:30:54] - Done entity load : com.bluebudy.SCQ.domain.Etapa#2
[2021-08-02 23:30:54] - Processing attribute `parametros` : value = NOT NULL COLLECTION
[2021-08-02 23:30:54] - Attribute (`parametros`)  - enhanced for lazy-loading? - false
[2021-08-02 23:30:54] - Done materializing entity [com.bluebudy.SCQ.domain.Troca#2]
[2021-08-02 23:30:54] - Processing attribute `posicao` : value = 12
[2021-08-02 23:30:54] - Attribute (`nome`)  - enhanced for lazy-loading? - false
[2021-08-02 23:30:54] - Attribute (`posicao`)  - enhanced for lazy-loading? - false
[2021-08-02 23:30:54] - Processing attribute `processo` : value = 1
[2021-08-02 23:30:54] - Attribute (`processo`)  - enhanced for lazy-loading? - false
[2021-08-02 23:30:54] - Processing attribute `trocas` : value = NOT NULL COLLECTION
[2021-08-02 23:30:54] - Attribute (`trocas`)  - enhanced for lazy-loading? - false
[2021-08-02 23:30:54] - Processing attribute `volume` : value = 16700.0
[2021-08-02 23:30:54] - Attribute (`volume`)  - enhanced for lazy-loading? - false
[2021-08-02 23:30:54] - Resolving attributes for [com.bluebudy.SCQ.domain.Troca#5]
[2021-08-02 23:30:54] - Attribute (`trocas`)  - enhanced for lazy-loading? - false
[2021-08-02 23:30:54] - Processing attribute `volume` : value = 10000.0
[2021-08-02 23:30:54] - Attribute (`volume`)  - enhanced for lazy-loading? - false
[2021-08-02 23:30:54] - Processing attribute `processo` : value = 1
[2021-08-02 23:30:54] - Attribute (`processo`)  - enhanced for lazy-loading? - false
[2021-08-02 23:30:54] - Processing attribute `controle` : value = 20
[2021-08-02 23:30:54] - Attribute (`controle`)  - enhanced for lazy-loading? - false
[2021-08-02 23:30:54] - select controle0_.id as id1_3_0_, controle0_.data_planejada as data_pla2_3_0_, controle0_.data_realizada as data_rea3_3_0_, controle0_.notified as notified4_3_0_, controle0_.periodo as periodo5_3_0_ from controle controle0_ where controle0_.id=?
[2021-08-02 23:30:54] - On call to EntityIdentifierReaderImpl#resolve, EntityKey was already known; should only happen on root returns with an optional identifier specified
[2021-08-02 23:30:54] - Done materializing entity [com.bluebudy.SCQ.domain.TarefasDeManutencao#7]
[2021-08-02 23:30:54] - Resolving attributes for [com.bluebudy.SCQ.domain.TarefasDeManutencao#8]
[2021-08-02 23:30:54] - Processing attribute `codigoDoDocumento` : value = MIMP
[2021-08-02 23:30:54] - Attribute (`codigoDoDocumento`)  - enhanced for lazy-loading? - false
[2021-08-02 23:30:54] - Processing attribute `controle` : value = 33
[2021-08-02 23:30:54] - Attribute (`controle`)  - enhanced for lazy-loading? - false
[2021-08-02 23:30:54] - Done materializing entity [com.bluebudy.SCQ.domain.Etapa#11]
[2021-08-02 23:30:54] - Done materializing entity [com.bluebudy.SCQ.domain.Etapa#15]
[2021-08-02 23:30:54] - Resolving attributes for [com.bluebudy.SCQ.domain.Etapa#12]
[2021-08-02 23:30:54] - Resolving attributes for [com.bluebudy.SCQ.domain.Etapa#16]
[2021-08-02 23:30:54] - Processing attribute `montagem` : value = NOT NULL COLLECTION
[2021-08-02 23:30:54] - Attribute (`montagem`)  - enhanced for lazy-loading? - false
[2021-08-02 23:30:54] - select controle0_.id as id1_3_0_, controle0_.data_planejada as data_pla2_3_0_, controle0_.data_realizada as data_rea3_3_0_, controle0_.notified as notified4_3_0_, controle0_.periodo as periodo5_3_0_ from controle controle0_ where controle0_.id=?
[2021-08-02 23:30:54] - Processing attribute `montagem` : value = NOT NULL COLLECTION
[2021-08-02 23:30:54] - Processing attribute `nome` : value = meu deus
[2021-08-02 23:30:54] - Attribute (`nome`)  - enhanced for lazy-loading? - false
[2021-08-02 23:30:54] - Processing attribute `parametros` : value = NOT NULL COLLECTION
[2021-08-02 23:30:54] - Attribute (`parametros`)  - enhanced for lazy-loading? - false
[2021-08-02 23:30:54] - Processing attribute `posicao` : value = 54
[2021-08-02 23:30:54] - Attribute (`posicao`)  - enhanced for lazy-loading? - false
[2021-08-02 23:30:54] - Processing attribute `processo` : value = 1
[2021-08-02 23:30:54] - Attribute (`processo`)  - enhanced for lazy-loading? - false
[2021-08-02 23:30:54] - Resolving attributes for [com.bluebudy.SCQ.domain.Controle#2]
[2021-08-02 23:30:54] - Processing attribute `dataPlanejada` : value = null
[2021-08-02 23:30:54] - Attribute (`dataPlanejada`)  - enhanced for lazy-loading? - false
[2021-08-02 23:30:54] - Processing attribute `dataRealizada` : value = 2021-07-01 10:06:58.642
[2021-08-02 23:30:54] - Attribute (`dataRealizada`)  - enhanced for lazy-loading? - false
[2021-08-02 23:30:54] - Attribute (`montagem`)  - enhanced for lazy-loading? - false
[2021-08-02 23:30:54] - Processing attribute `notified` : value = false
[2021-08-02 23:30:54] - Attribute (`notified`)  - enhanced for lazy-loading? - false
[2021-08-02 23:30:54] - Processing attribute `periodo` : value = 80640
[2021-08-02 23:30:54] - Processing attribute `nome` : value = Desengraxante Eletrolítico
[2021-08-02 23:30:54] - Attribute (`periodo`)  - enhanced for lazy-loading? - false
[2021-08-02 23:30:54] - Attribute (`nome`)  - enhanced for lazy-loading? - false
[2021-08-02 23:30:54] - Processing attribute `parametros` : value = NOT NULL COLLECTION
[2021-08-02 23:30:54] - Attribute (`parametros`)  - enhanced for lazy-loading? - false
[2021-08-02 23:30:54] - Processing attribute `trocas` : value = NOT NULL COLLECTION
[2021-08-02 23:30:54] - Processing attribute `posicao` : value = 50
[2021-08-02 23:30:54] - Attribute (`trocas`)  - enhanced for lazy-loading? - false
[2021-08-02 23:30:54] - Attribute (`posicao`)  - enhanced for lazy-loading? - false
[2021-08-02 23:30:54] - Processing attribute `processo` : value = 1
[2021-08-02 23:30:54] - Attribute (`processo`)  - enhanced for lazy-loading? - false
[2021-08-02 23:30:54] - Processing attribute `volume` : value = 1500.0
[2021-08-02 23:30:54] - Attribute (`volume`)  - enhanced for lazy-loading? - false
[2021-08-02 23:30:54] - Processing attribute `trocas` : value = NOT NULL COLLECTION
[2021-08-02 23:30:54] - Attribute (`trocas`)  - enhanced for lazy-loading? - false
[2021-08-02 23:30:54] - Processing attribute `volume` : value = 1600.0
[2021-08-02 23:30:54] - Attribute (`volume`)  - enhanced for lazy-loading? - false
[2021-08-02 23:30:54] - Done materializing entity [com.bluebudy.SCQ.domain.Etapa#16]
[2021-08-02 23:30:54] - Done materializing entity [com.bluebudy.SCQ.domain.Etapa#12]
[2021-08-02 23:30:54] - Done materializing entity [com.bluebudy.SCQ.domain.Controle#2]
[2021-08-02 23:30:54] - Resolving attributes for [com.bluebudy.SCQ.domain.Etapa#13]
[2021-08-02 23:30:54] - Processing attribute `montagem` : value = NOT NULL COLLECTION
[2021-08-02 23:30:54] - Attribute (`montagem`)  - enhanced for lazy-loading? - false
[2021-08-02 23:30:54] - 1 collections were found in result set for role: com.bluebudy.SCQ.domain.Processo.etapas
[2021-08-02 23:30:54] - Processing attribute `nome` : value = Desengraxante Eletrolítico
[2021-08-02 23:30:54] - Attribute (`nome`)  - enhanced for lazy-loading? - false
[2021-08-02 23:30:54] - Processing attribute `parametros` : value = NOT NULL COLLECTION
[2021-08-02 23:30:54] - Done entity load : com.bluebudy.SCQ.domain.Controle#2
[2021-08-02 23:30:54] - Attribute (`parametros`)  - enhanced for lazy-loading? - false
[2021-08-02 23:30:54] - Processing attribute `etapa` : value = 1
[2021-08-02 23:30:54] - Attribute (`etapa`)  - enhanced for lazy-loading? - false
[2021-08-02 23:30:54] - Processing attribute `posicao` : value = 15
[2021-08-02 23:30:54] - Attribute (`posicao`)  - enhanced for lazy-loading? - false
[2021-08-02 23:30:54] - Collection fully initialized: [com.bluebudy.SCQ.domain.Processo.etapas#1]
[2021-08-02 23:30:54] - Processing attribute `processo` : value = 1
[2021-08-02 23:30:54] - Attribute (`processo`)  - enhanced for lazy-loading? - false
[2021-08-02 23:30:54] - Processing attribute `trocas` : value = NOT NULL COLLECTION
[2021-08-02 23:30:54] - Attribute (`trocas`)  - enhanced for lazy-loading? - false
[2021-08-02 23:30:54] - 1 collections initialized for role: com.bluebudy.SCQ.domain.Processo.etapas
[2021-08-02 23:30:54] - Processing attribute `volume` : value = 1600.0
[2021-08-02 23:30:54] - Attribute (`volume`)  - enhanced for lazy-loading? - false
[2021-08-02 23:30:54] - Loading collection: [com.bluebudy.SCQ.domain.Etapa.montagem#16]
[2021-08-02 23:30:54] - select montagem0_.etapa_id as etapa_id3_6_0_, montagem0_.id as id1_6_0_, montagem0_.id as id1_6_1_, montagem0_.etapa_id as etapa_id3_6_1_, montagem0_.materia_prima_id as materia_4_6_1_, montagem0_.quantidade as quantida2_6_1_, materiapri1_.id as id1_5_2_, materiapri1_.fator_titulometrico as fator_ti2_5_2_, materiapri1_.fornecedor as forneced3_5_2_, materiapri1_.nome as nome4_5_2_, materiapri1_.preco as preco5_5_2_, materiapri1_.unidade as unidade6_5_2_ from montagem_composition montagem0_ left outer join materia_prima materiapri1_ on montagem0_.materia_prima_id=materiapri1_.id where montagem0_.etapa_id=?
[2021-08-02 23:30:54] - select etapa0_.id as id1_4_0_, etapa0_.nome as nome2_4_0_, etapa0_.posicao as posicao3_4_0_, etapa0_.processo_id as processo5_4_0_, etapa0_.volume as volume4_4_0_, montagem1_.etapa_id as etapa_id3_6_1_, montagem1_.id as id1_6_1_, montagem1_.id as id1_6_2_, montagem1_.etapa_id as etapa_id3_6_2_, montagem1_.materia_prima_id as materia_4_6_2_, montagem1_.quantidade as quantida2_6_2_, materiapri2_.id as id1_5_3_, materiapri2_.fator_titulometrico as fator_ti2_5_3_, materiapri2_.fornecedor as forneced3_5_3_, materiapri2_.nome as nome4_5_3_, materiapri2_.preco as preco5_5_3_, materiapri2_.unidade as unidade6_5_3_, processo3_.id as id1_11_4_, processo3_.nome as nome2_11_4_ from etapa etapa0_ left outer join montagem_composition montagem1_ on etapa0_.id=montagem1_.etapa_id left outer join materia_prima materiapri2_ on montagem1_.materia_prima_id=materiapri2_.id left outer join processo processo3_ on etapa0_.processo_id=processo3_.id where etapa0_.id=?
[2021-08-02 23:30:54] - Done materializing entity [com.bluebudy.SCQ.domain.Etapa#13]
[2021-08-02 23:30:54] - Resolving attributes for [com.bluebudy.SCQ.domain.Etapa#14]
[2021-08-02 23:30:54] - Processing attribute `montagem` : value = NOT NULL COLLECTION
[2021-08-02 23:30:54] - Attribute (`montagem`)  - enhanced for lazy-loading? - false
[2021-08-02 23:30:54] - Processing attribute `nome` : value = Desengraxante Eletrolítico
[2021-08-02 23:30:54] - Attribute (`nome`)  - enhanced for lazy-loading? - false
[2021-08-02 23:30:54] - Processing attribute `parametros` : value = NOT NULL COLLECTION
[2021-08-02 23:30:54] - Attribute (`parametros`)  - enhanced for lazy-loading? - false
[2021-08-02 23:30:54] - Processing attribute `posicao` : value = 18
[2021-08-02 23:30:54] - Attribute (`posicao`)  - enhanced for lazy-loading? - false
[2021-08-02 23:30:54] - Processing attribute `processo` : value = 1
[2021-08-02 23:30:54] - Attribute (`processo`)  - enhanced for lazy-loading? - false
[2021-08-02 23:30:54] - Processing attribute `trocas` : value = NOT NULL COLLECTION
[2021-08-02 23:30:54] - Attribute (`trocas`)  - enhanced for lazy-loading? - false
[2021-08-02 23:30:54] - Processing attribute `volume` : value = 1800.0
[2021-08-02 23:30:54] - Attribute (`volume`)  - enhanced for lazy-loading? - false
[2021-08-02 23:30:54] - On call to EntityIdentifierReaderImpl#resolve, EntityKey was already known; should only happen on root returns with an optional identifier specified
[2021-08-02 23:30:54] - Done materializing entity [com.bluebudy.SCQ.domain.Etapa#14]
[2021-08-02 23:30:54] - Resolving attributes for [com.bluebudy.SCQ.domain.Controle#33]
[2021-08-02 23:30:54] - On call to EntityIdentifierReaderImpl#resolve, EntityKey was already known; should only happen on root returns with an optional identifier specified
[2021-08-02 23:30:54] - On call to EntityIdentifierReaderImpl#resolve, EntityKey was already known; should only happen on root returns with an optional identifier specified
[2021-08-02 23:30:54] - Processing attribute `dataPlanejada` : value = 2021-06-07 13:35:53.126
[2021-08-02 23:30:54] - Preparing collection initializer : [com.bluebudy.SCQ.domain.Etapa.montagem#16]
[2021-08-02 23:30:54] - Attribute (`dataPlanejada`)  - enhanced for lazy-loading? - false
[2021-08-02 23:30:54] - Resolving attributes for [com.bluebudy.SCQ.domain.Etapa#15]
[2021-08-02 23:30:54] - Processing attribute `montagem` : value = NOT NULL COLLECTION
[2021-08-02 23:30:54] - Attribute (`montagem`)  - enhanced for lazy-loading? - false
[2021-08-02 23:30:54] - Resolving attributes for [com.bluebudy.SCQ.domain.Controle#20]
[2021-08-02 23:30:54] - Processing attribute `dataPlanejada` : value = 2021-06-07 01:23:49.683
[2021-08-02 23:30:54] - Attribute (`dataPlanejada`)  - enhanced for lazy-loading? - false
[2021-08-02 23:30:54] - 1 collections were found in result set for role: com.bluebudy.SCQ.domain.Etapa.montagem
[2021-08-02 23:30:54] - Processing attribute `dataRealizada` : value = 2021-05-31 13:35:53.126
[2021-08-02 23:30:54] - Collection fully initialized: [com.bluebudy.SCQ.domain.Etapa.montagem#16]
[2021-08-02 23:30:54] - 1 collections initialized for role: com.bluebudy.SCQ.domain.Etapa.montagem
[2021-08-02 23:30:54] - Attribute (`dataRealizada`)  - enhanced for lazy-loading? - false
[2021-08-02 23:30:54] - Processing attribute `dataRealizada` : value = 2021-05-31 01:23:49.683
[2021-08-02 23:30:54] - Processing attribute `notified` : value = true
[2021-08-02 23:30:54] - Attribute (`dataRealizada`)  - enhanced for lazy-loading? - false
[2021-08-02 23:30:54] - Processing attribute `notified` : value = true
[2021-08-02 23:30:54] - Processing attribute `nome` : value = Desengraxante Eletrolítico
[2021-08-02 23:30:54] - Attribute (`notified`)  - enhanced for lazy-loading? - false
[2021-08-02 23:30:54] - Done loading collection
[2021-08-02 23:30:54] - Found row of collection: [com.bluebudy.SCQ.domain.Etapa.montagem#1]
[2021-08-02 23:30:54] - Processing attribute `periodo` : value = 10080
[2021-08-02 23:30:54] - Attribute (`nome`)  - enhanced for lazy-loading? - false
[2021-08-02 23:30:54] - Attribute (`notified`)  - enhanced for lazy-loading? - false
[2021-08-02 23:30:54] - Processing attribute `parametros` : value = NOT NULL COLLECTION
[2021-08-02 23:30:54] - Attribute (`parametros`)  - enhanced for lazy-loading? - false
[2021-08-02 23:30:54] - Processing attribute `periodo` : value = 10080
[2021-08-02 23:30:54] - Attribute (`periodo`)  - enhanced for lazy-loading? - false
[2021-08-02 23:30:54] - Attribute (`periodo`)  - enhanced for lazy-loading? - false
[2021-08-02 23:30:54] - Loading collection: [com.bluebudy.SCQ.domain.Etapa.montagem#15]
[2021-08-02 23:30:54] - select montagem0_.etapa_id as etapa_id3_6_0_, montagem0_.id as id1_6_0_, montagem0_.id as id1_6_1_, montagem0_.etapa_id as etapa_id3_6_1_, montagem0_.materia_prima_id as materia_4_6_1_, montagem0_.quantidade as quantida2_6_1_, materiapri1_.id as id1_5_2_, materiapri1_.fator_titulometrico as fator_ti2_5_2_, materiapri1_.fornecedor as forneced3_5_2_, materiapri1_.nome as nome4_5_2_, materiapri1_.preco as preco5_5_2_, materiapri1_.unidade as unidade6_5_2_ from montagem_composition montagem0_ left outer join materia_prima materiapri1_ on montagem0_.materia_prima_id=materiapri1_.id where montagem0_.etapa_id=?
[2021-08-02 23:30:54] - Processing attribute `posicao` : value = 12
[2021-08-02 23:30:54] - Attribute (`posicao`)  - enhanced for lazy-loading? - false
[2021-08-02 23:30:54] - Processing attribute `processo` : value = 1
[2021-08-02 23:30:54] - Attribute (`processo`)  - enhanced for lazy-loading? - false
[2021-08-02 23:30:54] - Done materializing entity [com.bluebudy.SCQ.domain.Controle#20]
[2021-08-02 23:30:54] - Processing attribute `trocas` : value = NOT NULL COLLECTION
[2021-08-02 23:30:54] - Attribute (`trocas`)  - enhanced for lazy-loading? - false
[2021-08-02 23:30:54] - Done entity load : com.bluebudy.SCQ.domain.Controle#20
[2021-08-02 23:30:54] - Processing attribute `volume` : value = 16700.0
[2021-08-02 23:30:54] - Processing attribute `etapa` : value = 4
[2021-08-02 23:30:54] - Attribute (`etapa`)  - enhanced for lazy-loading? - false
[2021-08-02 23:30:54] - select etapa0_.id as id1_4_0_, etapa0_.nome as nome2_4_0_, etapa0_.posicao as posicao3_4_0_, etapa0_.processo_id as processo5_4_0_, etapa0_.volume as volume4_4_0_, montagem1_.etapa_id as etapa_id3_6_1_, montagem1_.id as id1_6_1_, montagem1_.id as id1_6_2_, montagem1_.etapa_id as etapa_id3_6_2_, montagem1_.materia_prima_id as materia_4_6_2_, montagem1_.quantidade as quantida2_6_2_, materiapri2_.id as id1_5_3_, materiapri2_.fator_titulometrico as fator_ti2_5_3_, materiapri2_.fornecedor as forneced3_5_3_, materiapri2_.nome as nome4_5_3_, materiapri2_.preco as preco5_5_3_, materiapri2_.unidade as unidade6_5_3_, processo3_.id as id1_11_4_, processo3_.nome as nome2_11_4_ from etapa etapa0_ left outer join montagem_composition montagem1_ on etapa0_.id=montagem1_.etapa_id left outer join materia_prima materiapri2_ on montagem1_.materia_prima_id=materiapri2_.id left outer join processo processo3_ on etapa0_.processo_id=processo3_.id where etapa0_.id=?
[2021-08-02 23:30:54] - Attribute (`volume`)  - enhanced for lazy-loading? - false
[2021-08-02 23:30:54] - On call to EntityIdentifierReaderImpl#resolve, EntityKey was already known; should only happen on root returns with an optional identifier specified
[2021-08-02 23:30:54] - Done materializing entity [com.bluebudy.SCQ.domain.Controle#33]
[2021-08-02 23:30:54] - Done materializing entity [com.bluebudy.SCQ.domain.Etapa#15]
[2021-08-02 23:30:54] - Resolving attributes for [com.bluebudy.SCQ.domain.Etapa#16]
[2021-08-02 23:30:54] - Processing attribute `montagem` : value = NOT NULL COLLECTION
[2021-08-02 23:30:54] - Attribute (`montagem`)  - enhanced for lazy-loading? - false
[2021-08-02 23:30:54] - Preparing collection initializer : [com.bluebudy.SCQ.domain.Etapa.montagem#15]
[2021-08-02 23:30:54] - Processing attribute `nome` : value = Desengraxante Eletrolítico
[2021-08-02 23:30:54] - Attribute (`nome`)  - enhanced for lazy-loading? - false
[2021-08-02 23:30:54] - Processing attribute `parametros` : value = NOT NULL COLLECTION
[2021-08-02 23:30:54] - Attribute (`parametros`)  - enhanced for lazy-loading? - false
[2021-08-02 23:30:54] - Processing attribute `posicao` : value = 50
[2021-08-02 23:30:54] - Attribute (`posicao`)  - enhanced for lazy-loading? - false
[2021-08-02 23:30:54] - Processing attribute `processo` : value = 1
[2021-08-02 23:30:54] - Attribute (`processo`)  - enhanced for lazy-loading? - false
[2021-08-02 23:30:54] - Processing attribute `trocas` : value = NOT NULL COLLECTION
[2021-08-02 23:30:54] - Attribute (`trocas`)  - enhanced for lazy-loading? - false
[2021-08-02 23:30:54] - Processing attribute `volume` : value = 1600.0
[2021-08-02 23:30:54] - Attribute (`volume`)  - enhanced for lazy-loading? - false
[2021-08-02 23:30:54] - Done materializing entity [com.bluebudy.SCQ.domain.Etapa#16]
[2021-08-02 23:30:54] - Resolving attributes for [com.bluebudy.SCQ.domain.Etapa#17]
[2021-08-02 23:30:54] - Processing attribute `montagem` : value = NOT NULL COLLECTION
[2021-08-02 23:30:54] - Attribute (`montagem`)  - enhanced for lazy-loading? - false
[2021-08-02 23:30:54] - Processing attribute `nome` : value = Desengraxante Eletrolítico
[2021-08-02 23:30:54] - 1 collections were found in result set for role: com.bluebudy.SCQ.domain.Etapa.montagem
[2021-08-02 23:30:54] - Attribute (`nome`)  - enhanced for lazy-loading? - false
[2021-08-02 23:30:54] - Processing attribute `parametros` : value = NOT NULL COLLECTION
[2021-08-02 23:30:54] - Attribute (`parametros`)  - enhanced for lazy-loading? - false
[2021-08-02 23:30:54] - Processing attribute `posicao` : value = 12
[2021-08-02 23:30:54] - Attribute (`posicao`)  - enhanced for lazy-loading? - false
[2021-08-02 23:30:54] - Processing attribute `processo` : value = 2
[2021-08-02 23:30:54] - Attribute (`processo`)  - enhanced for lazy-loading? - false
[2021-08-02 23:30:54] - select processo0_.id as id1_11_0_, processo0_.nome as nome2_11_0_ from processo processo0_ where processo0_.id=?
[2021-08-02 23:30:54] - Collection fully initialized: [com.bluebudy.SCQ.domain.Etapa.montagem#15]
[2021-08-02 23:30:54] - 1 collections initialized for role: com.bluebudy.SCQ.domain.Etapa.montagem
[2021-08-02 23:30:54] - Done loading collection
[2021-08-02 23:30:54] - Loading collection: [com.bluebudy.SCQ.domain.Etapa.montagem#14]
[2021-08-02 23:30:54] - select montagem0_.etapa_id as etapa_id3_6_0_, montagem0_.id as id1_6_0_, montagem0_.id as id1_6_1_, montagem0_.etapa_id as etapa_id3_6_1_, montagem0_.materia_prima_id as materia_4_6_1_, montagem0_.quantidade as quantida2_6_1_, materiapri1_.id as id1_5_2_, materiapri1_.fator_titulometrico as fator_ti2_5_2_, materiapri1_.fornecedor as forneced3_5_2_, materiapri1_.nome as nome4_5_2_, materiapri1_.preco as preco5_5_2_, materiapri1_.unidade as unidade6_5_2_ from montagem_composition montagem0_ left outer join materia_prima materiapri1_ on montagem0_.materia_prima_id=materiapri1_.id where montagem0_.etapa_id=?
[2021-08-02 23:30:54] - Preparing collection initializer : [com.bluebudy.SCQ.domain.Etapa.montagem#14]
[2021-08-02 23:30:54] - On call to EntityIdentifierReaderImpl#resolve, EntityKey was already known; should only happen on root returns with an optional identifier specified
[2021-08-02 23:30:54] - On call to EntityIdentifierReaderImpl#resolve, EntityKey was already known; should only happen on root returns with an optional identifier specified
[2021-08-02 23:30:54] - 1 collections were found in result set for role: com.bluebudy.SCQ.domain.Etapa.montagem
[2021-08-02 23:30:54] - Collection fully initialized: [com.bluebudy.SCQ.domain.Etapa.montagem#14]
[2021-08-02 23:30:54] - 1 collections initialized for role: com.bluebudy.SCQ.domain.Etapa.montagem
[2021-08-02 23:30:54] - Done loading collection
[2021-08-02 23:30:54] - Loading collection: [com.bluebudy.SCQ.domain.Etapa.montagem#13]
[2021-08-02 23:30:54] - select montagem0_.etapa_id as etapa_id3_6_0_, montagem0_.id as id1_6_0_, montagem0_.id as id1_6_1_, montagem0_.etapa_id as etapa_id3_6_1_, montagem0_.materia_prima_id as materia_4_6_1_, montagem0_.quantidade as quantida2_6_1_, materiapri1_.id as id1_5_2_, materiapri1_.fator_titulometrico as fator_ti2_5_2_, materiapri1_.fornecedor as forneced3_5_2_, materiapri1_.nome as nome4_5_2_, materiapri1_.preco as preco5_5_2_, materiapri1_.unidade as unidade6_5_2_ from montagem_composition montagem0_ left outer join materia_prima materiapri1_ on montagem0_.materia_prima_id=materiapri1_.id where montagem0_.etapa_id=?
[2021-08-02 23:30:54] - Done entity load : com.bluebudy.SCQ.domain.Controle#33
[2021-08-02 23:30:54] - Processing attribute `nome` : value = Limpeza das Estufas
[2021-08-02 23:30:54] - Found row of collection: [com.bluebudy.SCQ.domain.Etapa.montagem#1]
[2021-08-02 23:30:54] - Attribute (`nome`)  - enhanced for lazy-loading? - false
[2021-08-02 23:30:54] - Processing attribute `processo` : value = 1
[2021-08-02 23:30:54] - Attribute (`processo`)  - enhanced for lazy-loading? - false
[2021-08-02 23:30:54] - Done materializing entity [com.bluebudy.SCQ.domain.TarefasDeManutencao#8]
[2021-08-02 23:30:54] - Resolving attributes for [com.bluebudy.SCQ.domain.TarefasDeManutencao#9]
[2021-08-02 23:30:54] - Processing attribute `codigoDoDocumento` : value = MIMP
[2021-08-02 23:30:54] - Attribute (`codigoDoDocumento`)  - enhanced for lazy-loading? - false
[2021-08-02 23:30:54] - Processing attribute `controle` : value = 34
[2021-08-02 23:30:54] - Attribute (`controle`)  - enhanced for lazy-loading? - false
[2021-08-02 23:30:54] - Resolving attributes for [com.bluebudy.SCQ.domain.Etapa#1]
[2021-08-02 23:30:54] - Processing attribute `montagem` : value = NOT NULL COLLECTION
[2021-08-02 23:30:54] - Attribute (`montagem`)  - enhanced for lazy-loading? - false
[2021-08-02 23:30:54] - Processing attribute `nome` : value = Desengraxante Super Químico
[2021-08-02 23:30:54] - Attribute (`nome`)  - enhanced for lazy-loading? - false
[2021-08-02 23:30:54] - Processing attribute `parametros` : value = NOT NULL COLLECTION
[2021-08-02 23:30:54] - Attribute (`parametros`)  - enhanced for lazy-loading? - false
[2021-08-02 23:30:54] - Processing attribute `posicao` : value = 15
[2021-08-02 23:30:54] - Attribute (`posicao`)  - enhanced for lazy-loading? - false
[2021-08-02 23:30:54] - Processing attribute `processo` : value = 1
[2021-08-02 23:30:54] - Attribute (`processo`)  - enhanced for lazy-loading? - false
[2021-08-02 23:30:54] - Processing attribute `trocas` : value = NOT NULL COLLECTION
[2021-08-02 23:30:54] - Attribute (`trocas`)  - enhanced for lazy-loading? - false
[2021-08-02 23:30:54] - Processing attribute `volume` : value = 2250.0
[2021-08-02 23:30:54] - Attribute (`volume`)  - enhanced for lazy-loading? - false
[2021-08-02 23:30:54] - Done materializing entity [com.bluebudy.SCQ.domain.Etapa#1]
[2021-08-02 23:30:54] - Resolving attributes for [com.bluebudy.SCQ.domain.MontagemComposition#1]
[2021-08-02 23:30:54] - Processing attribute `etapa` : value = 1
[2021-08-02 23:30:54] - Attribute (`etapa`)  - enhanced for lazy-loading? - false
[2021-08-02 23:30:54] - Processing attribute `materiaPrima` : value = 3
[2021-08-02 23:30:54] - Attribute (`materiaPrima`)  - enhanced for lazy-loading? - false
[2021-08-02 23:30:54] - Processing attribute `quantidade` : value = 120.0
[2021-08-02 23:30:54] - Attribute (`quantidade`)  - enhanced for lazy-loading? - false
[2021-08-02 23:30:54] - Done materializing entity [com.bluebudy.SCQ.domain.MontagemComposition#1]
[2021-08-02 23:30:54] - Resolving attributes for [com.bluebudy.SCQ.domain.MateriaPrima#3]
[2021-08-02 23:30:54] - Processing attribute `adicao` : value = NOT NULL COLLECTION
[2021-08-02 23:30:54] - Attribute (`adicao`)  - enhanced for lazy-loading? - false
[2021-08-02 23:30:54] - Processing attribute `fatorTitulometrico` : value = 0.59
[2021-08-02 23:30:54] - Attribute (`fatorTitulometrico`)  - enhanced for lazy-loading? - false
[2021-08-02 23:30:54] - Processing attribute `fornecedor` : value = Surtec
[2021-08-02 23:30:54] - Attribute (`fornecedor`)  - enhanced for lazy-loading? - false
[2021-08-02 23:30:54] - Processing attribute `nome` : value = Surtec 163
[2021-08-02 23:30:54] - Attribute (`nome`)  - enhanced for lazy-loading? - false
[2021-08-02 23:30:54] - Processing attribute `preco` : value = 21.39
[2021-08-02 23:30:54] - Attribute (`preco`)  - enhanced for lazy-loading? - false
[2021-08-02 23:30:54] - Processing attribute `unidade` : value = Kg
[2021-08-02 23:30:54] - Preparing collection initializer : [com.bluebudy.SCQ.domain.Etapa.montagem#13]
[2021-08-02 23:30:54] - Attribute (`unidade`)  - enhanced for lazy-loading? - false
[2021-08-02 23:30:54] - 1 collections were found in result set for role: com.bluebudy.SCQ.domain.Etapa.montagem
[2021-08-02 23:30:54] - Done materializing entity [com.bluebudy.SCQ.domain.MateriaPrima#3]
[2021-08-02 23:30:54] - Collection fully initialized: [com.bluebudy.SCQ.domain.Etapa.montagem#13]
[2021-08-02 23:30:54] - 1 collections initialized for role: com.bluebudy.SCQ.domain.Etapa.montagem
[2021-08-02 23:30:54] - Resolving attributes for [com.bluebudy.SCQ.domain.MontagemComposition#2]
[2021-08-02 23:30:54] - Processing attribute `etapa` : value = 1
[2021-08-02 23:30:54] - Attribute (`etapa`)  - enhanced for lazy-loading? - false
[2021-08-02 23:30:54] - Done loading collection
[2021-08-02 23:30:54] - Processing attribute `materiaPrima` : value = 4
[2021-08-02 23:30:54] - Attribute (`materiaPrima`)  - enhanced for lazy-loading? - false
[2021-08-02 23:30:54] - Loading collection: [com.bluebudy.SCQ.domain.Etapa.montagem#12]
[2021-08-02 23:30:54] - select montagem0_.etapa_id as etapa_id3_6_0_, montagem0_.id as id1_6_0_, montagem0_.id as id1_6_1_, montagem0_.etapa_id as etapa_id3_6_1_, montagem0_.materia_prima_id as materia_4_6_1_, montagem0_.quantidade as quantida2_6_1_, materiapri1_.id as id1_5_2_, materiapri1_.fator_titulometrico as fator_ti2_5_2_, materiapri1_.fornecedor as forneced3_5_2_, materiapri1_.nome as nome4_5_2_, materiapri1_.preco as preco5_5_2_, materiapri1_.unidade as unidade6_5_2_ from montagem_composition montagem0_ left outer join materia_prima materiapri1_ on montagem0_.materia_prima_id=materiapri1_.id where montagem0_.etapa_id=?
[2021-08-02 23:30:54] - Processing attribute `quantidade` : value = 26.0
[2021-08-02 23:30:54] - Attribute (`quantidade`)  - enhanced for lazy-loading? - false
[2021-08-02 23:30:54] - Done materializing entity [com.bluebudy.SCQ.domain.MontagemComposition#2]
[2021-08-02 23:30:54] - Resolving attributes for [com.bluebudy.SCQ.domain.MateriaPrima#4]
[2021-08-02 23:30:54] - Processing attribute `adicao` : value = NOT NULL COLLECTION
[2021-08-02 23:30:54] - Attribute (`adicao`)  - enhanced for lazy-loading? - false
[2021-08-02 23:30:54] - select controle0_.id as id1_3_0_, controle0_.data_planejada as data_pla2_3_0_, controle0_.data_realizada as data_rea3_3_0_, controle0_.notified as notified4_3_0_, controle0_.periodo as periodo5_3_0_ from controle controle0_ where controle0_.id=?
[2021-08-02 23:30:54] - Processing attribute `fatorTitulometrico` : value = 1.0
[2021-08-02 23:30:54] - Attribute (`fatorTitulometrico`)  - enhanced for lazy-loading? - false
[2021-08-02 23:30:54] - Processing attribute `fornecedor` : value = Surtec
[2021-08-02 23:30:54] - Attribute (`fornecedor`)  - enhanced for lazy-loading? - false
[2021-08-02 23:30:54] - Processing attribute `nome` : value = Surtec 089
[2021-08-02 23:30:54] - Attribute (`nome`)  - enhanced for lazy-loading? - false
[2021-08-02 23:30:54] - Processing attribute `preco` : value = 86.64
[2021-08-02 23:30:54] - Attribute (`preco`)  - enhanced for lazy-loading? - false
[2021-08-02 23:30:54] - Processing attribute `unidade` : value = Lts
[2021-08-02 23:30:54] - Attribute (`unidade`)  - enhanced for lazy-loading? - false
[2021-08-02 23:30:54] - Found row of collection: [com.bluebudy.SCQ.domain.Etapa.montagem#4]
[2021-08-02 23:30:54] - Resolving attributes for [com.bluebudy.SCQ.domain.Processo#2]
[2021-08-02 23:30:54] - Done materializing entity [com.bluebudy.SCQ.domain.MateriaPrima#4]
[2021-08-02 23:30:54] - Processing attribute `etapas` : value = NOT NULL COLLECTION
[2021-08-02 23:30:54] - Attribute (`etapas`)  - enhanced for lazy-loading? - false
[2021-08-02 23:30:54] - 1 collections were found in result set for role: com.bluebudy.SCQ.domain.Etapa.montagem
[2021-08-02 23:30:54] - Processing attribute `nome` : value = Cromo Duro
[2021-08-02 23:30:54] - Attribute (`nome`)  - enhanced for lazy-loading? - false
[2021-08-02 23:30:54] - Collection fully initialized: [com.bluebudy.SCQ.domain.Etapa.montagem#1]
[2021-08-02 23:30:54] - Processing attribute `tarefas` : value = NOT NULL COLLECTION
[2021-08-02 23:30:54] - 1 collections initialized for role: com.bluebudy.SCQ.domain.Etapa.montagem
[2021-08-02 23:30:54] - Attribute (`tarefas`)  - enhanced for lazy-loading? - false
[2021-08-02 23:30:54] - Done entity load : com.bluebudy.SCQ.domain.Etapa#1
[2021-08-02 23:30:54] - Processing attribute `formula` : value = (([V]*0.1131)+0.0308)*6
[2021-08-02 23:30:54] - Attribute (`formula`)  - enhanced for lazy-loading? - false
[2021-08-02 23:30:54] - Preparing collection initializer : [com.bluebudy.SCQ.domain.Etapa.montagem#12]
[2021-08-02 23:30:54] - Processing attribute `nome` : value = Concentracao
[2021-08-02 23:30:54] - Attribute (`nome`)  - enhanced for lazy-loading? - false
[2021-08-02 23:30:54] - On call to EntityIdentifierReaderImpl#resolve, EntityKey was already known; should only happen on root returns with an optional identifier specified
[2021-08-02 23:30:54] - 1 collections were found in result set for role: com.bluebudy.SCQ.domain.Etapa.montagem
[2021-08-02 23:30:54] - Collection fully initialized: [com.bluebudy.SCQ.domain.Etapa.montagem#12]
[2021-08-02 23:30:54] - Processing attribute `pMax` : value = 70.0
[2021-08-02 23:30:54] - 1 collections initialized for role: com.bluebudy.SCQ.domain.Etapa.montagem
[2021-08-02 23:30:54] - Attribute (`pMax`)  - enhanced for lazy-loading? - false
[2021-08-02 23:30:54] - On call to EntityIdentifierReaderImpl#resolve, EntityKey was already known; should only happen on root returns with an optional identifier specified
[2021-08-02 23:30:54] - Processing attribute `pMaxT` : value = 60.0
[2021-08-02 23:30:54] - Attribute (`pMaxT`)  - enhanced for lazy-loading? - false
[2021-08-02 23:30:54] - Found row of collection: [com.bluebudy.SCQ.domain.Etapa.montagem#4]
[2021-08-02 23:30:54] - Processing attribute `pMin` : value = 20.0
[2021-08-02 23:30:54] - Done materializing entity [com.bluebudy.SCQ.domain.Processo#2]
[2021-08-02 23:30:54] - Attribute (`pMin`)  - enhanced for lazy-loading? - false
[2021-08-02 23:30:54] - Done loading collection
[2021-08-02 23:30:54] - Processing attribute `pMinT` : value = 30.0
[2021-08-02 23:30:54] - Attribute (`pMinT`)  - enhanced for lazy-loading? - false
[2021-08-02 23:30:54] - Processing attribute `showChart` : value = false
[2021-08-02 23:30:54] - Loading collection: [com.bluebudy.SCQ.domain.Etapa.montagem#9]
[2021-08-02 23:30:54] - Attribute (`showChart`)  - enhanced for lazy-loading? - false
[2021-08-02 23:30:54] - select montagem0_.etapa_id as etapa_id3_6_0_, montagem0_.id as id1_6_0_, montagem0_.id as id1_6_1_, montagem0_.etapa_id as etapa_id3_6_1_, montagem0_.materia_prima_id as materia_4_6_1_, montagem0_.quantidade as quantida2_6_1_, materiapri1_.id as id1_5_2_, materiapri1_.fator_titulometrico as fator_ti2_5_2_, materiapri1_.fornecedor as forneced3_5_2_, materiapri1_.nome as nome4_5_2_, materiapri1_.preco as preco5_5_2_, materiapri1_.unidade as unidade6_5_2_ from montagem_composition montagem0_ left outer join materia_prima materiapri1_ on montagem0_.materia_prima_id=materiapri1_.id where montagem0_.etapa_id=?
[2021-08-02 23:30:54] - Processing attribute `unidade` : value = GramaPorLitro
[2021-08-02 23:30:54] - Attribute (`unidade`)  - enhanced for lazy-loading? - false
[2021-08-02 23:30:54] - On call to EntityIdentifierReaderImpl#resolve, EntityKey was already known; should only happen on root returns with an optional identifier specified
[2021-08-02 23:30:54] - Resolving attributes for [com.bluebudy.SCQ.domain.Controle#34]
[2021-08-02 23:30:54] - Processing attribute `dataPlanejada` : value = 2021-06-07 13:35:53.138
[2021-08-02 23:30:54] - Attribute (`dataPlanejada`)  - enhanced for lazy-loading? - false
[2021-08-02 23:30:54] - Done materializing entity [com.bluebudy.SCQ.domain.Parametro#2]
[2021-08-02 23:30:54] - Processing attribute `dataRealizada` : value = 2021-05-31 13:35:53.138
[2021-08-02 23:30:54] - Resolving attributes for [com.bluebudy.SCQ.domain.Parametro#3]
[2021-08-02 23:30:54] - Attribute (`dataRealizada`)  - enhanced for lazy-loading? - false
[2021-08-02 23:30:54] - Processing attribute `analises` : value = NOT NULL COLLECTION
[2021-08-02 23:30:54] - Processing attribute `notified` : value = true
[2021-08-02 23:30:54] - Attribute (`analises`)  - enhanced for lazy-loading? - false
[2021-08-02 23:30:54] - Attribute (`notified`)  - enhanced for lazy-loading? - false
[2021-08-02 23:30:54] - Processing attribute `controle` : value = 3
[2021-08-02 23:30:54] - Processing attribute `periodo` : value = 10080
[2021-08-02 23:30:54] - Attribute (`controle`)  - enhanced for lazy-loading? - false
[2021-08-02 23:30:54] - Attribute (`periodo`)  - enhanced for lazy-loading? - false
[2021-08-02 23:30:54] - Found row of collection: [com.bluebudy.SCQ.domain.Etapa.montagem#4]
[2021-08-02 23:30:54] - select controle0_.id as id1_3_0_, controle0_.data_planejada as data_pla2_3_0_, controle0_.data_realizada as data_rea3_3_0_, controle0_.notified as notified4_3_0_, controle0_.periodo as periodo5_3_0_ from controle controle0_ where controle0_.id=?
[2021-08-02 23:30:54] - Done materializing entity [com.bluebudy.SCQ.domain.Controle#34]
[2021-08-02 23:30:54] - Done entity load : com.bluebudy.SCQ.domain.Controle#34
[2021-08-02 23:30:54] - Processing attribute `nome` : value = Limpeza dos Paineis
[2021-08-02 23:30:54] - Attribute (`nome`)  - enhanced for lazy-loading? - false
[2021-08-02 23:30:54] - Processing attribute `processo` : value = 1
[2021-08-02 23:30:54] - Attribute (`processo`)  - enhanced for lazy-loading? - false
[2021-08-02 23:30:54] - Done materializing entity [com.bluebudy.SCQ.domain.TarefasDeManutencao#9]
[2021-08-02 23:30:54] - Done entity load : com.bluebudy.SCQ.domain.Processo#2
[2021-08-02 23:30:54] - Processing attribute `trocas` : value = NOT NULL COLLECTION
[2021-08-02 23:30:54] - Resolving attributes for [com.bluebudy.SCQ.domain.TarefasDeManutencao#10]
[2021-08-02 23:30:54] - Attribute (`trocas`)  - enhanced for lazy-loading? - false
[2021-08-02 23:30:54] - Processing attribute `volume` : value = 1800.0
[2021-08-02 23:30:54] - Attribute (`volume`)  - enhanced for lazy-loading? - false
[2021-08-02 23:30:54] - Processing attribute `codigoDoDocumento` : value = MIMP
[2021-08-02 23:30:54] - Attribute (`codigoDoDocumento`)  - enhanced for lazy-loading? - false
[2021-08-02 23:30:54] - Processing attribute `controle` : value = 35
[2021-08-02 23:30:54] - Attribute (`controle`)  - enhanced for lazy-loading? - false
[2021-08-02 23:30:54] - Done materializing entity [com.bluebudy.SCQ.domain.Etapa#17]
[2021-08-02 23:30:54] - Resolving attributes for [com.bluebudy.SCQ.domain.Etapa#18]
[2021-08-02 23:30:54] - select controle0_.id as id1_3_0_, controle0_.data_planejada as data_pla2_3_0_, controle0_.data_realizada as data_rea3_3_0_, controle0_.notified as notified4_3_0_, controle0_.periodo as periodo5_3_0_ from controle controle0_ where controle0_.id=?
[2021-08-02 23:30:54] - Processing attribute `montagem` : value = NOT NULL COLLECTION
[2021-08-02 23:30:54] - Attribute (`montagem`)  - enhanced for lazy-loading? - false
[2021-08-02 23:30:54] - Processing attribute `nome` : value = Decapante
[2021-08-02 23:30:54] - Attribute (`nome`)  - enhanced for lazy-loading? - false
[2021-08-02 23:30:54] - Processing attribute `parametros` : value = NOT NULL COLLECTION
[2021-08-02 23:30:54] - Attribute (`parametros`)  - enhanced for lazy-loading? - false
[2021-08-02 23:30:54] - Processing attribute `posicao` : value = 30
[2021-08-02 23:30:54] - Attribute (`posicao`)  - enhanced for lazy-loading? - false
[2021-08-02 23:30:54] - Processing attribute `processo` : value = 3
[2021-08-02 23:30:54] - Attribute (`processo`)  - enhanced for lazy-loading? - false
[2021-08-02 23:30:54] - select processo0_.id as id1_11_0_, processo0_.nome as nome2_11_0_ from processo processo0_ where processo0_.id=?
[2021-08-02 23:30:54] - On call to EntityIdentifierReaderImpl#resolve, EntityKey was already known; should only happen on root returns with an optional identifier specified
[2021-08-02 23:30:54] - Resolving attributes for [com.bluebudy.SCQ.domain.Etapa#4]
[2021-08-02 23:30:54] - Processing attribute `montagem` : value = NOT NULL COLLECTION
[2021-08-02 23:30:54] - Attribute (`montagem`)  - enhanced for lazy-loading? - false
[2021-08-02 23:30:54] - Processing attribute `nome` : value = Decapante
[2021-08-02 23:30:54] - Attribute (`nome`)  - enhanced for lazy-loading? - false
[2021-08-02 23:30:54] - Processing attribute `parametros` : value = NOT NULL COLLECTION
[2021-08-02 23:30:54] - Preparing collection initializer : [com.bluebudy.SCQ.domain.Etapa.montagem#9]
[2021-08-02 23:30:54] - Attribute (`parametros`)  - enhanced for lazy-loading? - false
[2021-08-02 23:30:54] - Processing attribute `posicao` : value = 18
[2021-08-02 23:30:54] - Attribute (`posicao`)  - enhanced for lazy-loading? - false
[2021-08-02 23:30:54] - Processing attribute `processo` : value = 1
[2021-08-02 23:30:54] - Attribute (`processo`)  - enhanced for lazy-loading? - false
[2021-08-02 23:30:54] - On call to EntityIdentifierReaderImpl#resolve, EntityKey was already known; should only happen on root returns with an optional identifier specified
[2021-08-02 23:30:54] - Processing attribute `trocas` : value = NOT NULL COLLECTION
[2021-08-02 23:30:54] - Attribute (`trocas`)  - enhanced for lazy-loading? - false
[2021-08-02 23:30:54] - Processing attribute `volume` : value = 2570.0
[2021-08-02 23:30:54] - Resolving attributes for [com.bluebudy.SCQ.domain.Processo#3]
[2021-08-02 23:30:54] - Attribute (`volume`)  - enhanced for lazy-loading? - false
[2021-08-02 23:30:54] - Processing attribute `etapas` : value = NOT NULL COLLECTION
[2021-08-02 23:30:54] - Attribute (`etapas`)  - enhanced for lazy-loading? - false
[2021-08-02 23:30:54] - Done materializing entity [com.bluebudy.SCQ.domain.Etapa#4]
[2021-08-02 23:30:54] - Processing attribute `nome` : value = Cromo Duro III
[2021-08-02 23:30:54] - Resolving attributes for [com.bluebudy.SCQ.domain.MontagemComposition#6]
[2021-08-02 23:30:54] - Attribute (`nome`)  - enhanced for lazy-loading? - false
[2021-08-02 23:30:54] - Processing attribute `etapa` : value = 4
[2021-08-02 23:30:54] - Processing attribute `tarefas` : value = NOT NULL COLLECTION
[2021-08-02 23:30:54] - Attribute (`etapa`)  - enhanced for lazy-loading? - false
[2021-08-02 23:30:54] - Attribute (`tarefas`)  - enhanced for lazy-loading? - false
[2021-08-02 23:30:54] - Processing attribute `materiaPrima` : value = 6
[2021-08-02 23:30:54] - Attribute (`materiaPrima`)  - enhanced for lazy-loading? - false
[2021-08-02 23:30:54] - Done materializing entity [com.bluebudy.SCQ.domain.Processo#3]
[2021-08-02 23:30:54] - Processing attribute `quantidade` : value = 1000.0
[2021-08-02 23:30:54] - Attribute (`quantidade`)  - enhanced for lazy-loading? - false
[2021-08-02 23:30:54] - Done materializing entity [com.bluebudy.SCQ.domain.MontagemComposition#6]
[2021-08-02 23:30:54] - Resolving attributes for [com.bluebudy.SCQ.domain.MateriaPrima#6]
[2021-08-02 23:30:54] - Processing attribute `adicao` : value = NOT NULL COLLECTION
[2021-08-02 23:30:54] - Attribute (`adicao`)  - enhanced for lazy-loading? - false
[2021-08-02 23:30:54] - Processing attribute `fatorTitulometrico` : value = 0.833
[2021-08-02 23:30:54] - Attribute (`fatorTitulometrico`)  - enhanced for lazy-loading? - false
[2021-08-02 23:30:54] - Processing attribute `fornecedor` : value = Cloromatic
[2021-08-02 23:30:54] - Attribute (`fornecedor`)  - enhanced for lazy-loading? - false
[2021-08-02 23:30:54] - Processing attribute `nome` : value = Ácido Clorídrico
[2021-08-02 23:30:54] - Attribute (`nome`)  - enhanced for lazy-loading? - false
[2021-08-02 23:30:54] - Processing attribute `preco` : value = 1.15
[2021-08-02 23:30:54] - Attribute (`preco`)  - enhanced for lazy-loading? - false
[2021-08-02 23:30:54] - Processing attribute `unidade` : value = Lts
[2021-08-02 23:30:54] - Attribute (`unidade`)  - enhanced for lazy-loading? - false
[2021-08-02 23:30:54] - Done materializing entity [com.bluebudy.SCQ.domain.MateriaPrima#6]
[2021-08-02 23:30:54] - Resolving attributes for [com.bluebudy.SCQ.domain.MontagemComposition#7]
[2021-08-02 23:30:54] - Processing attribute `etapa` : value = 4
[2021-08-02 23:30:54] - Attribute (`etapa`)  - enhanced for lazy-loading? - false
[2021-08-02 23:30:54] - Processing attribute `materiaPrima` : value = 8
[2021-08-02 23:30:54] - Attribute (`materiaPrima`)  - enhanced for lazy-loading? - false
[2021-08-02 23:30:54] - Processing attribute `quantidade` : value = 25.0
[2021-08-02 23:30:54] - Attribute (`quantidade`)  - enhanced for lazy-loading? - false
[2021-08-02 23:30:54] - Done materializing entity [com.bluebudy.SCQ.domain.MontagemComposition#7]
[2021-08-02 23:30:54] - Resolving attributes for [com.bluebudy.SCQ.domain.MateriaPrima#8]
[2021-08-02 23:30:54] - Processing attribute `adicao` : value = NOT NULL COLLECTION
[2021-08-02 23:30:54] - Attribute (`adicao`)  - enhanced for lazy-loading? - false
[2021-08-02 23:30:54] - Processing attribute `fatorTitulometrico` : value = 1.0
[2021-08-02 23:30:54] - Attribute (`fatorTitulometrico`)  - enhanced for lazy-loading? - false
[2021-08-02 23:30:54] - Processing attribute `fornecedor` : value = Macdermid
[2021-08-02 23:30:54] - Attribute (`fornecedor`)  - enhanced for lazy-loading? - false
[2021-08-02 23:30:54] - Processing attribute `nome` : value = Alumon AC-70
[2021-08-02 23:30:54] - Attribute (`nome`)  - enhanced for lazy-loading? - false
[2021-08-02 23:30:54] - Processing attribute `preco` : value = 25.51
[2021-08-02 23:30:54] - Attribute (`preco`)  - enhanced for lazy-loading? - false
[2021-08-02 23:30:54] - Processing attribute `unidade` : value = Kg
[2021-08-02 23:30:54] - Attribute (`unidade`)  - enhanced for lazy-loading? - false
[2021-08-02 23:30:54] - Done materializing entity [com.bluebudy.SCQ.domain.MateriaPrima#8]
[2021-08-02 23:30:54] - Resolving attributes for [com.bluebudy.SCQ.domain.MontagemComposition#8]
[2021-08-02 23:30:54] - Processing attribute `etapa` : value = 4
[2021-08-02 23:30:54] - Attribute (`etapa`)  - enhanced for lazy-loading? - false
[2021-08-02 23:30:54] - Processing attribute `materiaPrima` : value = 7
[2021-08-02 23:30:54] - Attribute (`materiaPrima`)  - enhanced for lazy-loading? - false
[2021-08-02 23:30:54] - Processing attribute `quantidade` : value = 25.0
[2021-08-02 23:30:54] - Attribute (`quantidade`)  - enhanced for lazy-loading? - false
[2021-08-02 23:30:54] - Done materializing entity [com.bluebudy.SCQ.domain.MontagemComposition#8]
[2021-08-02 23:30:54] - Resolving attributes for [com.bluebudy.SCQ.domain.MateriaPrima#7]
[2021-08-02 23:30:54] - Processing attribute `adicao` : value = NOT NULL COLLECTION
[2021-08-02 23:30:54] - Attribute (`adicao`)  - enhanced for lazy-loading? - false
[2021-08-02 23:30:54] - Processing attribute `fatorTitulometrico` : value = 1.0
[2021-08-02 23:30:54] - Attribute (`fatorTitulometrico`)  - enhanced for lazy-loading? - false
[2021-08-02 23:30:54] - Processing attribute `fornecedor` : value = Macdermid
[2021-08-02 23:30:54] - Attribute (`fornecedor`)  - enhanced for lazy-loading? - false
[2021-08-02 23:30:54] - Processing attribute `nome` : value = Aditivo 7030
[2021-08-02 23:30:54] - Attribute (`nome`)  - enhanced for lazy-loading? - false
[2021-08-02 23:30:54] - Processing attribute `preco` : value = 16.86
[2021-08-02 23:30:54] - Attribute (`preco`)  - enhanced for lazy-loading? - false
[2021-08-02 23:30:54] - Processing attribute `unidade` : value = Lts
[2021-08-02 23:30:54] - Attribute (`unidade`)  - enhanced for lazy-loading? - false
[2021-08-02 23:30:54] - Done materializing entity [com.bluebudy.SCQ.domain.MateriaPrima#7]
[2021-08-02 23:30:54] - On call to EntityIdentifierReaderImpl#resolve, EntityKey was already known; should only happen on root returns with an optional identifier specified
[2021-08-02 23:30:54] - 1 collections were found in result set for role: com.bluebudy.SCQ.domain.Etapa.montagem
[2021-08-02 23:30:54] - Done entity load : com.bluebudy.SCQ.domain.Processo#3
[2021-08-02 23:30:54] - Processing attribute `trocas` : value = NOT NULL COLLECTION
[2021-08-02 23:30:54] - Attribute (`trocas`)  - enhanced for lazy-loading? - false
[2021-08-02 23:30:54] - Processing attribute `volume` : value = 3000.0
[2021-08-02 23:30:54] - Attribute (`volume`)  - enhanced for lazy-loading? - false
[2021-08-02 23:30:54] - Done materializing entity [com.bluebudy.SCQ.domain.Etapa#18]
[2021-08-02 23:30:54] - Loading collection: [com.bluebudy.SCQ.domain.Etapa.montagem#18]
[2021-08-02 23:30:54] - select montagem0_.etapa_id as etapa_id3_6_0_, montagem0_.id as id1_6_0_, montagem0_.id as id1_6_1_, montagem0_.etapa_id as etapa_id3_6_1_, montagem0_.materia_prima_id as materia_4_6_1_, montagem0_.quantidade as quantida2_6_1_, materiapri1_.id as id1_5_2_, materiapri1_.fator_titulometrico as fator_ti2_5_2_, materiapri1_.fornecedor as forneced3_5_2_, materiapri1_.nome as nome4_5_2_, materiapri1_.preco as preco5_5_2_, materiapri1_.unidade as unidade6_5_2_ from montagem_composition montagem0_ left outer join materia_prima materiapri1_ on montagem0_.materia_prima_id=materiapri1_.id where montagem0_.etapa_id=?
[2021-08-02 23:30:54] - Collection fully initialized: [com.bluebudy.SCQ.domain.Etapa.montagem#4]
[2021-08-02 23:30:54] - 1 collections initialized for role: com.bluebudy.SCQ.domain.Etapa.montagem
[2021-08-02 23:30:54] - Done entity load : com.bluebudy.SCQ.domain.Etapa#4
[2021-08-02 23:30:54] - Done materializing entity [com.bluebudy.SCQ.domain.Troca#5]
[2021-08-02 23:30:54] - Resolving attributes for [com.bluebudy.SCQ.domain.Troca#6]
[2021-08-02 23:30:54] - Processing attribute `controle` : value = 21
[2021-08-02 23:30:54] - Attribute (`controle`)  - enhanced for lazy-loading? - false
[2021-08-02 23:30:54] - select controle0_.id as id1_3_0_, controle0_.data_planejada as data_pla2_3_0_, controle0_.data_realizada as data_rea3_3_0_, controle0_.notified as notified4_3_0_, controle0_.periodo as periodo5_3_0_ from controle controle0_ where controle0_.id=?
[2021-08-02 23:30:54] - Resolving attributes for [com.bluebudy.SCQ.domain.Controle#35]
[2021-08-02 23:30:54] - Processing attribute `dataPlanejada` : value = 2021-06-07 13:35:53.158
[2021-08-02 23:30:54] - Attribute (`dataPlanejada`)  - enhanced for lazy-loading? - false
[2021-08-02 23:30:54] - Processing attribute `dataRealizada` : value = 2021-05-31 13:35:53.158
[2021-08-02 23:30:54] - Attribute (`dataRealizada`)  - enhanced for lazy-loading? - false
[2021-08-02 23:30:54] - Resolving attributes for [com.bluebudy.SCQ.domain.Controle#3]
[2021-08-02 23:30:54] - Processing attribute `notified` : value = true
[2021-08-02 23:30:54] - Attribute (`notified`)  - enhanced for lazy-loading? - false
[2021-08-02 23:30:54] - Processing attribute `dataPlanejada` : value = 2021-07-08 21:48:56.346
[2021-08-02 23:30:54] - Processing attribute `periodo` : value = 10080
[2021-08-02 23:30:54] - Attribute (`periodo`)  - enhanced for lazy-loading? - false
[2021-08-02 23:30:54] - Attribute (`dataPlanejada`)  - enhanced for lazy-loading? - false
[2021-08-02 23:30:54] - Processing attribute `dataRealizada` : value = 2021-07-07 21:48:56.346
[2021-08-02 23:30:54] - Done materializing entity [com.bluebudy.SCQ.domain.Controle#35]
[2021-08-02 23:30:54] - Attribute (`dataRealizada`)  - enhanced for lazy-loading? - false
[2021-08-02 23:30:54] - Done entity load : com.bluebudy.SCQ.domain.Controle#35
[2021-08-02 23:30:54] - Processing attribute `nome` : value = Limpeza das Canaletas
[2021-08-02 23:30:54] - Attribute (`nome`)  - enhanced for lazy-loading? - false
[2021-08-02 23:30:54] - Processing attribute `processo` : value = 1
[2021-08-02 23:30:54] - Attribute (`processo`)  - enhanced for lazy-loading? - false
[2021-08-02 23:30:54] - Found row of collection: [com.bluebudy.SCQ.domain.Etapa.montagem#9]
[2021-08-02 23:30:54] - Processing attribute `notified` : value = true
[2021-08-02 23:30:54] - Attribute (`notified`)  - enhanced for lazy-loading? - false
[2021-08-02 23:30:54] - Processing attribute `periodo` : value = 1440
[2021-08-02 23:30:54] - Attribute (`periodo`)  - enhanced for lazy-loading? - false
[2021-08-02 23:30:54] - Resolving attributes for [com.bluebudy.SCQ.domain.MontagemComposition#16]
[2021-08-02 23:30:54] - Done materializing entity [com.bluebudy.SCQ.domain.Controle#3]
[2021-08-02 23:30:54] - Processing attribute `etapa` : value = 9
[2021-08-02 23:30:54] - Attribute (`etapa`)  - enhanced for lazy-loading? - false
[2021-08-02 23:30:54] - Preparing collection initializer : [com.bluebudy.SCQ.domain.Etapa.montagem#18]
[2021-08-02 23:30:54] - Done materializing entity [com.bluebudy.SCQ.domain.TarefasDeManutencao#10]
[2021-08-02 23:30:54] - Resolving attributes for [com.bluebudy.SCQ.domain.TarefasDeManutencao#11]
[2021-08-02 23:30:54] - Processing attribute `codigoDoDocumento` : value = MIMP
[2021-08-02 23:30:54] - Attribute (`codigoDoDocumento`)  - enhanced for lazy-loading? - false
[2021-08-02 23:30:54] - Processing attribute `controle` : value = 36
[2021-08-02 23:30:54] - Attribute (`controle`)  - enhanced for lazy-loading? - false
[2021-08-02 23:30:54] - select controle0_.id as id1_3_0_, controle0_.data_planejada as data_pla2_3_0_, controle0_.data_realizada as data_rea3_3_0_, controle0_.notified as notified4_3_0_, controle0_.periodo as periodo5_3_0_ from controle controle0_ where controle0_.id=?
[2021-08-02 23:30:54] - On call to EntityIdentifierReaderImpl#resolve, EntityKey was already known; should only happen on root returns with an optional identifier specified
[2021-08-02 23:30:54] - Processing attribute `materiaPrima` : value = 2
[2021-08-02 23:30:54] - Done entity load : com.bluebudy.SCQ.domain.Controle#3
[2021-08-02 23:30:54] - Attribute (`materiaPrima`)  - enhanced for lazy-loading? - false
[2021-08-02 23:30:54] - Processing attribute `etapa` : value = 1
[2021-08-02 23:30:54] - Attribute (`etapa`)  - enhanced for lazy-loading? - false
[2021-08-02 23:30:54] - Processing attribute `formula` : value = [V]
[2021-08-02 23:30:54] - Attribute (`formula`)  - enhanced for lazy-loading? - false
[2021-08-02 23:30:54] - Processing attribute `quantidade` : value = 150.0
[2021-08-02 23:30:54] - Attribute (`quantidade`)  - enhanced for lazy-loading? - false
[2021-08-02 23:30:54] - Done materializing entity [com.bluebudy.SCQ.domain.MontagemComposition#16]
[2021-08-02 23:30:54] - Processing attribute `nome` : value = Temperatura
[2021-08-02 23:30:54] - Attribute (`nome`)  - enhanced for lazy-loading? - false
[2021-08-02 23:30:54] - Processing attribute `pMax` : value = 90.0
[2021-08-02 23:30:54] - Attribute (`pMax`)  - enhanced for lazy-loading? - false
[2021-08-02 23:30:54] - Processing attribute `pMaxT` : value = 80.0
