[2021-08-02 23:31:59] - /analise at position 1 of 12 in additional filter chain; firing Filter: 'WebAsyncManagerIntegrationFilter'
[2021-08-02 23:31:59] - /analise at position 2 of 12 in additional filter chain; firing Filter: 'SecurityContextPersistenceFilter'
[2021-08-02 23:31:59] - /analise at position 3 of 12 in additional filter chain; firing Filter: 'HeaderWriterFilter'
[2021-08-02 23:31:59] - /analise at position 4 of 12 in additional filter chain; firing Filter: 'CorsFilter'
[2021-08-02 23:31:59] - Not injecting HSTS header since it did not match the requestMatcher org.springframework.security.web.header.writers.HstsHeaderWriter$SecureRequestMatcher@772ee90d
[2021-08-02 23:31:59] - SecurityContextHolder now cleared, as request processing completed
[2021-08-02 23:31:59] - /analise at position 1 of 12 in additional filter chain; firing Filter: 'WebAsyncManagerIntegrationFilter'
[2021-08-02 23:31:59] - /analise at position 2 of 12 in additional filter chain; firing Filter: 'SecurityContextPersistenceFilter'
[2021-08-02 23:31:59] - /analise at position 3 of 12 in additional filter chain; firing Filter: 'HeaderWriterFilter'
[2021-08-02 23:31:59] - /analise at position 4 of 12 in additional filter chain; firing Filter: 'CorsFilter'
[2021-08-02 23:31:59] - /analise at position 5 of 12 in additional filter chain; firing Filter: 'LogoutFilter'
[2021-08-02 23:31:59] - Trying to match using Ant [pattern='/logout', GET]
[2021-08-02 23:31:59] - Request 'POST /analise' doesn't match 'GET /logout'
[2021-08-02 23:31:59] - Trying to match using Ant [pattern='/logout', POST]
[2021-08-02 23:31:59] - Checking match of request : '/analise'; against '/logout'
[2021-08-02 23:31:59] - Trying to match using Ant [pattern='/logout', PUT]
[2021-08-02 23:31:59] - Request 'POST /analise' doesn't match 'PUT /logout'
[2021-08-02 23:31:59] - Trying to match using Ant [pattern='/logout', DELETE]
[2021-08-02 23:31:59] - Request 'POST /analise' doesn't match 'DELETE /logout'
[2021-08-02 23:31:59] - No matches found
[2021-08-02 23:31:59] - /analise at position 6 of 12 in additional filter chain; firing Filter: 'AutenticacaoTokenFilter'
[2021-08-02 23:31:59] - Creating new EntityManager for shared EntityManager invocation
[2021-08-02 23:31:59] - Rendered criteria query -> select generatedAlias0 from User as generatedAlias0 where generatedAlias0.mail=:param0
[2021-08-02 23:31:59] - select user0_.id as id1_14_, user0_.admin as admin2_14_, user0_.enabled as enabled3_14_, user0_.mail as mail4_14_, user0_.name as name5_14_, user0_.password as password6_14_ from user user0_ where user0_.mail=?
[2021-08-02 23:31:59] - Result set row: 0
[2021-08-02 23:31:59] - Result row: EntityKey[com.bluebudy.SCQ.domain.User#1]
[2021-08-02 23:31:59] - Resolving attributes for [com.bluebudy.SCQ.domain.User#1]
[2021-08-02 23:31:59] - Processing attribute `admin` : value = true
[2021-08-02 23:31:59] - Attribute (`admin`)  - enhanced for lazy-loading? - false
[2021-08-02 23:31:59] - Processing attribute `enabled` : value = true
[2021-08-02 23:31:59] - Attribute (`enabled`)  - enhanced for lazy-loading? - false
[2021-08-02 23:31:59] - Processing attribute `mail` : value = Alexandre@cationbrasil.com.br
[2021-08-02 23:31:59] - Attribute (`mail`)  - enhanced for lazy-loading? - false
[2021-08-02 23:31:59] - Processing attribute `name` : value = Alexandre
[2021-08-02 23:31:59] - Attribute (`name`)  - enhanced for lazy-loading? - false
[2021-08-02 23:31:59] - Processing attribute `password` : value = $2a$10$jkkH12mWrSy9ijRj7Xg2XeRpZ2swGujWHa4f8PwXEYGen.K0dMaRO
[2021-08-02 23:31:59] - Attribute (`password`)  - enhanced for lazy-loading? - false
[2021-08-02 23:31:59] - Done materializing entity [com.bluebudy.SCQ.domain.User#1]
[2021-08-02 23:31:59] - /analise at position 7 of 12 in additional filter chain; firing Filter: 'RequestCacheAwareFilter'
[2021-08-02 23:31:59] - /analise at position 8 of 12 in additional filter chain; firing Filter: 'SecurityContextHolderAwareRequestFilter'
[2021-08-02 23:31:59] - /analise at position 9 of 12 in additional filter chain; firing Filter: 'AnonymousAuthenticationFilter'
[2021-08-02 23:31:59] - SecurityContextHolder not populated with anonymous token, as it already contained: 'org.springframework.security.authentication.UsernamePasswordAuthenticationToken@fcc14a70: Principal: com.bluebudy.SCQ.domain.User@7807e66; Credentials: [PROTECTED]; Authenticated: true; Details: null; Granted Authorities: ROLE_USER, ROLE_ADMIN'
[2021-08-02 23:31:59] - /analise at position 10 of 12 in additional filter chain; firing Filter: 'SessionManagementFilter'
[2021-08-02 23:31:59] - Delegating to org.springframework.security.web.authentication.session.ChangeSessionIdAuthenticationStrategy@205eabac
[2021-08-02 23:31:59] - /analise at position 11 of 12 in additional filter chain; firing Filter: 'ExceptionTranslationFilter'
[2021-08-02 23:31:59] - /analise at position 12 of 12 in additional filter chain; firing Filter: 'FilterSecurityInterceptor'
[2021-08-02 23:31:59] - Checking match of request : '/analise'; against '/auth'
[2021-08-02 23:31:59] - Checking match of request : '/analise'; against '/user/registration'
[2021-08-02 23:31:59] - Request 'POST /analise' doesn't match 'GET /regitrationConfirm/*'
[2021-08-02 23:31:59] - Request 'POST /analise' doesn't match 'GET /user/adminRoleGrant/*'
[2021-08-02 23:31:59] - Checking match of request : '/analise'; against '/gs-guide-websocket/**'
[2021-08-02 23:31:59] - Request 'POST /analise' doesn't match 'GET /gs-guide-websocket/**'
[2021-08-02 23:31:59] - Request 'POST /analise' doesn't match 'GET /hCheck'
[2021-08-02 23:31:59] - Secure object: FilterInvocation: URL: /analise; Attributes: [authenticated]
[2021-08-02 23:31:59] - Previously Authenticated: org.springframework.security.authentication.UsernamePasswordAuthenticationToken@fcc14a70: Principal: com.bluebudy.SCQ.domain.User@7807e66; Credentials: [PROTECTED]; Authenticated: true; Details: null; Granted Authorities: ROLE_USER, ROLE_ADMIN
[2021-08-02 23:31:59] - Voter: org.springframework.security.web.access.expression.WebExpressionVoter@57d27bce, returned: 1
[2021-08-02 23:31:59] - Authorization successful
[2021-08-02 23:31:59] - RunAsManager did not change Authentication object
[2021-08-02 23:31:59] - /analise reached end of additional filter chain; proceeding with original chain
[2021-08-02 23:31:59] - POST "/analise", parameters={}
[2021-08-02 23:31:59] - Mapped to com.bluebudy.SCQ.controllers.AnaliseController#newAnalise(AnaliseForm, UriComponentsBuilder)
[2021-08-02 23:31:59] - Opening JPA EntityManager in OpenEntityManagerInViewInterceptor
[2021-08-02 23:31:59] - Read "application/json;charset=UTF-8" to [com.bluebudy.SCQ.forms.AnaliseForm@40bc050c]
[2021-08-02 23:31:59] - Found thread-bound EntityManager [SessionImpl(1483374922<open>)] for JPA transaction
[2021-08-02 23:31:59] - Creating new transaction with name [org.springframework.data.jpa.repository.support.SimpleJpaRepository.saveAndFlush]: PROPAGATION_REQUIRED,ISOLATION_DEFAULT
[2021-08-02 23:31:59] - On TransactionImpl creation, JpaCompliance#isJpaTransactionComplianceEnabled == false
[2021-08-02 23:31:59] - begin
[2021-08-02 23:31:59] - Exposing JPA transaction as JDBC [org.springframework.orm.jpa.vendor.HibernateJpaDialect$HibernateConnectionHandle@170f3644]
[2021-08-02 23:31:59] - Generated identifier: 2009, using strategy: org.hibernate.id.IncrementGenerator
[2021-08-02 23:31:59] - Processing flush-time cascades
[2021-08-02 23:31:59] - Dirty checking collections
[2021-08-02 23:31:59] - Flushed: 1 insertions, 0 updates, 0 deletions to 1 objects
[2021-08-02 23:31:59] - Flushed: 0 (re)creations, 0 updates, 0 removals to 0 collections
[2021-08-02 23:31:59] - Listing entities:
[2021-08-02 23:31:59] - com.bluebudy.SCQ.domain.Analise{data=Mon Aug 02 23:31:59 BRT 2021, resultado=45.766, analista=Alexandre, parametro=com.bluebudy.SCQ.domain.Parametro#7, id=2009, needCorrecao=true, ordemDeCorrecao=null}
[2021-08-02 23:31:59] - insert into analise (analista, data, need_correcao, parametro_id, resultado, id) values (?, ?, ?, ?, ?, ?)
[2021-08-02 23:31:59] - Initiating transaction commit
[2021-08-02 23:31:59] - Committing JPA transaction on EntityManager [SessionImpl(1483374922<open>)]
[2021-08-02 23:31:59] - committing
[2021-08-02 23:31:59] - Processing flush-time cascades
[2021-08-02 23:31:59] - Dirty checking collections
[2021-08-02 23:31:59] - Flushed: 0 insertions, 0 updates, 0 deletions to 1 objects
[2021-08-02 23:31:59] - Flushed: 0 (re)creations, 0 updates, 0 removals to 0 collections
[2021-08-02 23:31:59] - Listing entities:
[2021-08-02 23:31:59] - com.bluebudy.SCQ.domain.Analise{data=Mon Aug 02 23:31:59 BRT 2021, resultado=45.766, analista=Alexandre, parametro=com.bluebudy.SCQ.domain.Parametro#7, id=2009, needCorrecao=true, ordemDeCorrecao=null}
[2021-08-02 23:31:59] - Not closing pre-bound JPA EntityManager after transaction
[2021-08-02 23:31:59] - Rendered criteria query -> select generatedAlias0 from Etapa as generatedAlias0 left join generatedAlias0.parametros as generatedAlias1 where generatedAlias1.id=:param0
[2021-08-02 23:31:59] - select etapa0_.id as id1_4_, etapa0_.nome as nome2_4_, etapa0_.posicao as posicao3_4_, etapa0_.processo_id as processo5_4_, etapa0_.volume as volume4_4_ from etapa etapa0_ left outer join parametro parametros1_ on etapa0_.id=parametros1_.etapa_id where parametros1_.id=?
[2021-08-02 23:31:59] - Result set row: 0
[2021-08-02 23:31:59] - Result row: EntityKey[com.bluebudy.SCQ.domain.Etapa#8]
[2021-08-02 23:31:59] - Resolving attributes for [com.bluebudy.SCQ.domain.Etapa#8]
[2021-08-02 23:31:59] - Processing attribute `montagem` : value = NOT NULL COLLECTION
[2021-08-02 23:31:59] - Attribute (`montagem`)  - enhanced for lazy-loading? - false
[2021-08-02 23:31:59] - Processing attribute `nome` : value = Zinco Ácido
[2021-08-02 23:31:59] - Attribute (`nome`)  - enhanced for lazy-loading? - false
[2021-08-02 23:31:59] - Processing attribute `parametros` : value = NOT NULL COLLECTION
[2021-08-02 23:31:59] - Attribute (`parametros`)  - enhanced for lazy-loading? - false
[2021-08-02 23:31:59] - Processing attribute `posicao` : value = 27
[2021-08-02 23:31:59] - Attribute (`posicao`)  - enhanced for lazy-loading? - false
[2021-08-02 23:31:59] - Processing attribute `processo` : value = 1
[2021-08-02 23:31:59] - Attribute (`processo`)  - enhanced for lazy-loading? - false
[2021-08-02 23:31:59] - select processo0_.id as id1_11_0_, processo0_.nome as nome2_11_0_ from processo processo0_ where processo0_.id=?
[2021-08-02 23:31:59] - On call to EntityIdentifierReaderImpl#resolve, EntityKey was already known; should only happen on root returns with an optional identifier specified
[2021-08-02 23:31:59] - Resolving attributes for [com.bluebudy.SCQ.domain.Processo#1]
[2021-08-02 23:31:59] - Processing attribute `etapas` : value = NOT NULL COLLECTION
[2021-08-02 23:31:59] - Attribute (`etapas`)  - enhanced for lazy-loading? - false
[2021-08-02 23:31:59] - Processing attribute `nome` : value = L3 - Zinco Ácido
[2021-08-02 23:31:59] - Attribute (`nome`)  - enhanced for lazy-loading? - false
[2021-08-02 23:31:59] - Processing attribute `tarefas` : value = NOT NULL COLLECTION
[2021-08-02 23:31:59] - Attribute (`tarefas`)  - enhanced for lazy-loading? - false
[2021-08-02 23:31:59] - Done materializing entity [com.bluebudy.SCQ.domain.Processo#1]
[2021-08-02 23:31:59] - Done entity load : com.bluebudy.SCQ.domain.Processo#1
[2021-08-02 23:31:59] - Processing attribute `trocas` : value = NOT NULL COLLECTION
[2021-08-02 23:31:59] - Attribute (`trocas`)  - enhanced for lazy-loading? - false
[2021-08-02 23:31:59] - Processing attribute `volume` : value = 23150.0
[2021-08-02 23:31:59] - Attribute (`volume`)  - enhanced for lazy-loading? - false
[2021-08-02 23:31:59] - Done materializing entity [com.bluebudy.SCQ.domain.Etapa#8]
[2021-08-02 23:31:59] - Loading collection: [com.bluebudy.SCQ.domain.Etapa.montagem#8]
[2021-08-02 23:31:59] - select montagem0_.etapa_id as etapa_id3_6_0_, montagem0_.id as id1_6_0_, montagem0_.id as id1_6_1_, montagem0_.etapa_id as etapa_id3_6_1_, montagem0_.materia_prima_id as materia_4_6_1_, montagem0_.quantidade as quantida2_6_1_, materiapri1_.id as id1_5_2_, materiapri1_.fator_titulometrico as fator_ti2_5_2_, materiapri1_.fornecedor as forneced3_5_2_, materiapri1_.nome as nome4_5_2_, materiapri1_.preco as preco5_5_2_, materiapri1_.unidade as unidade6_5_2_ from montagem_composition montagem0_ left outer join materia_prima materiapri1_ on montagem0_.materia_prima_id=materiapri1_.id where montagem0_.etapa_id=?
[2021-08-02 23:31:59] - Preparing collection initializer : [com.bluebudy.SCQ.domain.Etapa.montagem#8]
[2021-08-02 23:31:59] - Found row of collection: [com.bluebudy.SCQ.domain.Etapa.montagem#8]
[2021-08-02 23:31:59] - Found row of collection: [com.bluebudy.SCQ.domain.Etapa.montagem#8]
[2021-08-02 23:31:59] - Resolving attributes for [com.bluebudy.SCQ.domain.MontagemComposition#13]
[2021-08-02 23:31:59] - Processing attribute `etapa` : value = 8
[2021-08-02 23:31:59] - Attribute (`etapa`)  - enhanced for lazy-loading? - false
[2021-08-02 23:31:59] - Processing attribute `materiaPrima` : value = 11
[2021-08-02 23:31:59] - Attribute (`materiaPrima`)  - enhanced for lazy-loading? - false
[2021-08-02 23:31:59] - Processing attribute `quantidade` : value = 6500.0
[2021-08-02 23:31:59] - Attribute (`quantidade`)  - enhanced for lazy-loading? - false
[2021-08-02 23:31:59] - Done materializing entity [com.bluebudy.SCQ.domain.MontagemComposition#13]
[2021-08-02 23:31:59] - Resolving attributes for [com.bluebudy.SCQ.domain.MateriaPrima#11]
[2021-08-02 23:31:59] - Processing attribute `adicao` : value = NOT NULL COLLECTION
[2021-08-02 23:31:59] - Attribute (`adicao`)  - enhanced for lazy-loading? - false
[2021-08-02 23:31:59] - Processing attribute `fatorTitulometrico` : value = 3.546
[2021-08-02 23:31:59] - Attribute (`fatorTitulometrico`)  - enhanced for lazy-loading? - false
[2021-08-02 23:31:59] - Processing attribute `fornecedor` : value = Aksell
[2021-08-02 23:31:59] - Attribute (`fornecedor`)  - enhanced for lazy-loading? - false
[2021-08-02 23:31:59] - Processing attribute `nome` : value = Cloreto de Potassio
[2021-08-02 23:31:59] - Attribute (`nome`)  - enhanced for lazy-loading? - false
[2021-08-02 23:31:59] - Processing attribute `preco` : value = 6.6
[2021-08-02 23:31:59] - Attribute (`preco`)  - enhanced for lazy-loading? - false
[2021-08-02 23:31:59] - Processing attribute `unidade` : value = Kg
[2021-08-02 23:31:59] - Attribute (`unidade`)  - enhanced for lazy-loading? - false
[2021-08-02 23:31:59] - Done materializing entity [com.bluebudy.SCQ.domain.MateriaPrima#11]
[2021-08-02 23:31:59] - Resolving attributes for [com.bluebudy.SCQ.domain.MontagemComposition#14]
[2021-08-02 23:31:59] - Processing attribute `etapa` : value = 8
[2021-08-02 23:31:59] - Attribute (`etapa`)  - enhanced for lazy-loading? - false
[2021-08-02 23:31:59] - Processing attribute `materiaPrima` : value = 12
[2021-08-02 23:31:59] - Attribute (`materiaPrima`)  - enhanced for lazy-loading? - false
[2021-08-02 23:31:59] - Processing attribute `quantidade` : value = 700.0
[2021-08-02 23:31:59] - Attribute (`quantidade`)  - enhanced for lazy-loading? - false
[2021-08-02 23:31:59] - Done materializing entity [com.bluebudy.SCQ.domain.MontagemComposition#14]
[2021-08-02 23:31:59] - Resolving attributes for [com.bluebudy.SCQ.domain.MateriaPrima#12]
[2021-08-02 23:31:59] - Processing attribute `adicao` : value = NOT NULL COLLECTION
[2021-08-02 23:31:59] - Attribute (`adicao`)  - enhanced for lazy-loading? - false
[2021-08-02 23:31:59] - Processing attribute `fatorTitulometrico` : value = 3.092
[2021-08-02 23:31:59] - Attribute (`fatorTitulometrico`)  - enhanced for lazy-loading? - false
[2021-08-02 23:31:59] - Processing attribute `fornecedor` : value = Surtec
[2021-08-02 23:31:59] - Attribute (`fornecedor`)  - enhanced for lazy-loading? - false
[2021-08-02 23:31:59] - Processing attribute `nome` : value = Ácido Bórico
[2021-08-02 23:31:59] - Attribute (`nome`)  - enhanced for lazy-loading? - false
[2021-08-02 23:31:59] - Processing attribute `preco` : value = 14.29
[2021-08-02 23:31:59] - Attribute (`preco`)  - enhanced for lazy-loading? - false
[2021-08-02 23:31:59] - Processing attribute `unidade` : value = Kg
[2021-08-02 23:31:59] - Attribute (`unidade`)  - enhanced for lazy-loading? - false
[2021-08-02 23:31:59] - Done materializing entity [com.bluebudy.SCQ.domain.MateriaPrima#12]
[2021-08-02 23:31:59] - 1 collections were found in result set for role: com.bluebudy.SCQ.domain.Etapa.montagem
[2021-08-02 23:31:59] - Collection fully initialized: [com.bluebudy.SCQ.domain.Etapa.montagem#8]
[2021-08-02 23:31:59] - 1 collections initialized for role: com.bluebudy.SCQ.domain.Etapa.montagem
[2021-08-02 23:31:59] - Done loading collection
[2021-08-02 23:31:59] - select parametro0_.id as id1_10_, parametro0_.controle_id as control10_10_, parametro0_.etapa_id as etapa_i11_10_, parametro0_.formula as formula2_10_, parametro0_.nome as nome3_10_, parametro0_.p_max as p_max4_10_, parametro0_.p_maxt as p_maxt5_10_, parametro0_.p_min as p_min6_10_, parametro0_.p_mint as p_mint7_10_, parametro0_.show_chart as show_cha8_10_, parametro0_.unidade as unidade9_10_ from parametro parametro0_ where parametro0_.etapa_id=?
[2021-08-02 23:31:59] - Result set row: 0
[2021-08-02 23:31:59] - Result row: EntityKey[com.bluebudy.SCQ.domain.Parametro#7]
[2021-08-02 23:31:59] - Result set row: 1
[2021-08-02 23:31:59] - Result row: EntityKey[com.bluebudy.SCQ.domain.Parametro#8]
[2021-08-02 23:31:59] - Result set row: 2
[2021-08-02 23:31:59] - Result row: EntityKey[com.bluebudy.SCQ.domain.Parametro#9]
[2021-08-02 23:31:59] - Result set row: 3
[2021-08-02 23:31:59] - Result row: EntityKey[com.bluebudy.SCQ.domain.Parametro#10]
[2021-08-02 23:31:59] - Result set row: 4
[2021-08-02 23:31:59] - Result row: EntityKey[com.bluebudy.SCQ.domain.Parametro#11]
[2021-08-02 23:31:59] - Result set row: 5
[2021-08-02 23:31:59] - Result row: EntityKey[com.bluebudy.SCQ.domain.Parametro#12]
[2021-08-02 23:31:59] - Result set row: 6
[2021-08-02 23:31:59] - Result row: EntityKey[com.bluebudy.SCQ.domain.Parametro#19]
[2021-08-02 23:31:59] - Result set row: 7
[2021-08-02 23:31:59] - Result row: EntityKey[com.bluebudy.SCQ.domain.Parametro#23]
[2021-08-02 23:31:59] - Resolving attributes for [com.bluebudy.SCQ.domain.Parametro#7]
[2021-08-02 23:31:59] - Processing attribute `analises` : value = NOT NULL COLLECTION
[2021-08-02 23:31:59] - Attribute (`analises`)  - enhanced for lazy-loading? - false
[2021-08-02 23:31:59] - Processing attribute `controle` : value = 7
[2021-08-02 23:31:59] - Attribute (`controle`)  - enhanced for lazy-loading? - false
[2021-08-02 23:31:59] - select controle0_.id as id1_3_0_, controle0_.data_planejada as data_pla2_3_0_, controle0_.data_realizada as data_rea3_3_0_, controle0_.notified as notified4_3_0_, controle0_.periodo as periodo5_3_0_ from controle controle0_ where controle0_.id=?
[2021-08-02 23:31:59] - On call to EntityIdentifierReaderImpl#resolve, EntityKey was already known; should only happen on root returns with an optional identifier specified
[2021-08-02 23:31:59] - Resolving attributes for [com.bluebudy.SCQ.domain.Controle#7]
[2021-08-02 23:31:59] - Processing attribute `dataPlanejada` : value = 2021-08-09 23:31:47.955
[2021-08-02 23:31:59] - Attribute (`dataPlanejada`)  - enhanced for lazy-loading? - false
[2021-08-02 23:31:59] - Processing attribute `dataRealizada` : value = 2021-08-02 23:31:47.955
[2021-08-02 23:31:59] - Attribute (`dataRealizada`)  - enhanced for lazy-loading? - false
[2021-08-02 23:31:59] - Processing attribute `notified` : value = false
[2021-08-02 23:31:59] - Attribute (`notified`)  - enhanced for lazy-loading? - false
[2021-08-02 23:31:59] - Processing attribute `periodo` : value = 10080
[2021-08-02 23:31:59] - Attribute (`periodo`)  - enhanced for lazy-loading? - false
[2021-08-02 23:31:59] - Done materializing entity [com.bluebudy.SCQ.domain.Controle#7]
[2021-08-02 23:31:59] - Done entity load : com.bluebudy.SCQ.domain.Controle#7
[2021-08-02 23:31:59] - Processing attribute `etapa` : value = 8
[2021-08-02 23:31:59] - Attribute (`etapa`)  - enhanced for lazy-loading? - false
[2021-08-02 23:31:59] - Processing attribute `formula` : value = [V]*3.269
[2021-08-02 23:31:59] - Attribute (`formula`)  - enhanced for lazy-loading? - false
[2021-08-02 23:31:59] - Processing attribute `nome` : value = Zinco Metal
[2021-08-02 23:31:59] - Attribute (`nome`)  - enhanced for lazy-loading? - false
[2021-08-02 23:31:59] - Processing attribute `pMax` : value = 50.0
[2021-08-02 23:31:59] - Attribute (`pMax`)  - enhanced for lazy-loading? - false
[2021-08-02 23:31:59] - Processing attribute `pMaxT` : value = 45.0
[2021-08-02 23:31:59] - Attribute (`pMaxT`)  - enhanced for lazy-loading? - false
[2021-08-02 23:31:59] - Processing attribute `pMin` : value = 35.0
[2021-08-02 23:31:59] - Attribute (`pMin`)  - enhanced for lazy-loading? - false
[2021-08-02 23:31:59] - Processing attribute `pMinT` : value = 40.0
[2021-08-02 23:31:59] - Attribute (`pMinT`)  - enhanced for lazy-loading? - false
[2021-08-02 23:31:59] - Processing attribute `showChart` : value = false
[2021-08-02 23:31:59] - Attribute (`showChart`)  - enhanced for lazy-loading? - false
[2021-08-02 23:31:59] - Processing attribute `unidade` : value = GramaPorLitro
[2021-08-02 23:31:59] - Attribute (`unidade`)  - enhanced for lazy-loading? - false
[2021-08-02 23:31:59] - Done materializing entity [com.bluebudy.SCQ.domain.Parametro#7]
[2021-08-02 23:31:59] - Resolving attributes for [com.bluebudy.SCQ.domain.Parametro#8]
[2021-08-02 23:31:59] - Processing attribute `analises` : value = NOT NULL COLLECTION
[2021-08-02 23:31:59] - Attribute (`analises`)  - enhanced for lazy-loading? - false
[2021-08-02 23:31:59] - Processing attribute `controle` : value = 8
[2021-08-02 23:31:59] - Attribute (`controle`)  - enhanced for lazy-loading? - false
[2021-08-02 23:31:59] - select controle0_.id as id1_3_0_, controle0_.data_planejada as data_pla2_3_0_, controle0_.data_realizada as data_rea3_3_0_, controle0_.notified as notified4_3_0_, controle0_.periodo as periodo5_3_0_ from controle controle0_ where controle0_.id=?
[2021-08-02 23:31:59] - On call to EntityIdentifierReaderImpl#resolve, EntityKey was already known; should only happen on root returns with an optional identifier specified
[2021-08-02 23:31:59] - Resolving attributes for [com.bluebudy.SCQ.domain.Controle#8]
[2021-08-02 23:31:59] - Processing attribute `dataPlanejada` : value = 2021-06-19 07:59:42.322
[2021-08-02 23:31:59] - Attribute (`dataPlanejada`)  - enhanced for lazy-loading? - false
[2021-08-02 23:31:59] - Processing attribute `dataRealizada` : value = 2021-06-12 07:59:42.322
[2021-08-02 23:31:59] - Attribute (`dataRealizada`)  - enhanced for lazy-loading? - false
[2021-08-02 23:31:59] - Processing attribute `notified` : value = true
[2021-08-02 23:31:59] - Attribute (`notified`)  - enhanced for lazy-loading? - false
[2021-08-02 23:31:59] - Processing attribute `periodo` : value = 10080
[2021-08-02 23:31:59] - Attribute (`periodo`)  - enhanced for lazy-loading? - false
[2021-08-02 23:31:59] - Done materializing entity [com.bluebudy.SCQ.domain.Controle#8]
[2021-08-02 23:31:59] - Done entity load : com.bluebudy.SCQ.domain.Controle#8
[2021-08-02 23:31:59] - Processing attribute `etapa` : value = 8
[2021-08-02 23:31:59] - Attribute (`etapa`)  - enhanced for lazy-loading? - false
[2021-08-02 23:31:59] - Processing attribute `formula` : value = [V]*3.546
[2021-08-02 23:31:59] - Attribute (`formula`)  - enhanced for lazy-loading? - false
[2021-08-02 23:31:59] - Processing attribute `nome` : value = Cloreto Total
[2021-08-02 23:31:59] - Attribute (`nome`)  - enhanced for lazy-loading? - false
[2021-08-02 23:31:59] - Processing attribute `pMax` : value = 200.0
[2021-08-02 23:31:59] - Attribute (`pMax`)  - enhanced for lazy-loading? - false
[2021-08-02 23:31:59] - Processing attribute `pMaxT` : value = 190.0
[2021-08-02 23:31:59] - Attribute (`pMaxT`)  - enhanced for lazy-loading? - false
[2021-08-02 23:31:59] - Processing attribute `pMin` : value = 160.0
[2021-08-02 23:31:59] - Attribute (`pMin`)  - enhanced for lazy-loading? - false
[2021-08-02 23:31:59] - Processing attribute `pMinT` : value = 170.0
[2021-08-02 23:31:59] - Attribute (`pMinT`)  - enhanced for lazy-loading? - false
[2021-08-02 23:31:59] - Processing attribute `showChart` : value = false
[2021-08-02 23:31:59] - Attribute (`showChart`)  - enhanced for lazy-loading? - false
[2021-08-02 23:31:59] - Processing attribute `unidade` : value = GramaPorLitro
[2021-08-02 23:31:59] - Attribute (`unidade`)  - enhanced for lazy-loading? - false
[2021-08-02 23:31:59] - Done materializing entity [com.bluebudy.SCQ.domain.Parametro#8]
[2021-08-02 23:31:59] - Resolving attributes for [com.bluebudy.SCQ.domain.Parametro#9]
[2021-08-02 23:31:59] - Processing attribute `analises` : value = NOT NULL COLLECTION
[2021-08-02 23:31:59] - Attribute (`analises`)  - enhanced for lazy-loading? - false
[2021-08-02 23:31:59] - Processing attribute `controle` : value = 9
[2021-08-02 23:31:59] - Attribute (`controle`)  - enhanced for lazy-loading? - false
[2021-08-02 23:31:59] - select controle0_.id as id1_3_0_, controle0_.data_planejada as data_pla2_3_0_, controle0_.data_realizada as data_rea3_3_0_, controle0_.notified as notified4_3_0_, controle0_.periodo as periodo5_3_0_ from controle controle0_ where controle0_.id=?
[2021-08-02 23:31:59] - On call to EntityIdentifierReaderImpl#resolve, EntityKey was already known; should only happen on root returns with an optional identifier specified
[2021-08-02 23:31:59] - Resolving attributes for [com.bluebudy.SCQ.domain.Controle#9]
[2021-08-02 23:31:59] - Processing attribute `dataPlanejada` : value = 2021-06-07 00:25:14.047
[2021-08-02 23:31:59] - Attribute (`dataPlanejada`)  - enhanced for lazy-loading? - false
[2021-08-02 23:31:59] - Processing attribute `dataRealizada` : value = 2021-05-31 00:25:14.047
[2021-08-02 23:31:59] - Attribute (`dataRealizada`)  - enhanced for lazy-loading? - false
[2021-08-02 23:31:59] - Processing attribute `notified` : value = true
[2021-08-02 23:31:59] - Attribute (`notified`)  - enhanced for lazy-loading? - false
[2021-08-02 23:31:59] - Processing attribute `periodo` : value = 10080
[2021-08-02 23:31:59] - Attribute (`periodo`)  - enhanced for lazy-loading? - false
[2021-08-02 23:31:59] - Done materializing entity [com.bluebudy.SCQ.domain.Controle#9]
[2021-08-02 23:31:59] - Done entity load : com.bluebudy.SCQ.domain.Controle#9
[2021-08-02 23:31:59] - Processing attribute `etapa` : value = 8
[2021-08-02 23:31:59] - Attribute (`etapa`)  - enhanced for lazy-loading? - false
[2021-08-02 23:31:59] - Processing attribute `formula` : value = [V]*3.092
[2021-08-02 23:31:59] - Attribute (`formula`)  - enhanced for lazy-loading? - false
[2021-08-02 23:31:59] - Processing attribute `nome` : value = Ácido Bórico
[2021-08-02 23:31:59] - Attribute (`nome`)  - enhanced for lazy-loading? - false
[2021-08-02 23:31:59] - Processing attribute `pMax` : value = 27.0
[2021-08-02 23:31:59] - Attribute (`pMax`)  - enhanced for lazy-loading? - false
[2021-08-02 23:31:59] - Processing attribute `pMaxT` : value = 26.0
[2021-08-02 23:31:59] - Attribute (`pMaxT`)  - enhanced for lazy-loading? - false
[2021-08-02 23:31:59] - Processing attribute `pMin` : value = 23.0
[2021-08-02 23:31:59] - Attribute (`pMin`)  - enhanced for lazy-loading? - false
[2021-08-02 23:31:59] - Processing attribute `pMinT` : value = 24.0
[2021-08-02 23:31:59] - Attribute (`pMinT`)  - enhanced for lazy-loading? - false
[2021-08-02 23:31:59] - Processing attribute `showChart` : value = false
[2021-08-02 23:31:59] - Attribute (`showChart`)  - enhanced for lazy-loading? - false
[2021-08-02 23:31:59] - Processing attribute `unidade` : value = GramaPorLitro
[2021-08-02 23:31:59] - Attribute (`unidade`)  - enhanced for lazy-loading? - false
[2021-08-02 23:31:59] - Done materializing entity [com.bluebudy.SCQ.domain.Parametro#9]
[2021-08-02 23:31:59] - Resolving attributes for [com.bluebudy.SCQ.domain.Parametro#10]
[2021-08-02 23:31:59] - Processing attribute `analises` : value = NOT NULL COLLECTION
[2021-08-02 23:31:59] - Attribute (`analises`)  - enhanced for lazy-loading? - false
[2021-08-02 23:31:59] - Processing attribute `controle` : value = 10
[2021-08-02 23:31:59] - Attribute (`controle`)  - enhanced for lazy-loading? - false
[2021-08-02 23:31:59] - select controle0_.id as id1_3_0_, controle0_.data_planejada as data_pla2_3_0_, controle0_.data_realizada as data_rea3_3_0_, controle0_.notified as notified4_3_0_, controle0_.periodo as periodo5_3_0_ from controle controle0_ where controle0_.id=?
[2021-08-02 23:31:59] - On call to EntityIdentifierReaderImpl#resolve, EntityKey was already known; should only happen on root returns with an optional identifier specified
[2021-08-02 23:31:59] - Resolving attributes for [com.bluebudy.SCQ.domain.Controle#10]
[2021-08-02 23:31:59] - Processing attribute `dataPlanejada` : value = 2021-04-21 12:33:32.155
[2021-08-02 23:31:59] - Attribute (`dataPlanejada`)  - enhanced for lazy-loading? - false
[2021-08-02 23:31:59] - Processing attribute `dataRealizada` : value = 2021-04-20 12:33:32.155
[2021-08-02 23:31:59] - Attribute (`dataRealizada`)  - enhanced for lazy-loading? - false
[2021-08-02 23:31:59] - Processing attribute `notified` : value = true
[2021-08-02 23:31:59] - Attribute (`notified`)  - enhanced for lazy-loading? - false
[2021-08-02 23:31:59] - Processing attribute `periodo` : value = 1440
[2021-08-02 23:31:59] - Attribute (`periodo`)  - enhanced for lazy-loading? - false
[2021-08-02 23:31:59] - Done materializing entity [com.bluebudy.SCQ.domain.Controle#10]
[2021-08-02 23:31:59] - Done entity load : com.bluebudy.SCQ.domain.Controle#10
[2021-08-02 23:31:59] - Processing attribute `etapa` : value = 8
[2021-08-02 23:31:59] - Attribute (`etapa`)  - enhanced for lazy-loading? - false
[2021-08-02 23:31:59] - Processing attribute `formula` : value = [V]
[2021-08-02 23:31:59] - Attribute (`formula`)  - enhanced for lazy-loading? - false
[2021-08-02 23:31:59] - Processing attribute `nome` : value = Temperatura
[2021-08-02 23:31:59] - Attribute (`nome`)  - enhanced for lazy-loading? - false
[2021-08-02 23:31:59] - Processing attribute `pMax` : value = 24.0
[2021-08-02 23:31:59] - Attribute (`pMax`)  - enhanced for lazy-loading? - false
[2021-08-02 23:31:59] - Processing attribute `pMaxT` : value = 23.0
[2021-08-02 23:31:59] - Attribute (`pMaxT`)  - enhanced for lazy-loading? - false
[2021-08-02 23:31:59] - Processing attribute `pMin` : value = 18.0
[2021-08-02 23:31:59] - Attribute (`pMin`)  - enhanced for lazy-loading? - false
[2021-08-02 23:31:59] - Processing attribute `pMinT` : value = 19.0
[2021-08-02 23:31:59] - Attribute (`pMinT`)  - enhanced for lazy-loading? - false
[2021-08-02 23:31:59] - Processing attribute `showChart` : value = false
[2021-08-02 23:31:59] - Attribute (`showChart`)  - enhanced for lazy-loading? - false
[2021-08-02 23:31:59] - Processing attribute `unidade` : value = C
[2021-08-02 23:31:59] - Attribute (`unidade`)  - enhanced for lazy-loading? - false
[2021-08-02 23:31:59] - Done materializing entity [com.bluebudy.SCQ.domain.Parametro#10]
[2021-08-02 23:31:59] - Resolving attributes for [com.bluebudy.SCQ.domain.Parametro#11]
[2021-08-02 23:31:59] - Processing attribute `analises` : value = NOT NULL COLLECTION
[2021-08-02 23:31:59] - Attribute (`analises`)  - enhanced for lazy-loading? - false
[2021-08-02 23:31:59] - Processing attribute `controle` : value = 11
[2021-08-02 23:31:59] - Attribute (`controle`)  - enhanced for lazy-loading? - false
[2021-08-02 23:31:59] - select controle0_.id as id1_3_0_, controle0_.data_planejada as data_pla2_3_0_, controle0_.data_realizada as data_rea3_3_0_, controle0_.notified as notified4_3_0_, controle0_.periodo as periodo5_3_0_ from controle controle0_ where controle0_.id=?
[2021-08-02 23:31:59] - On call to EntityIdentifierReaderImpl#resolve, EntityKey was already known; should only happen on root returns with an optional identifier specified
[2021-08-02 23:31:59] - Resolving attributes for [com.bluebudy.SCQ.domain.Controle#11]
[2021-08-02 23:31:59] - Processing attribute `dataPlanejada` : value = 2021-04-21 13:44:14.099
[2021-08-02 23:31:59] - Attribute (`dataPlanejada`)  - enhanced for lazy-loading? - false
[2021-08-02 23:31:59] - Processing attribute `dataRealizada` : value = 2021-04-20 13:44:14.099
[2021-08-02 23:31:59] - Attribute (`dataRealizada`)  - enhanced for lazy-loading? - false
[2021-08-02 23:31:59] - Processing attribute `notified` : value = true
[2021-08-02 23:31:59] - Attribute (`notified`)  - enhanced for lazy-loading? - false
[2021-08-02 23:31:59] - Processing attribute `periodo` : value = 1440
[2021-08-02 23:31:59] - Attribute (`periodo`)  - enhanced for lazy-loading? - false
[2021-08-02 23:31:59] - Done materializing entity [com.bluebudy.SCQ.domain.Controle#11]
[2021-08-02 23:31:59] - Done entity load : com.bluebudy.SCQ.domain.Controle#11
[2021-08-02 23:31:59] - Processing attribute `etapa` : value = 8
[2021-08-02 23:31:59] - Attribute (`etapa`)  - enhanced for lazy-loading? - false
[2021-08-02 23:31:59] - Processing attribute `formula` : value = [V]
[2021-08-02 23:31:59] - Attribute (`formula`)  - enhanced for lazy-loading? - false
[2021-08-02 23:31:59] - Processing attribute `nome` : value = pH
[2021-08-02 23:31:59] - Attribute (`nome`)  - enhanced for lazy-loading? - false
[2021-08-02 23:31:59] - Processing attribute `pMax` : value = 5.7
[2021-08-02 23:31:59] - Attribute (`pMax`)  - enhanced for lazy-loading? - false
[2021-08-02 23:31:59] - Processing attribute `pMaxT` : value = 5.5
[2021-08-02 23:31:59] - Attribute (`pMaxT`)  - enhanced for lazy-loading? - false
[2021-08-02 23:31:59] - Processing attribute `pMin` : value = 4.8
[2021-08-02 23:31:59] - Attribute (`pMin`)  - enhanced for lazy-loading? - false
[2021-08-02 23:31:59] - Processing attribute `pMinT` : value = 5.0
[2021-08-02 23:31:59] - Attribute (`pMinT`)  - enhanced for lazy-loading? - false
[2021-08-02 23:31:59] - Processing attribute `showChart` : value = false
[2021-08-02 23:31:59] - Attribute (`showChart`)  - enhanced for lazy-loading? - false
[2021-08-02 23:31:59] - Processing attribute `unidade` : value = ph
[2021-08-02 23:31:59] - Attribute (`unidade`)  - enhanced for lazy-loading? - false
[2021-08-02 23:31:59] - Done materializing entity [com.bluebudy.SCQ.domain.Parametro#11]
[2021-08-02 23:31:59] - Resolving attributes for [com.bluebudy.SCQ.domain.Parametro#12]
[2021-08-02 23:31:59] - Processing attribute `analises` : value = NOT NULL COLLECTION
[2021-08-02 23:31:59] - Attribute (`analises`)  - enhanced for lazy-loading? - false
[2021-08-02 23:31:59] - Processing attribute `controle` : value = 12
[2021-08-02 23:31:59] - Attribute (`controle`)  - enhanced for lazy-loading? - false
[2021-08-02 23:31:59] - select controle0_.id as id1_3_0_, controle0_.data_planejada as data_pla2_3_0_, controle0_.data_realizada as data_rea3_3_0_, controle0_.notified as notified4_3_0_, controle0_.periodo as periodo5_3_0_ from controle controle0_ where controle0_.id=?
[2021-08-02 23:31:59] - On call to EntityIdentifierReaderImpl#resolve, EntityKey was already known; should only happen on root returns with an optional identifier specified
[2021-08-02 23:31:59] - Resolving attributes for [com.bluebudy.SCQ.domain.Controle#12]
[2021-08-02 23:31:59] - Processing attribute `dataPlanejada` : value = 2021-04-21 12:33:50.546
[2021-08-02 23:31:59] - Attribute (`dataPlanejada`)  - enhanced for lazy-loading? - false
[2021-08-02 23:31:59] - Processing attribute `dataRealizada` : value = 2021-04-20 12:33:50.546
[2021-08-02 23:31:59] - Attribute (`dataRealizada`)  - enhanced for lazy-loading? - false
[2021-08-02 23:31:59] - Processing attribute `notified` : value = true
[2021-08-02 23:31:59] - Attribute (`notified`)  - enhanced for lazy-loading? - false
[2021-08-02 23:31:59] - Processing attribute `periodo` : value = 1440
[2021-08-02 23:31:59] - Attribute (`periodo`)  - enhanced for lazy-loading? - false
[2021-08-02 23:31:59] - Done materializing entity [com.bluebudy.SCQ.domain.Controle#12]
[2021-08-02 23:31:59] - Done entity load : com.bluebudy.SCQ.domain.Controle#12
[2021-08-02 23:31:59] - Processing attribute `etapa` : value = 8
[2021-08-02 23:31:59] - Attribute (`etapa`)  - enhanced for lazy-loading? - false
[2021-08-02 23:31:59] - Processing attribute `formula` : value = [V]
[2021-08-02 23:31:59] - Attribute (`formula`)  - enhanced for lazy-loading? - false
[2021-08-02 23:31:59] - Processing attribute `nome` : value = Tensão
[2021-08-02 23:31:59] - Attribute (`nome`)  - enhanced for lazy-loading? - false
[2021-08-02 23:31:59] - Processing attribute `pMax` : value = 3.2
[2021-08-02 23:31:59] - Attribute (`pMax`)  - enhanced for lazy-loading? - false
[2021-08-02 23:31:59] - Processing attribute `pMaxT` : value = 3.1
[2021-08-02 23:31:59] - Attribute (`pMaxT`)  - enhanced for lazy-loading? - false
[2021-08-02 23:31:59] - Processing attribute `pMin` : value = 2.8
[2021-08-02 23:31:59] - Attribute (`pMin`)  - enhanced for lazy-loading? - false
[2021-08-02 23:31:59] - Processing attribute `pMinT` : value = 2.9
[2021-08-02 23:31:59] - Attribute (`pMinT`)  - enhanced for lazy-loading? - false
[2021-08-02 23:31:59] - Processing attribute `showChart` : value = false
[2021-08-02 23:31:59] - Attribute (`showChart`)  - enhanced for lazy-loading? - false
[2021-08-02 23:31:59] - Processing attribute `unidade` : value = Volts
[2021-08-02 23:31:59] - Attribute (`unidade`)  - enhanced for lazy-loading? - false
[2021-08-02 23:31:59] - Done materializing entity [com.bluebudy.SCQ.domain.Parametro#12]
[2021-08-02 23:31:59] - Resolving attributes for [com.bluebudy.SCQ.domain.Parametro#19]
[2021-08-02 23:31:59] - Processing attribute `analises` : value = NOT NULL COLLECTION
[2021-08-02 23:31:59] - Attribute (`analises`)  - enhanced for lazy-loading? - false
[2021-08-02 23:31:59] - Processing attribute `controle` : value = 46
[2021-08-02 23:31:59] - Attribute (`controle`)  - enhanced for lazy-loading? - false
[2021-08-02 23:31:59] - select controle0_.id as id1_3_0_, controle0_.data_planejada as data_pla2_3_0_, controle0_.data_realizada as data_rea3_3_0_, controle0_.notified as notified4_3_0_, controle0_.periodo as periodo5_3_0_ from controle controle0_ where controle0_.id=?
[2021-08-02 23:31:59] - On call to EntityIdentifierReaderImpl#resolve, EntityKey was already known; should only happen on root returns with an optional identifier specified
[2021-08-02 23:31:59] - Resolving attributes for [com.bluebudy.SCQ.domain.Controle#46]
[2021-08-02 23:31:59] - Processing attribute `dataPlanejada` : value = 2021-08-03 23:31:47.846
[2021-08-02 23:31:59] - Attribute (`dataPlanejada`)  - enhanced for lazy-loading? - false
[2021-08-02 23:31:59] - Processing attribute `dataRealizada` : value = 2021-08-02 23:31:47.846
[2021-08-02 23:31:59] - Attribute (`dataRealizada`)  - enhanced for lazy-loading? - false
[2021-08-02 23:31:59] - Processing attribute `notified` : value = false
[2021-08-02 23:31:59] - Attribute (`notified`)  - enhanced for lazy-loading? - false
[2021-08-02 23:31:59] - Processing attribute `periodo` : value = 1440
[2021-08-02 23:31:59] - Attribute (`periodo`)  - enhanced for lazy-loading? - false
[2021-08-02 23:31:59] - Done materializing entity [com.bluebudy.SCQ.domain.Controle#46]
[2021-08-02 23:31:59] - Done entity load : com.bluebudy.SCQ.domain.Controle#46
[2021-08-02 23:31:59] - Processing attribute `etapa` : value = 8
[2021-08-02 23:31:59] - Attribute (`etapa`)  - enhanced for lazy-loading? - false
[2021-08-02 23:31:59] - Processing attribute `formula` : value = [da8]/[da7]
[2021-08-02 23:31:59] - Attribute (`formula`)  - enhanced for lazy-loading? - false
[2021-08-02 23:31:59] - Processing attribute `nome` : value = Relação 
[2021-08-02 23:31:59] - Attribute (`nome`)  - enhanced for lazy-loading? - false
[2021-08-02 23:31:59] - Processing attribute `pMax` : value = 4.4
[2021-08-02 23:31:59] - Attribute (`pMax`)  - enhanced for lazy-loading? - false
[2021-08-02 23:31:59] - Processing attribute `pMaxT` : value = 4.2
[2021-08-02 23:31:59] - Attribute (`pMaxT`)  - enhanced for lazy-loading? - false
[2021-08-02 23:31:59] - Processing attribute `pMin` : value = 3.8
[2021-08-02 23:31:59] - Attribute (`pMin`)  - enhanced for lazy-loading? - false
[2021-08-02 23:31:59] - Processing attribute `pMinT` : value = 4.0
[2021-08-02 23:31:59] - Attribute (`pMinT`)  - enhanced for lazy-loading? - false
[2021-08-02 23:31:59] - Processing attribute `showChart` : value = false
[2021-08-02 23:31:59] - Attribute (`showChart`)  - enhanced for lazy-loading? - false
[2021-08-02 23:31:59] - Processing attribute `unidade` : value = GramaPorLitro
[2021-08-02 23:31:59] - Attribute (`unidade`)  - enhanced for lazy-loading? - false
[2021-08-02 23:31:59] - Done materializing entity [com.bluebudy.SCQ.domain.Parametro#19]
[2021-08-02 23:31:59] - Resolving attributes for [com.bluebudy.SCQ.domain.Parametro#23]
[2021-08-02 23:31:59] - Processing attribute `analises` : value = NOT NULL COLLECTION
[2021-08-02 23:31:59] - Attribute (`analises`)  - enhanced for lazy-loading? - false
[2021-08-02 23:31:59] - Processing attribute `controle` : value = 50
[2021-08-02 23:31:59] - Attribute (`controle`)  - enhanced for lazy-loading? - false
[2021-08-02 23:31:59] - select controle0_.id as id1_3_0_, controle0_.data_planejada as data_pla2_3_0_, controle0_.data_realizada as data_rea3_3_0_, controle0_.notified as notified4_3_0_, controle0_.periodo as periodo5_3_0_ from controle controle0_ where controle0_.id=?
[2021-08-02 23:31:59] - On call to EntityIdentifierReaderImpl#resolve, EntityKey was already known; should only happen on root returns with an optional identifier specified
[2021-08-02 23:31:59] - Resolving attributes for [com.bluebudy.SCQ.domain.Controle#50]
[2021-08-02 23:31:59] - Processing attribute `dataPlanejada` : value = 2021-06-12 19:18:07.825
[2021-08-02 23:31:59] - Attribute (`dataPlanejada`)  - enhanced for lazy-loading? - false
[2021-08-02 23:31:59] - Processing attribute `dataRealizada` : value = 2021-06-12 07:18:07.825
[2021-08-02 23:31:59] - Attribute (`dataRealizada`)  - enhanced for lazy-loading? - false
[2021-08-02 23:31:59] - Processing attribute `notified` : value = true
[2021-08-02 23:31:59] - Attribute (`notified`)  - enhanced for lazy-loading? - false
[2021-08-02 23:31:59] - Processing attribute `periodo` : value = 720
[2021-08-02 23:31:59] - Attribute (`periodo`)  - enhanced for lazy-loading? - false
[2021-08-02 23:31:59] - Done materializing entity [com.bluebudy.SCQ.domain.Controle#50]
[2021-08-02 23:31:59] - Done entity load : com.bluebudy.SCQ.domain.Controle#50
[2021-08-02 23:31:59] - Processing attribute `etapa` : value = 8
[2021-08-02 23:31:59] - Attribute (`etapa`)  - enhanced for lazy-loading? - false
[2021-08-02 23:31:59] - Processing attribute `formula` : value = [da8]*2
[2021-08-02 23:31:59] - Attribute (`formula`)  - enhanced for lazy-loading? - false
[2021-08-02 23:31:59] - Processing attribute `nome` : value = Cloreto de Potassio
[2021-08-02 23:31:59] - Attribute (`nome`)  - enhanced for lazy-loading? - false
[2021-08-02 23:31:59] - Processing attribute `pMax` : value = 280.0
[2021-08-02 23:31:59] - Attribute (`pMax`)  - enhanced for lazy-loading? - false
[2021-08-02 23:31:59] - Processing attribute `pMaxT` : value = 260.0
[2021-08-02 23:31:59] - Attribute (`pMaxT`)  - enhanced for lazy-loading? - false
[2021-08-02 23:31:59] - Processing attribute `pMin` : value = 200.0
[2021-08-02 23:31:59] - Attribute (`pMin`)  - enhanced for lazy-loading? - false
[2021-08-02 23:31:59] - Processing attribute `pMinT` : value = 240.0
[2021-08-02 23:31:59] - Attribute (`pMinT`)  - enhanced for lazy-loading? - false
[2021-08-02 23:31:59] - Processing attribute `showChart` : value = false
[2021-08-02 23:31:59] - Attribute (`showChart`)  - enhanced for lazy-loading? - false
[2021-08-02 23:31:59] - Processing attribute `unidade` : value = GramaPorLitro
[2021-08-02 23:31:59] - Attribute (`unidade`)  - enhanced for lazy-loading? - false
[2021-08-02 23:31:59] - Done materializing entity [com.bluebudy.SCQ.domain.Parametro#23]
[2021-08-02 23:31:59] - Rendered criteria query -> select generatedAlias0 from Analise as generatedAlias0 where generatedAlias0.parametro.id=:param0 order by generatedAlias0.data desc
[2021-08-02 23:31:59] - select analise0_.id as id1_2_, analise0_.analista as analista2_2_, analise0_.data as data3_2_, analise0_.need_correcao as need_cor4_2_, analise0_.parametro_id as parametr6_2_, analise0_.resultado as resultad5_2_ from analise analise0_ where analise0_.parametro_id=? order by analise0_.data desc
[2021-08-02 23:31:59] - Result set row: 0
[2021-08-02 23:31:59] - Result row: EntityKey[com.bluebudy.SCQ.domain.Analise#2008]
[2021-08-02 23:31:59] - Result set row: 1
[2021-08-02 23:31:59] - Result row: EntityKey[com.bluebudy.SCQ.domain.Analise#1964]
[2021-08-02 23:31:59] - Result set row: 2
[2021-08-02 23:31:59] - Result row: EntityKey[com.bluebudy.SCQ.domain.Analise#1962]
[2021-08-02 23:31:59] - Result set row: 3
[2021-08-02 23:31:59] - Result row: EntityKey[com.bluebudy.SCQ.domain.Analise#1959]
[2021-08-02 23:31:59] - Result set row: 4
[2021-08-02 23:31:59] - Result row: EntityKey[com.bluebudy.SCQ.domain.Analise#1957]
[2021-08-02 23:31:59] - Result set row: 5
[2021-08-02 23:31:59] - Result row: EntityKey[com.bluebudy.SCQ.domain.Analise#1073]
[2021-08-02 23:31:59] - Result set row: 6
[2021-08-02 23:31:59] - Result row: EntityKey[com.bluebudy.SCQ.domain.Analise#1046]
[2021-08-02 23:31:59] - Result set row: 7
[2021-08-02 23:31:59] - Result row: EntityKey[com.bluebudy.SCQ.domain.Analise#1044]
[2021-08-02 23:31:59] - Result set row: 8
[2021-08-02 23:31:59] - Result row: EntityKey[com.bluebudy.SCQ.domain.Analise#830]
[2021-08-02 23:31:59] - Result set row: 9
[2021-08-02 23:31:59] - Result row: EntityKey[com.bluebudy.SCQ.domain.Analise#828]
[2021-08-02 23:31:59] - Result set row: 10
[2021-08-02 23:31:59] - Result row: EntityKey[com.bluebudy.SCQ.domain.Analise#826]
[2021-08-02 23:31:59] - Result set row: 11
[2021-08-02 23:31:59] - Result row: EntityKey[com.bluebudy.SCQ.domain.Analise#824]
[2021-08-02 23:31:59] - Result set row: 12
[2021-08-02 23:31:59] - Result row: EntityKey[com.bluebudy.SCQ.domain.Analise#822]
[2021-08-02 23:31:59] - Result set row: 13
[2021-08-02 23:31:59] - Result row: EntityKey[com.bluebudy.SCQ.domain.Analise#820]
[2021-08-02 23:31:59] - Result set row: 14
[2021-08-02 23:31:59] - Result row: EntityKey[com.bluebudy.SCQ.domain.Analise#818]
[2021-08-02 23:31:59] - Result set row: 15
[2021-08-02 23:31:59] - Result row: EntityKey[com.bluebudy.SCQ.domain.Analise#816]
[2021-08-02 23:31:59] - Result set row: 16
[2021-08-02 23:31:59] - Result row: EntityKey[com.bluebudy.SCQ.domain.Analise#814]
[2021-08-02 23:31:59] - Result set row: 17
[2021-08-02 23:31:59] - Result row: EntityKey[com.bluebudy.SCQ.domain.Analise#766]
[2021-08-02 23:31:59] - Result set row: 18
[2021-08-02 23:31:59] - Result row: EntityKey[com.bluebudy.SCQ.domain.Analise#764]
[2021-08-02 23:31:59] - Result set row: 19
[2021-08-02 23:31:59] - Result row: EntityKey[com.bluebudy.SCQ.domain.Analise#762]
[2021-08-02 23:31:59] - Result set row: 20
[2021-08-02 23:31:59] - Result row: EntityKey[com.bluebudy.SCQ.domain.Analise#760]
[2021-08-02 23:31:59] - Result set row: 21
[2021-08-02 23:31:59] - Result row: EntityKey[com.bluebudy.SCQ.domain.Analise#758]
[2021-08-02 23:31:59] - Result set row: 22
[2021-08-02 23:31:59] - Result row: EntityKey[com.bluebudy.SCQ.domain.Analise#756]
[2021-08-02 23:31:59] - Result set row: 23
[2021-08-02 23:31:59] - Result row: EntityKey[com.bluebudy.SCQ.domain.Analise#754]
[2021-08-02 23:31:59] - Result set row: 24
[2021-08-02 23:31:59] - Result row: EntityKey[com.bluebudy.SCQ.domain.Analise#746]
[2021-08-02 23:31:59] - Result set row: 25
[2021-08-02 23:31:59] - Result row: EntityKey[com.bluebudy.SCQ.domain.Analise#744]
[2021-08-02 23:31:59] - Result set row: 26
[2021-08-02 23:31:59] - Result row: EntityKey[com.bluebudy.SCQ.domain.Analise#664]
[2021-08-02 23:31:59] - Result set row: 27
[2021-08-02 23:31:59] - Result row: EntityKey[com.bluebudy.SCQ.domain.Analise#662]
[2021-08-02 23:31:59] - Result set row: 28
[2021-08-02 23:31:59] - Result row: EntityKey[com.bluebudy.SCQ.domain.Analise#660]
[2021-08-02 23:31:59] - Result set row: 29
[2021-08-02 23:31:59] - Result row: EntityKey[com.bluebudy.SCQ.domain.Analise#658]
[2021-08-02 23:31:59] - Result set row: 30
[2021-08-02 23:31:59] - Result row: EntityKey[com.bluebudy.SCQ.domain.Analise#656]
[2021-08-02 23:31:59] - Result set row: 31
[2021-08-02 23:31:59] - Result row: EntityKey[com.bluebudy.SCQ.domain.Analise#654]
[2021-08-02 23:31:59] - Result set row: 32
[2021-08-02 23:31:59] - Result row: EntityKey[com.bluebudy.SCQ.domain.Analise#652]
[2021-08-02 23:31:59] - Result set row: 33
[2021-08-02 23:31:59] - Result row: EntityKey[com.bluebudy.SCQ.domain.Analise#650]
[2021-08-02 23:31:59] - Result set row: 34
[2021-08-02 23:31:59] - Result row: EntityKey[com.bluebudy.SCQ.domain.Analise#648]
[2021-08-02 23:31:59] - Result set row: 35
[2021-08-02 23:31:59] - Result row: EntityKey[com.bluebudy.SCQ.domain.Analise#646]
[2021-08-02 23:31:59] - Result set row: 36
[2021-08-02 23:31:59] - Result row: EntityKey[com.bluebudy.SCQ.domain.Analise#644]
[2021-08-02 23:31:59] - Result set row: 37
[2021-08-02 23:31:59] - Result row: EntityKey[com.bluebudy.SCQ.domain.Analise#642]
[2021-08-02 23:31:59] - Result set row: 38
[2021-08-02 23:31:59] - Result row: EntityKey[com.bluebudy.SCQ.domain.Analise#90]
[2021-08-02 23:31:59] - Result set row: 39
[2021-08-02 23:31:59] - Result row: EntityKey[com.bluebudy.SCQ.domain.Analise#88]
[2021-08-02 23:31:59] - Resolving attributes for [com.bluebudy.SCQ.domain.Analise#2008]
[2021-08-02 23:31:59] - Processing attribute `analista` : value = Alexandre
[2021-08-02 23:31:59] - Attribute (`analista`)  - enhanced for lazy-loading? - false
[2021-08-02 23:31:59] - Processing attribute `data` : value = 2021-08-02 23:31:47.745
[2021-08-02 23:31:59] - Attribute (`data`)  - enhanced for lazy-loading? - false
[2021-08-02 23:31:59] - Processing attribute `needCorrecao` : value = false
[2021-08-02 23:31:59] - Attribute (`needCorrecao`)  - enhanced for lazy-loading? - false
[2021-08-02 23:31:59] - Processing attribute `ordemDeCorrecao` : value = NOT NULL COLLECTION
[2021-08-02 23:31:59] - Attribute (`ordemDeCorrecao`)  - enhanced for lazy-loading? - false
[2021-08-02 23:31:59] - Processing attribute `parametro` : value = 19
[2021-08-02 23:31:59] - Attribute (`parametro`)  - enhanced for lazy-loading? - false
[2021-08-02 23:31:59] - Processing attribute `resultado` : value = 3.7965738758029977
[2021-08-02 23:31:59] - Attribute (`resultado`)  - enhanced for lazy-loading? - false
[2021-08-02 23:31:59] - Done materializing entity [com.bluebudy.SCQ.domain.Analise#2008]
[2021-08-02 23:31:59] - Resolving attributes for [com.bluebudy.SCQ.domain.Analise#1964]
[2021-08-02 23:31:59] - Processing attribute `analista` : value = Alexandre
[2021-08-02 23:31:59] - Attribute (`analista`)  - enhanced for lazy-loading? - false
[2021-08-02 23:31:59] - Processing attribute `data` : value = 2021-06-11 14:43:50.101
[2021-08-02 23:31:59] - Attribute (`data`)  - enhanced for lazy-loading? - false
[2021-08-02 23:31:59] - Processing attribute `needCorrecao` : value = false
[2021-08-02 23:31:59] - Attribute (`needCorrecao`)  - enhanced for lazy-loading? - false
[2021-08-02 23:31:59] - Processing attribute `ordemDeCorrecao` : value = NOT NULL COLLECTION
[2021-08-02 23:31:59] - Attribute (`ordemDeCorrecao`)  - enhanced for lazy-loading? - false
[2021-08-02 23:31:59] - Processing attribute `parametro` : value = 19
[2021-08-02 23:31:59] - Attribute (`parametro`)  - enhanced for lazy-loading? - false
[2021-08-02 23:31:59] - Processing attribute `resultado` : value = 4.7333908061959455
[2021-08-02 23:31:59] - Attribute (`resultado`)  - enhanced for lazy-loading? - false
[2021-08-02 23:31:59] - Done materializing entity [com.bluebudy.SCQ.domain.Analise#1964]
[2021-08-02 23:31:59] - Resolving attributes for [com.bluebudy.SCQ.domain.Analise#1962]
[2021-08-02 23:31:59] - Processing attribute `analista` : value = Alexandre
[2021-08-02 23:31:59] - Attribute (`analista`)  - enhanced for lazy-loading? - false
[2021-08-02 23:31:59] - Processing attribute `data` : value = 2021-06-11 14:40:57.866
[2021-08-02 23:31:59] - Attribute (`data`)  - enhanced for lazy-loading? - false
[2021-08-02 23:31:59] - Processing attribute `needCorrecao` : value = false
[2021-08-02 23:31:59] - Attribute (`needCorrecao`)  - enhanced for lazy-loading? - false
[2021-08-02 23:31:59] - Processing attribute `ordemDeCorrecao` : value = NOT NULL COLLECTION
[2021-08-02 23:31:59] - Attribute (`ordemDeCorrecao`)  - enhanced for lazy-loading? - false
[2021-08-02 23:31:59] - Processing attribute `parametro` : value = 19
[2021-08-02 23:31:59] - Attribute (`parametro`)  - enhanced for lazy-loading? - false
[2021-08-02 23:31:59] - Processing attribute `resultado` : value = 4.7333908061959455
[2021-08-02 23:31:59] - Attribute (`resultado`)  - enhanced for lazy-loading? - false
[2021-08-02 23:31:59] - Done materializing entity [com.bluebudy.SCQ.domain.Analise#1962]
[2021-08-02 23:31:59] - Resolving attributes for [com.bluebudy.SCQ.domain.Analise#1959]
[2021-08-02 23:31:59] - Processing attribute `analista` : value = Alexandre
[2021-08-02 23:31:59] - Attribute (`analista`)  - enhanced for lazy-loading? - false
[2021-08-02 23:31:59] - Processing attribute `data` : value = 2021-06-11 14:40:08.269
[2021-08-02 23:31:59] - Attribute (`data`)  - enhanced for lazy-loading? - false
[2021-08-02 23:31:59] - Processing attribute `needCorrecao` : value = false
[2021-08-02 23:31:59] - Attribute (`needCorrecao`)  - enhanced for lazy-loading? - false
[2021-08-02 23:31:59] - Processing attribute `ordemDeCorrecao` : value = NOT NULL COLLECTION
[2021-08-02 23:31:59] - Attribute (`ordemDeCorrecao`)  - enhanced for lazy-loading? - false
[2021-08-02 23:31:59] - Processing attribute `parametro` : value = 19
[2021-08-02 23:31:59] - Attribute (`parametro`)  - enhanced for lazy-loading? - false
[2021-08-02 23:31:59] - Processing attribute `resultado` : value = 4.7333908061959455
[2021-08-02 23:31:59] - Attribute (`resultado`)  - enhanced for lazy-loading? - false
[2021-08-02 23:31:59] - Done materializing entity [com.bluebudy.SCQ.domain.Analise#1959]
