[2021-08-02 23:31:59] - Attribute (`tipoNotificacao`)  - enhanced for lazy-loading? - false
[2021-08-02 23:31:59] - Done materializing entity [com.bluebudy.SCQ.domain.Notificacao#88]
[2021-08-02 23:31:59] - Resolving attributes for [com.bluebudy.SCQ.domain.Notificacao#89]
[2021-08-02 23:31:59] - Processing attribute `messagem` : value = Tarefa: do processo Zinco Ácido - L3 codigo da instruçao de trabalho MIMP
[2021-08-02 23:31:59] - Attribute (`messagem`)  - enhanced for lazy-loading? - false
[2021-08-02 23:31:59] - Processing attribute `refId` : value = 15
[2021-08-02 23:31:59] - Attribute (`refId`)  - enhanced for lazy-loading? - false
[2021-08-02 23:31:59] - Processing attribute `status` : value = AGUARDANDO
[2021-08-02 23:31:59] - Attribute (`status`)  - enhanced for lazy-loading? - false
[2021-08-02 23:31:59] - Processing attribute `tipoNotificacao` : value = Tarefa
[2021-08-02 23:31:59] - Attribute (`tipoNotificacao`)  - enhanced for lazy-loading? - false
[2021-08-02 23:31:59] - Done materializing entity [com.bluebudy.SCQ.domain.Notificacao#89]
[2021-08-02 23:31:59] - Resolving attributes for [com.bluebudy.SCQ.domain.Notificacao#90]
[2021-08-02 23:31:59] - Processing attribute `messagem` : value = Analise: Concentracao etapa Desengraxante Eletrolítico processo Zinco Ácido - L3 tanque 21 esta atrasado 
[2021-08-02 23:31:59] - Attribute (`messagem`)  - enhanced for lazy-loading? - false
[2021-08-02 23:31:59] - Processing attribute `refId` : value = 1
[2021-08-02 23:31:59] - Attribute (`refId`)  - enhanced for lazy-loading? - false
[2021-08-02 23:31:59] - Processing attribute `status` : value = AGUARDANDO
[2021-08-02 23:31:59] - Attribute (`status`)  - enhanced for lazy-loading? - false
[2021-08-02 23:31:59] - Processing attribute `tipoNotificacao` : value = Analise
[2021-08-02 23:31:59] - Attribute (`tipoNotificacao`)  - enhanced for lazy-loading? - false
[2021-08-02 23:31:59] - Done materializing entity [com.bluebudy.SCQ.domain.Notificacao#90]
[2021-08-02 23:31:59] - Resolving attributes for [com.bluebudy.SCQ.domain.Notificacao#92]
[2021-08-02 23:31:59] - Processing attribute `messagem` : value = Analise: Tensão etapa Desengraxante Eletrolítico processo Zinco Ácido - L3 tanque 21 esta atrasado 
[2021-08-02 23:31:59] - Attribute (`messagem`)  - enhanced for lazy-loading? - false
[2021-08-02 23:31:59] - Processing attribute `refId` : value = 4
[2021-08-02 23:31:59] - Attribute (`refId`)  - enhanced for lazy-loading? - false
[2021-08-02 23:31:59] - Processing attribute `status` : value = AGUARDANDO
[2021-08-02 23:31:59] - Attribute (`status`)  - enhanced for lazy-loading? - false
[2021-08-02 23:31:59] - Processing attribute `tipoNotificacao` : value = Analise
[2021-08-02 23:31:59] - Attribute (`tipoNotificacao`)  - enhanced for lazy-loading? - false
[2021-08-02 23:31:59] - Done materializing entity [com.bluebudy.SCQ.domain.Notificacao#92]
[2021-08-02 23:31:59] - Resolving attributes for [com.bluebudy.SCQ.domain.Notificacao#93]
[2021-08-02 23:31:59] - Processing attribute `messagem` : value = Analise: Concentracao etapa Ativação Clorídrica processo Zinco Ácido - L3 tanque 26 esta atrasado 
[2021-08-02 23:31:59] - Attribute (`messagem`)  - enhanced for lazy-loading? - false
[2021-08-02 23:31:59] - Processing attribute `refId` : value = 48
[2021-08-02 23:31:59] - Attribute (`refId`)  - enhanced for lazy-loading? - false
[2021-08-02 23:31:59] - Processing attribute `status` : value = AGUARDANDO
[2021-08-02 23:31:59] - Attribute (`status`)  - enhanced for lazy-loading? - false
[2021-08-02 23:31:59] - Processing attribute `tipoNotificacao` : value = Analise
[2021-08-02 23:31:59] - Attribute (`tipoNotificacao`)  - enhanced for lazy-loading? - false
[2021-08-02 23:31:59] - Done materializing entity [com.bluebudy.SCQ.domain.Notificacao#93]
[2021-08-02 23:31:59] - Resolving attributes for [com.bluebudy.SCQ.domain.Notificacao#94]
[2021-08-02 23:31:59] - Processing attribute `messagem` : value = Analise: Temperatura etapa Desengraxante Químico processo Zinco Ácido - L3 tanque 15 esta atrasado 
[2021-08-02 23:31:59] - Attribute (`messagem`)  - enhanced for lazy-loading? - false
[2021-08-02 23:31:59] - Processing attribute `refId` : value = 53
[2021-08-02 23:31:59] - Attribute (`refId`)  - enhanced for lazy-loading? - false
[2021-08-02 23:31:59] - Processing attribute `status` : value = AGUARDANDO
[2021-08-02 23:31:59] - Attribute (`status`)  - enhanced for lazy-loading? - false
[2021-08-02 23:31:59] - Processing attribute `tipoNotificacao` : value = Analise
[2021-08-02 23:31:59] - Attribute (`tipoNotificacao`)  - enhanced for lazy-loading? - false
[2021-08-02 23:31:59] - Done materializing entity [com.bluebudy.SCQ.domain.Notificacao#94]
[2021-08-02 23:31:59] - Resolving attributes for [com.bluebudy.SCQ.domain.Notificacao#95]
[2021-08-02 23:31:59] - Processing attribute `messagem` : value = Analise: Concentracao etapa Desengraxante Químico processo Zinco Ácido - L3 tanque 15 esta atrasado 
[2021-08-02 23:31:59] - Attribute (`messagem`)  - enhanced for lazy-loading? - false
[2021-08-02 23:31:59] - Processing attribute `refId` : value = 56
[2021-08-02 23:31:59] - Attribute (`refId`)  - enhanced for lazy-loading? - false
[2021-08-02 23:31:59] - Processing attribute `status` : value = AGUARDANDO
[2021-08-02 23:31:59] - Attribute (`status`)  - enhanced for lazy-loading? - false
[2021-08-02 23:31:59] - Processing attribute `tipoNotificacao` : value = Analise
[2021-08-02 23:31:59] - Attribute (`tipoNotificacao`)  - enhanced for lazy-loading? - false
[2021-08-02 23:31:59] - Done materializing entity [com.bluebudy.SCQ.domain.Notificacao#95]
[2021-08-02 23:31:59] - Resolving attributes for [com.bluebudy.SCQ.domain.Notificacao#96]
[2021-08-02 23:31:59] - Processing attribute `messagem` : value = Analise: tretaparam etapa Desengraxante Químico processo Zinco Ácido - L3 tanque 15 esta atrasado 
[2021-08-02 23:31:59] - Attribute (`messagem`)  - enhanced for lazy-loading? - false
[2021-08-02 23:31:59] - Processing attribute `refId` : value = 57
[2021-08-02 23:31:59] - Attribute (`refId`)  - enhanced for lazy-loading? - false
[2021-08-02 23:31:59] - Processing attribute `status` : value = AGUARDANDO
[2021-08-02 23:31:59] - Attribute (`status`)  - enhanced for lazy-loading? - false
[2021-08-02 23:31:59] - Processing attribute `tipoNotificacao` : value = Analise
[2021-08-02 23:31:59] - Attribute (`tipoNotificacao`)  - enhanced for lazy-loading? - false
[2021-08-02 23:31:59] - Done materializing entity [com.bluebudy.SCQ.domain.Notificacao#96]
[2021-08-02 23:31:59] - Resolving attributes for [com.bluebudy.SCQ.domain.Notificacao#97]
[2021-08-02 23:31:59] - Processing attribute `messagem` : value = Troca: da etapa Estufa Tanque 3 processo Zinco Ácido - L3 Motado com: 
[2021-08-02 23:31:59] - Attribute (`messagem`)  - enhanced for lazy-loading? - false
[2021-08-02 23:31:59] - Processing attribute `refId` : value = 11
[2021-08-02 23:31:59] - Attribute (`refId`)  - enhanced for lazy-loading? - false
[2021-08-02 23:31:59] - Processing attribute `status` : value = AGUARDANDO
[2021-08-02 23:31:59] - Attribute (`status`)  - enhanced for lazy-loading? - false
[2021-08-02 23:31:59] - Processing attribute `tipoNotificacao` : value = Troca
[2021-08-02 23:31:59] - Attribute (`tipoNotificacao`)  - enhanced for lazy-loading? - false
[2021-08-02 23:31:59] - Done materializing entity [com.bluebudy.SCQ.domain.Notificacao#97]
[2021-08-02 23:31:59] - Resolving attributes for [com.bluebudy.SCQ.domain.Notificacao#98]
[2021-08-02 23:31:59] - Processing attribute `messagem` : value = Troca: da etapa Joao Master seila Tanque 12 processo Treta Process Motado com:  - Endox A 75.0
[2021-08-02 23:31:59] - Attribute (`messagem`)  - enhanced for lazy-loading? - false
[2021-08-02 23:31:59] - Processing attribute `refId` : value = 12
[2021-08-02 23:31:59] - Attribute (`refId`)  - enhanced for lazy-loading? - false
[2021-08-02 23:31:59] - Processing attribute `status` : value = AGUARDANDO
[2021-08-02 23:31:59] - Attribute (`status`)  - enhanced for lazy-loading? - false
[2021-08-02 23:31:59] - Processing attribute `tipoNotificacao` : value = Troca
[2021-08-02 23:31:59] - Attribute (`tipoNotificacao`)  - enhanced for lazy-loading? - false
[2021-08-02 23:31:59] - Done materializing entity [com.bluebudy.SCQ.domain.Notificacao#98]
[2021-08-02 23:31:59] - Resolving attributes for [com.bluebudy.SCQ.domain.Notificacao#99]
[2021-08-02 23:31:59] - Processing attribute `messagem` : value = Analise: Concentracao etapa Desengraxante Químico processo Zinco Ácido - L3 tanque 15 esta atrasado 
[2021-08-02 23:31:59] - Attribute (`messagem`)  - enhanced for lazy-loading? - false
[2021-08-02 23:31:59] - Processing attribute `refId` : value = 55
[2021-08-02 23:31:59] - Attribute (`refId`)  - enhanced for lazy-loading? - false
[2021-08-02 23:31:59] - Processing attribute `status` : value = AGUARDANDO
[2021-08-02 23:31:59] - Attribute (`status`)  - enhanced for lazy-loading? - false
[2021-08-02 23:31:59] - Processing attribute `tipoNotificacao` : value = Analise
[2021-08-02 23:31:59] - Attribute (`tipoNotificacao`)  - enhanced for lazy-loading? - false
[2021-08-02 23:31:59] - Done materializing entity [com.bluebudy.SCQ.domain.Notificacao#99]
[2021-08-02 23:31:59] - Resolving attributes for [com.bluebudy.SCQ.domain.Notificacao#100]
[2021-08-02 23:31:59] - Processing attribute `messagem` : value = Analise: Concentracao dura etapa Desengraxante Super Químico processo L3 - Zinco Ácido tanque 15 esta atrasado 
[2021-08-02 23:31:59] - Attribute (`messagem`)  - enhanced for lazy-loading? - false
[2021-08-02 23:31:59] - Processing attribute `refId` : value = 51
[2021-08-02 23:31:59] - Attribute (`refId`)  - enhanced for lazy-loading? - false
[2021-08-02 23:31:59] - Processing attribute `status` : value = AGUARDANDO
[2021-08-02 23:31:59] - Attribute (`status`)  - enhanced for lazy-loading? - false
[2021-08-02 23:31:59] - Processing attribute `tipoNotificacao` : value = Analise
[2021-08-02 23:31:59] - Attribute (`tipoNotificacao`)  - enhanced for lazy-loading? - false
[2021-08-02 23:31:59] - Done materializing entity [com.bluebudy.SCQ.domain.Notificacao#100]
[2021-08-02 23:31:59] - Resolving attributes for [com.bluebudy.SCQ.domain.Notificacao#101]
[2021-08-02 23:31:59] - Processing attribute `messagem` : value = Acao: Etapa Desengraxante Super Químico problema de parametro Temperatura processo L3 - Zinco Ácido esta atrasado 
[2021-08-02 23:31:59] - Attribute (`messagem`)  - enhanced for lazy-loading? - false
[2021-08-02 23:31:59] - Processing attribute `refId` : value = 4
[2021-08-02 23:31:59] - Attribute (`refId`)  - enhanced for lazy-loading? - false
[2021-08-02 23:31:59] - Processing attribute `status` : value = AGUARDANDO
[2021-08-02 23:31:59] - Attribute (`status`)  - enhanced for lazy-loading? - false
[2021-08-02 23:31:59] - Processing attribute `tipoNotificacao` : value = acao
[2021-08-02 23:31:59] - Attribute (`tipoNotificacao`)  - enhanced for lazy-loading? - false
[2021-08-02 23:31:59] - Done materializing entity [com.bluebudy.SCQ.domain.Notificacao#101]
[2021-08-02 23:31:59] - Resolving attributes for [com.bluebudy.SCQ.domain.Notificacao#102]
[2021-08-02 23:31:59] - Processing attribute `messagem` : value = Acao: Etapa Desengraxante Super Químico problema de parametro Temperatura processo L3 - Zinco Ácido esta atrasado 
[2021-08-02 23:31:59] - Attribute (`messagem`)  - enhanced for lazy-loading? - false
[2021-08-02 23:31:59] - Processing attribute `refId` : value = 5
[2021-08-02 23:31:59] - Attribute (`refId`)  - enhanced for lazy-loading? - false
[2021-08-02 23:31:59] - Processing attribute `status` : value = AGUARDANDO
[2021-08-02 23:31:59] - Attribute (`status`)  - enhanced for lazy-loading? - false
[2021-08-02 23:31:59] - Processing attribute `tipoNotificacao` : value = acao
[2021-08-02 23:31:59] - Attribute (`tipoNotificacao`)  - enhanced for lazy-loading? - false
[2021-08-02 23:31:59] - Done materializing entity [com.bluebudy.SCQ.domain.Notificacao#102]
[2021-08-02 23:31:59] - Resolving attributes for [com.bluebudy.SCQ.domain.Notificacao#103]
[2021-08-02 23:31:59] - Processing attribute `messagem` : value = Analise: Teor de Sólido etapa Selante processo L3 - Zinco Ácido tanque 5 esta atrasado 
[2021-08-02 23:31:59] - Attribute (`messagem`)  - enhanced for lazy-loading? - false
[2021-08-02 23:31:59] - Processing attribute `refId` : value = 43
[2021-08-02 23:31:59] - Attribute (`refId`)  - enhanced for lazy-loading? - false
[2021-08-02 23:31:59] - Processing attribute `status` : value = AGUARDANDO
[2021-08-02 23:31:59] - Attribute (`status`)  - enhanced for lazy-loading? - false
[2021-08-02 23:31:59] - Processing attribute `tipoNotificacao` : value = Analise
[2021-08-02 23:31:59] - Attribute (`tipoNotificacao`)  - enhanced for lazy-loading? - false
[2021-08-02 23:31:59] - Done materializing entity [com.bluebudy.SCQ.domain.Notificacao#103]
[2021-08-02 23:31:59] - Resolving attributes for [com.bluebudy.SCQ.domain.Notificacao#104]
[2021-08-02 23:31:59] - Processing attribute `messagem` : value = Analise: Concentracao etapa Decapante processo L3 - Zinco Ácido tanque 18 esta atrasado 
[2021-08-02 23:31:59] - Attribute (`messagem`)  - enhanced for lazy-loading? - false
[2021-08-02 23:31:59] - Processing attribute `refId` : value = 45
[2021-08-02 23:31:59] - Attribute (`refId`)  - enhanced for lazy-loading? - false
[2021-08-02 23:31:59] - Processing attribute `status` : value = AGUARDANDO
[2021-08-02 23:31:59] - Attribute (`status`)  - enhanced for lazy-loading? - false
[2021-08-02 23:31:59] - Processing attribute `tipoNotificacao` : value = Analise
[2021-08-02 23:31:59] - Attribute (`tipoNotificacao`)  - enhanced for lazy-loading? - false
[2021-08-02 23:31:59] - Done materializing entity [com.bluebudy.SCQ.domain.Notificacao#104]
[2021-08-02 23:31:59] - Resolving attributes for [com.bluebudy.SCQ.domain.Notificacao#105]
[2021-08-02 23:31:59] - Processing attribute `messagem` : value = Acao: Etapa Desengraxante Super Químico problema de parametro Temperatura processo L3 - Zinco Ácido esta atrasado 
[2021-08-02 23:31:59] - Attribute (`messagem`)  - enhanced for lazy-loading? - false
[2021-08-02 23:31:59] - Processing attribute `refId` : value = 3
[2021-08-02 23:31:59] - Attribute (`refId`)  - enhanced for lazy-loading? - false
[2021-08-02 23:31:59] - Processing attribute `status` : value = AGUARDANDO
[2021-08-02 23:31:59] - Attribute (`status`)  - enhanced for lazy-loading? - false
[2021-08-02 23:31:59] - Processing attribute `tipoNotificacao` : value = acao
[2021-08-02 23:31:59] - Attribute (`tipoNotificacao`)  - enhanced for lazy-loading? - false
[2021-08-02 23:31:59] - Done materializing entity [com.bluebudy.SCQ.domain.Notificacao#105]
[2021-08-02 23:31:59] - Resolving attributes for [com.bluebudy.SCQ.domain.Notificacao#108]
[2021-08-02 23:31:59] - Processing attribute `messagem` : value = Analise: Temperatura etapa Desengraxante Super Químico processo L3 - Zinco Ácido tanque 15 esta atrasado 
[2021-08-02 23:31:59] - Attribute (`messagem`)  - enhanced for lazy-loading? - false
[2021-08-02 23:31:59] - Processing attribute `refId` : value = 3
[2021-08-02 23:31:59] - Attribute (`refId`)  - enhanced for lazy-loading? - false
[2021-08-02 23:31:59] - Processing attribute `status` : value = AGUARDANDO
[2021-08-02 23:31:59] - Attribute (`status`)  - enhanced for lazy-loading? - false
[2021-08-02 23:31:59] - Processing attribute `tipoNotificacao` : value = Analise
[2021-08-02 23:31:59] - Attribute (`tipoNotificacao`)  - enhanced for lazy-loading? - false
[2021-08-02 23:31:59] - Done materializing entity [com.bluebudy.SCQ.domain.Notificacao#108]
[2021-08-02 23:31:59] - Resolving attributes for [com.bluebudy.SCQ.domain.Notificacao#109]
[2021-08-02 23:31:59] - Processing attribute `messagem` : value = Acao: Etapa Desengraxante Super Químico problema de parametro Temperatura processo L3 - Zinco Ácido esta atrasado 
[2021-08-02 23:31:59] - Attribute (`messagem`)  - enhanced for lazy-loading? - false
[2021-08-02 23:31:59] - Processing attribute `refId` : value = 2
[2021-08-02 23:31:59] - Attribute (`refId`)  - enhanced for lazy-loading? - false
[2021-08-02 23:31:59] - Processing attribute `status` : value = AGUARDANDO
[2021-08-02 23:31:59] - Attribute (`status`)  - enhanced for lazy-loading? - false
[2021-08-02 23:31:59] - Processing attribute `tipoNotificacao` : value = acao
[2021-08-02 23:31:59] - Attribute (`tipoNotificacao`)  - enhanced for lazy-loading? - false
[2021-08-02 23:31:59] - Done materializing entity [com.bluebudy.SCQ.domain.Notificacao#109]
[2021-08-02 23:31:59] - Resolving attributes for [com.bluebudy.SCQ.domain.Notificacao#110]
[2021-08-02 23:31:59] - Processing attribute `messagem` : value = Analise: Tensão etapa balacupabaco processo Treta Process tanque 31 esta atrasado 
[2021-08-02 23:31:59] - Attribute (`messagem`)  - enhanced for lazy-loading? - false
[2021-08-02 23:31:59] - Processing attribute `refId` : value = 52
[2021-08-02 23:31:59] - Attribute (`refId`)  - enhanced for lazy-loading? - false
[2021-08-02 23:31:59] - Processing attribute `status` : value = AGUARDANDO
[2021-08-02 23:31:59] - Attribute (`status`)  - enhanced for lazy-loading? - false
[2021-08-02 23:31:59] - Processing attribute `tipoNotificacao` : value = Analise
[2021-08-02 23:31:59] - Attribute (`tipoNotificacao`)  - enhanced for lazy-loading? - false
[2021-08-02 23:31:59] - Done materializing entity [com.bluebudy.SCQ.domain.Notificacao#110]
[2021-08-02 23:31:59] - Resolving attributes for [com.bluebudy.SCQ.domain.Notificacao#111]
[2021-08-02 23:31:59] - Processing attribute `messagem` : value = Analise: Concentracao etapa Decapante processo Cromo Duro III tanque 30 esta atrasado 
[2021-08-02 23:31:59] - Attribute (`messagem`)  - enhanced for lazy-loading? - false
[2021-08-02 23:31:59] - Processing attribute `refId` : value = 61
[2021-08-02 23:31:59] - Attribute (`refId`)  - enhanced for lazy-loading? - false
[2021-08-02 23:31:59] - Processing attribute `status` : value = AGUARDANDO
[2021-08-02 23:31:59] - Attribute (`status`)  - enhanced for lazy-loading? - false
[2021-08-02 23:31:59] - Processing attribute `tipoNotificacao` : value = Analise
[2021-08-02 23:31:59] - Attribute (`tipoNotificacao`)  - enhanced for lazy-loading? - false
[2021-08-02 23:31:59] - Done materializing entity [com.bluebudy.SCQ.domain.Notificacao#111]
[2021-08-02 23:31:59] - Resolving attributes for [com.bluebudy.SCQ.domain.Notificacao#113]
[2021-08-02 23:31:59] - Processing attribute `messagem` : value = Acao: Etapa Selante problema de parametro Temperatura processo L3 - Zinco Ácido esta atrasado 
[2021-08-02 23:31:59] - Attribute (`messagem`)  - enhanced for lazy-loading? - false
[2021-08-02 23:31:59] - Processing attribute `refId` : value = 8
[2021-08-02 23:31:59] - Attribute (`refId`)  - enhanced for lazy-loading? - false
[2021-08-02 23:31:59] - Processing attribute `status` : value = AGUARDANDO
[2021-08-02 23:31:59] - Attribute (`status`)  - enhanced for lazy-loading? - false
[2021-08-02 23:31:59] - Processing attribute `tipoNotificacao` : value = acao
[2021-08-02 23:31:59] - Attribute (`tipoNotificacao`)  - enhanced for lazy-loading? - false
[2021-08-02 23:31:59] - Done materializing entity [com.bluebudy.SCQ.domain.Notificacao#113]
[2021-08-02 23:31:59] - Resolving attributes for [com.bluebudy.SCQ.domain.Notificacao#114]
[2021-08-02 23:31:59] - Processing attribute `messagem` : value = Acao: Etapa Selante problema de parametro Temperatura processo L3 - Zinco Ácido esta atrasado 
[2021-08-02 23:31:59] - Attribute (`messagem`)  - enhanced for lazy-loading? - false
[2021-08-02 23:31:59] - Processing attribute `refId` : value = 9
[2021-08-02 23:31:59] - Attribute (`refId`)  - enhanced for lazy-loading? - false
[2021-08-02 23:31:59] - Processing attribute `status` : value = AGUARDANDO
[2021-08-02 23:31:59] - Attribute (`status`)  - enhanced for lazy-loading? - false
[2021-08-02 23:31:59] - Processing attribute `tipoNotificacao` : value = acao
[2021-08-02 23:31:59] - Attribute (`tipoNotificacao`)  - enhanced for lazy-loading? - false
[2021-08-02 23:31:59] - Done materializing entity [com.bluebudy.SCQ.domain.Notificacao#114]
[2021-08-02 23:31:59] - Resolving attributes for [com.bluebudy.SCQ.domain.Notificacao#115]
[2021-08-02 23:31:59] - Processing attribute `messagem` : value = Analise: Temperatura etapa Selante processo L3 - Zinco Ácido tanque 5 esta atrasado 
[2021-08-02 23:31:59] - Attribute (`messagem`)  - enhanced for lazy-loading? - false
[2021-08-02 23:31:59] - Processing attribute `refId` : value = 6
[2021-08-02 23:31:59] - Attribute (`refId`)  - enhanced for lazy-loading? - false
[2021-08-02 23:31:59] - Processing attribute `status` : value = AGUARDANDO
[2021-08-02 23:31:59] - Attribute (`status`)  - enhanced for lazy-loading? - false
[2021-08-02 23:31:59] - Processing attribute `tipoNotificacao` : value = Analise
[2021-08-02 23:31:59] - Attribute (`tipoNotificacao`)  - enhanced for lazy-loading? - false
[2021-08-02 23:31:59] - Done materializing entity [com.bluebudy.SCQ.domain.Notificacao#115]
[2021-08-02 23:31:59] - Creating new EntityManager for shared EntityManager invocation
[2021-08-02 23:31:59] - Rendered criteria query -> select generatedAlias0 from User as generatedAlias0 where generatedAlias0.mail=:param0
[2021-08-02 23:31:59] - select user0_.id as id1_14_, user0_.admin as admin2_14_, user0_.enabled as enabled3_14_, user0_.mail as mail4_14_, user0_.name as name5_14_, user0_.password as password6_14_ from user user0_ where user0_.mail=?
[2021-08-02 23:31:59] - Result set row: 0
[2021-08-02 23:31:59] - Result row: EntityKey[com.bluebudy.SCQ.domain.User#1]
[2021-08-02 23:31:59] - Resolving attributes for [com.bluebudy.SCQ.domain.User#1]
[2021-08-02 23:31:59] - Processing attribute `admin` : value = true
[2021-08-02 23:31:59] - Attribute (`admin`)  - enhanced for lazy-loading? - false
[2021-08-02 23:31:59] - Processing attribute `enabled` : value = true
[2021-08-02 23:31:59] - Attribute (`enabled`)  - enhanced for lazy-loading? - false
[2021-08-02 23:31:59] - Processing attribute `mail` : value = Alexandre@cationbrasil.com.br
[2021-08-02 23:31:59] - Attribute (`mail`)  - enhanced for lazy-loading? - false
[2021-08-02 23:31:59] - Processing attribute `name` : value = Alexandre
[2021-08-02 23:31:59] - Attribute (`name`)  - enhanced for lazy-loading? - false
[2021-08-02 23:31:59] - Processing attribute `password` : value = $2a$10$jkkH12mWrSy9ijRj7Xg2XeRpZ2swGujWHa4f8PwXEYGen.K0dMaRO
[2021-08-02 23:31:59] - Attribute (`password`)  - enhanced for lazy-loading? - false
[2021-08-02 23:31:59] - Done materializing entity [com.bluebudy.SCQ.domain.User#1]
[2021-08-02 23:31:59] - /parametros at position 7 of 12 in additional filter chain; firing Filter: 'RequestCacheAwareFilter'
[2021-08-02 23:31:59] - /parametros at position 8 of 12 in additional filter chain; firing Filter: 'SecurityContextHolderAwareRequestFilter'
[2021-08-02 23:31:59] - /parametros at position 9 of 12 in additional filter chain; firing Filter: 'AnonymousAuthenticationFilter'
[2021-08-02 23:31:59] - SecurityContextHolder not populated with anonymous token, as it already contained: 'org.springframework.security.authentication.UsernamePasswordAuthenticationToken@93431b58: Principal: com.bluebudy.SCQ.domain.User@68022f4e; Credentials: [PROTECTED]; Authenticated: true; Details: null; Granted Authorities: ROLE_USER, ROLE_ADMIN'
[2021-08-02 23:31:59] - /parametros at position 10 of 12 in additional filter chain; firing Filter: 'SessionManagementFilter'
[2021-08-02 23:31:59] - Delegating to org.springframework.security.web.authentication.session.ChangeSessionIdAuthenticationStrategy@205eabac
[2021-08-02 23:31:59] - /parametros at position 11 of 12 in additional filter chain; firing Filter: 'ExceptionTranslationFilter'
[2021-08-02 23:31:59] - /parametros at position 12 of 12 in additional filter chain; firing Filter: 'FilterSecurityInterceptor'
[2021-08-02 23:31:59] - Request 'GET /parametros' doesn't match 'POST /auth'
[2021-08-02 23:31:59] - Request 'GET /parametros' doesn't match 'POST /user/registration'
[2021-08-02 23:31:59] - Checking match of request : '/parametros'; against '/regitrationConfirm/*'
[2021-08-02 23:31:59] - Checking match of request : '/parametros'; against '/user/adminRoleGrant/*'
[2021-08-02 23:31:59] - Request 'GET /parametros' doesn't match 'POST /gs-guide-websocket/**'
[2021-08-02 23:31:59] - Checking match of request : '/parametros'; against '/gs-guide-websocket/**'
[2021-08-02 23:31:59] - Checking match of request : '/parametros'; against '/hCheck'
[2021-08-02 23:31:59] - Secure object: FilterInvocation: URL: /parametros; Attributes: [authenticated]
[2021-08-02 23:31:59] - Previously Authenticated: org.springframework.security.authentication.UsernamePasswordAuthenticationToken@93431b58: Principal: com.bluebudy.SCQ.domain.User@68022f4e; Credentials: [PROTECTED]; Authenticated: true; Details: null; Granted Authorities: ROLE_USER, ROLE_ADMIN
[2021-08-02 23:32:00] - Using 'application/json', given [application/json, text/plain, */*] and supported [application/json, application/*+json, application/json, application/*+json]
[2021-08-02 23:32:00] - Voter: org.springframework.security.web.access.expression.WebExpressionVoter@57d27bce, returned: 1
[2021-08-02 23:32:00] - Creating new EntityManager for shared EntityManager invocation
[2021-08-02 23:32:00] - Authorization successful
[2021-08-02 23:32:00] - RunAsManager did not change Authentication object
[2021-08-02 23:32:00] - Writing [[com.bluebudy.SCQ.domain.Notificacao@57296e67, com.bluebudy.SCQ.domain.Notificacao@63b1772d, com.blu (truncated)...]
[2021-08-02 23:32:00] - /parametros reached end of additional filter chain; proceeding with original chain
[2021-08-02 23:32:00] - Rendered criteria query -> select generatedAlias0 from User as generatedAlias0 where generatedAlias0.mail=:param0
[2021-08-02 23:32:00] - GET "/parametros", parameters={}
[2021-08-02 23:32:00] - select user0_.id as id1_14_, user0_.admin as admin2_14_, user0_.enabled as enabled3_14_, user0_.mail as mail4_14_, user0_.name as name5_14_, user0_.password as password6_14_ from user user0_ where user0_.mail=?
[2021-08-02 23:32:00] - Mapped to com.bluebudy.SCQ.controllers.ParametroController#all()
[2021-08-02 23:32:00] - Result set row: 0
[2021-08-02 23:32:00] - Result row: EntityKey[com.bluebudy.SCQ.domain.User#1]
[2021-08-02 23:32:00] - Resolving attributes for [com.bluebudy.SCQ.domain.User#1]
[2021-08-02 23:32:00] - Processing attribute `admin` : value = true
[2021-08-02 23:32:00] - Attribute (`admin`)  - enhanced for lazy-loading? - false
[2021-08-02 23:32:00] - Processing attribute `enabled` : value = true
[2021-08-02 23:32:00] - Attribute (`enabled`)  - enhanced for lazy-loading? - false
[2021-08-02 23:32:00] - Processing attribute `mail` : value = Alexandre@cationbrasil.com.br
[2021-08-02 23:32:00] - Attribute (`mail`)  - enhanced for lazy-loading? - false
[2021-08-02 23:32:00] - Processing attribute `name` : value = Alexandre
[2021-08-02 23:32:00] - Attribute (`name`)  - enhanced for lazy-loading? - false
[2021-08-02 23:32:00] - Processing attribute `password` : value = $2a$10$jkkH12mWrSy9ijRj7Xg2XeRpZ2swGujWHa4f8PwXEYGen.K0dMaRO
[2021-08-02 23:32:00] - Attribute (`password`)  - enhanced for lazy-loading? - false
[2021-08-02 23:32:00] - Not injecting HSTS header since it did not match the requestMatcher org.springframework.security.web.header.writers.HstsHeaderWriter$SecureRequestMatcher@772ee90d
[2021-08-02 23:32:00] - Done materializing entity [com.bluebudy.SCQ.domain.User#1]
[2021-08-02 23:32:00] - Opening JPA EntityManager in OpenEntityManagerInViewInterceptor
[2021-08-02 23:32:00] - /ocpsList at position 7 of 12 in additional filter chain; firing Filter: 'RequestCacheAwareFilter'
[2021-08-02 23:32:00] - /ocpsList at position 8 of 12 in additional filter chain; firing Filter: 'SecurityContextHolderAwareRequestFilter'
[2021-08-02 23:32:00] - /ocpsList at position 9 of 12 in additional filter chain; firing Filter: 'AnonymousAuthenticationFilter'
[2021-08-02 23:32:00] - SecurityContextHolder not populated with anonymous token, as it already contained: 'org.springframework.security.authentication.UsernamePasswordAuthenticationToken@a1fbbe4d: Principal: com.bluebudy.SCQ.domain.User@5aba8a5b; Credentials: [PROTECTED]; Authenticated: true; Details: null; Granted Authorities: ROLE_USER, ROLE_ADMIN'
[2021-08-02 23:32:00] - /ocpsList at position 10 of 12 in additional filter chain; firing Filter: 'SessionManagementFilter'
[2021-08-02 23:32:00] - Delegating to org.springframework.security.web.authentication.session.ChangeSessionIdAuthenticationStrategy@205eabac
[2021-08-02 23:32:00] - /ocpsList at position 11 of 12 in additional filter chain; firing Filter: 'ExceptionTranslationFilter'
[2021-08-02 23:32:00] - /ocpsList at position 12 of 12 in additional filter chain; firing Filter: 'FilterSecurityInterceptor'
[2021-08-02 23:32:00] - Request 'GET /ocpsList' doesn't match 'POST /auth'
[2021-08-02 23:32:00] - Request 'GET /ocpsList' doesn't match 'POST /user/registration'
[2021-08-02 23:32:00] - Checking match of request : '/ocpsList'; against '/regitrationConfirm/*'
[2021-08-02 23:32:00] - Found thread-bound EntityManager [SessionImpl(980016744<open>)] for JPA transaction
[2021-08-02 23:32:00] - Creating new transaction with name [org.springframework.data.jpa.repository.support.SimpleJpaRepository.findAll]: PROPAGATION_REQUIRED,ISOLATION_DEFAULT,readOnly
[2021-08-02 23:32:00] - Checking match of request : '/ocpsList'; against '/user/adminRoleGrant/*'
[2021-08-02 23:32:00] - Request 'GET /ocpsList' doesn't match 'POST /gs-guide-websocket/**'
[2021-08-02 23:32:00] - Checking match of request : '/ocpsList'; against '/gs-guide-websocket/**'
[2021-08-02 23:32:00] - Checking match of request : '/ocpsList'; against '/hCheck'
[2021-08-02 23:32:00] - Secure object: FilterInvocation: URL: /ocpsList; Attributes: [authenticated]
[2021-08-02 23:32:00] - Setting JDBC Connection [HikariProxyConnection@434351994 wrapping com.mysql.cj.jdbc.ConnectionImpl@267eb267] read-only
[2021-08-02 23:32:00] - Previously Authenticated: org.springframework.security.authentication.UsernamePasswordAuthenticationToken@a1fbbe4d: Principal: com.bluebudy.SCQ.domain.User@5aba8a5b; Credentials: [PROTECTED]; Authenticated: true; Details: null; Granted Authorities: ROLE_USER, ROLE_ADMIN
[2021-08-02 23:32:00] - Voter: org.springframework.security.web.access.expression.WebExpressionVoter@57d27bce, returned: 1
[2021-08-02 23:32:00] - Authorization successful
[2021-08-02 23:32:00] - RunAsManager did not change Authentication object
[2021-08-02 23:32:00] - On TransactionImpl creation, JpaCompliance#isJpaTransactionComplianceEnabled == false
[2021-08-02 23:32:00] - /ocpsList reached end of additional filter chain; proceeding with original chain
[2021-08-02 23:32:00] - begin
[2021-08-02 23:32:00] - GET "/ocpsList", parameters={}
[2021-08-02 23:32:00] - Exposing JPA transaction as JDBC [org.springframework.orm.jpa.vendor.HibernateJpaDialect$HibernateConnectionHandle@60629b57]
[2021-08-02 23:32:00] - Mapped to com.bluebudy.SCQ.controllers.OrdemDeCorrecaoController#listarOrdemDeCorrecao()
[2021-08-02 23:32:00] - Opening JPA EntityManager in OpenEntityManagerInViewInterceptor
[2021-08-02 23:32:00] - Rendered criteria query -> select generatedAlias0 from Parametro as generatedAlias0
[2021-08-02 23:32:00] - Closing JPA EntityManager in OpenEntityManagerInViewInterceptor
[2021-08-02 23:32:00] - select parametro0_.id as id1_10_, parametro0_.controle_id as control10_10_, parametro0_.etapa_id as etapa_i11_10_, parametro0_.formula as formula2_10_, parametro0_.nome as nome3_10_, parametro0_.p_max as p_max4_10_, parametro0_.p_maxt as p_maxt5_10_, parametro0_.p_min as p_min6_10_, parametro0_.p_mint as p_mint7_10_, parametro0_.show_chart as show_cha8_10_, parametro0_.unidade as unidade9_10_ from parametro parametro0_
[2021-08-02 23:32:00] - Found thread-bound EntityManager [SessionImpl(1349246476<open>)] for JPA transaction
[2021-08-02 23:32:00] - Creating new transaction with name [org.springframework.data.jpa.repository.support.SimpleJpaRepository.findAll]: PROPAGATION_REQUIRED,ISOLATION_DEFAULT,readOnly
[2021-08-02 23:32:00] - Setting JDBC Connection [HikariProxyConnection@495192661 wrapping com.mysql.cj.jdbc.ConnectionImpl@52e3c9cc] read-only
[2021-08-02 23:32:00] - Completed 200 OK
[2021-08-02 23:32:00] - Chain processed normally
[2021-08-02 23:32:00] - On TransactionImpl creation, JpaCompliance#isJpaTransactionComplianceEnabled == false
[2021-08-02 23:32:00] - begin
[2021-08-02 23:32:00] - SecurityContextHolder now cleared, as request processing completed
[2021-08-02 23:32:00] - Exposing JPA transaction as JDBC [org.springframework.orm.jpa.vendor.HibernateJpaDialect$HibernateConnectionHandle@13e2a3ec]
[2021-08-02 23:32:00] - Rendered criteria query -> select generatedAlias0 from OrdemDeCorrecao as generatedAlias0
[2021-08-02 23:32:00] - select ordemdecor0_.id as id1_8_, ordemdecor0_.analise_id as analise_7_8_, ordemdecor0_.observacao as observac2_8_, ordemdecor0_.old_analise_value as old_anal3_8_, ordemdecor0_.responsavel as responsa4_8_, ordemdecor0_.statusocp as statusoc5_8_, ordemdecor0_.tipo as tipo6_8_ from ordem_de_correcao ordemdecor0_
[2021-08-02 23:32:00] - Result set row: 0
[2021-08-02 23:32:00] - Result row: EntityKey[com.bluebudy.SCQ.domain.Parametro#1]
[2021-08-02 23:32:00] - Result set row: 0
[2021-08-02 23:32:00] - Result row: EntityKey[com.bluebudy.SCQ.domain.OrdemDeCorrecao#1]
[2021-08-02 23:32:00] - Result set row: 1
[2021-08-02 23:32:00] - Result row: EntityKey[com.bluebudy.SCQ.domain.OrdemDeCorrecao#2]
[2021-08-02 23:32:00] - Result set row: 2
[2021-08-02 23:32:00] - Result row: EntityKey[com.bluebudy.SCQ.domain.OrdemDeCorrecao#3]
[2021-08-02 23:32:00] - Result set row: 3
[2021-08-02 23:32:00] - Result row: EntityKey[com.bluebudy.SCQ.domain.OrdemDeCorrecao#4]
[2021-08-02 23:32:00] - Result set row: 4
[2021-08-02 23:32:00] - Result row: EntityKey[com.bluebudy.SCQ.domain.OrdemDeCorrecao#5]
[2021-08-02 23:32:00] - Result set row: 5
[2021-08-02 23:32:00] - Result row: EntityKey[com.bluebudy.SCQ.domain.OrdemDeCorrecao#6]
[2021-08-02 23:32:00] - Result set row: 6
[2021-08-02 23:32:00] - Result set row: 1
[2021-08-02 23:32:00] - Result row: EntityKey[com.bluebudy.SCQ.domain.Parametro#2]
[2021-08-02 23:32:00] - Result set row: 2
[2021-08-02 23:32:00] - Result row: EntityKey[com.bluebudy.SCQ.domain.Parametro#3]
[2021-08-02 23:32:00] - Result set row: 3
[2021-08-02 23:32:00] - Result row: EntityKey[com.bluebudy.SCQ.domain.Parametro#4]
[2021-08-02 23:32:00] - Result set row: 4
[2021-08-02 23:32:00] - Result row: EntityKey[com.bluebudy.SCQ.domain.Parametro#5]
[2021-08-02 23:32:00] - Result set row: 5
[2021-08-02 23:32:00] - Result row: EntityKey[com.bluebudy.SCQ.domain.Parametro#6]
[2021-08-02 23:32:00] - Result set row: 6
[2021-08-02 23:32:00] - Result row: EntityKey[com.bluebudy.SCQ.domain.Parametro#7]
[2021-08-02 23:32:00] - Result set row: 7
[2021-08-02 23:32:00] - Result row: EntityKey[com.bluebudy.SCQ.domain.Parametro#8]
[2021-08-02 23:32:00] - Result set row: 8
[2021-08-02 23:32:00] - Result row: EntityKey[com.bluebudy.SCQ.domain.Parametro#9]
[2021-08-02 23:32:00] - Result set row: 9
[2021-08-02 23:32:00] - Result row: EntityKey[com.bluebudy.SCQ.domain.OrdemDeCorrecao#7]
[2021-08-02 23:32:00] - Result row: EntityKey[com.bluebudy.SCQ.domain.Parametro#10]
[2021-08-02 23:32:00] - Result set row: 10
[2021-08-02 23:32:00] - Result row: EntityKey[com.bluebudy.SCQ.domain.Parametro#11]
[2021-08-02 23:32:00] - Result set row: 11
[2021-08-02 23:32:00] - Result row: EntityKey[com.bluebudy.SCQ.domain.Parametro#12]
[2021-08-02 23:32:00] - Result set row: 12
[2021-08-02 23:32:00] - Result row: EntityKey[com.bluebudy.SCQ.domain.Parametro#13]
[2021-08-02 23:32:00] - Result set row: 13
[2021-08-02 23:32:00] - Result row: EntityKey[com.bluebudy.SCQ.domain.Parametro#14]
[2021-08-02 23:32:00] - Result set row: 7
[2021-08-02 23:32:00] - Result set row: 14
[2021-08-02 23:32:00] - Result row: EntityKey[com.bluebudy.SCQ.domain.Parametro#15]
[2021-08-02 23:32:00] - Result row: EntityKey[com.bluebudy.SCQ.domain.OrdemDeCorrecao#8]
[2021-08-02 23:32:00] - Result set row: 15
[2021-08-02 23:32:00] - Result set row: 8
[2021-08-02 23:32:00] - Result row: EntityKey[com.bluebudy.SCQ.domain.Parametro#16]
[2021-08-02 23:32:00] - Result row: EntityKey[com.bluebudy.SCQ.domain.OrdemDeCorrecao#9]
[2021-08-02 23:32:00] - Result set row: 9
[2021-08-02 23:32:00] - Result set row: 16
[2021-08-02 23:32:00] - Result row: EntityKey[com.bluebudy.SCQ.domain.OrdemDeCorrecao#10]
[2021-08-02 23:32:00] - Result row: EntityKey[com.bluebudy.SCQ.domain.Parametro#17]
[2021-08-02 23:32:00] - Result set row: 10
[2021-08-02 23:32:00] - Result set row: 17
[2021-08-02 23:32:00] - Result row: EntityKey[com.bluebudy.SCQ.domain.OrdemDeCorrecao#11]
[2021-08-02 23:32:00] - Result row: EntityKey[com.bluebudy.SCQ.domain.Parametro#18]
[2021-08-02 23:32:00] - Result set row: 18
[2021-08-02 23:32:00] - Result row: EntityKey[com.bluebudy.SCQ.domain.Parametro#19]
[2021-08-02 23:32:00] - Result set row: 11
[2021-08-02 23:32:00] - Result set row: 19
[2021-08-02 23:32:00] - Result row: EntityKey[com.bluebudy.SCQ.domain.OrdemDeCorrecao#12]
[2021-08-02 23:32:00] - Result row: EntityKey[com.bluebudy.SCQ.domain.Parametro#21]
[2021-08-02 23:32:00] - Result set row: 12
[2021-08-02 23:32:00] - Result set row: 20
[2021-08-02 23:32:00] - Result row: EntityKey[com.bluebudy.SCQ.domain.Parametro#22]
[2021-08-02 23:32:00] - Result row: EntityKey[com.bluebudy.SCQ.domain.OrdemDeCorrecao#13]
[2021-08-02 23:32:00] - Result set row: 21
[2021-08-02 23:32:00] - Result row: EntityKey[com.bluebudy.SCQ.domain.Parametro#23]
[2021-08-02 23:32:00] - Result set row: 22
[2021-08-02 23:32:00] - Result row: EntityKey[com.bluebudy.SCQ.domain.Parametro#24]
[2021-08-02 23:32:00] - Result set row: 23
[2021-08-02 23:32:00] - Result row: EntityKey[com.bluebudy.SCQ.domain.Parametro#25]
[2021-08-02 23:32:00] - Result set row: 24
[2021-08-02 23:32:00] - Result row: EntityKey[com.bluebudy.SCQ.domain.Parametro#26]
[2021-08-02 23:32:00] - Result set row: 25
[2021-08-02 23:32:00] - Result row: EntityKey[com.bluebudy.SCQ.domain.Parametro#27]
[2021-08-02 23:32:00] - Result set row: 26
[2021-08-02 23:32:00] - Result row: EntityKey[com.bluebudy.SCQ.domain.Parametro#28]
[2021-08-02 23:32:00] - Result set row: 13
[2021-08-02 23:32:00] - Result set row: 27
[2021-08-02 23:32:00] - Result row: EntityKey[com.bluebudy.SCQ.domain.OrdemDeCorrecao#15]
[2021-08-02 23:32:00] - Result row: EntityKey[com.bluebudy.SCQ.domain.Parametro#29]
[2021-08-02 23:32:00] - Result set row: 14
[2021-08-02 23:32:00] - Result row: EntityKey[com.bluebudy.SCQ.domain.OrdemDeCorrecao#18]
[2021-08-02 23:32:00] - Result set row: 28
[2021-08-02 23:32:00] - Result row: EntityKey[com.bluebudy.SCQ.domain.Parametro#30]
[2021-08-02 23:32:00] - Result set row: 15
[2021-08-02 23:32:00] - Result row: EntityKey[com.bluebudy.SCQ.domain.OrdemDeCorrecao#23]
[2021-08-02 23:32:00] - Result set row: 29
[2021-08-02 23:32:00] - Result row: EntityKey[com.bluebudy.SCQ.domain.Parametro#31]
[2021-08-02 23:32:00] - Result set row: 16
[2021-08-02 23:32:00] - Result row: EntityKey[com.bluebudy.SCQ.domain.OrdemDeCorrecao#25]
[2021-08-02 23:32:00] - Resolving attributes for [com.bluebudy.SCQ.domain.Parametro#1]
[2021-08-02 23:32:00] - Processing attribute `analises` : value = NOT NULL COLLECTION
[2021-08-02 23:32:00] - Result set row: 17
[2021-08-02 23:32:00] - Attribute (`analises`)  - enhanced for lazy-loading? - false
[2021-08-02 23:32:00] - Result row: EntityKey[com.bluebudy.SCQ.domain.OrdemDeCorrecao#26]
[2021-08-02 23:32:00] - Processing attribute `controle` : value = 1
[2021-08-02 23:32:00] - Result set row: 18
[2021-08-02 23:32:00] - Attribute (`controle`)  - enhanced for lazy-loading? - false
[2021-08-02 23:32:00] - Result row: EntityKey[com.bluebudy.SCQ.domain.OrdemDeCorrecao#27]
[2021-08-02 23:32:00] - Result set row: 19
[2021-08-02 23:32:00] - Result row: EntityKey[com.bluebudy.SCQ.domain.OrdemDeCorrecao#28]
[2021-08-02 23:32:00] - Result set row: 20
[2021-08-02 23:32:00] - Result row: EntityKey[com.bluebudy.SCQ.domain.OrdemDeCorrecao#29]
[2021-08-02 23:32:00] - Result set row: 21
[2021-08-02 23:32:00] - Result row: EntityKey[com.bluebudy.SCQ.domain.OrdemDeCorrecao#30]
[2021-08-02 23:32:00] - Result set row: 22
[2021-08-02 23:32:00] - Result row: EntityKey[com.bluebudy.SCQ.domain.OrdemDeCorrecao#31]
[2021-08-02 23:32:00] - Result set row: 23
[2021-08-02 23:32:00] - Result row: EntityKey[com.bluebudy.SCQ.domain.OrdemDeCorrecao#32]
[2021-08-02 23:32:00] - Result set row: 24
[2021-08-02 23:32:00] - Result row: EntityKey[com.bluebudy.SCQ.domain.OrdemDeCorrecao#33]
[2021-08-02 23:32:00] - Result set row: 25
[2021-08-02 23:32:00] - Result row: EntityKey[com.bluebudy.SCQ.domain.OrdemDeCorrecao#34]
[2021-08-02 23:32:00] - Result set row: 26
[2021-08-02 23:32:00] - Result row: EntityKey[com.bluebudy.SCQ.domain.OrdemDeCorrecao#35]
[2021-08-02 23:32:00] - Result set row: 27
[2021-08-02 23:32:00] - Result row: EntityKey[com.bluebudy.SCQ.domain.OrdemDeCorrecao#36]
[2021-08-02 23:32:00] - Result set row: 28
[2021-08-02 23:32:00] - Result row: EntityKey[com.bluebudy.SCQ.domain.OrdemDeCorrecao#37]
[2021-08-02 23:32:00] - Result set row: 29
[2021-08-02 23:32:00] - Result row: EntityKey[com.bluebudy.SCQ.domain.OrdemDeCorrecao#38]
[2021-08-02 23:32:00] - Result set row: 30
[2021-08-02 23:32:00] - Result row: EntityKey[com.bluebudy.SCQ.domain.OrdemDeCorrecao#39]
[2021-08-02 23:32:00] - select controle0_.id as id1_3_0_, controle0_.data_planejada as data_pla2_3_0_, controle0_.data_realizada as data_rea3_3_0_, controle0_.notified as notified4_3_0_, controle0_.periodo as periodo5_3_0_ from controle controle0_ where controle0_.id=?
[2021-08-02 23:32:00] - Result set row: 31
[2021-08-02 23:32:00] - Result row: EntityKey[com.bluebudy.SCQ.domain.OrdemDeCorrecao#40]
[2021-08-02 23:32:00] - Result set row: 32
[2021-08-02 23:32:00] - Result row: EntityKey[com.bluebudy.SCQ.domain.OrdemDeCorrecao#41]
[2021-08-02 23:32:00] - Result set row: 33
[2021-08-02 23:32:00] - Result row: EntityKey[com.bluebudy.SCQ.domain.OrdemDeCorrecao#42]
[2021-08-02 23:32:00] - Resolving attributes for [com.bluebudy.SCQ.domain.OrdemDeCorrecao#1]
[2021-08-02 23:32:00] - Processing attribute `adicoes` : value = NOT NULL COLLECTION
[2021-08-02 23:32:00] - Attribute (`adicoes`)  - enhanced for lazy-loading? - false
[2021-08-02 23:32:00] - Processing attribute `analise` : value = 1110
[2021-08-02 23:32:00] - Attribute (`analise`)  - enhanced for lazy-loading? - false
[2021-08-02 23:32:00] - select analise0_.id as id1_2_0_, analise0_.analista as analista2_2_0_, analise0_.data as data3_2_0_, analise0_.need_correcao as need_cor4_2_0_, analise0_.parametro_id as parametr6_2_0_, analise0_.resultado as resultad5_2_0_, parametro1_.id as id1_10_1_, parametro1_.controle_id as control10_10_1_, parametro1_.etapa_id as etapa_i11_10_1_, parametro1_.formula as formula2_10_1_, parametro1_.nome as nome3_10_1_, parametro1_.p_max as p_max4_10_1_, parametro1_.p_maxt as p_maxt5_10_1_, parametro1_.p_min as p_min6_10_1_, parametro1_.p_mint as p_mint7_10_1_, parametro1_.show_chart as show_cha8_10_1_, parametro1_.unidade as unidade9_10_1_, controle2_.id as id1_3_2_, controle2_.data_planejada as data_pla2_3_2_, controle2_.data_realizada as data_rea3_3_2_, controle2_.notified as notified4_3_2_, controle2_.periodo as periodo5_3_2_, etapa3_.id as id1_4_3_, etapa3_.nome as nome2_4_3_, etapa3_.posicao as posicao3_4_3_, etapa3_.processo_id as processo5_4_3_, etapa3_.volume as volume4_4_3_ from analise analise0_ left outer join parametro parametro1_ on analise0_.parametro_id=parametro1_.id left outer join controle controle2_ on parametro1_.controle_id=controle2_.id left outer join etapa etapa3_ on parametro1_.etapa_id=etapa3_.id where analise0_.id=?
[2021-08-02 23:32:00] - On call to EntityIdentifierReaderImpl#resolve, EntityKey was already known; should only happen on root returns with an optional identifier specified
[2021-08-02 23:32:00] - On call to EntityIdentifierReaderImpl#resolve, EntityKey was already known; should only happen on root returns with an optional identifier specified
[2021-08-02 23:32:00] - Resolving attributes for [com.bluebudy.SCQ.domain.Analise#1110]
[2021-08-02 23:32:00] - Processing attribute `analista` : value = Beatriz
[2021-08-02 23:32:00] - Attribute (`analista`)  - enhanced for lazy-loading? - false
[2021-08-02 23:32:00] - Resolving attributes for [com.bluebudy.SCQ.domain.Controle#1]
[2021-08-02 23:32:00] - Processing attribute `data` : value = 2021-04-22 10:11:30.0
[2021-08-02 23:32:00] - Attribute (`data`)  - enhanced for lazy-loading? - false
[2021-08-02 23:32:00] - Processing attribute `dataPlanejada` : value = 2021-07-02 22:48:27.323
[2021-08-02 23:32:00] - Processing attribute `needCorrecao` : value = true
[2021-08-02 23:32:00] - Attribute (`dataPlanejada`)  - enhanced for lazy-loading? - false
[2021-08-02 23:32:00] - Attribute (`needCorrecao`)  - enhanced for lazy-loading? - false
[2021-08-02 23:32:00] - Processing attribute `ordemDeCorrecao` : value = NOT NULL COLLECTION
[2021-08-02 23:32:00] - Attribute (`ordemDeCorrecao`)  - enhanced for lazy-loading? - false
[2021-08-02 23:32:00] - Processing attribute `parametro` : value = 4
[2021-08-02 23:32:00] - Attribute (`parametro`)  - enhanced for lazy-loading? - false
[2021-08-02 23:32:00] - Processing attribute `dataRealizada` : value = 2021-06-30 14:48:27.323
[2021-08-02 23:32:00] - Processing attribute `resultado` : value = 4.1
[2021-08-02 23:32:00] - Attribute (`dataRealizada`)  - enhanced for lazy-loading? - false
[2021-08-02 23:32:00] - Attribute (`resultado`)  - enhanced for lazy-loading? - false
[2021-08-02 23:32:00] - Processing attribute `notified` : value = true
[2021-08-02 23:32:00] - Attribute (`notified`)  - enhanced for lazy-loading? - false
[2021-08-02 23:32:00] - Processing attribute `periodo` : value = 3360
[2021-08-02 23:32:00] - Attribute (`periodo`)  - enhanced for lazy-loading? - false
[2021-08-02 23:32:00] - Done materializing entity [com.bluebudy.SCQ.domain.Analise#1110]
[2021-08-02 23:32:00] - Done materializing entity [com.bluebudy.SCQ.domain.Controle#1]
[2021-08-02 23:32:00] - Resolving attributes for [com.bluebudy.SCQ.domain.Parametro#4]
[2021-08-02 23:32:00] - Processing attribute `analises` : value = NOT NULL COLLECTION
[2021-08-02 23:32:00] - Attribute (`analises`)  - enhanced for lazy-loading? - false
[2021-08-02 23:32:00] - Processing attribute `controle` : value = 4
[2021-08-02 23:32:00] - Attribute (`controle`)  - enhanced for lazy-loading? - false
[2021-08-02 23:32:00] - Done entity load : com.bluebudy.SCQ.domain.Controle#1
[2021-08-02 23:32:00] - Processing attribute `etapa` : value = 2
[2021-08-02 23:32:00] - Attribute (`etapa`)  - enhanced for lazy-loading? - false
[2021-08-02 23:32:00] - Processing attribute `etapa` : value = 2
[2021-08-02 23:32:00] - Attribute (`etapa`)  - enhanced for lazy-loading? - false
[2021-08-02 23:32:00] - select etapa0_.id as id1_4_0_, etapa0_.nome as nome2_4_0_, etapa0_.posicao as posicao3_4_0_, etapa0_.processo_id as processo5_4_0_, etapa0_.volume as volume4_4_0_, montagem1_.etapa_id as etapa_id3_6_1_, montagem1_.id as id1_6_1_, montagem1_.id as id1_6_2_, montagem1_.etapa_id as etapa_id3_6_2_, montagem1_.materia_prima_id as materia_4_6_2_, montagem1_.quantidade as quantida2_6_2_, materiapri2_.id as id1_5_3_, materiapri2_.fator_titulometrico as fator_ti2_5_3_, materiapri2_.fornecedor as forneced3_5_3_, materiapri2_.nome as nome4_5_3_, materiapri2_.preco as preco5_5_3_, materiapri2_.unidade as unidade6_5_3_, processo3_.id as id1_11_4_, processo3_.nome as nome2_11_4_ from etapa etapa0_ left outer join montagem_composition montagem1_ on etapa0_.id=montagem1_.etapa_id left outer join materia_prima materiapri2_ on montagem1_.materia_prima_id=materiapri2_.id left outer join processo processo3_ on etapa0_.processo_id=processo3_.id where etapa0_.id=?
[2021-08-02 23:32:00] - Processing attribute `formula` : value = [V]
[2021-08-02 23:32:00] - Attribute (`formula`)  - enhanced for lazy-loading? - false
[2021-08-02 23:32:00] - Processing attribute `nome` : value = Tensão
[2021-08-02 23:32:00] - Attribute (`nome`)  - enhanced for lazy-loading? - false
[2021-08-02 23:32:00] - Processing attribute `pMax` : value = 4.5
[2021-08-02 23:32:00] - Attribute (`pMax`)  - enhanced for lazy-loading? - false
[2021-08-02 23:32:00] - Processing attribute `pMaxT` : value = 4.3
[2021-08-02 23:32:00] - Attribute (`pMaxT`)  - enhanced for lazy-loading? - false
[2021-08-02 23:32:00] - Processing attribute `pMin` : value = 3.5
[2021-08-02 23:32:00] - Attribute (`pMin`)  - enhanced for lazy-loading? - false
[2021-08-02 23:32:00] - Processing attribute `pMinT` : value = 3.7
[2021-08-02 23:32:00] - Attribute (`pMinT`)  - enhanced for lazy-loading? - false
[2021-08-02 23:32:00] - Processing attribute `showChart` : value = false
[2021-08-02 23:32:00] - Attribute (`showChart`)  - enhanced for lazy-loading? - false
[2021-08-02 23:32:00] - Processing attribute `unidade` : value = Volts
[2021-08-02 23:32:00] - Attribute (`unidade`)  - enhanced for lazy-loading? - false
[2021-08-02 23:32:00] - Done materializing entity [com.bluebudy.SCQ.domain.Parametro#4]
[2021-08-02 23:32:00] - Resolving attributes for [com.bluebudy.SCQ.domain.Controle#4]
[2021-08-02 23:32:00] - Processing attribute `dataPlanejada` : value = 2021-07-02 10:37:05.393
[2021-08-02 23:32:00] - Attribute (`dataPlanejada`)  - enhanced for lazy-loading? - false
[2021-08-02 23:32:00] - Processing attribute `dataRealizada` : value = 2021-07-01 10:37:05.393
[2021-08-02 23:32:00] - Attribute (`dataRealizada`)  - enhanced for lazy-loading? - false
[2021-08-02 23:32:00] - Processing attribute `notified` : value = true
[2021-08-02 23:32:00] - Attribute (`notified`)  - enhanced for lazy-loading? - false
[2021-08-02 23:32:00] - Processing attribute `periodo` : value = 1440
[2021-08-02 23:32:00] - Attribute (`periodo`)  - enhanced for lazy-loading? - false
[2021-08-02 23:32:00] - Done materializing entity [com.bluebudy.SCQ.domain.Controle#4]
[2021-08-02 23:32:00] - Resolving attributes for [com.bluebudy.SCQ.domain.Etapa#2]
[2021-08-02 23:32:00] - Processing attribute `montagem` : value = NOT NULL COLLECTION
[2021-08-02 23:32:00] - Attribute (`montagem`)  - enhanced for lazy-loading? - false
[2021-08-02 23:32:00] - Processing attribute `nome` : value = Desengraxante Eletrolítico
[2021-08-02 23:32:00] - Attribute (`nome`)  - enhanced for lazy-loading? - false
[2021-08-02 23:32:00] - Processing attribute `parametros` : value = NOT NULL COLLECTION
[2021-08-02 23:32:00] - Attribute (`parametros`)  - enhanced for lazy-loading? - false
[2021-08-02 23:32:00] - Processing attribute `posicao` : value = 21
[2021-08-02 23:32:00] - Attribute (`posicao`)  - enhanced for lazy-loading? - false
[2021-08-02 23:32:00] - Processing attribute `processo` : value = 1
[2021-08-02 23:32:00] - Attribute (`processo`)  - enhanced for lazy-loading? - false
[2021-08-02 23:32:00] - select processo0_.id as id1_11_0_, processo0_.nome as nome2_11_0_ from processo processo0_ where processo0_.id=?
[2021-08-02 23:32:00] - On call to EntityIdentifierReaderImpl#resolve, EntityKey was already known; should only happen on root returns with an optional identifier specified
[2021-08-02 23:32:00] - On call to EntityIdentifierReaderImpl#resolve, EntityKey was already known; should only happen on root returns with an optional identifier specified
[2021-08-02 23:32:00] - Resolving attributes for [com.bluebudy.SCQ.domain.Processo#1]
[2021-08-02 23:32:00] - Processing attribute `etapas` : value = NOT NULL COLLECTION
[2021-08-02 23:32:00] - Attribute (`etapas`)  - enhanced for lazy-loading? - false
[2021-08-02 23:32:00] - Found row of collection: [com.bluebudy.SCQ.domain.Etapa.montagem#2]
[2021-08-02 23:32:00] - Processing attribute `nome` : value = L3 - Zinco Ácido
[2021-08-02 23:32:00] - Attribute (`nome`)  - enhanced for lazy-loading? - false
[2021-08-02 23:32:00] - Processing attribute `tarefas` : value = NOT NULL COLLECTION
[2021-08-02 23:32:00] - Attribute (`tarefas`)  - enhanced for lazy-loading? - false
[2021-08-02 23:32:00] - Done materializing entity [com.bluebudy.SCQ.domain.Processo#1]
[2021-08-02 23:32:00] - Done entity load : com.bluebudy.SCQ.domain.Processo#1
[2021-08-02 23:32:00] - Processing attribute `trocas` : value = NOT NULL COLLECTION
[2021-08-02 23:32:00] - Attribute (`trocas`)  - enhanced for lazy-loading? - false
[2021-08-02 23:32:00] - Processing attribute `volume` : value = 2750.0
[2021-08-02 23:32:00] - Attribute (`volume`)  - enhanced for lazy-loading? - false
[2021-08-02 23:32:00] - Done materializing entity [com.bluebudy.SCQ.domain.Etapa#2]
[2021-08-02 23:32:00] - Done entity load : com.bluebudy.SCQ.domain.Analise#1110
[2021-08-02 23:32:00] - Processing attribute `observacao` : value = nada
[2021-08-02 23:32:00] - Attribute (`observacao`)  - enhanced for lazy-loading? - false
[2021-08-02 23:32:00] - Processing attribute `oldAnaliseValue` : value = null
[2021-08-02 23:32:00] - Attribute (`oldAnaliseValue`)  - enhanced for lazy-loading? - false
[2021-08-02 23:32:00] - Processing attribute `responsavel` : value = alexandre
[2021-08-02 23:32:00] - Attribute (`responsavel`)  - enhanced for lazy-loading? - false
[2021-08-02 23:32:00] - Processing attribute `statusOCP` : value = true
[2021-08-02 23:32:00] - Attribute (`statusOCP`)  - enhanced for lazy-loading? - false
[2021-08-02 23:32:00] - Processing attribute `tipo` : value = PREVENTIVA
[2021-08-02 23:32:00] - Attribute (`tipo`)  - enhanced for lazy-loading? - false
[2021-08-02 23:32:00] - Processing attribute `acao` : value = 1
[2021-08-02 23:32:00] - Attribute (`acao`)  - enhanced for lazy-loading? - false
[2021-08-02 23:32:00] - Loading entity: [com.bluebudy.SCQ.domain.Acao#1]
[2021-08-02 23:32:00] - select acao0_.id as id1_0_2_, acao0_.acao as acao2_0_2_, acao0_.data as data3_0_2_, acao0_.notified as notified4_0_2_, acao0_.ordem_id as ordem_id7_0_2_, acao0_.prazo as prazo5_0_2_, acao0_.status as status6_0_2_, ordemdecor1_.id as id1_8_0_, ordemdecor1_.analise_id as analise_7_8_0_, ordemdecor1_.observacao as observac2_8_0_, ordemdecor1_.old_analise_value as old_anal3_8_0_, ordemdecor1_.responsavel as responsa4_8_0_, ordemdecor1_.statusocp as statusoc5_8_0_, ordemdecor1_.tipo as tipo6_8_0_, analise2_.id as id1_2_1_, analise2_.analista as analista2_2_1_, analise2_.data as data3_2_1_, analise2_.need_correcao as need_cor4_2_1_, analise2_.parametro_id as parametr6_2_1_, analise2_.resultado as resultad5_2_1_ from acao acao0_ left outer join ordem_de_correcao ordemdecor1_ on acao0_.ordem_id=ordemdecor1_.id left outer join analise analise2_ on ordemdecor1_.analise_id=analise2_.id where acao0_.ordem_id=?
[2021-08-02 23:32:00] - On call to EntityIdentifierReaderImpl#resolve, EntityKey was already known; should only happen on root returns with an optional identifier specified
[2021-08-02 23:32:00] - Found row of collection: [com.bluebudy.SCQ.domain.Etapa.montagem#2]
[2021-08-02 23:32:00] - Done entity load
[2021-08-02 23:32:00] - Done materializing entity [com.bluebudy.SCQ.domain.OrdemDeCorrecao#1]
[2021-08-02 23:32:00] - Resolving attributes for [com.bluebudy.SCQ.domain.OrdemDeCorrecao#2]
[2021-08-02 23:32:00] - Processing attribute `adicoes` : value = NOT NULL COLLECTION
[2021-08-02 23:32:00] - Attribute (`adicoes`)  - enhanced for lazy-loading? - false
[2021-08-02 23:32:00] - Resolving attributes for [com.bluebudy.SCQ.domain.Etapa#2]
[2021-08-02 23:32:00] - Processing attribute `montagem` : value = NOT NULL COLLECTION
[2021-08-02 23:32:00] - Processing attribute `analise` : value = 1111
[2021-08-02 23:32:00] - Attribute (`montagem`)  - enhanced for lazy-loading? - false
[2021-08-02 23:32:00] - Attribute (`analise`)  - enhanced for lazy-loading? - false
[2021-08-02 23:32:00] - Processing attribute `nome` : value = Desengraxante Eletrolítico
[2021-08-02 23:32:00] - Attribute (`nome`)  - enhanced for lazy-loading? - false
[2021-08-02 23:32:00] - Processing attribute `parametros` : value = NOT NULL COLLECTION
[2021-08-02 23:32:00] - Attribute (`parametros`)  - enhanced for lazy-loading? - false
[2021-08-02 23:32:00] - Processing attribute `posicao` : value = 21
[2021-08-02 23:32:00] - Attribute (`posicao`)  - enhanced for lazy-loading? - false
[2021-08-02 23:32:00] - Processing attribute `processo` : value = 1
[2021-08-02 23:32:00] - Attribute (`processo`)  - enhanced for lazy-loading? - false
[2021-08-02 23:32:00] - Processing attribute `trocas` : value = NOT NULL COLLECTION
[2021-08-02 23:32:00] - Attribute (`trocas`)  - enhanced for lazy-loading? - false
[2021-08-02 23:32:00] - select analise0_.id as id1_2_0_, analise0_.analista as analista2_2_0_, analise0_.data as data3_2_0_, analise0_.need_correcao as need_cor4_2_0_, analise0_.parametro_id as parametr6_2_0_, analise0_.resultado as resultad5_2_0_, parametro1_.id as id1_10_1_, parametro1_.controle_id as control10_10_1_, parametro1_.etapa_id as etapa_i11_10_1_, parametro1_.formula as formula2_10_1_, parametro1_.nome as nome3_10_1_, parametro1_.p_max as p_max4_10_1_, parametro1_.p_maxt as p_maxt5_10_1_, parametro1_.p_min as p_min6_10_1_, parametro1_.p_mint as p_mint7_10_1_, parametro1_.show_chart as show_cha8_10_1_, parametro1_.unidade as unidade9_10_1_, controle2_.id as id1_3_2_, controle2_.data_planejada as data_pla2_3_2_, controle2_.data_realizada as data_rea3_3_2_, controle2_.notified as notified4_3_2_, controle2_.periodo as periodo5_3_2_, etapa3_.id as id1_4_3_, etapa3_.nome as nome2_4_3_, etapa3_.posicao as posicao3_4_3_, etapa3_.processo_id as processo5_4_3_, etapa3_.volume as volume4_4_3_ from analise analise0_ left outer join parametro parametro1_ on analise0_.parametro_id=parametro1_.id left outer join controle controle2_ on parametro1_.controle_id=controle2_.id left outer join etapa etapa3_ on parametro1_.etapa_id=etapa3_.id where analise0_.id=?
[2021-08-02 23:32:00] - Processing attribute `volume` : value = 2750.0
[2021-08-02 23:32:00] - Attribute (`volume`)  - enhanced for lazy-loading? - false
[2021-08-02 23:32:00] - Done materializing entity [com.bluebudy.SCQ.domain.Etapa#2]
[2021-08-02 23:32:00] - Resolving attributes for [com.bluebudy.SCQ.domain.MontagemComposition#3]
[2021-08-02 23:32:00] - Processing attribute `etapa` : value = 2
[2021-08-02 23:32:00] - Attribute (`etapa`)  - enhanced for lazy-loading? - false
[2021-08-02 23:32:00] - Processing attribute `materiaPrima` : value = 1
[2021-08-02 23:32:00] - Attribute (`materiaPrima`)  - enhanced for lazy-loading? - false
[2021-08-02 23:32:00] - Processing attribute `quantidade` : value = 250.0
[2021-08-02 23:32:00] - Attribute (`quantidade`)  - enhanced for lazy-loading? - false
[2021-08-02 23:32:00] - Done materializing entity [com.bluebudy.SCQ.domain.MontagemComposition#3]
[2021-08-02 23:32:00] - Resolving attributes for [com.bluebudy.SCQ.domain.MateriaPrima#1]
[2021-08-02 23:32:00] - Processing attribute `adicao` : value = NOT NULL COLLECTION
[2021-08-02 23:32:00] - Attribute (`adicao`)  - enhanced for lazy-loading? - false
[2021-08-02 23:32:00] - Processing attribute `fatorTitulometrico` : value = 8.647
[2021-08-02 23:32:00] - Attribute (`fatorTitulometrico`)  - enhanced for lazy-loading? - false
[2021-08-02 23:32:00] - Processing attribute `fornecedor` : value = Macdermid
[2021-08-02 23:32:00] - Attribute (`fornecedor`)  - enhanced for lazy-loading? - false
[2021-08-02 23:32:00] - Processing attribute `nome` : value = Endox A
[2021-08-02 23:32:00] - Attribute (`nome`)  - enhanced for lazy-loading? - false
[2021-08-02 23:32:00] - Processing attribute `preco` : value = 13.84
[2021-08-02 23:32:00] - Attribute (`preco`)  - enhanced for lazy-loading? - false
[2021-08-02 23:32:00] - Processing attribute `unidade` : value = Kg
[2021-08-02 23:32:00] - Attribute (`unidade`)  - enhanced for lazy-loading? - false
[2021-08-02 23:32:00] - Done materializing entity [com.bluebudy.SCQ.domain.MateriaPrima#1]
[2021-08-02 23:32:00] - Resolving attributes for [com.bluebudy.SCQ.domain.Processo#1]
[2021-08-02 23:32:00] - Processing attribute `etapas` : value = NOT NULL COLLECTION
[2021-08-02 23:32:00] - Attribute (`etapas`)  - enhanced for lazy-loading? - false
[2021-08-02 23:32:00] - Processing attribute `nome` : value = L3 - Zinco Ácido
[2021-08-02 23:32:00] - Attribute (`nome`)  - enhanced for lazy-loading? - false
[2021-08-02 23:32:00] - Processing attribute `tarefas` : value = NOT NULL COLLECTION
[2021-08-02 23:32:00] - Attribute (`tarefas`)  - enhanced for lazy-loading? - false
[2021-08-02 23:32:00] - Done materializing entity [com.bluebudy.SCQ.domain.Processo#1]
[2021-08-02 23:32:00] - Resolving attributes for [com.bluebudy.SCQ.domain.MontagemComposition#4]
[2021-08-02 23:32:00] - Processing attribute `etapa` : value = 2
[2021-08-02 23:32:00] - Attribute (`etapa`)  - enhanced for lazy-loading? - false
[2021-08-02 23:32:00] - Processing attribute `materiaPrima` : value = 2
[2021-08-02 23:32:00] - Attribute (`materiaPrima`)  - enhanced for lazy-loading? - false
[2021-08-02 23:32:00] - Processing attribute `quantidade` : value = 100.0
[2021-08-02 23:32:00] - Attribute (`quantidade`)  - enhanced for lazy-loading? - false
[2021-08-02 23:32:00] - Done materializing entity [com.bluebudy.SCQ.domain.MontagemComposition#4]
[2021-08-02 23:32:00] - Resolving attributes for [com.bluebudy.SCQ.domain.MateriaPrima#2]
[2021-08-02 23:32:00] - Processing attribute `adicao` : value = NOT NULL COLLECTION
[2021-08-02 23:32:00] - Attribute (`adicao`)  - enhanced for lazy-loading? - false
[2021-08-02 23:32:00] - Processing attribute `fatorTitulometrico` : value = 1.0
[2021-08-02 23:32:00] - Attribute (`fatorTitulometrico`)  - enhanced for lazy-loading? - false
[2021-08-02 23:32:00] - Processing attribute `fornecedor` : value = Macdermid
[2021-08-02 23:32:00] - Attribute (`fornecedor`)  - enhanced for lazy-loading? - false
[2021-08-02 23:32:00] - Processing attribute `nome` : value = Endox B
[2021-08-02 23:32:00] - Attribute (`nome`)  - enhanced for lazy-loading? - false
[2021-08-02 23:32:00] - Processing attribute `preco` : value = 13.42
[2021-08-02 23:32:00] - On call to EntityIdentifierReaderImpl#resolve, EntityKey was already known; should only happen on root returns with an optional identifier specified
[2021-08-02 23:32:00] - Attribute (`preco`)  - enhanced for lazy-loading? - false
[2021-08-02 23:32:00] - Processing attribute `unidade` : value = Kg
[2021-08-02 23:32:00] - Attribute (`unidade`)  - enhanced for lazy-loading? - false
[2021-08-02 23:32:00] - Done materializing entity [com.bluebudy.SCQ.domain.MateriaPrima#2]
[2021-08-02 23:32:00] - Resolving attributes for [com.bluebudy.SCQ.domain.Analise#1111]
[2021-08-02 23:32:00] - Processing attribute `analista` : value = Beatriz
[2021-08-02 23:32:00] - Attribute (`analista`)  - enhanced for lazy-loading? - false
[2021-08-02 23:32:00] - Processing attribute `data` : value = 2021-04-22 10:11:54.0
[2021-08-02 23:32:00] - Attribute (`data`)  - enhanced for lazy-loading? - false
[2021-08-02 23:32:00] - Processing attribute `needCorrecao` : value = true
[2021-08-02 23:32:00] - Attribute (`needCorrecao`)  - enhanced for lazy-loading? - false
[2021-08-02 23:32:00] - Processing attribute `ordemDeCorrecao` : value = NOT NULL COLLECTION
[2021-08-02 23:32:00] - Attribute (`ordemDeCorrecao`)  - enhanced for lazy-loading? - false
[2021-08-02 23:32:00] - Processing attribute `parametro` : value = 6
[2021-08-02 23:32:00] - 1 collections were found in result set for role: com.bluebudy.SCQ.domain.Etapa.montagem
[2021-08-02 23:32:00] - Attribute (`parametro`)  - enhanced for lazy-loading? - false
[2021-08-02 23:32:00] - Processing attribute `resultado` : value = 51.0
[2021-08-02 23:32:00] - Attribute (`resultado`)  - enhanced for lazy-loading? - false
[2021-08-02 23:32:00] - Done materializing entity [com.bluebudy.SCQ.domain.Analise#1111]
[2021-08-02 23:32:00] - Resolving attributes for [com.bluebudy.SCQ.domain.Parametro#6]
[2021-08-02 23:32:00] - Processing attribute `analises` : value = NOT NULL COLLECTION
[2021-08-02 23:32:00] - Attribute (`analises`)  - enhanced for lazy-loading? - false
[2021-08-02 23:32:00] - Processing attribute `controle` : value = 6
[2021-08-02 23:32:00] - Collection fully initialized: [com.bluebudy.SCQ.domain.Etapa.montagem#2]
[2021-08-02 23:32:00] - Attribute (`controle`)  - enhanced for lazy-loading? - false
[2021-08-02 23:32:00] - 1 collections initialized for role: com.bluebudy.SCQ.domain.Etapa.montagem
[2021-08-02 23:32:00] - Processing attribute `etapa` : value = 3
[2021-08-02 23:32:00] - Attribute (`etapa`)  - enhanced for lazy-loading? - false
[2021-08-02 23:32:00] - Processing attribute `formula` : value = [V]
[2021-08-02 23:32:00] - Attribute (`formula`)  - enhanced for lazy-loading? - false
[2021-08-02 23:32:00] - Processing attribute `nome` : value = Temperatura
[2021-08-02 23:32:00] - Attribute (`nome`)  - enhanced for lazy-loading? - false
[2021-08-02 23:32:00] - Processing attribute `pMax` : value = 60.0
[2021-08-02 23:32:00] - Attribute (`pMax`)  - enhanced for lazy-loading? - false
[2021-08-02 23:32:00] - Processing attribute `pMaxT` : value = 50.0
[2021-08-02 23:32:00] - Attribute (`pMaxT`)  - enhanced for lazy-loading? - false
[2021-08-02 23:32:00] - Processing attribute `pMin` : value = 20.0
[2021-08-02 23:32:00] - Attribute (`pMin`)  - enhanced for lazy-loading? - false
[2021-08-02 23:32:00] - Processing attribute `pMinT` : value = 30.0
[2021-08-02 23:32:00] - Done entity load : com.bluebudy.SCQ.domain.Etapa#2
[2021-08-02 23:32:00] - Attribute (`pMinT`)  - enhanced for lazy-loading? - false
[2021-08-02 23:32:00] - Processing attribute `formula` : value = [V]*8.647
[2021-08-02 23:32:00] - Processing attribute `showChart` : value = true
[2021-08-02 23:32:00] - Attribute (`formula`)  - enhanced for lazy-loading? - false
[2021-08-02 23:32:00] - Attribute (`showChart`)  - enhanced for lazy-loading? - false
[2021-08-02 23:32:00] - Processing attribute `nome` : value = Concentracao
[2021-08-02 23:32:00] - Processing attribute `unidade` : value = C
[2021-08-02 23:32:00] - Attribute (`nome`)  - enhanced for lazy-loading? - false
[2021-08-02 23:32:00] - Attribute (`unidade`)  - enhanced for lazy-loading? - false
[2021-08-02 23:32:00] - Processing attribute `pMax` : value = 130.0
[2021-08-02 23:32:00] - Done materializing entity [com.bluebudy.SCQ.domain.Parametro#6]
[2021-08-02 23:32:00] - Attribute (`pMax`)  - enhanced for lazy-loading? - false
[2021-08-02 23:32:00] - Resolving attributes for [com.bluebudy.SCQ.domain.Controle#6]
[2021-08-02 23:32:00] - Processing attribute `pMaxT` : value = 110.0
[2021-08-02 23:32:00] - Processing attribute `dataPlanejada` : value = 2021-07-24 11:56:49.499
[2021-08-02 23:32:00] - Attribute (`pMaxT`)  - enhanced for lazy-loading? - false
[2021-08-02 23:32:00] - Attribute (`dataPlanejada`)  - enhanced for lazy-loading? - false
[2021-08-02 23:32:00] - Processing attribute `pMin` : value = 70.0
[2021-08-02 23:32:00] - Processing attribute `dataRealizada` : value = 2021-07-23 11:56:49.499
[2021-08-02 23:32:00] - Attribute (`pMin`)  - enhanced for lazy-loading? - false
[2021-08-02 23:32:00] - Attribute (`dataRealizada`)  - enhanced for lazy-loading? - false
[2021-08-02 23:32:00] - Processing attribute `pMinT` : value = 90.0
[2021-08-02 23:32:00] - Processing attribute `notified` : value = true
[2021-08-02 23:32:00] - Attribute (`pMinT`)  - enhanced for lazy-loading? - false
[2021-08-02 23:32:00] - Attribute (`notified`)  - enhanced for lazy-loading? - false
[2021-08-02 23:32:00] - Processing attribute `showChart` : value = true
[2021-08-02 23:32:00] - Processing attribute `periodo` : value = 1440
[2021-08-02 23:32:00] - Attribute (`showChart`)  - enhanced for lazy-loading? - false
[2021-08-02 23:32:00] - Processing attribute `unidade` : value = GramaPorLitro
[2021-08-02 23:32:00] - Attribute (`unidade`)  - enhanced for lazy-loading? - false
[2021-08-02 23:32:00] - Attribute (`periodo`)  - enhanced for lazy-loading? - false
[2021-08-02 23:32:00] - Done materializing entity [com.bluebudy.SCQ.domain.Parametro#1]
[2021-08-02 23:32:00] - Done materializing entity [com.bluebudy.SCQ.domain.Controle#6]
[2021-08-02 23:32:00] - Resolving attributes for [com.bluebudy.SCQ.domain.Parametro#2]
[2021-08-02 23:32:00] - Resolving attributes for [com.bluebudy.SCQ.domain.Etapa#3]
[2021-08-02 23:32:00] - Processing attribute `analises` : value = NOT NULL COLLECTION
[2021-08-02 23:32:00] - Processing attribute `montagem` : value = NOT NULL COLLECTION
[2021-08-02 23:32:00] - Attribute (`analises`)  - enhanced for lazy-loading? - false
[2021-08-02 23:32:00] - Processing attribute `controle` : value = 2
[2021-08-02 23:32:00] - Attribute (`controle`)  - enhanced for lazy-loading? - false
[2021-08-02 23:32:00] - Attribute (`montagem`)  - enhanced for lazy-loading? - false
[2021-08-02 23:32:00] - Processing attribute `nome` : value = Selante
[2021-08-02 23:32:00] - select controle0_.id as id1_3_0_, controle0_.data_planejada as data_pla2_3_0_, controle0_.data_realizada as data_rea3_3_0_, controle0_.notified as notified4_3_0_, controle0_.periodo as periodo5_3_0_ from controle controle0_ where controle0_.id=?
[2021-08-02 23:32:00] - Attribute (`nome`)  - enhanced for lazy-loading? - false
[2021-08-02 23:32:00] - Processing attribute `parametros` : value = NOT NULL COLLECTION
[2021-08-02 23:32:00] - Attribute (`parametros`)  - enhanced for lazy-loading? - false
[2021-08-02 23:32:00] - Processing attribute `posicao` : value = 5
[2021-08-02 23:32:00] - Attribute (`posicao`)  - enhanced for lazy-loading? - false
[2021-08-02 23:32:00] - Processing attribute `processo` : value = 1
[2021-08-02 23:32:00] - Attribute (`processo`)  - enhanced for lazy-loading? - false
[2021-08-02 23:32:00] - Processing attribute `trocas` : value = NOT NULL COLLECTION
[2021-08-02 23:32:00] - Attribute (`trocas`)  - enhanced for lazy-loading? - false
[2021-08-02 23:32:00] - Processing attribute `volume` : value = 2570.0
[2021-08-02 23:32:00] - Attribute (`volume`)  - enhanced for lazy-loading? - false
[2021-08-02 23:32:00] - Done materializing entity [com.bluebudy.SCQ.domain.Etapa#3]
[2021-08-02 23:32:00] - Done entity load : com.bluebudy.SCQ.domain.Analise#1111
[2021-08-02 23:32:00] - Processing attribute `observacao` : value = nada a declarar
[2021-08-02 23:32:00] - Attribute (`observacao`)  - enhanced for lazy-loading? - false
[2021-08-02 23:32:00] - Processing attribute `oldAnaliseValue` : value = null
[2021-08-02 23:32:00] - Attribute (`oldAnaliseValue`)  - enhanced for lazy-loading? - false
[2021-08-02 23:32:00] - Processing attribute `responsavel` : value = Alexandre
[2021-08-02 23:32:00] - Attribute (`responsavel`)  - enhanced for lazy-loading? - false
[2021-08-02 23:32:00] - Processing attribute `statusOCP` : value = true
[2021-08-02 23:32:00] - Attribute (`statusOCP`)  - enhanced for lazy-loading? - false
[2021-08-02 23:32:00] - Processing attribute `tipo` : value = PREVENTIVA
[2021-08-02 23:32:00] - Attribute (`tipo`)  - enhanced for lazy-loading? - false
[2021-08-02 23:32:00] - Processing attribute `acao` : value = 2
[2021-08-02 23:32:00] - Attribute (`acao`)  - enhanced for lazy-loading? - false
[2021-08-02 23:32:00] - Loading entity: [com.bluebudy.SCQ.domain.Acao#2]
[2021-08-02 23:32:00] - select acao0_.id as id1_0_2_, acao0_.acao as acao2_0_2_, acao0_.data as data3_0_2_, acao0_.notified as notified4_0_2_, acao0_.ordem_id as ordem_id7_0_2_, acao0_.prazo as prazo5_0_2_, acao0_.status as status6_0_2_, ordemdecor1_.id as id1_8_0_, ordemdecor1_.analise_id as analise_7_8_0_, ordemdecor1_.observacao as observac2_8_0_, ordemdecor1_.old_analise_value as old_anal3_8_0_, ordemdecor1_.responsavel as responsa4_8_0_, ordemdecor1_.statusocp as statusoc5_8_0_, ordemdecor1_.tipo as tipo6_8_0_, analise2_.id as id1_2_1_, analise2_.analista as analista2_2_1_, analise2_.data as data3_2_1_, analise2_.need_correcao as need_cor4_2_1_, analise2_.parametro_id as parametr6_2_1_, analise2_.resultado as resultad5_2_1_ from acao acao0_ left outer join ordem_de_correcao ordemdecor1_ on acao0_.ordem_id=ordemdecor1_.id left outer join analise analise2_ on ordemdecor1_.analise_id=analise2_.id where acao0_.ordem_id=?
[2021-08-02 23:32:00] - On call to EntityIdentifierReaderImpl#resolve, EntityKey was already known; should only happen on root returns with an optional identifier specified
[2021-08-02 23:32:00] - Done entity load
[2021-08-02 23:32:00] - Done materializing entity [com.bluebudy.SCQ.domain.OrdemDeCorrecao#2]
[2021-08-02 23:32:00] - Resolving attributes for [com.bluebudy.SCQ.domain.OrdemDeCorrecao#3]
[2021-08-02 23:32:00] - Processing attribute `adicoes` : value = NOT NULL COLLECTION
[2021-08-02 23:32:00] - Attribute (`adicoes`)  - enhanced for lazy-loading? - false
[2021-08-02 23:32:00] - Processing attribute `analise` : value = 1112
[2021-08-02 23:32:00] - Attribute (`analise`)  - enhanced for lazy-loading? - false
[2021-08-02 23:32:00] - Resolving attributes for [com.bluebudy.SCQ.domain.Controle#2]
[2021-08-02 23:32:00] - select analise0_.id as id1_2_0_, analise0_.analista as analista2_2_0_, analise0_.data as data3_2_0_, analise0_.need_correcao as need_cor4_2_0_, analise0_.parametro_id as parametr6_2_0_, analise0_.resultado as resultad5_2_0_, parametro1_.id as id1_10_1_, parametro1_.controle_id as control10_10_1_, parametro1_.etapa_id as etapa_i11_10_1_, parametro1_.formula as formula2_10_1_, parametro1_.nome as nome3_10_1_, parametro1_.p_max as p_max4_10_1_, parametro1_.p_maxt as p_maxt5_10_1_, parametro1_.p_min as p_min6_10_1_, parametro1_.p_mint as p_mint7_10_1_, parametro1_.show_chart as show_cha8_10_1_, parametro1_.unidade as unidade9_10_1_, controle2_.id as id1_3_2_, controle2_.data_planejada as data_pla2_3_2_, controle2_.data_realizada as data_rea3_3_2_, controle2_.notified as notified4_3_2_, controle2_.periodo as periodo5_3_2_, etapa3_.id as id1_4_3_, etapa3_.nome as nome2_4_3_, etapa3_.posicao as posicao3_4_3_, etapa3_.processo_id as processo5_4_3_, etapa3_.volume as volume4_4_3_ from analise analise0_ left outer join parametro parametro1_ on analise0_.parametro_id=parametro1_.id left outer join controle controle2_ on parametro1_.controle_id=controle2_.id left outer join etapa etapa3_ on parametro1_.etapa_id=etapa3_.id where analise0_.id=?
[2021-08-02 23:32:00] - Processing attribute `dataPlanejada` : value = null
[2021-08-02 23:32:00] - Attribute (`dataPlanejada`)  - enhanced for lazy-loading? - false
[2021-08-02 23:32:00] - Processing attribute `dataRealizada` : value = 2021-07-01 10:06:58.642
[2021-08-02 23:32:00] - Attribute (`dataRealizada`)  - enhanced for lazy-loading? - false
[2021-08-02 23:32:00] - Processing attribute `notified` : value = false
[2021-08-02 23:32:00] - Attribute (`notified`)  - enhanced for lazy-loading? - false
[2021-08-02 23:32:00] - Processing attribute `periodo` : value = 80640
[2021-08-02 23:32:00] - Attribute (`periodo`)  - enhanced for lazy-loading? - false
[2021-08-02 23:32:00] - Done materializing entity [com.bluebudy.SCQ.domain.Controle#2]
[2021-08-02 23:32:00] - Done entity load : com.bluebudy.SCQ.domain.Controle#2
[2021-08-02 23:32:00] - Processing attribute `etapa` : value = 1
[2021-08-02 23:32:00] - Attribute (`etapa`)  - enhanced for lazy-loading? - false
[2021-08-02 23:32:00] - select etapa0_.id as id1_4_0_, etapa0_.nome as nome2_4_0_, etapa0_.posicao as posicao3_4_0_, etapa0_.processo_id as processo5_4_0_, etapa0_.volume as volume4_4_0_, montagem1_.etapa_id as etapa_id3_6_1_, montagem1_.id as id1_6_1_, montagem1_.id as id1_6_2_, montagem1_.etapa_id as etapa_id3_6_2_, montagem1_.materia_prima_id as materia_4_6_2_, montagem1_.quantidade as quantida2_6_2_, materiapri2_.id as id1_5_3_, materiapri2_.fator_titulometrico as fator_ti2_5_3_, materiapri2_.fornecedor as forneced3_5_3_, materiapri2_.nome as nome4_5_3_, materiapri2_.preco as preco5_5_3_, materiapri2_.unidade as unidade6_5_3_, processo3_.id as id1_11_4_, processo3_.nome as nome2_11_4_ from etapa etapa0_ left outer join montagem_composition montagem1_ on etapa0_.id=montagem1_.etapa_id left outer join materia_prima materiapri2_ on montagem1_.materia_prima_id=materiapri2_.id left outer join processo processo3_ on etapa0_.processo_id=processo3_.id where etapa0_.id=?
[2021-08-02 23:32:00] - On call to EntityIdentifierReaderImpl#resolve, EntityKey was already known; should only happen on root returns with an optional identifier specified
[2021-08-02 23:32:00] - On call to EntityIdentifierReaderImpl#resolve, EntityKey was already known; should only happen on root returns with an optional identifier specified
[2021-08-02 23:32:00] - Resolving attributes for [com.bluebudy.SCQ.domain.Analise#1112]
[2021-08-02 23:32:00] - Processing attribute `analista` : value = Beatriz
[2021-08-02 23:32:00] - Attribute (`analista`)  - enhanced for lazy-loading? - false
[2021-08-02 23:32:00] - Processing attribute `data` : value = 2021-04-22 10:12:18.0
[2021-08-02 23:32:00] - Attribute (`data`)  - enhanced for lazy-loading? - false
[2021-08-02 23:32:00] - Processing attribute `needCorrecao` : value = true
[2021-08-02 23:32:00] - Attribute (`needCorrecao`)  - enhanced for lazy-loading? - false
[2021-08-02 23:32:00] - Processing attribute `ordemDeCorrecao` : value = NOT NULL COLLECTION
[2021-08-02 23:32:00] - Attribute (`ordemDeCorrecao`)  - enhanced for lazy-loading? - false
[2021-08-02 23:32:00] - Found row of collection: [com.bluebudy.SCQ.domain.Etapa.montagem#1]
[2021-08-02 23:32:00] - Processing attribute `parametro` : value = 10
[2021-08-02 23:32:00] - Attribute (`parametro`)  - enhanced for lazy-loading? - false
[2021-08-02 23:32:00] - Processing attribute `resultado` : value = 19.0
[2021-08-02 23:32:00] - Attribute (`resultado`)  - enhanced for lazy-loading? - false
[2021-08-02 23:32:00] - Done materializing entity [com.bluebudy.SCQ.domain.Analise#1112]
[2021-08-02 23:32:00] - Resolving attributes for [com.bluebudy.SCQ.domain.Parametro#10]
[2021-08-02 23:32:00] - Processing attribute `analises` : value = NOT NULL COLLECTION
[2021-08-02 23:32:00] - Attribute (`analises`)  - enhanced for lazy-loading? - false
[2021-08-02 23:32:00] - Processing attribute `controle` : value = 10
[2021-08-02 23:32:00] - Attribute (`controle`)  - enhanced for lazy-loading? - false
[2021-08-02 23:32:00] - Processing attribute `etapa` : value = 8
[2021-08-02 23:32:00] - Attribute (`etapa`)  - enhanced for lazy-loading? - false
[2021-08-02 23:32:00] - Processing attribute `formula` : value = [V]
[2021-08-02 23:32:00] - Attribute (`formula`)  - enhanced for lazy-loading? - false
[2021-08-02 23:32:00] - Processing attribute `nome` : value = Temperatura
[2021-08-02 23:32:00] - Attribute (`nome`)  - enhanced for lazy-loading? - false
[2021-08-02 23:32:00] - Processing attribute `pMax` : value = 24.0
[2021-08-02 23:32:00] - Attribute (`pMax`)  - enhanced for lazy-loading? - false
[2021-08-02 23:32:00] - Processing attribute `pMaxT` : value = 23.0
[2021-08-02 23:32:00] - On call to EntityIdentifierReaderImpl#resolve, EntityKey was already known; should only happen on root returns with an optional identifier specified
[2021-08-02 23:32:00] - Attribute (`pMaxT`)  - enhanced for lazy-loading? - false
[2021-08-02 23:32:00] - Processing attribute `pMin` : value = 18.0
[2021-08-02 23:32:00] - Attribute (`pMin`)  - enhanced for lazy-loading? - false
[2021-08-02 23:32:00] - Processing attribute `pMinT` : value = 19.0
[2021-08-02 23:32:00] - Attribute (`pMinT`)  - enhanced for lazy-loading? - false
[2021-08-02 23:32:00] - Found row of collection: [com.bluebudy.SCQ.domain.Etapa.montagem#1]
[2021-08-02 23:32:00] - Processing attribute `showChart` : value = false
[2021-08-02 23:32:00] - Resolving attributes for [com.bluebudy.SCQ.domain.Etapa#1]
[2021-08-02 23:32:00] - Attribute (`showChart`)  - enhanced for lazy-loading? - false
[2021-08-02 23:32:00] - Processing attribute `montagem` : value = NOT NULL COLLECTION
[2021-08-02 23:32:00] - Attribute (`montagem`)  - enhanced for lazy-loading? - false
[2021-08-02 23:32:00] - Processing attribute `nome` : value = Desengraxante Super Químico
[2021-08-02 23:32:00] - Processing attribute `unidade` : value = C
[2021-08-02 23:32:00] - Attribute (`nome`)  - enhanced for lazy-loading? - false
[2021-08-02 23:32:00] - Attribute (`unidade`)  - enhanced for lazy-loading? - false
[2021-08-02 23:32:00] - Done materializing entity [com.bluebudy.SCQ.domain.Parametro#10]
[2021-08-02 23:32:00] - Resolving attributes for [com.bluebudy.SCQ.domain.Controle#10]
[2021-08-02 23:32:00] - Processing attribute `parametros` : value = NOT NULL COLLECTION
[2021-08-02 23:32:00] - Processing attribute `dataPlanejada` : value = 2021-04-21 12:33:32.155
[2021-08-02 23:32:00] - Attribute (`dataPlanejada`)  - enhanced for lazy-loading? - false
[2021-08-02 23:32:00] - Attribute (`parametros`)  - enhanced for lazy-loading? - false
[2021-08-02 23:32:00] - Processing attribute `dataRealizada` : value = 2021-04-20 12:33:32.155
[2021-08-02 23:32:00] - Attribute (`dataRealizada`)  - enhanced for lazy-loading? - false
[2021-08-02 23:32:00] - Processing attribute `notified` : value = true
[2021-08-02 23:32:00] - Processing attribute `posicao` : value = 15
[2021-08-02 23:32:00] - Attribute (`notified`)  - enhanced for lazy-loading? - false
[2021-08-02 23:32:00] - Processing attribute `periodo` : value = 1440
[2021-08-02 23:32:00] - Attribute (`posicao`)  - enhanced for lazy-loading? - false
[2021-08-02 23:32:00] - Attribute (`periodo`)  - enhanced for lazy-loading? - false
[2021-08-02 23:32:00] - Processing attribute `processo` : value = 1
[2021-08-02 23:32:00] - Attribute (`processo`)  - enhanced for lazy-loading? - false
[2021-08-02 23:32:00] - Done materializing entity [com.bluebudy.SCQ.domain.Controle#10]
[2021-08-02 23:32:00] - Processing attribute `trocas` : value = NOT NULL COLLECTION
[2021-08-02 23:32:00] - Resolving attributes for [com.bluebudy.SCQ.domain.Etapa#8]
[2021-08-02 23:32:00] - Processing attribute `montagem` : value = NOT NULL COLLECTION
[2021-08-02 23:32:00] - Attribute (`trocas`)  - enhanced for lazy-loading? - false
[2021-08-02 23:32:00] - Processing attribute `volume` : value = 2250.0
[2021-08-02 23:32:00] - Attribute (`montagem`)  - enhanced for lazy-loading? - false
[2021-08-02 23:32:00] - Processing attribute `nome` : value = Zinco Ácido
[2021-08-02 23:32:00] - Attribute (`volume`)  - enhanced for lazy-loading? - false
[2021-08-02 23:32:00] - Attribute (`nome`)  - enhanced for lazy-loading? - false
[2021-08-02 23:32:00] - Done materializing entity [com.bluebudy.SCQ.domain.Etapa#1]
[2021-08-02 23:32:00] - Resolving attributes for [com.bluebudy.SCQ.domain.MontagemComposition#1]
[2021-08-02 23:32:00] - Processing attribute `parametros` : value = NOT NULL COLLECTION
[2021-08-02 23:32:00] - Processing attribute `etapa` : value = 1
[2021-08-02 23:32:00] - Attribute (`parametros`)  - enhanced for lazy-loading? - false
[2021-08-02 23:32:00] - Attribute (`etapa`)  - enhanced for lazy-loading? - false
[2021-08-02 23:32:00] - Processing attribute `posicao` : value = 27
[2021-08-02 23:32:00] - Processing attribute `materiaPrima` : value = 3
[2021-08-02 23:32:00] - Attribute (`materiaPrima`)  - enhanced for lazy-loading? - false
[2021-08-02 23:32:00] - Attribute (`posicao`)  - enhanced for lazy-loading? - false
[2021-08-02 23:32:00] - Processing attribute `quantidade` : value = 120.0
[2021-08-02 23:32:00] - Processing attribute `processo` : value = 1
[2021-08-02 23:32:00] - Attribute (`processo`)  - enhanced for lazy-loading? - false
[2021-08-02 23:32:00] - Processing attribute `trocas` : value = NOT NULL COLLECTION
[2021-08-02 23:32:00] - Attribute (`quantidade`)  - enhanced for lazy-loading? - false
[2021-08-02 23:32:00] - Attribute (`trocas`)  - enhanced for lazy-loading? - false
[2021-08-02 23:32:00] - Done materializing entity [com.bluebudy.SCQ.domain.MontagemComposition#1]
[2021-08-02 23:32:00] - Resolving attributes for [com.bluebudy.SCQ.domain.MateriaPrima#3]
[2021-08-02 23:32:00] - Processing attribute `adicao` : value = NOT NULL COLLECTION
[2021-08-02 23:32:00] - Processing attribute `volume` : value = 23150.0
[2021-08-02 23:32:00] - Attribute (`adicao`)  - enhanced for lazy-loading? - false
[2021-08-02 23:32:00] - Attribute (`volume`)  - enhanced for lazy-loading? - false
[2021-08-02 23:32:00] - Processing attribute `fatorTitulometrico` : value = 0.59
[2021-08-02 23:32:00] - Done materializing entity [com.bluebudy.SCQ.domain.Etapa#8]
[2021-08-02 23:32:00] - Attribute (`fatorTitulometrico`)  - enhanced for lazy-loading? - false
[2021-08-02 23:32:00] - Processing attribute `fornecedor` : value = Surtec
[2021-08-02 23:32:00] - Attribute (`fornecedor`)  - enhanced for lazy-loading? - false
[2021-08-02 23:32:00] - Processing attribute `nome` : value = Surtec 163
[2021-08-02 23:32:00] - Attribute (`nome`)  - enhanced for lazy-loading? - false
[2021-08-02 23:32:00] - Processing attribute `preco` : value = 21.39
[2021-08-02 23:32:00] - Attribute (`preco`)  - enhanced for lazy-loading? - false
[2021-08-02 23:32:00] - Processing attribute `unidade` : value = Kg
[2021-08-02 23:32:00] - Done entity load : com.bluebudy.SCQ.domain.Analise#1112
[2021-08-02 23:32:00] - Attribute (`unidade`)  - enhanced for lazy-loading? - false
[2021-08-02 23:32:00] - Processing attribute `observacao` : value = 
[2021-08-02 23:32:00] - Done materializing entity [com.bluebudy.SCQ.domain.MateriaPrima#3]
[2021-08-02 23:32:00] - Attribute (`observacao`)  - enhanced for lazy-loading? - false
[2021-08-02 23:32:00] - Resolving attributes for [com.bluebudy.SCQ.domain.MontagemComposition#2]
[2021-08-02 23:32:00] - Processing attribute `oldAnaliseValue` : value = null
[2021-08-02 23:32:00] - Processing attribute `etapa` : value = 1
[2021-08-02 23:32:00] - Attribute (`oldAnaliseValue`)  - enhanced for lazy-loading? - false
[2021-08-02 23:32:00] - Attribute (`etapa`)  - enhanced for lazy-loading? - false
[2021-08-02 23:32:00] - Processing attribute `responsavel` : value = Jonathan
[2021-08-02 23:32:00] - Attribute (`responsavel`)  - enhanced for lazy-loading? - false
[2021-08-02 23:32:00] - Processing attribute `materiaPrima` : value = 4
[2021-08-02 23:32:00] - Attribute (`materiaPrima`)  - enhanced for lazy-loading? - false
[2021-08-02 23:32:00] - Processing attribute `statusOCP` : value = true
[2021-08-02 23:32:00] - Processing attribute `quantidade` : value = 26.0
[2021-08-02 23:32:00] - Attribute (`quantidade`)  - enhanced for lazy-loading? - false
[2021-08-02 23:32:00] - Attribute (`statusOCP`)  - enhanced for lazy-loading? - false
[2021-08-02 23:32:00] - Done materializing entity [com.bluebudy.SCQ.domain.MontagemComposition#2]
[2021-08-02 23:32:00] - Processing attribute `tipo` : value = PREVENTIVA
[2021-08-02 23:32:00] - Resolving attributes for [com.bluebudy.SCQ.domain.MateriaPrima#4]
[2021-08-02 23:32:00] - Attribute (`tipo`)  - enhanced for lazy-loading? - false
[2021-08-02 23:32:00] - Processing attribute `adicao` : value = NOT NULL COLLECTION
[2021-08-02 23:32:00] - Attribute (`adicao`)  - enhanced for lazy-loading? - false
[2021-08-02 23:32:00] - Processing attribute `acao` : value = 3
[2021-08-02 23:32:00] - Processing attribute `fatorTitulometrico` : value = 1.0
[2021-08-02 23:32:00] - Attribute (`acao`)  - enhanced for lazy-loading? - false
[2021-08-02 23:32:00] - Attribute (`fatorTitulometrico`)  - enhanced for lazy-loading? - false
[2021-08-02 23:32:00] - Loading entity: [com.bluebudy.SCQ.domain.Acao#3]
[2021-08-02 23:32:00] - Processing attribute `fornecedor` : value = Surtec
[2021-08-02 23:32:00] - Attribute (`fornecedor`)  - enhanced for lazy-loading? - false
[2021-08-02 23:32:00] - select acao0_.id as id1_0_2_, acao0_.acao as acao2_0_2_, acao0_.data as data3_0_2_, acao0_.notified as notified4_0_2_, acao0_.ordem_id as ordem_id7_0_2_, acao0_.prazo as prazo5_0_2_, acao0_.status as status6_0_2_, ordemdecor1_.id as id1_8_0_, ordemdecor1_.analise_id as analise_7_8_0_, ordemdecor1_.observacao as observac2_8_0_, ordemdecor1_.old_analise_value as old_anal3_8_0_, ordemdecor1_.responsavel as responsa4_8_0_, ordemdecor1_.statusocp as statusoc5_8_0_, ordemdecor1_.tipo as tipo6_8_0_, analise2_.id as id1_2_1_, analise2_.analista as analista2_2_1_, analise2_.data as data3_2_1_, analise2_.need_correcao as need_cor4_2_1_, analise2_.parametro_id as parametr6_2_1_, analise2_.resultado as resultad5_2_1_ from acao acao0_ left outer join ordem_de_correcao ordemdecor1_ on acao0_.ordem_id=ordemdecor1_.id left outer join analise analise2_ on ordemdecor1_.analise_id=analise2_.id where acao0_.ordem_id=?
[2021-08-02 23:32:00] - Processing attribute `nome` : value = Surtec 089
[2021-08-02 23:32:00] - Attribute (`nome`)  - enhanced for lazy-loading? - false
[2021-08-02 23:32:00] - Processing attribute `preco` : value = 86.64
[2021-08-02 23:32:00] - Attribute (`preco`)  - enhanced for lazy-loading? - false
[2021-08-02 23:32:00] - Processing attribute `unidade` : value = Lts
[2021-08-02 23:32:00] - Attribute (`unidade`)  - enhanced for lazy-loading? - false
[2021-08-02 23:32:00] - Done materializing entity [com.bluebudy.SCQ.domain.MateriaPrima#4]
[2021-08-02 23:32:00] - 1 collections were found in result set for role: com.bluebudy.SCQ.domain.Etapa.montagem
[2021-08-02 23:32:00] - Collection fully initialized: [com.bluebudy.SCQ.domain.Etapa.montagem#1]
[2021-08-02 23:32:00] - 1 collections initialized for role: com.bluebudy.SCQ.domain.Etapa.montagem
[2021-08-02 23:32:00] - Done entity load
[2021-08-02 23:32:00] - Done materializing entity [com.bluebudy.SCQ.domain.OrdemDeCorrecao#3]
[2021-08-02 23:32:00] - Resolving attributes for [com.bluebudy.SCQ.domain.OrdemDeCorrecao#4]
[2021-08-02 23:32:00] - Done entity load : com.bluebudy.SCQ.domain.Etapa#1
[2021-08-02 23:32:00] - Processing attribute `adicoes` : value = NOT NULL COLLECTION
[2021-08-02 23:32:00] - Processing attribute `formula` : value = (([V]*0.1131)+0.0308)*6
[2021-08-02 23:32:00] - Attribute (`adicoes`)  - enhanced for lazy-loading? - false
[2021-08-02 23:32:00] - Attribute (`formula`)  - enhanced for lazy-loading? - false
[2021-08-02 23:32:00] - Processing attribute `nome` : value = Concentracao
[2021-08-02 23:32:00] - Processing attribute `analise` : value = 1113
[2021-08-02 23:32:00] - Attribute (`nome`)  - enhanced for lazy-loading? - false
[2021-08-02 23:32:00] - Attribute (`analise`)  - enhanced for lazy-loading? - false
[2021-08-02 23:32:00] - select analise0_.id as id1_2_0_, analise0_.analista as analista2_2_0_, analise0_.data as data3_2_0_, analise0_.need_correcao as need_cor4_2_0_, analise0_.parametro_id as parametr6_2_0_, analise0_.resultado as resultad5_2_0_, parametro1_.id as id1_10_1_, parametro1_.controle_id as control10_10_1_, parametro1_.etapa_id as etapa_i11_10_1_, parametro1_.formula as formula2_10_1_, parametro1_.nome as nome3_10_1_, parametro1_.p_max as p_max4_10_1_, parametro1_.p_maxt as p_maxt5_10_1_, parametro1_.p_min as p_min6_10_1_, parametro1_.p_mint as p_mint7_10_1_, parametro1_.show_chart as show_cha8_10_1_, parametro1_.unidade as unidade9_10_1_, controle2_.id as id1_3_2_, controle2_.data_planejada as data_pla2_3_2_, controle2_.data_realizada as data_rea3_3_2_, controle2_.notified as notified4_3_2_, controle2_.periodo as periodo5_3_2_, etapa3_.id as id1_4_3_, etapa3_.nome as nome2_4_3_, etapa3_.posicao as posicao3_4_3_, etapa3_.processo_id as processo5_4_3_, etapa3_.volume as volume4_4_3_ from analise analise0_ left outer join parametro parametro1_ on analise0_.parametro_id=parametro1_.id left outer join controle controle2_ on parametro1_.controle_id=controle2_.id left outer join etapa etapa3_ on parametro1_.etapa_id=etapa3_.id where analise0_.id=?
[2021-08-02 23:32:00] - Processing attribute `pMax` : value = 70.0
[2021-08-02 23:32:00] - Attribute (`pMax`)  - enhanced for lazy-loading? - false
[2021-08-02 23:32:00] - Processing attribute `pMaxT` : value = 60.0
[2021-08-02 23:32:00] - Attribute (`pMaxT`)  - enhanced for lazy-loading? - false
[2021-08-02 23:32:00] - Processing attribute `pMin` : value = 20.0
[2021-08-02 23:32:00] - Attribute (`pMin`)  - enhanced for lazy-loading? - false
[2021-08-02 23:32:00] - Processing attribute `pMinT` : value = 30.0
[2021-08-02 23:32:00] - Attribute (`pMinT`)  - enhanced for lazy-loading? - false
[2021-08-02 23:32:00] - Processing attribute `showChart` : value = false
[2021-08-02 23:32:00] - Attribute (`showChart`)  - enhanced for lazy-loading? - false
[2021-08-02 23:32:00] - Processing attribute `unidade` : value = GramaPorLitro
[2021-08-02 23:32:00] - Attribute (`unidade`)  - enhanced for lazy-loading? - false
[2021-08-02 23:32:00] - Done materializing entity [com.bluebudy.SCQ.domain.Parametro#2]
[2021-08-02 23:32:00] - Resolving attributes for [com.bluebudy.SCQ.domain.Parametro#3]
[2021-08-02 23:32:00] - Processing attribute `analises` : value = NOT NULL COLLECTION
[2021-08-02 23:32:00] - Attribute (`analises`)  - enhanced for lazy-loading? - false
[2021-08-02 23:32:00] - Processing attribute `controle` : value = 3
[2021-08-02 23:32:00] - Attribute (`controle`)  - enhanced for lazy-loading? - false
[2021-08-02 23:32:00] - select controle0_.id as id1_3_0_, controle0_.data_planejada as data_pla2_3_0_, controle0_.data_realizada as data_rea3_3_0_, controle0_.notified as notified4_3_0_, controle0_.periodo as periodo5_3_0_ from controle controle0_ where controle0_.id=?
[2021-08-02 23:32:00] - On call to EntityIdentifierReaderImpl#resolve, EntityKey was already known; should only happen on root returns with an optional identifier specified
[2021-08-02 23:32:00] - On call to EntityIdentifierReaderImpl#resolve, EntityKey was already known; should only happen on root returns with an optional identifier specified
[2021-08-02 23:32:00] - Resolving attributes for [com.bluebudy.SCQ.domain.Controle#3]
[2021-08-02 23:32:00] - Resolving attributes for [com.bluebudy.SCQ.domain.Analise#1113]
[2021-08-02 23:32:00] - Processing attribute `analista` : value = Beatriz
[2021-08-02 23:32:00] - Attribute (`analista`)  - enhanced for lazy-loading? - false
[2021-08-02 23:32:00] - Processing attribute `dataPlanejada` : value = 2021-07-08 21:48:56.346
[2021-08-02 23:32:00] - Processing attribute `data` : value = 2021-04-22 10:12:48.0
[2021-08-02 23:32:00] - Attribute (`data`)  - enhanced for lazy-loading? - false
[2021-08-02 23:32:00] - Attribute (`dataPlanejada`)  - enhanced for lazy-loading? - false
[2021-08-02 23:32:00] - Processing attribute `needCorrecao` : value = true
[2021-08-02 23:32:00] - Attribute (`needCorrecao`)  - enhanced for lazy-loading? - false
[2021-08-02 23:32:00] - Processing attribute `dataRealizada` : value = 2021-07-07 21:48:56.346
[2021-08-02 23:32:00] - Processing attribute `ordemDeCorrecao` : value = NOT NULL COLLECTION
[2021-08-02 23:32:00] - Attribute (`ordemDeCorrecao`)  - enhanced for lazy-loading? - false
[2021-08-02 23:32:00] - Processing attribute `parametro` : value = 12
[2021-08-02 23:32:00] - Attribute (`parametro`)  - enhanced for lazy-loading? - false
[2021-08-02 23:32:00] - Attribute (`dataRealizada`)  - enhanced for lazy-loading? - false
[2021-08-02 23:32:00] - Processing attribute `notified` : value = true
[2021-08-02 23:32:00] - Attribute (`notified`)  - enhanced for lazy-loading? - false
[2021-08-02 23:32:00] - Processing attribute `resultado` : value = 3.2
[2021-08-02 23:32:00] - Processing attribute `periodo` : value = 1440
[2021-08-02 23:32:00] - Attribute (`periodo`)  - enhanced for lazy-loading? - false
[2021-08-02 23:32:00] - Done materializing entity [com.bluebudy.SCQ.domain.Controle#3]
[2021-08-02 23:32:00] - Attribute (`resultado`)  - enhanced for lazy-loading? - false
[2021-08-02 23:32:00] - Done materializing entity [com.bluebudy.SCQ.domain.Analise#1113]
[2021-08-02 23:32:00] - Resolving attributes for [com.bluebudy.SCQ.domain.Parametro#12]
[2021-08-02 23:32:00] - Processing attribute `analises` : value = NOT NULL COLLECTION
[2021-08-02 23:32:00] - Done entity load : com.bluebudy.SCQ.domain.Controle#3
[2021-08-02 23:32:00] - Attribute (`analises`)  - enhanced for lazy-loading? - false
[2021-08-02 23:32:00] - Processing attribute `etapa` : value = 1
[2021-08-02 23:32:00] - Attribute (`etapa`)  - enhanced for lazy-loading? - false
[2021-08-02 23:32:00] - Processing attribute `formula` : value = [V]
[2021-08-02 23:32:00] - Attribute (`formula`)  - enhanced for lazy-loading? - false
[2021-08-02 23:32:00] - Processing attribute `nome` : value = Temperatura
[2021-08-02 23:32:00] - Attribute (`nome`)  - enhanced for lazy-loading? - false
[2021-08-02 23:32:00] - Processing attribute `pMax` : value = 90.0
[2021-08-02 23:32:00] - Processing attribute `controle` : value = 12
[2021-08-02 23:32:00] - Attribute (`controle`)  - enhanced for lazy-loading? - false
[2021-08-02 23:32:00] - Attribute (`pMax`)  - enhanced for lazy-loading? - false
[2021-08-02 23:32:00] - Processing attribute `etapa` : value = 8
[2021-08-02 23:32:00] - Processing attribute `pMaxT` : value = 80.0
[2021-08-02 23:32:00] - Attribute (`etapa`)  - enhanced for lazy-loading? - false
[2021-08-02 23:32:00] - Attribute (`pMaxT`)  - enhanced for lazy-loading? - false
[2021-08-02 23:32:00] - Processing attribute `formula` : value = [V]
[2021-08-02 23:32:00] - Attribute (`formula`)  - enhanced for lazy-loading? - false
[2021-08-02 23:32:00] - Processing attribute `pMin` : value = 50.0
[2021-08-02 23:32:00] - Processing attribute `nome` : value = Tensão
[2021-08-02 23:32:00] - Attribute (`pMin`)  - enhanced for lazy-loading? - false
[2021-08-02 23:32:00] - Attribute (`nome`)  - enhanced for lazy-loading? - false
[2021-08-02 23:32:00] - Processing attribute `pMax` : value = 3.2
[2021-08-02 23:32:00] - Attribute (`pMax`)  - enhanced for lazy-loading? - false
