2022-03-17 09:44:09,743 INFO org.springframework.boot.StartupInfoLogger [restartedMain] Starting ScqMobileApplication on MacBook-Pro-de-Alexandre.local with PID 81161 (/Users/alexandrenunes/Documents/development/SCQ/scq-api/target/classes started by alexandrenunes in /Users/alexandrenunes/Documents/development/SCQ/scq-api)
2022-03-17 09:44:09,752 DEBUG org.springframework.boot.StartupInfoLogger [restartedMain] Running with Spring Boot v2.2.1.RELEASE, Spring v5.2.1.RELEASE
2022-03-17 09:44:09,759 INFO org.springframework.boot.SpringApplication [restartedMain] No active profile set, falling back to default profiles: default
2022-03-17 09:44:24,750 INFO org.springframework.boot.StartupInfoLogger [restartedMain] Started ScqMobileApplication in 15.883 seconds (JVM running for 17.392)
2022-03-17 09:52:21,280 INFO org.springframework.boot.StartupInfoLogger [restartedMain] Starting ScqMobileApplication on MacBook-Pro-de-Alexandre.local with PID 81603 (/Users/alexandrenunes/Documents/development/SCQ/scq-api/target/classes started by alexandrenunes in /Users/alexandrenunes/Documents/development/SCQ/scq-api)
2022-03-17 09:52:21,284 DEBUG org.springframework.boot.StartupInfoLogger [restartedMain] Running with Spring Boot v2.2.1.RELEASE, Spring v5.2.1.RELEASE
2022-03-17 09:52:21,285 INFO org.springframework.boot.SpringApplication [restartedMain] No active profile set, falling back to default profiles: default
2022-03-17 09:52:35,756 INFO org.springframework.boot.StartupInfoLogger [restartedMain] Started ScqMobileApplication in 15.308 seconds (JVM running for 16.711)
2022-03-17 09:57:05,121 ERROR org.apache.juli.logging.DirectJDKLog [http-nio-8080-exec-7] Servlet.service() for servlet [dispatcherServlet] in context with path [] threw exception [Request processing failed; nested exception is java.lang.NumberFormatException: For input string: "287798,80"] with root cause
java.lang.NumberFormatException: For input string: "287798,80"
	at java.base/jdk.internal.math.FloatingDecimal.readJavaFormatString(FloatingDecimal.java:2054)
	at java.base/jdk.internal.math.FloatingDecimal.parseDouble(FloatingDecimal.java:110)
	at java.base/java.lang.Double.parseDouble(Double.java:543)
	at java.base/java.lang.Double.valueOf(Double.java:506)
	at com.bluebudy.SCQ.dtos.TrocaDTO.<init>(TrocaDTO.java:84)
	at java.base/java.util.stream.ReferencePipeline$3$1.accept(ReferencePipeline.java:195)
	at java.base/java.util.ArrayList$ArrayListSpliterator.forEachRemaining(ArrayList.java:1655)
	at java.base/java.util.stream.AbstractPipeline.copyInto(AbstractPipeline.java:484)
	at java.base/java.util.stream.AbstractPipeline.wrapAndCopyInto(AbstractPipeline.java:474)
	at java.base/java.util.stream.ReduceOps$ReduceOp.evaluateSequential(ReduceOps.java:913)
	at java.base/java.util.stream.AbstractPipeline.evaluate(AbstractPipeline.java:234)
	at java.base/java.util.stream.ReferencePipeline.collect(ReferencePipeline.java:578)
	at com.bluebudy.SCQ.dtos.TrocaDTO.trocaToTrocaDTO(TrocaDTO.java:167)
	at com.bluebudy.SCQ.services.TrocaServiceImpl.findAll(TrocaServiceImpl.java:77)
	at com.bluebudy.SCQ.controllers.TrocaController.findAll(TrocaController.java:82)
	at java.base/jdk.internal.reflect.NativeMethodAccessorImpl.invoke0(Native Method)
	at java.base/jdk.internal.reflect.NativeMethodAccessorImpl.invoke(NativeMethodAccessorImpl.java:62)
	at java.base/jdk.internal.reflect.DelegatingMethodAccessorImpl.invoke(DelegatingMethodAccessorImpl.java:43)
	at java.base/java.lang.reflect.Method.invoke(Method.java:566)
	at org.springframework.web.method.support.InvocableHandlerMethod.doInvoke(InvocableHandlerMethod.java:190)
	at org.springframework.web.method.support.InvocableHandlerMethod.invokeForRequest(InvocableHandlerMethod.java:138)
	at org.springframework.web.servlet.mvc.method.annotation.ServletInvocableHandlerMethod.invokeAndHandle(ServletInvocableHandlerMethod.java:106)
	at org.springframework.web.servlet.mvc.method.annotation.RequestMappingHandlerAdapter.invokeHandlerMethod(RequestMappingHandlerAdapter.java:888)
	at org.springframework.web.servlet.mvc.method.annotation.RequestMappingHandlerAdapter.handleInternal(RequestMappingHandlerAdapter.java:793)
	at org.springframework.web.servlet.mvc.method.AbstractHandlerMethodAdapter.handle(AbstractHandlerMethodAdapter.java:87)
	at org.springframework.web.servlet.DispatcherServlet.doDispatch(DispatcherServlet.java:1040)
	at org.springframework.web.servlet.DispatcherServlet.doService(DispatcherServlet.java:943)
	at org.springframework.web.servlet.FrameworkServlet.processRequest(FrameworkServlet.java:1006)
	at org.springframework.web.servlet.FrameworkServlet.doGet(FrameworkServlet.java:898)
	at javax.servlet.http.HttpServlet.service(HttpServlet.java:634)
	at org.springframework.web.servlet.FrameworkServlet.service(FrameworkServlet.java:883)
	at javax.servlet.http.HttpServlet.service(HttpServlet.java:741)
	at org.apache.catalina.core.ApplicationFilterChain.internalDoFilter(ApplicationFilterChain.java:231)
	at org.apache.catalina.core.ApplicationFilterChain.doFilter(ApplicationFilterChain.java:166)
	at org.apache.tomcat.websocket.server.WsFilter.doFilter(WsFilter.java:53)
	at org.apache.catalina.core.ApplicationFilterChain.internalDoFilter(ApplicationFilterChain.java:193)
	at org.apache.catalina.core.ApplicationFilterChain.doFilter(ApplicationFilterChain.java:166)
	at org.springframework.security.web.FilterChainProxy$VirtualFilterChain.doFilter(FilterChainProxy.java:320)
	at org.springframework.security.web.access.intercept.FilterSecurityInterceptor.invoke(FilterSecurityInterceptor.java:126)
	at org.springframework.security.web.access.intercept.FilterSecurityInterceptor.doFilter(FilterSecurityInterceptor.java:90)
	at org.springframework.security.web.FilterChainProxy$VirtualFilterChain.doFilter(FilterChainProxy.java:334)
	at org.springframework.security.web.access.ExceptionTranslationFilter.doFilter(ExceptionTranslationFilter.java:118)
	at org.springframework.security.web.FilterChainProxy$VirtualFilterChain.doFilter(FilterChainProxy.java:334)
	at org.springframework.security.web.session.SessionManagementFilter.doFilter(SessionManagementFilter.java:137)
	at org.springframework.security.web.FilterChainProxy$VirtualFilterChain.doFilter(FilterChainProxy.java:334)
	at org.springframework.security.web.authentication.AnonymousAuthenticationFilter.doFilter(AnonymousAuthenticationFilter.java:111)
	at org.springframework.security.web.FilterChainProxy$VirtualFilterChain.doFilter(FilterChainProxy.java:334)
	at org.springframework.security.web.servletapi.SecurityContextHolderAwareRequestFilter.doFilter(SecurityContextHolderAwareRequestFilter.java:158)
	at org.springframework.security.web.FilterChainProxy$VirtualFilterChain.doFilter(FilterChainProxy.java:334)
	at org.springframework.security.web.savedrequest.RequestCacheAwareFilter.doFilter(RequestCacheAwareFilter.java:63)
	at org.springframework.security.web.FilterChainProxy$VirtualFilterChain.doFilter(FilterChainProxy.java:334)
	at com.bluebudy.SCQ.filters.AutenticacaoTokenFilter.doFilterInternal(AutenticacaoTokenFilter.java:56)
	at org.springframework.web.filter.OncePerRequestFilter.doFilter(OncePerRequestFilter.java:119)
	at org.springframework.security.web.FilterChainProxy$VirtualFilterChain.doFilter(FilterChainProxy.java:334)
	at org.springframework.security.web.authentication.logout.LogoutFilter.doFilter(LogoutFilter.java:116)
	at org.springframework.security.web.FilterChainProxy$VirtualFilterChain.doFilter(FilterChainProxy.java:334)
	at org.springframework.web.filter.CorsFilter.doFilterInternal(CorsFilter.java:92)
	at org.springframework.web.filter.OncePerRequestFilter.doFilter(OncePerRequestFilter.java:119)
	at org.springframework.security.web.FilterChainProxy$VirtualFilterChain.doFilter(FilterChainProxy.java:334)
	at org.springframework.security.web.header.HeaderWriterFilter.doHeadersAfter(HeaderWriterFilter.java:92)
	at org.springframework.security.web.header.HeaderWriterFilter.doFilterInternal(HeaderWriterFilter.java:77)
	at org.springframework.web.filter.OncePerRequestFilter.doFilter(OncePerRequestFilter.java:119)
	at org.springframework.security.web.FilterChainProxy$VirtualFilterChain.doFilter(FilterChainProxy.java:334)
	at org.springframework.security.web.context.SecurityContextPersistenceFilter.doFilter(SecurityContextPersistenceFilter.java:105)
	at org.springframework.security.web.FilterChainProxy$VirtualFilterChain.doFilter(FilterChainProxy.java:334)
	at org.springframework.security.web.context.request.async.WebAsyncManagerIntegrationFilter.doFilterInternal(WebAsyncManagerIntegrationFilter.java:56)
	at org.springframework.web.filter.OncePerRequestFilter.doFilter(OncePerRequestFilter.java:119)
	at org.springframework.security.web.FilterChainProxy$VirtualFilterChain.doFilter(FilterChainProxy.java:334)
	at org.springframework.security.web.FilterChainProxy.doFilterInternal(FilterChainProxy.java:215)
	at org.springframework.security.web.FilterChainProxy.doFilter(FilterChainProxy.java:178)
	at org.springframework.web.filter.DelegatingFilterProxy.invokeDelegate(DelegatingFilterProxy.java:358)
	at org.springframework.web.filter.DelegatingFilterProxy.doFilter(DelegatingFilterProxy.java:271)
	at org.apache.catalina.core.ApplicationFilterChain.internalDoFilter(ApplicationFilterChain.java:193)
	at org.apache.catalina.core.ApplicationFilterChain.doFilter(ApplicationFilterChain.java:166)
	at org.springframework.web.filter.RequestContextFilter.doFilterInternal(RequestContextFilter.java:100)
	at org.springframework.web.filter.OncePerRequestFilter.doFilter(OncePerRequestFilter.java:119)
	at org.apache.catalina.core.ApplicationFilterChain.internalDoFilter(ApplicationFilterChain.java:193)
	at org.apache.catalina.core.ApplicationFilterChain.doFilter(ApplicationFilterChain.java:166)
	at org.springframework.web.filter.FormContentFilter.doFilterInternal(FormContentFilter.java:93)
	at org.springframework.web.filter.OncePerRequestFilter.doFilter(OncePerRequestFilter.java:119)
	at org.apache.catalina.core.ApplicationFilterChain.internalDoFilter(ApplicationFilterChain.java:193)
	at org.apache.catalina.core.ApplicationFilterChain.doFilter(ApplicationFilterChain.java:166)
	at org.springframework.boot.actuate.metrics.web.servlet.WebMvcMetricsFilter.doFilterInternal(WebMvcMetricsFilter.java:108)
	at org.springframework.web.filter.OncePerRequestFilter.doFilter(OncePerRequestFilter.java:119)
	at org.apache.catalina.core.ApplicationFilterChain.internalDoFilter(ApplicationFilterChain.java:193)
	at org.apache.catalina.core.ApplicationFilterChain.doFilter(ApplicationFilterChain.java:166)
	at org.springframework.web.filter.CharacterEncodingFilter.doFilterInternal(CharacterEncodingFilter.java:201)
	at org.springframework.web.filter.OncePerRequestFilter.doFilter(OncePerRequestFilter.java:119)
	at org.apache.catalina.core.ApplicationFilterChain.internalDoFilter(ApplicationFilterChain.java:193)
	at org.apache.catalina.core.ApplicationFilterChain.doFilter(ApplicationFilterChain.java:166)
	at org.apache.catalina.core.StandardWrapperValve.invoke(StandardWrapperValve.java:202)
	at org.apache.catalina.core.StandardContextValve.invoke(StandardContextValve.java:96)
	at org.apache.catalina.authenticator.AuthenticatorBase.invoke(AuthenticatorBase.java:526)
	at org.apache.catalina.core.StandardHostValve.invoke(StandardHostValve.java:139)
	at org.apache.catalina.valves.ErrorReportValve.invoke(ErrorReportValve.java:92)
	at org.apache.catalina.core.StandardEngineValve.invoke(StandardEngineValve.java:74)
	at org.apache.catalina.connector.CoyoteAdapter.service(CoyoteAdapter.java:343)
	at org.apache.coyote.http11.Http11Processor.service(Http11Processor.java:408)
	at org.apache.coyote.AbstractProcessorLight.process(AbstractProcessorLight.java:66)
	at org.apache.coyote.AbstractProtocol$ConnectionHandler.process(AbstractProtocol.java:861)
	at org.apache.tomcat.util.net.NioEndpoint$SocketProcessor.doRun(NioEndpoint.java:1579)
	at org.apache.tomcat.util.net.SocketProcessorBase.run(SocketProcessorBase.java:49)
	at java.base/java.util.concurrent.ThreadPoolExecutor.runWorker(ThreadPoolExecutor.java:1128)
	at java.base/java.util.concurrent.ThreadPoolExecutor$Worker.run(ThreadPoolExecutor.java:628)
	at org.apache.tomcat.util.threads.TaskThread$WrappingRunnable.run(TaskThread.java:61)
	at java.base/java.lang.Thread.run(Thread.java:834)
2022-03-17 09:57:13,492 ERROR org.apache.juli.logging.DirectJDKLog [http-nio-8080-exec-5] Servlet.service() for servlet [dispatcherServlet] in context with path [] threw exception [Request processing failed; nested exception is java.lang.NumberFormatException: For input string: "287798,80"] with root cause
java.lang.NumberFormatException: For input string: "287798,80"
	at java.base/jdk.internal.math.FloatingDecimal.readJavaFormatString(FloatingDecimal.java:2054)
	at java.base/jdk.internal.math.FloatingDecimal.parseDouble(FloatingDecimal.java:110)
	at java.base/java.lang.Double.parseDouble(Double.java:543)
	at java.base/java.lang.Double.valueOf(Double.java:506)
	at com.bluebudy.SCQ.dtos.TrocaDTO.<init>(TrocaDTO.java:84)
	at java.base/java.util.stream.ReferencePipeline$3$1.accept(ReferencePipeline.java:195)
	at java.base/java.util.ArrayList$ArrayListSpliterator.forEachRemaining(ArrayList.java:1655)
	at java.base/java.util.stream.AbstractPipeline.copyInto(AbstractPipeline.java:484)
	at java.base/java.util.stream.AbstractPipeline.wrapAndCopyInto(AbstractPipeline.java:474)
	at java.base/java.util.stream.ReduceOps$ReduceOp.evaluateSequential(ReduceOps.java:913)
	at java.base/java.util.stream.AbstractPipeline.evaluate(AbstractPipeline.java:234)
	at java.base/java.util.stream.ReferencePipeline.collect(ReferencePipeline.java:578)
	at com.bluebudy.SCQ.dtos.TrocaDTO.trocaToTrocaDTO(TrocaDTO.java:167)
	at com.bluebudy.SCQ.services.TrocaServiceImpl.findAll(TrocaServiceImpl.java:77)
	at com.bluebudy.SCQ.controllers.TrocaController.findAll(TrocaController.java:82)
	at java.base/jdk.internal.reflect.NativeMethodAccessorImpl.invoke0(Native Method)
	at java.base/jdk.internal.reflect.NativeMethodAccessorImpl.invoke(NativeMethodAccessorImpl.java:62)
	at java.base/jdk.internal.reflect.DelegatingMethodAccessorImpl.invoke(DelegatingMethodAccessorImpl.java:43)
	at java.base/java.lang.reflect.Method.invoke(Method.java:566)
	at org.springframework.web.method.support.InvocableHandlerMethod.doInvoke(InvocableHandlerMethod.java:190)
	at org.springframework.web.method.support.InvocableHandlerMethod.invokeForRequest(InvocableHandlerMethod.java:138)
	at org.springframework.web.servlet.mvc.method.annotation.ServletInvocableHandlerMethod.invokeAndHandle(ServletInvocableHandlerMethod.java:106)
	at org.springframework.web.servlet.mvc.method.annotation.RequestMappingHandlerAdapter.invokeHandlerMethod(RequestMappingHandlerAdapter.java:888)
	at org.springframework.web.servlet.mvc.method.annotation.RequestMappingHandlerAdapter.handleInternal(RequestMappingHandlerAdapter.java:793)
	at org.springframework.web.servlet.mvc.method.AbstractHandlerMethodAdapter.handle(AbstractHandlerMethodAdapter.java:87)
	at org.springframework.web.servlet.DispatcherServlet.doDispatch(DispatcherServlet.java:1040)
	at org.springframework.web.servlet.DispatcherServlet.doService(DispatcherServlet.java:943)
	at org.springframework.web.servlet.FrameworkServlet.processRequest(FrameworkServlet.java:1006)
	at org.springframework.web.servlet.FrameworkServlet.doGet(FrameworkServlet.java:898)
	at javax.servlet.http.HttpServlet.service(HttpServlet.java:634)
	at org.springframework.web.servlet.FrameworkServlet.service(FrameworkServlet.java:883)
	at javax.servlet.http.HttpServlet.service(HttpServlet.java:741)
	at org.apache.catalina.core.ApplicationFilterChain.internalDoFilter(ApplicationFilterChain.java:231)
	at org.apache.catalina.core.ApplicationFilterChain.doFilter(ApplicationFilterChain.java:166)
	at org.apache.tomcat.websocket.server.WsFilter.doFilter(WsFilter.java:53)
	at org.apache.catalina.core.ApplicationFilterChain.internalDoFilter(ApplicationFilterChain.java:193)
	at org.apache.catalina.core.ApplicationFilterChain.doFilter(ApplicationFilterChain.java:166)
	at org.springframework.security.web.FilterChainProxy$VirtualFilterChain.doFilter(FilterChainProxy.java:320)
	at org.springframework.security.web.access.intercept.FilterSecurityInterceptor.invoke(FilterSecurityInterceptor.java:126)
	at org.springframework.security.web.access.intercept.FilterSecurityInterceptor.doFilter(FilterSecurityInterceptor.java:90)
	at org.springframework.security.web.FilterChainProxy$VirtualFilterChain.doFilter(FilterChainProxy.java:334)
	at org.springframework.security.web.access.ExceptionTranslationFilter.doFilter(ExceptionTranslationFilter.java:118)
	at org.springframework.security.web.FilterChainProxy$VirtualFilterChain.doFilter(FilterChainProxy.java:334)
	at org.springframework.security.web.session.SessionManagementFilter.doFilter(SessionManagementFilter.java:137)
	at org.springframework.security.web.FilterChainProxy$VirtualFilterChain.doFilter(FilterChainProxy.java:334)
	at org.springframework.security.web.authentication.AnonymousAuthenticationFilter.doFilter(AnonymousAuthenticationFilter.java:111)
	at org.springframework.security.web.FilterChainProxy$VirtualFilterChain.doFilter(FilterChainProxy.java:334)
	at org.springframework.security.web.servletapi.SecurityContextHolderAwareRequestFilter.doFilter(SecurityContextHolderAwareRequestFilter.java:158)
	at org.springframework.security.web.FilterChainProxy$VirtualFilterChain.doFilter(FilterChainProxy.java:334)
	at org.springframework.security.web.savedrequest.RequestCacheAwareFilter.doFilter(RequestCacheAwareFilter.java:63)
	at org.springframework.security.web.FilterChainProxy$VirtualFilterChain.doFilter(FilterChainProxy.java:334)
	at com.bluebudy.SCQ.filters.AutenticacaoTokenFilter.doFilterInternal(AutenticacaoTokenFilter.java:56)
	at org.springframework.web.filter.OncePerRequestFilter.doFilter(OncePerRequestFilter.java:119)
	at org.springframework.security.web.FilterChainProxy$VirtualFilterChain.doFilter(FilterChainProxy.java:334)
	at org.springframework.security.web.authentication.logout.LogoutFilter.doFilter(LogoutFilter.java:116)
	at org.springframework.security.web.FilterChainProxy$VirtualFilterChain.doFilter(FilterChainProxy.java:334)
	at org.springframework.web.filter.CorsFilter.doFilterInternal(CorsFilter.java:92)
	at org.springframework.web.filter.OncePerRequestFilter.doFilter(OncePerRequestFilter.java:119)
	at org.springframework.security.web.FilterChainProxy$VirtualFilterChain.doFilter(FilterChainProxy.java:334)
	at org.springframework.security.web.header.HeaderWriterFilter.doHeadersAfter(HeaderWriterFilter.java:92)
	at org.springframework.security.web.header.HeaderWriterFilter.doFilterInternal(HeaderWriterFilter.java:77)
	at org.springframework.web.filter.OncePerRequestFilter.doFilter(OncePerRequestFilter.java:119)
	at org.springframework.security.web.FilterChainProxy$VirtualFilterChain.doFilter(FilterChainProxy.java:334)
	at org.springframework.security.web.context.SecurityContextPersistenceFilter.doFilter(SecurityContextPersistenceFilter.java:105)
	at org.springframework.security.web.FilterChainProxy$VirtualFilterChain.doFilter(FilterChainProxy.java:334)
	at org.springframework.security.web.context.request.async.WebAsyncManagerIntegrationFilter.doFilterInternal(WebAsyncManagerIntegrationFilter.java:56)
	at org.springframework.web.filter.OncePerRequestFilter.doFilter(OncePerRequestFilter.java:119)
	at org.springframework.security.web.FilterChainProxy$VirtualFilterChain.doFilter(FilterChainProxy.java:334)
	at org.springframework.security.web.FilterChainProxy.doFilterInternal(FilterChainProxy.java:215)
	at org.springframework.security.web.FilterChainProxy.doFilter(FilterChainProxy.java:178)
	at org.springframework.web.filter.DelegatingFilterProxy.invokeDelegate(DelegatingFilterProxy.java:358)
	at org.springframework.web.filter.DelegatingFilterProxy.doFilter(DelegatingFilterProxy.java:271)
	at org.apache.catalina.core.ApplicationFilterChain.internalDoFilter(ApplicationFilterChain.java:193)
	at org.apache.catalina.core.ApplicationFilterChain.doFilter(ApplicationFilterChain.java:166)
	at org.springframework.web.filter.RequestContextFilter.doFilterInternal(RequestContextFilter.java:100)
	at org.springframework.web.filter.OncePerRequestFilter.doFilter(OncePerRequestFilter.java:119)
	at org.apache.catalina.core.ApplicationFilterChain.internalDoFilter(ApplicationFilterChain.java:193)
	at org.apache.catalina.core.ApplicationFilterChain.doFilter(ApplicationFilterChain.java:166)
	at org.springframework.web.filter.FormContentFilter.doFilterInternal(FormContentFilter.java:93)
	at org.springframework.web.filter.OncePerRequestFilter.doFilter(OncePerRequestFilter.java:119)
	at org.apache.catalina.core.ApplicationFilterChain.internalDoFilter(ApplicationFilterChain.java:193)
	at org.apache.catalina.core.ApplicationFilterChain.doFilter(ApplicationFilterChain.java:166)
	at org.springframework.boot.actuate.metrics.web.servlet.WebMvcMetricsFilter.doFilterInternal(WebMvcMetricsFilter.java:108)
	at org.springframework.web.filter.OncePerRequestFilter.doFilter(OncePerRequestFilter.java:119)
	at org.apache.catalina.core.ApplicationFilterChain.internalDoFilter(ApplicationFilterChain.java:193)
	at org.apache.catalina.core.ApplicationFilterChain.doFilter(ApplicationFilterChain.java:166)
	at org.springframework.web.filter.CharacterEncodingFilter.doFilterInternal(CharacterEncodingFilter.java:201)
	at org.springframework.web.filter.OncePerRequestFilter.doFilter(OncePerRequestFilter.java:119)
	at org.apache.catalina.core.ApplicationFilterChain.internalDoFilter(ApplicationFilterChain.java:193)
	at org.apache.catalina.core.ApplicationFilterChain.doFilter(ApplicationFilterChain.java:166)
	at org.apache.catalina.core.StandardWrapperValve.invoke(StandardWrapperValve.java:202)
	at org.apache.catalina.core.StandardContextValve.invoke(StandardContextValve.java:96)
	at org.apache.catalina.authenticator.AuthenticatorBase.invoke(AuthenticatorBase.java:526)
	at org.apache.catalina.core.StandardHostValve.invoke(StandardHostValve.java:139)
	at org.apache.catalina.valves.ErrorReportValve.invoke(ErrorReportValve.java:92)
	at org.apache.catalina.core.StandardEngineValve.invoke(StandardEngineValve.java:74)
	at org.apache.catalina.connector.CoyoteAdapter.service(CoyoteAdapter.java:343)
	at org.apache.coyote.http11.Http11Processor.service(Http11Processor.java:408)
	at org.apache.coyote.AbstractProcessorLight.process(AbstractProcessorLight.java:66)
	at org.apache.coyote.AbstractProtocol$ConnectionHandler.process(AbstractProtocol.java:861)
	at org.apache.tomcat.util.net.NioEndpoint$SocketProcessor.doRun(NioEndpoint.java:1579)
	at org.apache.tomcat.util.net.SocketProcessorBase.run(SocketProcessorBase.java:49)
	at java.base/java.util.concurrent.ThreadPoolExecutor.runWorker(ThreadPoolExecutor.java:1128)
	at java.base/java.util.concurrent.ThreadPoolExecutor$Worker.run(ThreadPoolExecutor.java:628)
	at org.apache.tomcat.util.threads.TaskThread$WrappingRunnable.run(TaskThread.java:61)
	at java.base/java.lang.Thread.run(Thread.java:834)
2022-03-17 10:04:22,076 INFO org.springframework.boot.StartupInfoLogger [restartedMain] Starting ScqMobileApplication on MacBook-Pro-de-Alexandre.local with PID 81603 (/Users/alexandrenunes/Documents/development/SCQ/scq-api/target/classes started by alexandrenunes in /Users/alexandrenunes/Documents/development/SCQ/scq-api)
2022-03-17 10:04:22,077 DEBUG org.springframework.boot.StartupInfoLogger [restartedMain] Running with Spring Boot v2.2.1.RELEASE, Spring v5.2.1.RELEASE
2022-03-17 10:04:22,078 INFO org.springframework.boot.SpringApplication [restartedMain] No active profile set, falling back to default profiles: default
2022-03-17 10:04:26,636 INFO org.springframework.boot.StartupInfoLogger [restartedMain] Started ScqMobileApplication in 4.919 seconds (JVM running for 727.587)
2022-03-17 10:59:32,699 INFO org.springframework.boot.StartupInfoLogger [restartedMain] Starting ScqMobileApplication on MacBook-Pro-de-Alexandre.local with PID 81603 (/Users/alexandrenunes/Documents/development/SCQ/scq-api/target/classes started by alexandrenunes in /Users/alexandrenunes/Documents/development/SCQ/scq-api)
2022-03-17 10:59:32,705 DEBUG org.springframework.boot.StartupInfoLogger [restartedMain] Running with Spring Boot v2.2.1.RELEASE, Spring v5.2.1.RELEASE
2022-03-17 10:59:32,706 INFO org.springframework.boot.SpringApplication [restartedMain] No active profile set, falling back to default profiles: default
2022-03-17 10:59:37,274 INFO org.springframework.boot.StartupInfoLogger [restartedMain] Started ScqMobileApplication in 4.742 seconds (JVM running for 1168.985)
2022-03-17 10:59:42,649 INFO org.springframework.boot.StartupInfoLogger [restartedMain] Starting ScqMobileApplication on MacBook-Pro-de-Alexandre.local with PID 81603 (/Users/alexandrenunes/Documents/development/SCQ/scq-api/target/classes started by alexandrenunes in /Users/alexandrenunes/Documents/development/SCQ/scq-api)
2022-03-17 10:59:42,652 DEBUG org.springframework.boot.StartupInfoLogger [restartedMain] Running with Spring Boot v2.2.1.RELEASE, Spring v5.2.1.RELEASE
2022-03-17 10:59:42,654 INFO org.springframework.boot.SpringApplication [restartedMain] No active profile set, falling back to default profiles: default
2022-03-17 10:59:48,101 INFO org.springframework.boot.StartupInfoLogger [restartedMain] Started ScqMobileApplication in 5.651 seconds (JVM running for 1179.813)
2022-03-17 10:59:54,698 ERROR org.apache.juli.logging.DirectJDKLog [http-nio-8080-exec-2] Servlet.service() for servlet [dispatcherServlet] in context with path [] threw exception [Request processing failed; nested exception is java.lang.NullPointerException] with root cause
java.lang.NullPointerException: null
	at com.bluebudy.SCQ.dtos.TrocaDTO.<init>(TrocaDTO.java:87)
	at java.base/java.util.stream.ReferencePipeline$3$1.accept(ReferencePipeline.java:195)
	at java.base/java.util.ArrayList$ArrayListSpliterator.forEachRemaining(ArrayList.java:1655)
	at java.base/java.util.stream.AbstractPipeline.copyInto(AbstractPipeline.java:484)
	at java.base/java.util.stream.AbstractPipeline.wrapAndCopyInto(AbstractPipeline.java:474)
	at java.base/java.util.stream.ReduceOps$ReduceOp.evaluateSequential(ReduceOps.java:913)
	at java.base/java.util.stream.AbstractPipeline.evaluate(AbstractPipeline.java:234)
	at java.base/java.util.stream.ReferencePipeline.collect(ReferencePipeline.java:578)
	at com.bluebudy.SCQ.dtos.TrocaDTO.trocaToTrocaDTO(TrocaDTO.java:173)
	at com.bluebudy.SCQ.services.TrocaServiceImpl.findAll(TrocaServiceImpl.java:77)
	at com.bluebudy.SCQ.controllers.TrocaController.findAll(TrocaController.java:82)
	at java.base/jdk.internal.reflect.NativeMethodAccessorImpl.invoke0(Native Method)
	at java.base/jdk.internal.reflect.NativeMethodAccessorImpl.invoke(NativeMethodAccessorImpl.java:62)
	at java.base/jdk.internal.reflect.DelegatingMethodAccessorImpl.invoke(DelegatingMethodAccessorImpl.java:43)
	at java.base/java.lang.reflect.Method.invoke(Method.java:566)
	at org.springframework.web.method.support.InvocableHandlerMethod.doInvoke(InvocableHandlerMethod.java:190)
	at org.springframework.web.method.support.InvocableHandlerMethod.invokeForRequest(InvocableHandlerMethod.java:138)
	at org.springframework.web.servlet.mvc.method.annotation.ServletInvocableHandlerMethod.invokeAndHandle(ServletInvocableHandlerMethod.java:106)
	at org.springframework.web.servlet.mvc.method.annotation.RequestMappingHandlerAdapter.invokeHandlerMethod(RequestMappingHandlerAdapter.java:888)
	at org.springframework.web.servlet.mvc.method.annotation.RequestMappingHandlerAdapter.handleInternal(RequestMappingHandlerAdapter.java:793)
	at org.springframework.web.servlet.mvc.method.AbstractHandlerMethodAdapter.handle(AbstractHandlerMethodAdapter.java:87)
	at org.springframework.web.servlet.DispatcherServlet.doDispatch(DispatcherServlet.java:1040)
	at org.springframework.web.servlet.DispatcherServlet.doService(DispatcherServlet.java:943)
	at org.springframework.web.servlet.FrameworkServlet.processRequest(FrameworkServlet.java:1006)
	at org.springframework.web.servlet.FrameworkServlet.doGet(FrameworkServlet.java:898)
	at javax.servlet.http.HttpServlet.service(HttpServlet.java:634)
	at org.springframework.web.servlet.FrameworkServlet.service(FrameworkServlet.java:883)
	at javax.servlet.http.HttpServlet.service(HttpServlet.java:741)
	at org.apache.catalina.core.ApplicationFilterChain.internalDoFilter(ApplicationFilterChain.java:231)
	at org.apache.catalina.core.ApplicationFilterChain.doFilter(ApplicationFilterChain.java:166)
	at org.apache.tomcat.websocket.server.WsFilter.doFilter(WsFilter.java:53)
	at org.apache.catalina.core.ApplicationFilterChain.internalDoFilter(ApplicationFilterChain.java:193)
	at org.apache.catalina.core.ApplicationFilterChain.doFilter(ApplicationFilterChain.java:166)
	at org.springframework.security.web.FilterChainProxy$VirtualFilterChain.doFilter(FilterChainProxy.java:320)
	at org.springframework.security.web.access.intercept.FilterSecurityInterceptor.invoke(FilterSecurityInterceptor.java:126)
	at org.springframework.security.web.access.intercept.FilterSecurityInterceptor.doFilter(FilterSecurityInterceptor.java:90)
	at org.springframework.security.web.FilterChainProxy$VirtualFilterChain.doFilter(FilterChainProxy.java:334)
	at org.springframework.security.web.access.ExceptionTranslationFilter.doFilter(ExceptionTranslationFilter.java:118)
	at org.springframework.security.web.FilterChainProxy$VirtualFilterChain.doFilter(FilterChainProxy.java:334)
	at org.springframework.security.web.session.SessionManagementFilter.doFilter(SessionManagementFilter.java:137)
	at org.springframework.security.web.FilterChainProxy$VirtualFilterChain.doFilter(FilterChainProxy.java:334)
	at org.springframework.security.web.authentication.AnonymousAuthenticationFilter.doFilter(AnonymousAuthenticationFilter.java:111)
	at org.springframework.security.web.FilterChainProxy$VirtualFilterChain.doFilter(FilterChainProxy.java:334)
	at org.springframework.security.web.servletapi.SecurityContextHolderAwareRequestFilter.doFilter(SecurityContextHolderAwareRequestFilter.java:158)
	at org.springframework.security.web.FilterChainProxy$VirtualFilterChain.doFilter(FilterChainProxy.java:334)
	at org.springframework.security.web.savedrequest.RequestCacheAwareFilter.doFilter(RequestCacheAwareFilter.java:63)
	at org.springframework.security.web.FilterChainProxy$VirtualFilterChain.doFilter(FilterChainProxy.java:334)
	at com.bluebudy.SCQ.filters.AutenticacaoTokenFilter.doFilterInternal(AutenticacaoTokenFilter.java:56)
	at org.springframework.web.filter.OncePerRequestFilter.doFilter(OncePerRequestFilter.java:119)
	at org.springframework.security.web.FilterChainProxy$VirtualFilterChain.doFilter(FilterChainProxy.java:334)
	at org.springframework.security.web.authentication.logout.LogoutFilter.doFilter(LogoutFilter.java:116)
	at org.springframework.security.web.FilterChainProxy$VirtualFilterChain.doFilter(FilterChainProxy.java:334)
	at org.springframework.web.filter.CorsFilter.doFilterInternal(CorsFilter.java:92)
	at org.springframework.web.filter.OncePerRequestFilter.doFilter(OncePerRequestFilter.java:119)
	at org.springframework.security.web.FilterChainProxy$VirtualFilterChain.doFilter(FilterChainProxy.java:334)
	at org.springframework.security.web.header.HeaderWriterFilter.doHeadersAfter(HeaderWriterFilter.java:92)
	at org.springframework.security.web.header.HeaderWriterFilter.doFilterInternal(HeaderWriterFilter.java:77)
	at org.springframework.web.filter.OncePerRequestFilter.doFilter(OncePerRequestFilter.java:119)
	at org.springframework.security.web.FilterChainProxy$VirtualFilterChain.doFilter(FilterChainProxy.java:334)
	at org.springframework.security.web.context.SecurityContextPersistenceFilter.doFilter(SecurityContextPersistenceFilter.java:105)
	at org.springframework.security.web.FilterChainProxy$VirtualFilterChain.doFilter(FilterChainProxy.java:334)
	at org.springframework.security.web.context.request.async.WebAsyncManagerIntegrationFilter.doFilterInternal(WebAsyncManagerIntegrationFilter.java:56)
	at org.springframework.web.filter.OncePerRequestFilter.doFilter(OncePerRequestFilter.java:119)
	at org.springframework.security.web.FilterChainProxy$VirtualFilterChain.doFilter(FilterChainProxy.java:334)
	at org.springframework.security.web.FilterChainProxy.doFilterInternal(FilterChainProxy.java:215)
	at org.springframework.security.web.FilterChainProxy.doFilter(FilterChainProxy.java:178)
	at org.springframework.web.filter.DelegatingFilterProxy.invokeDelegate(DelegatingFilterProxy.java:358)
	at org.springframework.web.filter.DelegatingFilterProxy.doFilter(DelegatingFilterProxy.java:271)
	at org.apache.catalina.core.ApplicationFilterChain.internalDoFilter(ApplicationFilterChain.java:193)
	at org.apache.catalina.core.ApplicationFilterChain.doFilter(ApplicationFilterChain.java:166)
	at org.springframework.web.filter.RequestContextFilter.doFilterInternal(RequestContextFilter.java:100)
	at org.springframework.web.filter.OncePerRequestFilter.doFilter(OncePerRequestFilter.java:119)
	at org.apache.catalina.core.ApplicationFilterChain.internalDoFilter(ApplicationFilterChain.java:193)
	at org.apache.catalina.core.ApplicationFilterChain.doFilter(ApplicationFilterChain.java:166)
	at org.springframework.web.filter.FormContentFilter.doFilterInternal(FormContentFilter.java:93)
	at org.springframework.web.filter.OncePerRequestFilter.doFilter(OncePerRequestFilter.java:119)
	at org.apache.catalina.core.ApplicationFilterChain.internalDoFilter(ApplicationFilterChain.java:193)
	at org.apache.catalina.core.ApplicationFilterChain.doFilter(ApplicationFilterChain.java:166)
	at org.springframework.boot.actuate.metrics.web.servlet.WebMvcMetricsFilter.doFilterInternal(WebMvcMetricsFilter.java:108)
	at org.springframework.web.filter.OncePerRequestFilter.doFilter(OncePerRequestFilter.java:119)
	at org.apache.catalina.core.ApplicationFilterChain.internalDoFilter(ApplicationFilterChain.java:193)
	at org.apache.catalina.core.ApplicationFilterChain.doFilter(ApplicationFilterChain.java:166)
	at org.springframework.web.filter.CharacterEncodingFilter.doFilterInternal(CharacterEncodingFilter.java:201)
	at org.springframework.web.filter.OncePerRequestFilter.doFilter(OncePerRequestFilter.java:119)
	at org.apache.catalina.core.ApplicationFilterChain.internalDoFilter(ApplicationFilterChain.java:193)
	at org.apache.catalina.core.ApplicationFilterChain.doFilter(ApplicationFilterChain.java:166)
	at org.apache.catalina.core.StandardWrapperValve.invoke(StandardWrapperValve.java:202)
	at org.apache.catalina.core.StandardContextValve.invoke(StandardContextValve.java:96)
	at org.apache.catalina.authenticator.AuthenticatorBase.invoke(AuthenticatorBase.java:526)
	at org.apache.catalina.core.StandardHostValve.invoke(StandardHostValve.java:139)
	at org.apache.catalina.valves.ErrorReportValve.invoke(ErrorReportValve.java:92)
	at org.apache.catalina.core.StandardEngineValve.invoke(StandardEngineValve.java:74)
	at org.apache.catalina.connector.CoyoteAdapter.service(CoyoteAdapter.java:343)
	at org.apache.coyote.http11.Http11Processor.service(Http11Processor.java:408)
	at org.apache.coyote.AbstractProcessorLight.process(AbstractProcessorLight.java:66)
	at org.apache.coyote.AbstractProtocol$ConnectionHandler.process(AbstractProtocol.java:861)
	at org.apache.tomcat.util.net.NioEndpoint$SocketProcessor.doRun(NioEndpoint.java:1579)
	at org.apache.tomcat.util.net.SocketProcessorBase.run(SocketProcessorBase.java:49)
	at java.base/java.util.concurrent.ThreadPoolExecutor.runWorker(ThreadPoolExecutor.java:1128)
	at java.base/java.util.concurrent.ThreadPoolExecutor$Worker.run(ThreadPoolExecutor.java:628)
	at org.apache.tomcat.util.threads.TaskThread$WrappingRunnable.run(TaskThread.java:61)
	at java.base/java.lang.Thread.run(Thread.java:834)
2022-03-17 11:00:21,701 INFO org.springframework.boot.StartupInfoLogger [restartedMain] Starting ScqMobileApplication on MacBook-Pro-de-Alexandre.local with PID 81603 (/Users/alexandrenunes/Documents/development/SCQ/scq-api/target/classes started by alexandrenunes in /Users/alexandrenunes/Documents/development/SCQ/scq-api)
2022-03-17 11:00:21,704 DEBUG org.springframework.boot.StartupInfoLogger [restartedMain] Running with Spring Boot v2.2.1.RELEASE, Spring v5.2.1.RELEASE
2022-03-17 11:00:21,705 INFO org.springframework.boot.SpringApplication [restartedMain] No active profile set, falling back to default profiles: default
2022-03-17 11:00:26,829 INFO org.springframework.boot.StartupInfoLogger [restartedMain] Started ScqMobileApplication in 5.304 seconds (JVM running for 1218.544)
2022-03-17 11:07:29,296 INFO org.springframework.boot.StartupInfoLogger [restartedMain] Starting ScqMobileApplication on MacBook-Pro-de-Alexandre.local with PID 81603 (/Users/alexandrenunes/Documents/development/SCQ/scq-api/target/classes started by alexandrenunes in /Users/alexandrenunes/Documents/development/SCQ/scq-api)
2022-03-17 11:07:29,298 DEBUG org.springframework.boot.StartupInfoLogger [restartedMain] Running with Spring Boot v2.2.1.RELEASE, Spring v5.2.1.RELEASE
2022-03-17 11:07:29,299 INFO org.springframework.boot.SpringApplication [restartedMain] No active profile set, falling back to default profiles: default
2022-03-17 11:07:34,100 INFO org.springframework.boot.StartupInfoLogger [restartedMain] Started ScqMobileApplication in 5.12 seconds (JVM running for 1645.839)
2022-03-17 11:08:12,926 INFO org.springframework.boot.StartupInfoLogger [restartedMain] Starting ScqMobileApplication on MacBook-Pro-de-Alexandre.local with PID 81603 (/Users/alexandrenunes/Documents/development/SCQ/scq-api/target/classes started by alexandrenunes in /Users/alexandrenunes/Documents/development/SCQ/scq-api)
2022-03-17 11:08:12,928 DEBUG org.springframework.boot.StartupInfoLogger [restartedMain] Running with Spring Boot v2.2.1.RELEASE, Spring v5.2.1.RELEASE
2022-03-17 11:08:12,929 INFO org.springframework.boot.SpringApplication [restartedMain] No active profile set, falling back to default profiles: default
2022-03-17 11:08:17,634 INFO org.springframework.boot.StartupInfoLogger [restartedMain] Started ScqMobileApplication in 4.919 seconds (JVM running for 1689.375)
2022-03-17 11:19:03,089 INFO org.springframework.boot.StartupInfoLogger [restartedMain] Starting ScqMobileApplication on MacBook-Pro-de-Alexandre.local with PID 81603 (/Users/alexandrenunes/Documents/development/SCQ/scq-api/target/classes started by alexandrenunes in /Users/alexandrenunes/Documents/development/SCQ/scq-api)
2022-03-17 11:19:03,093 DEBUG org.springframework.boot.StartupInfoLogger [restartedMain] Running with Spring Boot v2.2.1.RELEASE, Spring v5.2.1.RELEASE
2022-03-17 11:19:03,094 INFO org.springframework.boot.SpringApplication [restartedMain] No active profile set, falling back to default profiles: default
2022-03-17 11:19:09,852 INFO org.springframework.boot.StartupInfoLogger [restartedMain] Started ScqMobileApplication in 7.082 seconds (JVM running for 2341.621)
2022-03-17 11:19:28,157 INFO org.springframework.boot.StartupInfoLogger [restartedMain] Starting ScqMobileApplication on MacBook-Pro-de-Alexandre.local with PID 81603 (/Users/alexandrenunes/Documents/development/SCQ/scq-api/target/classes started by alexandrenunes in /Users/alexandrenunes/Documents/development/SCQ/scq-api)
2022-03-17 11:19:28,160 DEBUG org.springframework.boot.StartupInfoLogger [restartedMain] Running with Spring Boot v2.2.1.RELEASE, Spring v5.2.1.RELEASE
2022-03-17 11:19:28,161 INFO org.springframework.boot.SpringApplication [restartedMain] No active profile set, falling back to default profiles: default
2022-03-17 11:19:32,535 INFO org.springframework.boot.StartupInfoLogger [restartedMain] Started ScqMobileApplication in 4.525 seconds (JVM running for 2364.305)
2022-03-17 11:20:14,681 INFO org.springframework.boot.StartupInfoLogger [restartedMain] Starting ScqMobileApplication on MacBook-Pro-de-Alexandre.local with PID 81603 (/Users/alexandrenunes/Documents/development/SCQ/scq-api/target/classes started by alexandrenunes in /Users/alexandrenunes/Documents/development/SCQ/scq-api)
2022-03-17 11:20:14,683 DEBUG org.springframework.boot.StartupInfoLogger [restartedMain] Running with Spring Boot v2.2.1.RELEASE, Spring v5.2.1.RELEASE
2022-03-17 11:20:14,684 INFO org.springframework.boot.SpringApplication [restartedMain] No active profile set, falling back to default profiles: default
2022-03-17 11:20:18,864 INFO org.springframework.boot.StartupInfoLogger [restartedMain] Started ScqMobileApplication in 4.328 seconds (JVM running for 2410.637)
2022-03-17 11:21:01,863 INFO org.springframework.boot.StartupInfoLogger [restartedMain] Starting ScqMobileApplication on MacBook-Pro-de-Alexandre.local with PID 81603 (/Users/alexandrenunes/Documents/development/SCQ/scq-api/target/classes started by alexandrenunes in /Users/alexandrenunes/Documents/development/SCQ/scq-api)
2022-03-17 11:21:01,867 DEBUG org.springframework.boot.StartupInfoLogger [restartedMain] Running with Spring Boot v2.2.1.RELEASE, Spring v5.2.1.RELEASE
2022-03-17 11:21:01,868 INFO org.springframework.boot.SpringApplication [restartedMain] No active profile set, falling back to default profiles: default
2022-03-17 11:21:06,192 INFO org.springframework.boot.StartupInfoLogger [restartedMain] Started ScqMobileApplication in 4.497 seconds (JVM running for 2457.967)
2022-03-17 11:21:12,192 INFO org.springframework.boot.StartupInfoLogger [restartedMain] Starting ScqMobileApplication on MacBook-Pro-de-Alexandre.local with PID 81603 (/Users/alexandrenunes/Documents/development/SCQ/scq-api/target/classes started by alexandrenunes in /Users/alexandrenunes/Documents/development/SCQ/scq-api)
2022-03-17 11:21:12,195 DEBUG org.springframework.boot.StartupInfoLogger [restartedMain] Running with Spring Boot v2.2.1.RELEASE, Spring v5.2.1.RELEASE
2022-03-17 11:21:12,197 INFO org.springframework.boot.SpringApplication [restartedMain] No active profile set, falling back to default profiles: default
2022-03-17 11:21:16,163 INFO org.springframework.boot.StartupInfoLogger [restartedMain] Started ScqMobileApplication in 4.117 seconds (JVM running for 2467.939)
2022-03-17 11:21:26,330 INFO org.springframework.boot.StartupInfoLogger [restartedMain] Starting ScqMobileApplication on MacBook-Pro-de-Alexandre.local with PID 81603 (/Users/alexandrenunes/Documents/development/SCQ/scq-api/target/classes started by alexandrenunes in /Users/alexandrenunes/Documents/development/SCQ/scq-api)
2022-03-17 11:21:26,336 DEBUG org.springframework.boot.StartupInfoLogger [restartedMain] Running with Spring Boot v2.2.1.RELEASE, Spring v5.2.1.RELEASE
2022-03-17 11:21:26,337 INFO org.springframework.boot.SpringApplication [restartedMain] No active profile set, falling back to default profiles: default
2022-03-17 11:21:29,891 INFO org.springframework.boot.StartupInfoLogger [restartedMain] Started ScqMobileApplication in 3.698 seconds (JVM running for 2481.667)
2022-03-17 11:23:04,048 INFO org.springframework.boot.StartupInfoLogger [restartedMain] Starting ScqMobileApplication on MacBook-Pro-de-Alexandre.local with PID 81603 (/Users/alexandrenunes/Documents/development/SCQ/scq-api/target/classes started by alexandrenunes in /Users/alexandrenunes/Documents/development/SCQ/scq-api)
2022-03-17 11:23:04,050 DEBUG org.springframework.boot.StartupInfoLogger [restartedMain] Running with Spring Boot v2.2.1.RELEASE, Spring v5.2.1.RELEASE
2022-03-17 11:23:04,051 INFO org.springframework.boot.SpringApplication [restartedMain] No active profile set, falling back to default profiles: default
2022-03-17 11:23:07,592 INFO org.springframework.boot.StartupInfoLogger [restartedMain] Started ScqMobileApplication in 3.762 seconds (JVM running for 2579.374)
2022-03-17 11:24:18,064 INFO org.springframework.boot.StartupInfoLogger [restartedMain] Starting ScqMobileApplication on MacBook-Pro-de-Alexandre.local with PID 81603 (/Users/alexandrenunes/Documents/development/SCQ/scq-api/target/classes started by alexandrenunes in /Users/alexandrenunes/Documents/development/SCQ/scq-api)
2022-03-17 11:24:18,067 DEBUG org.springframework.boot.StartupInfoLogger [restartedMain] Running with Spring Boot v2.2.1.RELEASE, Spring v5.2.1.RELEASE
2022-03-17 11:24:18,068 INFO org.springframework.boot.SpringApplication [restartedMain] No active profile set, falling back to default profiles: default
2022-03-17 11:24:21,661 INFO org.springframework.boot.StartupInfoLogger [restartedMain] Started ScqMobileApplication in 3.75 seconds (JVM running for 2653.447)
2022-03-17 11:35:20,995 INFO org.springframework.boot.StartupInfoLogger [restartedMain] Starting ScqMobileApplication on MacBook-Pro-de-Alexandre.local with PID 81603 (/Users/alexandrenunes/Documents/development/SCQ/scq-api/target/classes started by alexandrenunes in /Users/alexandrenunes/Documents/development/SCQ/scq-api)
2022-03-17 11:35:20,999 DEBUG org.springframework.boot.StartupInfoLogger [restartedMain] Running with Spring Boot v2.2.1.RELEASE, Spring v5.2.1.RELEASE
2022-03-17 11:35:21,001 INFO org.springframework.boot.SpringApplication [restartedMain] No active profile set, falling back to default profiles: default
2022-03-17 11:35:25,246 INFO org.springframework.boot.StartupInfoLogger [restartedMain] Started ScqMobileApplication in 4.667 seconds (JVM running for 3317.068)
2022-03-17 11:35:56,975 INFO org.springframework.boot.StartupInfoLogger [restartedMain] Starting ScqMobileApplication on MacBook-Pro-de-Alexandre.local with PID 81603 (/Users/alexandrenunes/Documents/development/SCQ/scq-api/target/classes started by alexandrenunes in /Users/alexandrenunes/Documents/development/SCQ/scq-api)
2022-03-17 11:35:56,978 DEBUG org.springframework.boot.StartupInfoLogger [restartedMain] Running with Spring Boot v2.2.1.RELEASE, Spring v5.2.1.RELEASE
2022-03-17 11:35:56,978 INFO org.springframework.boot.SpringApplication [restartedMain] No active profile set, falling back to default profiles: default
2022-03-17 11:36:00,803 INFO org.springframework.boot.StartupInfoLogger [restartedMain] Started ScqMobileApplication in 3.992 seconds (JVM running for 3352.627)
2022-03-17 11:36:25,394 INFO org.springframework.boot.StartupInfoLogger [restartedMain] Starting ScqMobileApplication on MacBook-Pro-de-Alexandre.local with PID 81603 (/Users/alexandrenunes/Documents/development/SCQ/scq-api/target/classes started by alexandrenunes in /Users/alexandrenunes/Documents/development/SCQ/scq-api)
2022-03-17 11:36:25,398 DEBUG org.springframework.boot.StartupInfoLogger [restartedMain] Running with Spring Boot v2.2.1.RELEASE, Spring v5.2.1.RELEASE
2022-03-17 11:36:25,400 INFO org.springframework.boot.SpringApplication [restartedMain] No active profile set, falling back to default profiles: default
2022-03-17 11:36:29,377 INFO org.springframework.boot.StartupInfoLogger [restartedMain] Started ScqMobileApplication in 4.137 seconds (JVM running for 3381.202)
2022-03-17 11:37:55,949 INFO org.springframework.boot.StartupInfoLogger [restartedMain] Starting ScqMobileApplication on MacBook-Pro-de-Alexandre.local with PID 81603 (/Users/alexandrenunes/Documents/development/SCQ/scq-api/target/classes started by alexandrenunes in /Users/alexandrenunes/Documents/development/SCQ/scq-api)
2022-03-17 11:37:55,952 DEBUG org.springframework.boot.StartupInfoLogger [restartedMain] Running with Spring Boot v2.2.1.RELEASE, Spring v5.2.1.RELEASE
2022-03-17 11:37:55,953 INFO org.springframework.boot.SpringApplication [restartedMain] No active profile set, falling back to default profiles: default
2022-03-17 11:37:59,638 INFO org.springframework.boot.StartupInfoLogger [restartedMain] Started ScqMobileApplication in 4.011 seconds (JVM running for 3471.345)
2022-03-17 11:38:03,781 INFO org.springframework.boot.StartupInfoLogger [restartedMain] Starting ScqMobileApplication on MacBook-Pro-de-Alexandre.local with PID 81603 (/Users/alexandrenunes/Documents/development/SCQ/scq-api/target/classes started by alexandrenunes in /Users/alexandrenunes/Documents/development/SCQ/scq-api)
2022-03-17 11:38:03,784 DEBUG org.springframework.boot.StartupInfoLogger [restartedMain] Running with Spring Boot v2.2.1.RELEASE, Spring v5.2.1.RELEASE
2022-03-17 11:38:03,784 INFO org.springframework.boot.SpringApplication [restartedMain] No active profile set, falling back to default profiles: default
2022-03-17 11:38:07,499 INFO org.springframework.boot.StartupInfoLogger [restartedMain] Started ScqMobileApplication in 3.863 seconds (JVM running for 3479.206)
2022-03-17 11:57:25,344 INFO org.springframework.boot.StartupInfoLogger [restartedMain] Starting ScqMobileApplication on MacBook-Pro-de-Alexandre.local with PID 81603 (/Users/alexandrenunes/Documents/development/SCQ/scq-api/target/classes started by alexandrenunes in /Users/alexandrenunes/Documents/development/SCQ/scq-api)
2022-03-17 11:57:25,348 DEBUG org.springframework.boot.StartupInfoLogger [restartedMain] Running with Spring Boot v2.2.1.RELEASE, Spring v5.2.1.RELEASE
2022-03-17 11:57:25,349 INFO org.springframework.boot.SpringApplication [restartedMain] No active profile set, falling back to default profiles: default
2022-03-17 11:57:29,844 INFO org.springframework.boot.StartupInfoLogger [restartedMain] Started ScqMobileApplication in 4.745 seconds (JVM running for 4641.579)
2022-03-17 11:57:43,405 INFO org.springframework.boot.StartupInfoLogger [restartedMain] Starting ScqMobileApplication on MacBook-Pro-de-Alexandre.local with PID 81603 (/Users/alexandrenunes/Documents/development/SCQ/scq-api/target/classes started by alexandrenunes in /Users/alexandrenunes/Documents/development/SCQ/scq-api)
2022-03-17 11:57:43,411 DEBUG org.springframework.boot.StartupInfoLogger [restartedMain] Running with Spring Boot v2.2.1.RELEASE, Spring v5.2.1.RELEASE
2022-03-17 11:57:43,412 INFO org.springframework.boot.SpringApplication [restartedMain] No active profile set, falling back to default profiles: default
2022-03-17 11:57:47,433 INFO org.springframework.boot.StartupInfoLogger [restartedMain] Started ScqMobileApplication in 4.203 seconds (JVM running for 4659.169)
2022-03-17 11:59:49,569 ERROR org.hibernate.engine.jdbc.spi.SqlExceptionHelper [http-nio-8080-exec-2] Duplicate entry '8' for key 'troca.UK_thcl6pb4hf4ax0vaw1fg1elof'
2022-03-17 12:19:53,670 INFO org.springframework.boot.StartupInfoLogger [restartedMain] Starting ScqMobileApplication on MacBook-Pro-de-Alexandre.local with PID 81603 (/Users/alexandrenunes/Documents/development/SCQ/scq-api/target/classes started by alexandrenunes in /Users/alexandrenunes/Documents/development/SCQ/scq-api)
2022-03-17 12:19:53,674 DEBUG org.springframework.boot.StartupInfoLogger [restartedMain] Running with Spring Boot v2.2.1.RELEASE, Spring v5.2.1.RELEASE
2022-03-17 12:19:53,674 INFO org.springframework.boot.SpringApplication [restartedMain] No active profile set, falling back to default profiles: default
2022-03-17 12:19:57,893 INFO org.springframework.boot.StartupInfoLogger [restartedMain] Started ScqMobileApplication in 4.51 seconds (JVM running for 5989.661)
2022-03-17 12:21:26,974 INFO org.springframework.boot.StartupInfoLogger [restartedMain] Starting ScqMobileApplication on MacBook-Pro-de-Alexandre.local with PID 81603 (/Users/alexandrenunes/Documents/development/SCQ/scq-api/target/classes started by alexandrenunes in /Users/alexandrenunes/Documents/development/SCQ/scq-api)
2022-03-17 12:21:26,981 DEBUG org.springframework.boot.StartupInfoLogger [restartedMain] Running with Spring Boot v2.2.1.RELEASE, Spring v5.2.1.RELEASE
2022-03-17 12:21:26,982 INFO org.springframework.boot.SpringApplication [restartedMain] No active profile set, falling back to default profiles: default
2022-03-17 12:21:30,938 INFO org.springframework.boot.StartupInfoLogger [restartedMain] Started ScqMobileApplication in 4.106 seconds (JVM running for 6082.708)
2022-03-17 12:25:27,110 INFO org.springframework.boot.StartupInfoLogger [restartedMain] Starting ScqMobileApplication on MacBook-Pro-de-Alexandre.local with PID 81603 (/Users/alexandrenunes/Documents/development/SCQ/scq-api/target/classes started by alexandrenunes in /Users/alexandrenunes/Documents/development/SCQ/scq-api)
2022-03-17 12:25:27,115 DEBUG org.springframework.boot.StartupInfoLogger [restartedMain] Running with Spring Boot v2.2.1.RELEASE, Spring v5.2.1.RELEASE
2022-03-17 12:25:27,116 INFO org.springframework.boot.SpringApplication [restartedMain] No active profile set, falling back to default profiles: default
2022-03-17 12:25:31,912 INFO org.springframework.boot.StartupInfoLogger [restartedMain] Started ScqMobileApplication in 5.078 seconds (JVM running for 6323.688)
2022-03-17 12:26:08,939 INFO org.springframework.boot.StartupInfoLogger [restartedMain] Starting ScqMobileApplication on MacBook-Pro-de-Alexandre.local with PID 81603 (/Users/alexandrenunes/Documents/development/SCQ/scq-api/target/classes started by alexandrenunes in /Users/alexandrenunes/Documents/development/SCQ/scq-api)
2022-03-17 12:26:08,945 DEBUG org.springframework.boot.StartupInfoLogger [restartedMain] Running with Spring Boot v2.2.1.RELEASE, Spring v5.2.1.RELEASE
2022-03-17 12:26:08,946 INFO org.springframework.boot.SpringApplication [restartedMain] No active profile set, falling back to default profiles: default
2022-03-17 12:26:13,267 INFO org.springframework.boot.StartupInfoLogger [restartedMain] Started ScqMobileApplication in 4.49 seconds (JVM running for 6365.044)
2022-03-17 12:28:27,957 INFO org.springframework.boot.StartupInfoLogger [restartedMain] Starting ScqMobileApplication on MacBook-Pro-de-Alexandre.local with PID 81603 (/Users/alexandrenunes/Documents/development/SCQ/scq-api/target/classes started by alexandrenunes in /Users/alexandrenunes/Documents/development/SCQ/scq-api)
2022-03-17 12:28:27,963 DEBUG org.springframework.boot.StartupInfoLogger [restartedMain] Running with Spring Boot v2.2.1.RELEASE, Spring v5.2.1.RELEASE
2022-03-17 12:28:27,964 INFO org.springframework.boot.SpringApplication [restartedMain] No active profile set, falling back to default profiles: default
2022-03-17 12:28:32,347 INFO org.springframework.boot.StartupInfoLogger [restartedMain] Started ScqMobileApplication in 4.712 seconds (JVM running for 6504.127)
