2021-11-12 11:44:16,793 INFO org.springframework.boot.StartupInfoLogger [restartedMain] Starting ScqMobileApplication on MacBook-Pro-de-Alexandre.local with PID 14799 (/Users/alexandrenunes/Documents/development/SCQ/scq-api/target/classes started by alexandrenunes in /Users/alexandrenunes/Documents/development/SCQ/scq-api)
2021-11-12 11:44:16,797 DEBUG org.springframework.boot.StartupInfoLogger [restartedMain] Running with Spring Boot v2.2.1.RELEASE, Spring v5.2.1.RELEASE
2021-11-12 11:44:16,799 INFO org.springframework.boot.SpringApplication [restartedMain] No active profile set, falling back to default profiles: default
2021-11-12 11:44:31,343 INFO org.springframework.boot.StartupInfoLogger [restartedMain] Started ScqMobileApplication in 20.214 seconds (JVM running for 21.812)
2021-11-12 11:47:32,601 INFO org.springframework.boot.StartupInfoLogger [restartedMain] Starting ScqMobileApplication on MacBook-Pro-de-Alexandre.local with PID 14799 (/Users/alexandrenunes/Documents/development/SCQ/scq-api/target/classes started by alexandrenunes in /Users/alexandrenunes/Documents/development/SCQ/scq-api)
2021-11-12 11:47:32,603 DEBUG org.springframework.boot.StartupInfoLogger [restartedMain] Running with Spring Boot v2.2.1.RELEASE, Spring v5.2.1.RELEASE
2021-11-12 11:47:32,605 INFO org.springframework.boot.SpringApplication [restartedMain] No active profile set, falling back to default profiles: default
2021-11-12 11:47:37,485 INFO org.springframework.boot.StartupInfoLogger [restartedMain] Started ScqMobileApplication in 10.09 seconds (JVM running for 207.952)
2021-11-12 11:48:31,312 INFO org.springframework.boot.StartupInfoLogger [restartedMain] Starting ScqMobileApplication on MacBook-Pro-de-Alexandre.local with PID 14799 (/Users/alexandrenunes/Documents/development/SCQ/scq-api/target/classes started by alexandrenunes in /Users/alexandrenunes/Documents/development/SCQ/scq-api)
2021-11-12 11:48:31,314 DEBUG org.springframework.boot.StartupInfoLogger [restartedMain] Running with Spring Boot v2.2.1.RELEASE, Spring v5.2.1.RELEASE
2021-11-12 11:48:31,314 INFO org.springframework.boot.SpringApplication [restartedMain] No active profile set, falling back to default profiles: default
2021-11-12 11:48:35,175 INFO org.springframework.boot.StartupInfoLogger [restartedMain] Started ScqMobileApplication in 9.039 seconds (JVM running for 265.643)
2021-11-12 11:51:17,321 INFO org.springframework.boot.StartupInfoLogger [restartedMain] Starting ScqMobileApplication on MacBook-Pro-de-Alexandre.local with PID 14799 (/Users/alexandrenunes/Documents/development/SCQ/scq-api/target/classes started by alexandrenunes in /Users/alexandrenunes/Documents/development/SCQ/scq-api)
2021-11-12 11:51:17,323 DEBUG org.springframework.boot.StartupInfoLogger [restartedMain] Running with Spring Boot v2.2.1.RELEASE, Spring v5.2.1.RELEASE
2021-11-12 11:51:17,326 INFO org.springframework.boot.SpringApplication [restartedMain] No active profile set, falling back to default profiles: default
2021-11-12 11:51:21,088 INFO org.springframework.boot.StartupInfoLogger [restartedMain] Started ScqMobileApplication in 8.946 seconds (JVM running for 431.554)
2021-11-12 11:55:34,165 INFO org.springframework.boot.StartupInfoLogger [restartedMain] Starting ScqMobileApplication on MacBook-Pro-de-Alexandre.local with PID 14799 (/Users/alexandrenunes/Documents/development/SCQ/scq-api/target/classes started by alexandrenunes in /Users/alexandrenunes/Documents/development/SCQ/scq-api)
2021-11-12 11:55:34,166 DEBUG org.springframework.boot.StartupInfoLogger [restartedMain] Running with Spring Boot v2.2.1.RELEASE, Spring v5.2.1.RELEASE
2021-11-12 11:55:34,167 INFO org.springframework.boot.SpringApplication [restartedMain] No active profile set, falling back to default profiles: default
2021-11-12 11:55:41,305 INFO org.springframework.boot.StartupInfoLogger [restartedMain] Started ScqMobileApplication in 12.31 seconds (JVM running for 691.769)
2021-11-12 11:56:28,038 INFO org.springframework.boot.StartupInfoLogger [restartedMain] Starting ScqMobileApplication on MacBook-Pro-de-Alexandre.local with PID 14799 (/Users/alexandrenunes/Documents/development/SCQ/scq-api/target/classes started by alexandrenunes in /Users/alexandrenunes/Documents/development/SCQ/scq-api)
2021-11-12 11:56:28,040 DEBUG org.springframework.boot.StartupInfoLogger [restartedMain] Running with Spring Boot v2.2.1.RELEASE, Spring v5.2.1.RELEASE
2021-11-12 11:56:28,040 INFO org.springframework.boot.SpringApplication [restartedMain] No active profile set, falling back to default profiles: default
2021-11-12 11:56:33,179 INFO org.springframework.boot.StartupInfoLogger [restartedMain] Started ScqMobileApplication in 10.322 seconds (JVM running for 743.643)
2021-11-12 13:32:27,511 INFO org.springframework.boot.StartupInfoLogger [restartedMain] Starting ScqMobileApplication on MacBook-Pro-de-Alexandre.local with PID 14799 (/Users/alexandrenunes/Documents/development/SCQ/scq-api/target/classes started by alexandrenunes in /Users/alexandrenunes/Documents/development/SCQ/scq-api)
2021-11-12 13:32:27,524 DEBUG org.springframework.boot.StartupInfoLogger [restartedMain] Running with Spring Boot v2.2.1.RELEASE, Spring v5.2.1.RELEASE
2021-11-12 13:32:27,526 INFO org.springframework.boot.SpringApplication [restartedMain] No active profile set, falling back to default profiles: default
2021-11-12 13:32:32,988 INFO org.springframework.boot.StartupInfoLogger [restartedMain] Started ScqMobileApplication in 10.75 seconds (JVM running for 1260.697)
2021-11-12 15:07:07,194 INFO org.springframework.boot.StartupInfoLogger [restartedMain] Starting ScqMobileApplication on MacBook-Pro-de-Alexandre.local with PID 14799 (/Users/alexandrenunes/Documents/development/SCQ/scq-api/target/classes started by alexandrenunes in /Users/alexandrenunes/Documents/development/SCQ/scq-api)
2021-11-12 15:07:07,196 DEBUG org.springframework.boot.StartupInfoLogger [restartedMain] Running with Spring Boot v2.2.1.RELEASE, Spring v5.2.1.RELEASE
2021-11-12 15:07:07,197 INFO org.springframework.boot.SpringApplication [restartedMain] No active profile set, falling back to default profiles: default
2021-11-12 15:07:12,354 INFO org.springframework.boot.StartupInfoLogger [restartedMain] Started ScqMobileApplication in 10.349 seconds (JVM running for 5884.981)
2021-11-12 15:10:10,003 ERROR org.apache.juli.logging.DirectJDKLog [http-nio-8080-exec-8] Servlet.service() for servlet [dispatcherServlet] in context with path [] threw exception [Request processing failed; nested exception is java.lang.NumberFormatException: For input string: "1:OK"] with root cause
java.lang.NumberFormatException: For input string: "1:OK"
	at java.base/java.lang.NumberFormatException.forInputString(NumberFormatException.java:65)
	at java.base/java.lang.Long.parseLong(Long.java:692)
	at java.base/java.lang.Long.valueOf(Long.java:1144)
	at com.bluebudy.SCQ.forms.OmpFinalizarForm.lambda$3(OmpFinalizarForm.java:155)
	at java.base/java.util.stream.ReferencePipeline$3$1.accept(ReferencePipeline.java:195)
	at java.base/java.util.Spliterators$ArraySpliterator.forEachRemaining(Spliterators.java:948)
	at java.base/java.util.stream.AbstractPipeline.copyInto(AbstractPipeline.java:484)
	at java.base/java.util.stream.AbstractPipeline.wrapAndCopyInto(AbstractPipeline.java:474)
	at java.base/java.util.stream.ReduceOps$ReduceOp.evaluateSequential(ReduceOps.java:913)
	at java.base/java.util.stream.AbstractPipeline.evaluate(AbstractPipeline.java:234)
	at java.base/java.util.stream.ReferencePipeline.collect(ReferencePipeline.java:578)
	at com.bluebudy.SCQ.forms.OmpFinalizarForm.buildLongId(OmpFinalizarForm.java:156)
	at com.bluebudy.SCQ.forms.OmpFinalizarForm.updateTarefaId(OmpFinalizarForm.java:125)
	at com.bluebudy.SCQ.forms.OmpFinalizarForm.lambda$0(OmpFinalizarForm.java:41)
	at java.base/java.util.Optional.map(Optional.java:265)
	at com.bluebudy.SCQ.forms.OmpFinalizarForm.updateTrocasAndTarefas(OmpFinalizarForm.java:37)
	at com.bluebudy.SCQ.controllers.OmpController.finalizarOmp(OmpController.java:135)
	at java.base/jdk.internal.reflect.NativeMethodAccessorImpl.invoke0(Native Method)
	at java.base/jdk.internal.reflect.NativeMethodAccessorImpl.invoke(NativeMethodAccessorImpl.java:62)
	at java.base/jdk.internal.reflect.DelegatingMethodAccessorImpl.invoke(DelegatingMethodAccessorImpl.java:43)
	at java.base/java.lang.reflect.Method.invoke(Method.java:566)
	at org.springframework.web.method.support.InvocableHandlerMethod.doInvoke(InvocableHandlerMethod.java:190)
	at org.springframework.web.method.support.InvocableHandlerMethod.invokeForRequest(InvocableHandlerMethod.java:138)
	at org.springframework.web.servlet.mvc.method.annotation.ServletInvocableHandlerMethod.invokeAndHandle(ServletInvocableHandlerMethod.java:106)
	at org.springframework.web.servlet.mvc.method.annotation.RequestMappingHandlerAdapter.invokeHandlerMethod(RequestMappingHandlerAdapter.java:888)
	at org.springframework.web.servlet.mvc.method.annotation.RequestMappingHandlerAdapter.handleInternal(RequestMappingHandlerAdapter.java:793)
	at org.springframework.web.servlet.mvc.method.AbstractHandlerMethodAdapter.handle(AbstractHandlerMethodAdapter.java:87)
	at org.springframework.web.servlet.DispatcherServlet.doDispatch(DispatcherServlet.java:1040)
	at org.springframework.web.servlet.DispatcherServlet.doService(DispatcherServlet.java:943)
	at org.springframework.web.servlet.FrameworkServlet.processRequest(FrameworkServlet.java:1006)
	at org.springframework.web.servlet.FrameworkServlet.doPost(FrameworkServlet.java:909)
	at javax.servlet.http.HttpServlet.service(HttpServlet.java:660)
	at org.springframework.web.servlet.FrameworkServlet.service(FrameworkServlet.java:883)
	at javax.servlet.http.HttpServlet.service(HttpServlet.java:741)
	at org.apache.catalina.core.ApplicationFilterChain.internalDoFilter(ApplicationFilterChain.java:231)
	at org.apache.catalina.core.ApplicationFilterChain.doFilter(ApplicationFilterChain.java:166)
	at org.apache.tomcat.websocket.server.WsFilter.doFilter(WsFilter.java:53)
	at org.apache.catalina.core.ApplicationFilterChain.internalDoFilter(ApplicationFilterChain.java:193)
	at org.apache.catalina.core.ApplicationFilterChain.doFilter(ApplicationFilterChain.java:166)
	at org.springframework.security.web.FilterChainProxy$VirtualFilterChain.doFilter(FilterChainProxy.java:320)
	at org.springframework.security.web.access.intercept.FilterSecurityInterceptor.invoke(FilterSecurityInterceptor.java:126)
	at org.springframework.security.web.access.intercept.FilterSecurityInterceptor.doFilter(FilterSecurityInterceptor.java:90)
	at org.springframework.security.web.FilterChainProxy$VirtualFilterChain.doFilter(FilterChainProxy.java:334)
	at org.springframework.security.web.access.ExceptionTranslationFilter.doFilter(ExceptionTranslationFilter.java:118)
	at org.springframework.security.web.FilterChainProxy$VirtualFilterChain.doFilter(FilterChainProxy.java:334)
	at org.springframework.security.web.session.SessionManagementFilter.doFilter(SessionManagementFilter.java:137)
	at org.springframework.security.web.FilterChainProxy$VirtualFilterChain.doFilter(FilterChainProxy.java:334)
	at org.springframework.security.web.authentication.AnonymousAuthenticationFilter.doFilter(AnonymousAuthenticationFilter.java:111)
	at org.springframework.security.web.FilterChainProxy$VirtualFilterChain.doFilter(FilterChainProxy.java:334)
	at org.springframework.security.web.servletapi.SecurityContextHolderAwareRequestFilter.doFilter(SecurityContextHolderAwareRequestFilter.java:158)
	at org.springframework.security.web.FilterChainProxy$VirtualFilterChain.doFilter(FilterChainProxy.java:334)
	at org.springframework.security.web.savedrequest.RequestCacheAwareFilter.doFilter(RequestCacheAwareFilter.java:63)
	at org.springframework.security.web.FilterChainProxy$VirtualFilterChain.doFilter(FilterChainProxy.java:334)
	at com.bluebudy.SCQ.filters.AutenticacaoTokenFilter.doFilterInternal(AutenticacaoTokenFilter.java:53)
	at org.springframework.web.filter.OncePerRequestFilter.doFilter(OncePerRequestFilter.java:119)
	at org.springframework.security.web.FilterChainProxy$VirtualFilterChain.doFilter(FilterChainProxy.java:334)
	at org.springframework.security.web.authentication.logout.LogoutFilter.doFilter(LogoutFilter.java:116)
	at org.springframework.security.web.FilterChainProxy$VirtualFilterChain.doFilter(FilterChainProxy.java:334)
	at org.springframework.web.filter.CorsFilter.doFilterInternal(CorsFilter.java:92)
	at org.springframework.web.filter.OncePerRequestFilter.doFilter(OncePerRequestFilter.java:119)
	at org.springframework.security.web.FilterChainProxy$VirtualFilterChain.doFilter(FilterChainProxy.java:334)
	at org.springframework.security.web.header.HeaderWriterFilter.doHeadersAfter(HeaderWriterFilter.java:92)
	at org.springframework.security.web.header.HeaderWriterFilter.doFilterInternal(HeaderWriterFilter.java:77)
	at org.springframework.web.filter.OncePerRequestFilter.doFilter(OncePerRequestFilter.java:119)
	at org.springframework.security.web.FilterChainProxy$VirtualFilterChain.doFilter(FilterChainProxy.java:334)
	at org.springframework.security.web.context.SecurityContextPersistenceFilter.doFilter(SecurityContextPersistenceFilter.java:105)
	at org.springframework.security.web.FilterChainProxy$VirtualFilterChain.doFilter(FilterChainProxy.java:334)
	at org.springframework.security.web.context.request.async.WebAsyncManagerIntegrationFilter.doFilterInternal(WebAsyncManagerIntegrationFilter.java:56)
	at org.springframework.web.filter.OncePerRequestFilter.doFilter(OncePerRequestFilter.java:119)
	at org.springframework.security.web.FilterChainProxy$VirtualFilterChain.doFilter(FilterChainProxy.java:334)
	at org.springframework.security.web.FilterChainProxy.doFilterInternal(FilterChainProxy.java:215)
	at org.springframework.security.web.FilterChainProxy.doFilter(FilterChainProxy.java:178)
	at org.springframework.web.filter.DelegatingFilterProxy.invokeDelegate(DelegatingFilterProxy.java:358)
	at org.springframework.web.filter.DelegatingFilterProxy.doFilter(DelegatingFilterProxy.java:271)
	at org.apache.catalina.core.ApplicationFilterChain.internalDoFilter(ApplicationFilterChain.java:193)
	at org.apache.catalina.core.ApplicationFilterChain.doFilter(ApplicationFilterChain.java:166)
	at org.springframework.web.filter.RequestContextFilter.doFilterInternal(RequestContextFilter.java:100)
	at org.springframework.web.filter.OncePerRequestFilter.doFilter(OncePerRequestFilter.java:119)
	at org.apache.catalina.core.ApplicationFilterChain.internalDoFilter(ApplicationFilterChain.java:193)
	at org.apache.catalina.core.ApplicationFilterChain.doFilter(ApplicationFilterChain.java:166)
	at org.springframework.web.filter.FormContentFilter.doFilterInternal(FormContentFilter.java:93)
	at org.springframework.web.filter.OncePerRequestFilter.doFilter(OncePerRequestFilter.java:119)
	at org.apache.catalina.core.ApplicationFilterChain.internalDoFilter(ApplicationFilterChain.java:193)
	at org.apache.catalina.core.ApplicationFilterChain.doFilter(ApplicationFilterChain.java:166)
	at org.springframework.boot.actuate.metrics.web.servlet.WebMvcMetricsFilter.doFilterInternal(WebMvcMetricsFilter.java:108)
	at org.springframework.web.filter.OncePerRequestFilter.doFilter(OncePerRequestFilter.java:119)
	at org.apache.catalina.core.ApplicationFilterChain.internalDoFilter(ApplicationFilterChain.java:193)
	at org.apache.catalina.core.ApplicationFilterChain.doFilter(ApplicationFilterChain.java:166)
	at org.springframework.web.filter.CharacterEncodingFilter.doFilterInternal(CharacterEncodingFilter.java:201)
	at org.springframework.web.filter.OncePerRequestFilter.doFilter(OncePerRequestFilter.java:119)
	at org.apache.catalina.core.ApplicationFilterChain.internalDoFilter(ApplicationFilterChain.java:193)
	at org.apache.catalina.core.ApplicationFilterChain.doFilter(ApplicationFilterChain.java:166)
	at org.apache.catalina.core.StandardWrapperValve.invoke(StandardWrapperValve.java:202)
	at org.apache.catalina.core.StandardContextValve.invoke(StandardContextValve.java:96)
	at org.apache.catalina.authenticator.AuthenticatorBase.invoke(AuthenticatorBase.java:526)
	at org.apache.catalina.core.StandardHostValve.invoke(StandardHostValve.java:139)
	at org.apache.catalina.valves.ErrorReportValve.invoke(ErrorReportValve.java:92)
	at org.apache.catalina.core.StandardEngineValve.invoke(StandardEngineValve.java:74)
	at org.apache.catalina.connector.CoyoteAdapter.service(CoyoteAdapter.java:343)
	at org.apache.coyote.http11.Http11Processor.service(Http11Processor.java:408)
	at org.apache.coyote.AbstractProcessorLight.process(AbstractProcessorLight.java:66)
	at org.apache.coyote.AbstractProtocol$ConnectionHandler.process(AbstractProtocol.java:861)
	at org.apache.tomcat.util.net.NioEndpoint$SocketProcessor.doRun(NioEndpoint.java:1579)
	at org.apache.tomcat.util.net.SocketProcessorBase.run(SocketProcessorBase.java:49)
	at java.base/java.util.concurrent.ThreadPoolExecutor.runWorker(ThreadPoolExecutor.java:1128)
	at java.base/java.util.concurrent.ThreadPoolExecutor$Worker.run(ThreadPoolExecutor.java:628)
	at org.apache.tomcat.util.threads.TaskThread$WrappingRunnable.run(TaskThread.java:61)
	at java.base/java.lang.Thread.run(Thread.java:834)
