2022-03-28 09:05:01,014 INFO org.springframework.boot.StartupInfoLogger [restartedMain] Starting ScqMobileApplication on MacBook-Pro-de-Alexandre.local with PID 20521 (/Users/alexandrenunes/Documents/development/SCQ/scq-api/target/classes started by alexandrenunes in /Users/alexandrenunes/Documents/development/SCQ/scq-api)
2022-03-28 09:05:01,018 DEBUG org.springframework.boot.StartupInfoLogger [restartedMain] Running with Spring Boot v2.2.1.RELEASE, Spring v5.2.1.RELEASE
2022-03-28 09:05:01,019 INFO org.springframework.boot.SpringApplication [restartedMain] No active profile set, falling back to default profiles: default
2022-03-28 09:05:15,553 INFO org.springframework.boot.StartupInfoLogger [restartedMain] Started ScqMobileApplication in 15.35 seconds (JVM running for 16.915)
2022-03-28 09:06:00,581 ERROR org.springframework.scheduling.support.TaskUtils$LoggingErrorHandler [MessageBroker-1] Unexpected error occurred in scheduled task
java.lang.ClassCastException: class [Ljava.lang.Object; cannot be cast to class [[Ljava.lang.Object; ([Ljava.lang.Object; and [[Ljava.lang.Object; are in module java.base of loader 'bootstrap')
	at com.bluebudy.SCQ.services.FileService.buildBidimensionalArray(FileService.java:124)
	at com.bluebudy.SCQ.services.FileService.generateGenericSpreadSheet(FileService.java:87)
	at com.bluebudy.SCQ.controllers.NotificacaoController.verifyAnalise(NotificacaoController.java:106)
	at com.bluebudy.SCQ.controllers.NotificacaoController.evalutateNotifications(NotificacaoController.java:91)
	at java.base/jdk.internal.reflect.NativeMethodAccessorImpl.invoke0(Native Method)
	at java.base/jdk.internal.reflect.NativeMethodAccessorImpl.invoke(NativeMethodAccessorImpl.java:62)
	at java.base/jdk.internal.reflect.DelegatingMethodAccessorImpl.invoke(DelegatingMethodAccessorImpl.java:43)
	at java.base/java.lang.reflect.Method.invoke(Method.java:566)
	at org.springframework.scheduling.support.ScheduledMethodRunnable.run(ScheduledMethodRunnable.java:84)
	at org.springframework.scheduling.support.DelegatingErrorHandlingRunnable.run(DelegatingErrorHandlingRunnable.java:54)
	at org.springframework.scheduling.concurrent.ReschedulingRunnable.run(ReschedulingRunnable.java:93)
	at java.base/java.util.concurrent.Executors$RunnableAdapter.call(Executors.java:515)
	at java.base/java.util.concurrent.FutureTask.run(FutureTask.java:264)
	at java.base/java.util.concurrent.ScheduledThreadPoolExecutor$ScheduledFutureTask.run(ScheduledThreadPoolExecutor.java:304)
	at java.base/java.util.concurrent.ThreadPoolExecutor.runWorker(ThreadPoolExecutor.java:1128)
	at java.base/java.util.concurrent.ThreadPoolExecutor$Worker.run(ThreadPoolExecutor.java:628)
	at java.base/java.lang.Thread.run(Thread.java:834)
2022-03-28 09:07:00,063 ERROR org.springframework.scheduling.support.TaskUtils$LoggingErrorHandler [MessageBroker-1] Unexpected error occurred in scheduled task
java.lang.ClassCastException: class [Ljava.lang.Object; cannot be cast to class [[Ljava.lang.Object; ([Ljava.lang.Object; and [[Ljava.lang.Object; are in module java.base of loader 'bootstrap')
	at com.bluebudy.SCQ.services.FileService.buildBidimensionalArray(FileService.java:124)
	at com.bluebudy.SCQ.services.FileService.generateGenericSpreadSheet(FileService.java:87)
	at com.bluebudy.SCQ.controllers.NotificacaoController.verifyAnalise(NotificacaoController.java:106)
	at com.bluebudy.SCQ.controllers.NotificacaoController.evalutateNotifications(NotificacaoController.java:91)
	at java.base/jdk.internal.reflect.NativeMethodAccessorImpl.invoke0(Native Method)
	at java.base/jdk.internal.reflect.NativeMethodAccessorImpl.invoke(NativeMethodAccessorImpl.java:62)
	at java.base/jdk.internal.reflect.DelegatingMethodAccessorImpl.invoke(DelegatingMethodAccessorImpl.java:43)
	at java.base/java.lang.reflect.Method.invoke(Method.java:566)
	at org.springframework.scheduling.support.ScheduledMethodRunnable.run(ScheduledMethodRunnable.java:84)
	at org.springframework.scheduling.support.DelegatingErrorHandlingRunnable.run(DelegatingErrorHandlingRunnable.java:54)
	at org.springframework.scheduling.concurrent.ReschedulingRunnable.run(ReschedulingRunnable.java:93)
	at java.base/java.util.concurrent.Executors$RunnableAdapter.call(Executors.java:515)
	at java.base/java.util.concurrent.FutureTask.run(FutureTask.java:264)
	at java.base/java.util.concurrent.ScheduledThreadPoolExecutor$ScheduledFutureTask.run(ScheduledThreadPoolExecutor.java:304)
	at java.base/java.util.concurrent.ThreadPoolExecutor.runWorker(ThreadPoolExecutor.java:1128)
	at java.base/java.util.concurrent.ThreadPoolExecutor$Worker.run(ThreadPoolExecutor.java:628)
	at java.base/java.lang.Thread.run(Thread.java:834)
2022-03-28 09:09:42,566 INFO org.springframework.boot.StartupInfoLogger [restartedMain] Starting ScqMobileApplication on MacBook-Pro-de-Alexandre.local with PID 20675 (/Users/alexandrenunes/Documents/development/SCQ/scq-api/target/classes started by alexandrenunes in /Users/alexandrenunes/Documents/development/SCQ/scq-api)
2022-03-28 09:09:42,569 DEBUG org.springframework.boot.StartupInfoLogger [restartedMain] Running with Spring Boot v2.2.1.RELEASE, Spring v5.2.1.RELEASE
2022-03-28 09:09:42,570 INFO org.springframework.boot.SpringApplication [restartedMain] No active profile set, falling back to default profiles: default
2022-03-28 09:09:57,304 INFO org.springframework.boot.StartupInfoLogger [restartedMain] Started ScqMobileApplication in 15.566 seconds (JVM running for 16.754)
2022-03-28 09:11:22,631 ERROR org.springframework.scheduling.support.TaskUtils$LoggingErrorHandler [MessageBroker-1] Unexpected error occurred in scheduled task
java.lang.ClassCastException: class [Ljava.lang.Object; cannot be cast to class [[Ljava.lang.Object; ([Ljava.lang.Object; and [[Ljava.lang.Object; are in module java.base of loader 'bootstrap')
	at com.bluebudy.SCQ.services.FileService.buildBidimensionalArray(FileService.java:124)
	at com.bluebudy.SCQ.services.FileService.generateGenericSpreadSheet(FileService.java:87)
	at com.bluebudy.SCQ.controllers.NotificacaoController.verifyAnalise(NotificacaoController.java:106)
	at com.bluebudy.SCQ.controllers.NotificacaoController.evalutateNotifications(NotificacaoController.java:91)
	at java.base/jdk.internal.reflect.NativeMethodAccessorImpl.invoke0(Native Method)
	at java.base/jdk.internal.reflect.NativeMethodAccessorImpl.invoke(NativeMethodAccessorImpl.java:62)
	at java.base/jdk.internal.reflect.DelegatingMethodAccessorImpl.invoke(DelegatingMethodAccessorImpl.java:43)
	at java.base/java.lang.reflect.Method.invoke(Method.java:566)
	at org.springframework.scheduling.support.ScheduledMethodRunnable.run(ScheduledMethodRunnable.java:84)
	at org.springframework.scheduling.support.DelegatingErrorHandlingRunnable.run(DelegatingErrorHandlingRunnable.java:54)
	at org.springframework.scheduling.concurrent.ReschedulingRunnable.run(ReschedulingRunnable.java:93)
	at java.base/java.util.concurrent.Executors$RunnableAdapter.call(Executors.java:515)
	at java.base/java.util.concurrent.FutureTask.run(FutureTask.java:264)
	at java.base/java.util.concurrent.ScheduledThreadPoolExecutor$ScheduledFutureTask.run(ScheduledThreadPoolExecutor.java:304)
	at java.base/java.util.concurrent.ThreadPoolExecutor.runWorker(ThreadPoolExecutor.java:1128)
	at java.base/java.util.concurrent.ThreadPoolExecutor$Worker.run(ThreadPoolExecutor.java:628)
	at java.base/java.lang.Thread.run(Thread.java:834)
2022-03-28 09:12:00,061 ERROR org.springframework.scheduling.support.TaskUtils$LoggingErrorHandler [MessageBroker-2] Unexpected error occurred in scheduled task
java.lang.ClassCastException: class [Ljava.lang.Object; cannot be cast to class [[Ljava.lang.Object; ([Ljava.lang.Object; and [[Ljava.lang.Object; are in module java.base of loader 'bootstrap')
	at com.bluebudy.SCQ.services.FileService.buildBidimensionalArray(FileService.java:124)
	at com.bluebudy.SCQ.services.FileService.generateGenericSpreadSheet(FileService.java:87)
	at com.bluebudy.SCQ.controllers.NotificacaoController.verifyAnalise(NotificacaoController.java:106)
	at com.bluebudy.SCQ.controllers.NotificacaoController.evalutateNotifications(NotificacaoController.java:91)
	at java.base/jdk.internal.reflect.NativeMethodAccessorImpl.invoke0(Native Method)
	at java.base/jdk.internal.reflect.NativeMethodAccessorImpl.invoke(NativeMethodAccessorImpl.java:62)
	at java.base/jdk.internal.reflect.DelegatingMethodAccessorImpl.invoke(DelegatingMethodAccessorImpl.java:43)
	at java.base/java.lang.reflect.Method.invoke(Method.java:566)
	at org.springframework.scheduling.support.ScheduledMethodRunnable.run(ScheduledMethodRunnable.java:84)
	at org.springframework.scheduling.support.DelegatingErrorHandlingRunnable.run(DelegatingErrorHandlingRunnable.java:54)
	at org.springframework.scheduling.concurrent.ReschedulingRunnable.run(ReschedulingRunnable.java:93)
	at java.base/java.util.concurrent.Executors$RunnableAdapter.call(Executors.java:515)
	at java.base/java.util.concurrent.FutureTask.run(FutureTask.java:264)
	at java.base/java.util.concurrent.ScheduledThreadPoolExecutor$ScheduledFutureTask.run(ScheduledThreadPoolExecutor.java:304)
	at java.base/java.util.concurrent.ThreadPoolExecutor.runWorker(ThreadPoolExecutor.java:1128)
	at java.base/java.util.concurrent.ThreadPoolExecutor$Worker.run(ThreadPoolExecutor.java:628)
	at java.base/java.lang.Thread.run(Thread.java:834)
2022-03-28 09:13:00,078 ERROR org.springframework.scheduling.support.TaskUtils$LoggingErrorHandler [MessageBroker-1] Unexpected error occurred in scheduled task
java.lang.ClassCastException: class [Ljava.lang.Object; cannot be cast to class [[Ljava.lang.Object; ([Ljava.lang.Object; and [[Ljava.lang.Object; are in module java.base of loader 'bootstrap')
	at com.bluebudy.SCQ.services.FileService.buildBidimensionalArray(FileService.java:124)
	at com.bluebudy.SCQ.services.FileService.generateGenericSpreadSheet(FileService.java:87)
	at com.bluebudy.SCQ.controllers.NotificacaoController.verifyAnalise(NotificacaoController.java:106)
	at com.bluebudy.SCQ.controllers.NotificacaoController.evalutateNotifications(NotificacaoController.java:91)
	at java.base/jdk.internal.reflect.NativeMethodAccessorImpl.invoke0(Native Method)
	at java.base/jdk.internal.reflect.NativeMethodAccessorImpl.invoke(NativeMethodAccessorImpl.java:62)
	at java.base/jdk.internal.reflect.DelegatingMethodAccessorImpl.invoke(DelegatingMethodAccessorImpl.java:43)
	at java.base/java.lang.reflect.Method.invoke(Method.java:566)
	at org.springframework.scheduling.support.ScheduledMethodRunnable.run(ScheduledMethodRunnable.java:84)
	at org.springframework.scheduling.support.DelegatingErrorHandlingRunnable.run(DelegatingErrorHandlingRunnable.java:54)
	at org.springframework.scheduling.concurrent.ReschedulingRunnable.run(ReschedulingRunnable.java:93)
	at java.base/java.util.concurrent.Executors$RunnableAdapter.call(Executors.java:515)
	at java.base/java.util.concurrent.FutureTask.run(FutureTask.java:264)
	at java.base/java.util.concurrent.ScheduledThreadPoolExecutor$ScheduledFutureTask.run(ScheduledThreadPoolExecutor.java:304)
	at java.base/java.util.concurrent.ThreadPoolExecutor.runWorker(ThreadPoolExecutor.java:1128)
	at java.base/java.util.concurrent.ThreadPoolExecutor$Worker.run(ThreadPoolExecutor.java:628)
	at java.base/java.lang.Thread.run(Thread.java:834)
2022-03-28 09:14:00,073 ERROR org.springframework.scheduling.support.TaskUtils$LoggingErrorHandler [MessageBroker-2] Unexpected error occurred in scheduled task
java.lang.ClassCastException: class [Ljava.lang.Object; cannot be cast to class [[Ljava.lang.Object; ([Ljava.lang.Object; and [[Ljava.lang.Object; are in module java.base of loader 'bootstrap')
	at com.bluebudy.SCQ.services.FileService.buildBidimensionalArray(FileService.java:124)
	at com.bluebudy.SCQ.services.FileService.generateGenericSpreadSheet(FileService.java:87)
	at com.bluebudy.SCQ.controllers.NotificacaoController.verifyAnalise(NotificacaoController.java:106)
	at com.bluebudy.SCQ.controllers.NotificacaoController.evalutateNotifications(NotificacaoController.java:91)
	at java.base/jdk.internal.reflect.NativeMethodAccessorImpl.invoke0(Native Method)
	at java.base/jdk.internal.reflect.NativeMethodAccessorImpl.invoke(NativeMethodAccessorImpl.java:62)
	at java.base/jdk.internal.reflect.DelegatingMethodAccessorImpl.invoke(DelegatingMethodAccessorImpl.java:43)
	at java.base/java.lang.reflect.Method.invoke(Method.java:566)
	at org.springframework.scheduling.support.ScheduledMethodRunnable.run(ScheduledMethodRunnable.java:84)
	at org.springframework.scheduling.support.DelegatingErrorHandlingRunnable.run(DelegatingErrorHandlingRunnable.java:54)
	at org.springframework.scheduling.concurrent.ReschedulingRunnable.run(ReschedulingRunnable.java:93)
	at java.base/java.util.concurrent.Executors$RunnableAdapter.call(Executors.java:515)
	at java.base/java.util.concurrent.FutureTask.run(FutureTask.java:264)
	at java.base/java.util.concurrent.ScheduledThreadPoolExecutor$ScheduledFutureTask.run(ScheduledThreadPoolExecutor.java:304)
	at java.base/java.util.concurrent.ThreadPoolExecutor.runWorker(ThreadPoolExecutor.java:1128)
	at java.base/java.util.concurrent.ThreadPoolExecutor$Worker.run(ThreadPoolExecutor.java:628)
	at java.base/java.lang.Thread.run(Thread.java:834)
2022-03-28 09:14:34,866 INFO org.springframework.boot.StartupInfoLogger [restartedMain] Starting ScqMobileApplication on MacBook-Pro-de-Alexandre.local with PID 20675 (/Users/alexandrenunes/Documents/development/SCQ/scq-api/target/classes started by alexandrenunes in /Users/alexandrenunes/Documents/development/SCQ/scq-api)
2022-03-28 09:14:34,868 DEBUG org.springframework.boot.StartupInfoLogger [restartedMain] Running with Spring Boot v2.2.1.RELEASE, Spring v5.2.1.RELEASE
2022-03-28 09:14:34,869 INFO org.springframework.boot.SpringApplication [restartedMain] No active profile set, falling back to default profiles: default
2022-03-28 09:14:40,491 INFO org.springframework.boot.StartupInfoLogger [restartedMain] Starting ScqMobileApplication on MacBook-Pro-de-Alexandre.local with PID 20816 (/Users/alexandrenunes/Documents/development/SCQ/scq-api/target/classes started by alexandrenunes in /Users/alexandrenunes/Documents/development/SCQ/scq-api)
2022-03-28 09:14:40,496 DEBUG org.springframework.boot.StartupInfoLogger [restartedMain] Running with Spring Boot v2.2.1.RELEASE, Spring v5.2.1.RELEASE
2022-03-28 09:14:40,499 INFO org.springframework.boot.SpringApplication [restartedMain] No active profile set, falling back to default profiles: default
2022-03-28 09:14:55,967 INFO org.springframework.boot.StartupInfoLogger [restartedMain] Started ScqMobileApplication in 16.066 seconds (JVM running for 17.4)
2022-03-28 09:25:12,938 INFO org.springframework.boot.StartupInfoLogger [restartedMain] Starting ScqMobileApplication on MacBook-Pro-de-Alexandre.local with PID 21150 (/Users/alexandrenunes/Documents/development/SCQ/scq-api/target/classes started by alexandrenunes in /Users/alexandrenunes/Documents/development/SCQ/scq-api)
2022-03-28 09:25:12,941 DEBUG org.springframework.boot.StartupInfoLogger [restartedMain] Running with Spring Boot v2.2.1.RELEASE, Spring v5.2.1.RELEASE
2022-03-28 09:25:12,946 INFO org.springframework.boot.SpringApplication [restartedMain] No active profile set, falling back to default profiles: default
2022-03-28 09:25:27,686 INFO org.springframework.boot.StartupInfoLogger [restartedMain] Started ScqMobileApplication in 15.394 seconds (JVM running for 16.843)
2022-03-28 09:27:19,408 INFO org.springframework.boot.StartupInfoLogger [restartedMain] Starting ScqMobileApplication on MacBook-Pro-de-Alexandre.local with PID 21244 (/Users/alexandrenunes/Documents/development/SCQ/scq-api/target/classes started by alexandrenunes in /Users/alexandrenunes/Documents/development/SCQ/scq-api)
2022-03-28 09:27:19,412 DEBUG org.springframework.boot.StartupInfoLogger [restartedMain] Running with Spring Boot v2.2.1.RELEASE, Spring v5.2.1.RELEASE
2022-03-28 09:27:19,413 INFO org.springframework.boot.SpringApplication [restartedMain] No active profile set, falling back to default profiles: default
2022-03-28 09:27:32,798 INFO org.springframework.boot.StartupInfoLogger [restartedMain] Started ScqMobileApplication in 13.954 seconds (JVM running for 15.368)
2022-03-28 09:32:27,663 INFO org.springframework.boot.StartupInfoLogger [restartedMain] Starting ScqMobileApplication on MacBook-Pro-de-Alexandre.local with PID 21244 (/Users/alexandrenunes/Documents/development/SCQ/scq-api/target/classes started by alexandrenunes in /Users/alexandrenunes/Documents/development/SCQ/scq-api)
2022-03-28 09:32:27,665 DEBUG org.springframework.boot.StartupInfoLogger [restartedMain] Running with Spring Boot v2.2.1.RELEASE, Spring v5.2.1.RELEASE
2022-03-28 09:32:27,665 INFO org.springframework.boot.SpringApplication [restartedMain] No active profile set, falling back to default profiles: default
2022-03-28 09:32:33,703 INFO org.springframework.boot.StartupInfoLogger [restartedMain] Started ScqMobileApplication in 6.381 seconds (JVM running for 316.273)
2022-03-28 09:42:05,843 INFO org.springframework.boot.StartupInfoLogger [restartedMain] Starting ScqMobileApplication on MacBook-Pro-de-Alexandre.local with PID 21874 (/Users/alexandrenunes/Documents/development/SCQ/scq-api/target/classes started by alexandrenunes in /Users/alexandrenunes/Documents/development/SCQ/scq-api)
2022-03-28 09:42:05,849 DEBUG org.springframework.boot.StartupInfoLogger [restartedMain] Running with Spring Boot v2.2.1.RELEASE, Spring v5.2.1.RELEASE
2022-03-28 09:42:05,852 INFO org.springframework.boot.SpringApplication [restartedMain] No active profile set, falling back to default profiles: default
2022-03-28 09:42:20,049 INFO org.springframework.boot.StartupInfoLogger [restartedMain] Started ScqMobileApplication in 14.922 seconds (JVM running for 16.275)
2022-03-28 09:44:39,631 INFO org.springframework.boot.StartupInfoLogger [restartedMain] Starting ScqMobileApplication on MacBook-Pro-de-Alexandre.local with PID 21874 (/Users/alexandrenunes/Documents/development/SCQ/scq-api/target/classes started by alexandrenunes in /Users/alexandrenunes/Documents/development/SCQ/scq-api)
2022-03-28 09:44:39,635 DEBUG org.springframework.boot.StartupInfoLogger [restartedMain] Running with Spring Boot v2.2.1.RELEASE, Spring v5.2.1.RELEASE
2022-03-28 09:44:39,636 INFO org.springframework.boot.SpringApplication [restartedMain] No active profile set, falling back to default profiles: default
2022-03-28 09:44:44,217 INFO org.springframework.boot.StartupInfoLogger [restartedMain] Started ScqMobileApplication in 4.718 seconds (JVM running for 160.444)
2022-03-28 09:45:57,430 INFO org.springframework.boot.StartupInfoLogger [restartedMain] Starting ScqMobileApplication on MacBook-Pro-de-Alexandre.local with PID 22047 (/Users/alexandrenunes/Documents/development/SCQ/scq-api/target/classes started by alexandrenunes in /Users/alexandrenunes/Documents/development/SCQ/scq-api)
2022-03-28 09:45:57,432 DEBUG org.springframework.boot.StartupInfoLogger [restartedMain] Running with Spring Boot v2.2.1.RELEASE, Spring v5.2.1.RELEASE
2022-03-28 09:45:57,434 INFO org.springframework.boot.SpringApplication [restartedMain] No active profile set, falling back to default profiles: default
2022-03-28 09:46:11,661 INFO org.springframework.boot.StartupInfoLogger [restartedMain] Started ScqMobileApplication in 15.064 seconds (JVM running for 16.261)
